0.000000
0.000000
0.002368
0.017676
0.050763
0.133630
0.322519
0.713704
1.448118
2.694163
7.189348
13.562017
18.083337
17.039128
11.341658
5.330543
1.768096
0.413649
0.068217
0.007925
0.000648
0.000037
0.000001
0.000000
0.000000
0.000000
0.000000
0.000000
0.000000
0.000000
0.000000
0.000000
0.000000
0.000000
0.000000
0.000000
0.000000
0.000000
0.000000
0.000000
0.000000
0.000000
0.000000
0.000000
0.000000
0.000000
0.000000
0.000000
0.000000
0.000000
0.000000
0.000000
0.000000
0.000000
0.000000
0.000000
0.000000
0.000000
0.000000
0.000000
0.000000
0.000000
0.000000
0.000000
0.000000
0.000000
0.000000
0.000000
0.000000
0.000000
0.000000
0.000000
0.000000
0.000000
0.000000
0.000000
0.000000
0.000000
0.000000
0.000000
0.000000
0.000000
0.000000
0.000000
0.000000
0.000000
0.000000
0.000000
0.000000
0.000000
0.000000
0.000000
0.000000
0.000000
0.000000
0.000000
0.000000
0.000000
0.000000
0.000000
0.000000
0.000000
0.000004
0.000086
0.001288
0.013465
0.098687
0.507246
1.828513
4.623022
8.198252
10.197550
8.897215
5.444943
2.337240
0.703667
0.148580
0.022002
0.002285
0.000166
0.000008
0.000000
0.000000
0.000000
0.000000
0.000000
0.000000
0.000000
0.000000
0.000000
0.000000
0.000000
0.000006
0.000085
0.000901
0.006676
0.034680
0.126346
0.322845
0.578620
0.727394
0.641400
0.396705
0.172099
0.052365
0.011175
0.001672
0.000175
0.000013
0.000001
0.000000
0.000000
0.000000
0.000000
0.000000
0.000000
0.000000
0.000002
0.000037
0.000558
0.005948
0.044488
0.233329
0.858231
2.214011
4.006036
5.084187
4.525899
2.825939
1.237615
0.380151
0.081894
0.012372
0.001311
0.000097
0.000005
0.000000
0.000000
0.000000
0.000000
0.000001
0.000012
0.000188
0.002019
0.015244
0.080920
0.303191
0.810876
1.593034
2.448662
3.240506
3.906147
4.074518
3.342597
2.021309
0.874546
0.267568
0.057630
0.008723
0.000927
0.000069
0.000004
0.000000
0.000000
0.000000
0.000000
0.000000
0.000000
0.000000
0.000000
0.000000
0.000003
0.000055
0.000716
0.006521
0.041644
0.186518
0.585960
1.291738
2.001286
2.192566
1.740630
1.090888
0.659803
0.446398
0.290223
0.148576
0.055068
0.014429
0.002656
0.000343
0.000031
0.000002
0.000000
0.000000
0.000000
0.000000
0.000000
0.000000
0.000000
0.000000
0.000000
0.000000
0.000000
0.000000
0.000000
0.000004
0.000067
0.000876
0.008078
0.052253
0.237043
0.754174
1.682917
2.634009
2.891640
2.226617
1.202584
0.455555
0.121033
0.022551
0.002947
0.000270
0.000017
0.000001
0.000000
0.000000
0.000000
0.000000
0.000000
0.000000
0.000000
0.000000
0.000000
0.000000
0.000000
0.000000
0.000000
0.000000
0.000000
0.000000
0.000000
0.000000
0.000000
0.000000
0.000000
0.000000
0.000000
0.000000
0.000000
0.000000
0.000000
0.000000
0.000000
0.000000
0.000000
0.000000
0.000000
0.000000
0.000000
0.000000
0.000000
0.000000
0.000000
0.000000
0.000000
0.000000
0.000000
0.000000
0.000000
0.000001
0.000028
0.000373
0.003527
0.023355
0.108457
0.353228
0.806859
1.292718
1.452724
1.145086
0.633087
0.245497
0.066768
0.001703
0.000160
0.000011
0.000000
0.000000
0.000000
0.000000
0.000000
0.000000
0.000000
0.000007
0.000138
0.001904
0.018419
0.125284
0.599426
2.018452
4.786017
7.995415
9.415827
7.821005
4.584351
1.897184
0.554541
0.114522
0.016713
0.001724
0.000126
0.000006
0.000000
0.000000
0.000000
0.000000
0.000000
0.000000
0.000000
0.000000
0.000000
0.000000
0.000000
0.000000
0.000000
0.000000
0.000000
0.000000
0.000000
0.000000
0.000000
0.000000
0.000000
0.000000
0.000000
0.000000
0.000000
2.931770
6.196662
9.408823
7.908195
4.343896
1.688593
0.463411
0.089617
0.000000
0.000000
0.000000
0.000000
0.000000
0.000000
0.000000
0.000000
0.000000
0.000000
0.000000
0.000000
0.000000
0.000000
0.000000
0.000000
0.000000
0.000000
0.000000
0.000000
0.000000
0.000000
0.000000
0.000000
0.000000
0.000000
0.000000
0.000000
0.000000
0.000000
0.000000
0.000000
0.000000
0.000000
0.000000
0.000000
0.000000
0.000000
0.000000
0.000000
0.000000
0.000000
0.000000
0.000000
0.000000
0.000000
0.000000
0.000000
0.000000
0.000000
0.000000
0.000000
0.000000
0.000000
0.000000
0.000000
0.000000
0.000000
0.000000
0.000000
0.000000
0.000000
0.000000
0.000000
0.000000
0.000000
0.258049
1.338296
4.896142
12.643152
23.056052
29.708418
27.082454
17.613058
8.774484
5.189820
6.661872
10.557596
13.685727
13.979230
11.672144
8.868775
8.258578
10.977412
14.597669
14.954366
10.995807
5.722285
2.102740
0.545552
0.099964
0.012940
0.001184
0.000076
0.000003
0.000000
0.000000
0.000000
0.000000
0.000000
0.000000
0.000000
0.000000
0.000000
0.000000
0.000000
0.000000
0.000000
0.000000
0.000000
0.000000
0.000000
0.000000
0.000000
0.000000
0.000000
0.000000
0.000000
0.000000
0.000000
0.000000
0.000000
0.000000
0.000000
0.000000
0.000010
0.000181
0.002398
0.022649
0.153902
0.760677
2.773662
7.579645
15.725870
24.886509
29.853762
26.763619
17.635841
8.418029
2.878868
0.700096
0.120468
0.014621
0.001249
0.000075
0.000003
0.000000
0.000000
0.000000
0.000000
0.000000
0.000000
0.000000
0.000000
0.000000
0.000000
0.000000
0.000000
0.000000
0.000000
0.000000
0.000000
0.000000
0.000000
0.000000
0.000000
0.000000
0.000000
0.000000
0.000000
0.000000
0.000000
0.000000
0.000000
0.000000
0.000000
0.000000
0.000000
0.000000
0.000000
0.000000
0.000000
0.000000
0.000001
0.000019
0.000301
0.003372
0.026675
0.149078
0.588844
1.644445
3.250010
4.566398
4.668989
3.859570
3.453682
4.002317
4.577546
4.256136
3.544065
3.506890
4.035724
4.002560
2.931137
1.522089
0.555609
0.142309
0.025565
0.003221
0.000284
0.000018
0.000001
0.000000
0.000000
0.000000
0.000000
0.000000
0.000000
0.000000
0.000000
0.000000
0.000000
0.000000
0.000000
0.000000
0.000000
0.000000
0.000000
0.000000
0.000000
0.000000
0.000000
0.000000
0.000000
0.000000
0.000000
0.000000
0.000000
0.000000
0.000000
0.000000
0.000000
0.000000
0.000000
0.000000
0.000000
0.000000
0.000000
0.000000
0.000000
0.000000
0.000000
0.000000
0.000000
0.000000
0.000000
0.000000
0.000000
0.000000
0.000000
0.000000
0.000000
0.000000
0.000000
0.000000
0.000000
0.000009
0.000136
0.001480
0.011317
0.060696
0.228296
0.602243
1.114291
1.446076
1.316301
0.840404
0.376341
0.118200
0.026036
0.004022
0.000436
0.000033
0.000002
0.000000
0.000000
0.000000
0.000000
0.000000
0.000000
0.000000
0.000000
0.000000
0.000000
0.000000
0.000000
0.000000
0.000000
0.000000
0.000000
0.000000
0.000000
0.000000
0.000000
0.000000
0.000000
0.000000
0.000000
0.000000
0.000000
0.000000
0.000000
0.000000
0.000000
0.000000
0.000000
0.000000
0.000000
0.000000
0.000000
0.000000
0.000000
0.000000
0.000000
0.000000
0.000000
0.000000
0.000000
0.000000
0.000000
0.000000
0.000000
0.000000
0.000000
0.000000
0.000000
0.000001
0.000022
0.000295
0.002766
0.018175
0.083757
0.270697
0.613617
0.975614
1.088017
0.851084
0.466964
0.179703
0.048503
0.009181
0.001219
0.000113
0.000007
0.000000
0.000000
0.000000
0.000000
0.000000
0.000000
0.000000
0.000000
0.000000
0.000000
0.000000
0.000000
0.000000
0.000007
0.000135
0.001821
0.017262
0.114723
0.534705
1.747841
4.007170
6.443752
7.268000
5.750011
3.190769
1.241890
0.339010
0.064902
0.008713
0.000820
0.000054
0.000003
0.000000
0.000000
0.000003
0.000057
0.000778
0.007427
0.049743
0.233627
0.769551
1.777865
2.880880
3.274358
2.610383
1.459670
0.572487
0.157477
0.030380
0.004110
0.000390
0.000026
0.000001
0.000000
0.000000
0.000000
0.000000
0.000000
0.000000
0.000008
0.000165
0.002411
0.024877
0.181417
0.935969
3.421223
8.885386
16.495865
22.172021
22.124959
17.143775
11.162575
7.306551
6.556466
7.721542
8.197702
0.057410
