0.336561
0.322855
0.310544
0.299575
0.289984
0.283916
0.280977
0.287129
0.297324
0.294411
0.249521
0.221863
0.202649
0.182988
0.179668
0.180663
0.189382
0.193253
0.193081
0.195393
0.192706
0.217605
0.261784
0.305241
0.327268
0.326562
0.321798
0.327539
0.329523
0.333138
0.339644
0.341706
0.342897
0.344039
0.346460
0.358036
0.373666
0.395738
0.417906
0.429567
0.445831
0.446789
0.419722
0.362808
0.291729
0.237205
0.222099
0.216860
0.199035
0.183117
0.177357
0.184499
0.204553
0.210703
0.216051
0.232197
0.240254
0.247985
0.251084
0.253615
0.255767
0.255505
0.251469
0.248516
0.234131
0.217077
0.195824
0.173428
0.137829
0.101116
0.080634
0.073682
0.077592
0.087630
0.095607
0.102351
0.097947
0.094351
0.092976
0.087770
0.085641
0.085659
0.094972
0.112661
0.129162
0.131013
0.132057
0.135259
0.135885
0.137065
0.148267
0.156549
0.160177
0.159484
0.158655
0.160559
0.219589
0.334733
0.375304
0.389391
0.622440
1.024190
1.345570
1.526635
1.563349
1.560018
1.590418
1.651183
1.695468
1.718325
1.751426
1.782174
1.799113
1.806083
1.809357
1.812299
1.809327
1.794928
1.796571
1.810097
1.765658
1.565316
1.224089
0.793126
0.439227
0.358673
0.355644
0.323346
0.295584
0.329649
0.454807
0.602819
0.715626
0.757416
0.761079
0.778282
0.811761
0.831221
0.827692
0.819479
0.821447
0.825245
0.828064
0.829396
0.830051
0.829356
0.823174
0.807472
0.808876
0.806982
0.754897
0.631221
0.462007
0.349101
0.344827
0.348464
0.300426
0.247057
0.259368
0.333281
0.389970
0.433660
0.449433
0.451102
0.450434
0.449657
0.449960
0.453881
0.455795
0.455347
0.452145
0.449584
0.444037
0.429679
0.397885
0.374081
0.394652
0.588144
0.816646
0.941118
1.086547
1.222901
1.267359
1.254016
1.238616
1.222494
1.201251
1.192138
1.186389
1.164365
1.143862
1.142995
1.150468
1.151701
1.127657
1.089253
1.094025
1.102800
1.060217
1.007842
0.883095
0.645795
0.449876
0.402998
0.349033
0.264600
0.240300
0.233484
0.236936
0.221406
0.205060
0.204188
0.202355
0.202700
0.202493
0.201055
0.198103
0.198265
0.198888
0.224590
0.335431
0.450520
0.530939
0.592084
0.616164
0.617234
0.614624
0.638248
0.686460
0.725715
0.729957
0.729413
0.733607
0.724379
0.688223
0.646916
0.595788
0.489450
0.363361
0.310337
0.334825
0.431168
0.484075
0.488776
0.491949
0.492190
0.487876
0.489618
0.499791
0.537371
0.575625
0.570922
0.545947
0.509629
0.491005
0.465837
0.411333
0.396394
0.409435
0.432574
0.446816
0.438077
0.432912
0.424708
0.370977
0.311114
0.277912
0.242952
0.239764
0.233946
0.225965
0.219819
0.215623
0.214296
0.211605
0.206342
0.209835
0.209969
0.197706
0.171980
0.151864
0.146551
0.146358
0.147372
0.148561
0.148752
0.149290
0.154625
0.161485
0.161854
0.156023
0.150508
0.146193
0.138407
0.136917
0.136138
0.128553
0.121767
0.122474
0.125151
0.127452
0.132131
0.136039
0.143627
0.151255
0.215391
0.256279
0.274230
0.331528
0.382855
0.402776
0.410050
0.413440
0.414463
0.431548
0.433017
0.437222
0.455136
0.494161
0.509707
0.511930
0.513796
0.520327
0.532531
0.580082
0.590876
0.575300
0.554182
0.549204
0.555331
0.550772
0.540320
0.553551
0.581219
0.585536
0.589749
0.597868
0.606250
0.634407
0.653072
0.660160
0.663467
0.664084
0.661416
0.649672
0.644337
0.636097
0.584890
0.491977
0.401662
0.350011
0.337289
0.341839
0.330569
0.331612
0.333488
0.329908
0.309409
0.254129
0.194817
0.146561
0.111212
0.086635
0.071117
0.071475
0.069747
0.067916
0.067673
0.067307
0.068644
0.076648
0.089152
0.098788
0.102166
0.104632
0.116477
0.136488
0.138790
0.483783
0.483224
0.480587
0.471783
0.463777
0.453376
0.443841
0.436434
0.471062
0.518782
0.546678
0.537456
0.521648
0.506630
0.500900
0.498819
0.483950
0.463927
0.442696
0.415242
0.380494
0.352373
0.350877
0.340889
0.333272
0.303309
0.279557
0.276280
0.280572
0.325201
0.351376
0.610424
0.711766
0.711708
0.716170
0.956175
0.957633
0.948798
0.936950
0.930451
0.871295
0.743073
0.410367
0.399075
0.392583
0.376997
0.343670
0.330984
0.319868
0.319371
0.320068
0.322487
0.324995
0.322611
0.345602
0.356706
0.362827
0.353131
0.346502
0.349021
0.358240
0.354173
0.339957
0.330656
0.335460
0.313867
0.296815
0.286523
0.296314
0.332495
0.369794
0.383010
0.364928
0.351098
0.562224
0.559987
0.599801
0.713969
0.804383
0.836531
0.844241
0.841507
0.843394
0.858536
0.879913
0.883124
0.878767
0.878050
0.888002
0.902465
0.926337
0.950891
0.947648
0.934316
0.913949
0.929816
0.930264
0.872229
0.793825
0.746434
0.724533
0.707006
0.654973
0.559268
0.408419
0.293455
0.242314
0.240656
0.242454
0.240107
0.243746
0.264612
0.293333
0.305865
0.312015
0.316136
0.317470
0.312483
0.292977
0.263296
0.243072
0.239301
0.243313
0.246023
0.251718
0.261673
0.252397
0.228634
0.196368
0.175403
0.219213
0.224871
0.239150
0.316045
0.407245
0.477282
0.508151
0.499368
0.489955
0.488362
0.485929
0.494527
0.525798
0.564073
0.595372
0.616874
0.629702
0.632199
0.634824
0.635923
0.621548
0.621787
0.617636
0.581017
0.503601
0.391482
0.271172
0.205524
0.194830
0.192426
0.175628
0.178126
0.172589
0.151972
0.122281
0.093246
0.077254
0.094312
0.117762
0.136274
0.139618
0.137374
0.137865
0.134126
0.129147
0.122855
0.121016
0.118847
0.116823
0.114920
0.113016
0.113038
0.114734
0.118533
0.120303
0.118355
0.118909
0.119111
0.136279
0.144050
0.158883
0.158987
0.155564
0.153864
0.151573
0.150893
0.165387
0.213273
0.320550
0.347632
0.349883
0.352312
0.359517
0.372038
0.383675
0.395332
0.400700
0.400573
0.394346
0.393306
0.394246
0.397936
0.394957
0.394838
0.399302
0.413998
0.451329
0.477123
0.415524
0.375841
0.363382
0.364732
0.372521
0.372543
0.381317
0.384421
0.383728
0.376662
0.359040
0.327264
0.281978
0.228199
0.192653
0.183734
0.179680
0.182402
0.170630
0.137216
0.130281
0.131650
0.141009
0.179182
0.186160
0.196854
0.213931
0.228726
0.230085
0.228261
0.224517
0.231700
0.230133
0.220588
0.213496
0.214443
0.229623
0.249064
0.293500
0.341596
0.361334
0.381186
0.391110
0.382686
0.389350
0.396285
0.413149
0.425512
0.432858
0.436361
0.438305
0.429770
0.423588
0.424035
0.435603
0.451601
0.483981
0.518865
0.536878
0.537675
0.533239
0.529998
0.529273
0.528639
0.518839
0.508404
0.479811
0.448920
0.423534
0.395296
0.371516
0.351234
0.329108
0.350668
0.399424
0.417354
0.403272
0.381635
0.341453
0.313513
0.304020
0.293725
0.287609
0.297781
0.340796
0.380436
0.417354
0.439276
0.438868
0.437749
0.436549
0.437837
0.441374
0.441994
0.449239
0.503310
0.563061
0.584872
0.602921
0.618344
0.628150
0.630460
0.630366
0.624325
0.589448
0.535868
0.461211
0.389465
0.360321
0.358583
0.376253
0.398598
0.417758
0.429346
0.428244
0.413083
0.380974
0.363316
0.353326
0.335538
0.317788
0.307713
0.295635
0.276010
0.252086
0.223983
0.195498
0.165782
0.149392
0.151478
0.170491
0.192186
0.216268
0.240331
0.282361
0.344132
0.359127
0.357092
0.352931
0.344576
0.343651
0.341133
0.335821
0.335322
0.329195
0.301164
0.282078
0.285259
0.311839
0.321935
0.336561
0.386132
0.431464
0.438880
0.438917
0.431079
0.427253
0.426496
0.435078
0.452524
0.440923
0.427928
0.424460
0.424497
0.428750
0.429469
0.426670
0.412122
0.377190
0.361841
0.361123
0.325871
0.275365
0.280030
0.302359
0.299468
0.285202
0.296432
0.336872
0.363823
0.399468
0.416878
0.418986
0.416115
0.406064
0.404402
0.407392
0.417048
0.429143
0.433945
0.435844
0.435927
0.435278
0.425472
0.394062
0.354137
0.348303
0.347138
0.324813
0.293783
0.326737
0.403652
0.467816
0.508730
0.515503
0.505203
0.502336
0.502949
0.517432
0.525515
0.527412
0.532965
0.555175
0.588812
0.611886
0.624147
0.640720
0.656742
0.664098
0.680993
0.283530
