-0.000000
0.002308
0.004609
0.006905
0.009201
0.011497
0.013793
0.016089
0.018385
0.020681
0.022977
0.025273
0.027569
0.029865
0.032154
0.034437
0.036720
0.039003
0.041286
0.043569
0.045851
0.048134
0.050417
0.052700
0.054983
0.057266
0.059541
0.061809
0.064078
0.066347
0.068615
0.070884
0.073152
0.075421
0.077690
0.079958
0.082227
0.084496
0.086755
0.089008
0.091262
0.093515
0.095768
0.098021
0.100274
0.102527
0.104780
0.107033
0.109287
0.111540
0.113783
0.116020
0.118256
0.120493
0.122729
0.124966
0.127202
0.129439
0.131675
0.133912
0.136148
0.138385
0.140611
0.142830
0.145049
0.147267
0.149486
0.151705
0.153924
0.156142
0.158361
0.160580
0.162799
0.165017
0.167225
0.169425
0.171625
0.173825
0.176025
0.178225
0.180425
0.182625
0.184825
0.187025
0.189224
0.191424
0.193613
0.195793
0.197973
0.200153
0.202333
0.204513
0.206693
0.208873
0.211053
0.213233
0.215413
0.217593
0.219761
0.221921
0.224080
0.226239
0.228398
0.230557
0.232716
0.234875
0.237034
0.239193
0.241353
0.243512
0.245658
0.247796
0.249933
0.252070
0.254207
0.256344
0.258481
0.260619
0.262756
0.264893
0.267030
0.269167
0.271292
0.273406
0.275520
0.277635
0.279749
0.281863
0.283977
0.286092
0.288206
0.290320
0.292435
0.294549
0.296650
0.298740
0.300830
0.302921
0.305011
0.307102
0.309192
0.311283
0.313373
0.315464
0.317554
0.319644
0.321721
0.323786
0.325852
0.327918
0.329983
0.332049
0.334115
0.336180
0.338246
0.340312
0.342377
0.344443
0.346494
0.348534
0.350574
0.352614
0.354654
0.356694
0.358733
0.360773
0.362813
0.364853
0.366893
0.368933
0.370958
0.372971
0.374985
0.376998
0.379011
0.381025
0.383038
0.385051
0.387065
0.389078
0.391091
0.393105
0.395102
0.397088
0.399074
0.401060
0.403046
0.405031
0.407017
0.409003
0.410989
0.412975
0.414961
0.416946
0.418916
0.420874
0.422831
0.424789
0.426746
0.428703
0.430661
0.432618
0.434576
0.436533
0.438491
0.440448
0.442389
0.444318
0.446246
0.448174
0.450102
0.452031
0.453959
0.455887
0.457815
0.459744
0.461672
0.463600
0.465511
0.467410
0.469308
0.471206
0.473104
0.475003
0.476901
0.478799
0.480697
0.482595
0.484494
0.486392
0.488273
0.490140
0.492007
0.493875
0.495742
0.497609
0.499477
0.501344
0.503212
0.505079
0.506946
0.508814
0.510663
0.512499
0.514334
0.516170
0.518006
0.519841
0.521677
0.523513
0.525348
0.527184
0.529020
0.530856
0.532673
0.534476
0.536279
0.538082
0.539886
0.541689
0.543492
0.545295
0.547098
0.548902
0.550705
0.552508
0.554292
0.556062
0.557832
0.559602
0.561372
0.563142
0.564912
0.566682
0.568452
0.570222
0.571992
0.573762
0.575512
0.577248
0.578984
0.580720
0.582456
0.584192
0.585928
0.587664
0.589400
0.591136
0.592871
0.594607
0.596323
0.598025
0.599726
0.601427
0.603128
0.604829
0.606530
0.608231
0.609932
0.611633
0.613334
0.615035
0.616716
0.618382
0.620047
0.621713
0.623378
0.625044
0.626709
0.628375
0.630040
0.631706
0.633371
0.635037
0.636682
0.638311
0.639940
0.641569
0.643198
0.644827
0.646456
0.648086
0.649715
0.651344
0.654602
0.656210
0.657802
0.659394
0.660986
0.662579
0.664171
0.665763
0.667355
0.668947
0.670539
0.672131
0.673723
0.675294
0.676848
0.678402
0.679956
0.681510
0.683065
0.684619
0.686173
0.687727
0.689282
0.690836
0.692390
0.693922
0.695438
0.696954
0.698469
0.699985
0.701501
0.703016
0.704532
0.706048
0.707563
0.709079
0.710595
0.712088
0.713564
0.715041
0.716517
0.717993
0.719470
0.720946
0.722422
0.723899
0.725375
0.726851
0.728328
0.729781
0.731218
0.732654
0.734090
0.735526
0.746994
0.748389
0.749785
0.752576
0.753971
0.755367
0.756762
0.758158
0.771841
0.773195
0.774549
0.775903
0.777257
0.778611
0.779941
0.781253
0.782565
0.783877
0.785189
0.786500
0.787812
0.791748
0.793060
0.796928
0.798197
0.799466
0.800735
0.802004
0.803273
0.804541
0.805810
0.809617
0.810861
0.813312
0.814537
0.825540
0.827902
0.829083
0.830264
0.831445
0.832626
0.833807
0.839686
0.840822
0.841958
0.843094
0.844230
0.845365
0.846501
0.847637
0.848773
0.849909
0.851045
0.852181
0.853291
0.854381
0.855471
0.856562
0.857652
0.858742
0.859832
0.860922
0.862013
0.863103
0.864193
0.866347
0.867391
0.868435
0.869478
0.870522
0.871566
0.872610
0.874697
0.875741
0.889809
0.890778
0.891727
0.892676
0.893625
0.894574
0.895522
0.896471
0.897420
0.898369
0.899318
0.900267
0.901216
0.902137
0.903037
0.903938
0.904838
0.905738
0.906639
0.907539
0.908440
0.909340
0.910240
0.911141
0.912041
0.912914
0.913765
0.914616
0.915467
0.916319
0.917170
0.918021
0.918872
0.919723
0.920575
0.921426
0.922277
0.923100
0.923902
0.924703
0.925504
0.926306
0.927107
0.927909
0.928710
0.929511
0.930313
0.931114
0.931916
0.932688
0.933439
0.934190
0.934941
0.935692
0.936443
0.937194
0.937945
0.938696
0.939447
0.940198
0.940949
0.941671
0.942371
0.943071
0.943770
0.944470
0.945170
0.945870
0.946570
0.947270
0.947969
0.948669
0.949369
0.950040
0.950688
0.951336
0.951984
0.952632
0.953280
0.953928
0.954576
0.955224
0.955872
0.956520
0.957169
0.957787
0.958383
0.958978
0.959574
0.960170
0.960766
0.961361
0.961957
0.962553
0.963148
0.963744
0.964340
0.964905
0.965448
0.965991
0.966534
0.967076
0.967619
0.968162
0.968705
0.969247
0.969790
0.970333
0.970876
0.971388
0.971877
0.972366
0.972855
0.973345
0.973834
0.974323
0.974812
0.975301
0.975790
0.976279
0.976769
0.977227
0.977662
0.978097
0.978532
0.978967
0.979402
0.979837
0.980272
0.980707
0.981142
0.981577
0.982012
0.982416
0.982796
0.983176
0.983557
0.983937
0.984317
0.984698
0.985078
0.985458
0.985838
0.986219
0.986599
0.986948
0.987273
0.987598
0.987923
0.988248
0.988573
0.988898
0.989223
0.989548
0.989873
0.990198
0.990523
0.990816
0.991086
0.991355
0.991624
0.991893
0.992163
0.992432
0.992701
0.992970
0.993239
0.993509
0.993778
0.994015
0.994228
0.994441
0.994654
0.994867
0.995080
0.995293
0.995506
0.995719
0.995932
0.996145
0.996358
0.996538
0.996695
0.996851
0.997007
0.997163
0.997319
0.997476
0.997632
0.997788
0.997944
0.998100
0.998257
0.998380
0.998479
0.998578
0.998677
0.998776
0.998875
0.998974
0.999073
0.999172
0.999272
0.999371
0.999470
0.999536
0.999577
0.999619
0.999660
0.999702
0.999743
0.999784
0.999826
0.999867
0.999909
0.999950
0.999991
1.000000
0.999983
0.999967
0.999950
0.999934
0.999917
0.999901
0.999884
0.999868
0.999851
0.999834
0.999818
0.999768
0.999693
0.999618
0.999544
0.999469
0.999394
0.999319
0.999244
0.999169
0.999094
0.999020
0.998945
0.998837
0.998703
0.998570
0.998436
0.998303
0.998169
0.998036
0.997902
0.997769
0.997635
0.997502
0.997368
0.997201
0.997009
0.996817
0.996624
0.996432
0.996240
0.996047
0.995855
0.995663
0.995470
0.995278
0.995086
0.994860
0.994608
0.994357
0.994105
0.993854
0.993603
0.993351
0.993100
0.992848
0.992597
0.992345
0.992094
0.991809
0.991498
0.991188
0.990877
0.990566
0.990256
0.989945
0.989634
0.989324
0.989013
0.988702
0.988392
0.988047
0.987677
0.987307
0.986937
0.986567
0.986197
0.985827
0.985457
0.985087
0.984717
0.984347
0.983977
0.983573
0.983144
0.982715
0.982285
0.981856
0.981426
0.980997
0.980567
0.980138
0.979708
0.979279
0.978850
0.978386
0.977898
0.977409
0.976920
0.976431
0.975942
0.975453
0.974965
0.974476
0.973987
0.973498
0.973009
0.972487
0.971938
0.971390
0.970842
0.970294
0.969746
0.969197
0.968649
0.968101
0.967553
0.967005
0.966456
0.965875
0.965267
0.964660
0.964052
0.963445
0.962837
0.962230
0.961623
0.961015
0.960408
0.959800
0.959193
0.958552
0.957885
0.957219
0.956552
0.955886
0.955219
0.954553
0.953886
0.953220
0.952554
0.951887
0.951221
0.950521
0.949795
0.949070
0.895823
