0.354586
0.360012
0.370611
0.370752
0.370651
0.371246
0.365271
0.336707
0.322201
0.327280
0.334770
0.310211
0.247562
0.188929
0.169378
0.171824
0.165159
0.152307
0.148977
0.158110
0.158288
0.162491
0.171187
0.170581
0.159727
0.153334
0.166087
0.183097
0.180576
0.171697
0.169820
0.166089
0.154561
0.150609
0.170747
0.165216
0.181389
0.276335
0.358232
0.403038
0.416135
0.416985
0.428808
0.438985
0.438651
0.434882
0.428165
0.413980
0.406044
0.404373
0.405055
0.405469
0.406051
0.401540
0.380962
0.379538
0.389518
0.375522
0.343232
0.312387
0.300811
0.302556
0.281541
0.257067
0.252534
0.251691
0.250884
0.250041
0.248881
0.246177
0.242419
0.239187
0.231070
0.223952
0.223536
0.218681
0.199712
0.167396
0.136850
0.125249
0.123537
0.108953
0.098455
0.094040
0.093134
0.096120
0.100352
0.106515
0.111802
0.114290
0.121438
0.125552
0.124620
0.120121
0.116698
0.114423
0.111431
0.108035
0.101845
0.094629
0.089172
0.087935
0.087726
0.090945
0.093633
0.121333
0.161685
0.192648
0.206175
0.207756
0.212259
0.235582
0.261898
0.264103
0.262767
0.261435
0.259612
0.257759
0.259789
0.267055
0.273825
0.275895
0.276469
0.275467
0.275763
0.267267
0.247622
0.225697
0.213234
0.214930
0.219026
0.203265
0.171727
0.177504
0.189472
0.202047
0.209636
0.211063
0.201703
0.177689
0.143896
0.116846
0.092716
0.080308
0.080599
0.088177
0.094933
0.098866
0.099912
0.100921
0.099148
0.097503
0.097089
0.097170
0.097732
0.099999
0.100444
0.099216
0.098608
0.097280
0.101834
0.101644
0.098825
0.098615
0.099680
0.100397
0.100586
0.101261
0.103843
0.105628
0.109363
0.115047
0.118574
0.119040
0.111790
0.094043
0.076320
0.062435
0.059004
0.058048
0.058415
0.061057
0.062160
0.060663
0.058296
0.052348
0.042819
0.035847
0.042397
0.056392
0.066745
0.078504
0.087219
0.087375
0.087120
0.089349
0.090548
0.105875
0.160068
0.222714
0.277501
0.337928
0.357976
0.360824
0.406605
0.476818
0.551443
0.612256
0.648802
0.661146
0.664154
0.665333
0.669954
0.675960
0.678841
0.680809
0.682104
0.674505
0.653668
0.613553
0.559006
0.463723
0.361467
0.310602
0.306470
0.304520
0.289805
0.270281
0.261103
0.262295
0.254529
0.237663
0.230304
0.228470
0.219467
0.203036
0.194496
0.181586
0.196728
0.206966
0.198023
0.169619
0.180406
0.273572
0.390744
0.491817
0.567842
0.603302
0.604779
0.594708
0.583211
0.568560
0.549978
0.528529
0.505629
0.490112
0.484562
0.479424
0.481978
0.485294
0.474778
0.467625
0.471537
0.463336
0.423921
0.352399
0.247607
0.137753
0.101090
0.099063
0.097895
0.096291
0.089768
0.088323
0.086468
0.086739
0.087416
0.087252
0.085748
0.078161
0.062413
0.050409
0.043585
0.047637
0.047891
0.046272
0.045340
0.045298
0.047142
0.047810
0.047908
0.047756
0.047650
0.047799
0.047528
0.047542
0.047697
0.047006
0.046910
0.049381
0.049664
0.050907
0.049547
0.041434
0.041636
0.041418
0.042440
0.042066
0.037671
0.037299
0.039622
0.044232
0.049302
0.055670
0.061012
0.062475
0.065628
0.067309
0.078855
0.104278
0.128030
0.140386
0.150458
0.156716
0.156495
0.157489
0.160915
0.163790
0.163963
0.163879
0.161927
0.156868
0.149839
0.139773
0.127509
0.119235
0.112320
0.117201
0.140335
0.156709
0.164167
0.176326
0.186443
0.187461
0.194740
0.193023
0.181222
0.168413
0.164251
0.169610
0.174771
0.178278
0.184051
0.197775
0.217684
0.230092
0.231298
0.230842
0.234950
0.248599
0.277416
0.303013
0.313861
0.322075
0.324093
0.324176
0.326722
0.335115
0.343258
0.352856
0.379866
0.407758
0.434570
0.441733
0.435048
0.441690
0.464584
0.484023
0.483957
0.487467
0.497074
0.520232
0.522063
0.508148
0.491859
0.483326
0.482103
0.482377
0.483130
0.483208
0.481060
0.474172
0.464910
0.462451
0.456749
0.422595
0.351789
0.255806
0.221925
0.230678
0.261334
0.221984
0.193590
0.193247
0.193694
0.193584
0.203363
0.239836
0.283053
0.318053
0.307176
0.305547
0.302991
0.299071
0.291819
0.294045
0.302110
0.308326
0.312139
0.311995
0.307070
0.304023
0.285033
0.253802
0.233966
0.222455
0.227199
0.230955
0.223150
0.211255
0.201691
0.180713
0.163954
0.148969
0.145828
0.147975
0.149108
0.148701
0.149995
0.148373
0.138699
0.129558
0.126397
0.126261
0.123309
0.126354
0.133695
0.130079
0.137378
0.142046
0.143643
0.151140
0.207401
0.291004
0.351399
0.360501
0.361848
0.365225
0.364057
0.361732
0.363181
0.361739
0.353748
0.347254
0.346617
0.346386
0.345938
0.334298
0.308140
0.275767
0.241614
0.229003
0.227336
0.203251
0.165149
0.158860
0.160157
0.159875
0.159251
0.159034
0.153150
0.147502
0.148393
0.146128
0.139224
0.137460
0.142069
0.176647
0.241391
0.292067
0.324193
0.332082
0.322675
0.312583
0.314814
0.315937
0.316688
0.318118
0.321620
0.324957
0.328120
0.327107
0.321946
0.315115
0.312499
0.313004
0.315443
0.315285
0.283520
0.240490
0.201517
0.192102
0.192123
0.199631
0.188796
0.185007
0.205920
0.254272
0.295704
0.313487
0.316065
0.320744
0.362686
0.404379
0.432816
0.438118
0.438574
0.433721
0.432059
0.432914
0.429203
0.424205
0.427556
0.438290
0.468046
0.503701
0.510884
0.466948
0.403432
0.356468
0.338083
0.338529
0.332960
0.331989
0.357852
0.403571
0.441437
0.466391
0.463015
0.439928
0.419924
0.417475
0.418621
0.424694
0.432583
0.439742
0.446210
0.450156
0.446045
0.433420
0.411949
0.408547
0.434864
0.451340
0.438599
0.401055
0.357383
0.307991
0.271030
0.263978
0.272664
0.279837
0.281260
0.283211
0.290704
0.301569
0.315300
0.340845
0.380376
0.388270
0.370616
0.372213
0.410954
0.524532
0.675665
0.810350
0.902210
0.932358
0.995369
1.076058
1.164420
1.243499
1.305817
1.333704
1.323513
1.279503
1.226553
1.153301
1.053843
0.965023
0.925988
0.927505
0.938668
0.963523
0.983595
1.000831
1.027700
1.074724
1.105684
1.113850
1.066911
0.978864
0.853064
0.708432
0.564352
0.499508
0.460779
0.395669
0.379759
0.385388
0.399027
0.404972
0.374197
0.318945
0.248232
0.189811
0.163405
0.150030
0.142665
0.143242
0.143197
0.147117
0.149311
0.153215
0.166918
0.172770
0.177154
0.234638
0.314027
0.369338
0.386988
0.383397
0.392877
0.401161
0.403527
0.402008
0.399441
0.399244
0.398574
0.398672
0.400774
0.402982
0.416658
0.431449
0.442558
0.450585
0.452079
0.429021
0.380089
0.316460
0.269295
0.258710
0.252784
0.247414
0.247258
0.242220
0.234382
0.229321
0.227957
0.227317
0.229225
0.247955
0.297253
0.361408
0.426112
0.478101
0.524688
0.558562
0.572533
0.574748
0.571720
0.567508
0.564011
0.554257
0.540634
0.528433
0.512583
0.486592
0.441046
0.400459
0.399555
0.446652
0.491233
0.509373
0.497018
0.463945
0.419054
0.378406
0.359314
0.357310
0.356810
0.356589
0.355433
0.355114
0.350112
0.334517
0.310040
0.261348
0.209097
0.193111
0.192030
0.172430
0.150004
0.134316
0.138113
0.163428
0.161138
0.159232
0.164657
0.175541
0.199310
0.223883
0.243628
0.249945
0.250083
0.251585
0.249337
0.239991
0.236034
0.244150
0.263197
0.283843
0.304110
0.319521
0.320385
0.291612
0.256590
0.242982
0.244714
0.248547
0.251872
0.257806
0.260173
0.258137
0.248015
0.245596
0.228332
0.182890
0.144454
0.142018
0.168840
0.211768
0.245088
0.256613
0.262020
0.262439
0.258300
0.256860
0.257185
0.257248
0.258075
0.259202
0.260167
0.266490
0.269482
0.257308
0.255778
0.249177
0.239830
0.240451
0.256286
0.265906
0.264944
0.261711
0.266425
0.284327
0.310588
0.320980
0.318760
0.348290
0.388869
0.398622
0.400624
0.400290
0.397545
0.387513
0.376694
0.391796
0.401751
0.403226
0.400923
0.396800
0.394550
0.401998
0.401256
0.383574
0.332759
0.280716
0.269526
0.271833
0.270464
0.276134
0.273006
0.253080
0.235728
0.272835
0.301542
0.297025
0.290380
0.289733
0.289093
0.290460
0.297000
0.324664
0.352176
0.370188
0.379459
0.387440
0.381957
0.364080
0.330707
0.310234
0.303062
0.300693
0.301083
0.305753
0.315955
0.329328
0.353326
0.348505
0.332051
0.325884
0.328724
0.324175
0.314234
0.303207
0.299987
0.295423
0.292054
0.288847
0.281691
0.258866
0.222906
0.207303
0.206655
0.204005
0.201298
0.191672
0.133428
0.118585
0.118013
0.118452
0.116171
0.116083
0.115091
0.116737
0.112727
0.108161
0.104482
0.092208
0.090432
0.085668
0.085001
0.101689
0.120960
0.125003
0.127343
0.170385
0.232683
0.293539
0.319192
0.320189
0.319835
0.318700
0.317292
0.319494
0.324358
0.324769
0.324174
0.321008
0.319383
0.317549
0.307545
0.286332
0.261479
0.275470
0.331402
0.376253
0.394530
0.366221
0.338739
0.334563
0.336511
0.341166
0.345836
0.351814
0.357291
0.358674
0.344399
0.332411
0.329235
0.332852
0.329030
0.318737
0.315476
0.315529
0.311524
0.308293
0.317370
0.355564
0.385417
0.393548
0.392908
0.392143
0.387785
0.371505
0.338941
0.301426
0.289858
0.287373
0.294653
0.304177
0.310601
0.320507
0.332512
