-0.000000
0.003141
0.006281
0.009422
0.012563
0.015704
0.018844
0.021985
0.025126
0.028254
0.031353
0.034452
0.037551
0.040651
0.043750
0.046849
0.049948
0.053047
0.056146
0.059246
0.062345
0.065431
0.068487
0.071544
0.074600
0.077656
0.080713
0.083769
0.086825
0.089882
0.092938
0.095994
0.099051
0.102094
0.105106
0.108118
0.111130
0.114143
0.117155
0.120167
0.123179
0.126192
0.129204
0.132216
0.135228
0.138227
0.141194
0.144161
0.147128
0.150095
0.153061
0.156028
0.158995
0.161962
0.164929
0.167896
0.170863
0.173816
0.176736
0.179656
0.182577
0.185497
0.188417
0.191338
0.194258
0.197178
0.200099
0.203019
0.205939
0.208845
0.211718
0.214591
0.217463
0.220336
0.223208
0.226081
0.228953
0.231826
0.234698
0.237571
0.240444
0.243301
0.246125
0.248949
0.251772
0.254596
0.257419
0.260243
0.263067
0.265890
0.268714
0.271538
0.274361
0.277170
0.279943
0.282717
0.285490
0.288264
0.291037
0.293811
0.296584
0.299358
0.302131
0.304904
0.307678
0.310436
0.313158
0.315880
0.318603
0.321325
0.324047
0.326769
0.329491
0.332214
0.334936
0.337658
0.340380
0.343087
0.345756
0.348426
0.351096
0.353766
0.356435
0.359105
0.361775
0.364445
0.367114
0.369784
0.372454
0.375108
0.377724
0.380340
0.382956
0.385572
0.388188
0.390805
0.393421
0.396037
0.398653
0.401269
0.403886
0.406485
0.409047
0.411608
0.414170
0.416731
0.419293
0.421854
0.424416
0.426977
0.429539
0.432100
0.434662
0.437207
0.439712
0.442218
0.444724
0.447229
0.449735
0.452241
0.454746
0.457252
0.459758
0.462263
0.464769
0.467258
0.469706
0.472155
0.474604
0.477053
0.479502
0.481950
0.484399
0.486848
0.489297
0.491745
0.494194
0.496626
0.499016
0.501407
0.503798
0.506189
0.508579
0.510970
0.513361
0.515752
0.518142
0.520533
0.522924
0.525297
0.527629
0.529960
0.532292
0.534624
0.536955
0.539287
0.541619
0.543950
0.546282
0.548613
0.550945
0.553259
0.555530
0.557802
0.560073
0.562345
0.564616
0.566888
0.569159
0.571430
0.573702
0.575973
0.578245
0.580498
0.582708
0.584918
0.587128
0.589339
0.591549
0.593759
0.595969
0.598179
0.600390
0.602600
0.604810
0.607001
0.609149
0.611297
0.613445
0.615593
0.617741
0.619889
0.622036
0.624184
0.626332
0.628480
0.630628
0.632757
0.634841
0.636925
0.639010
0.641094
0.643179
0.645263
0.647348
0.649432
0.651516
0.653601
0.655685
0.657750
0.659770
0.661790
0.663810
0.665830
0.667850
0.669870
0.671890
0.673910
0.675930
0.677950
0.679970
0.681970
0.683924
0.685879
0.687833
0.689787
0.691742
0.693696
0.695651
0.697605
0.699559
0.701514
0.703468
0.705403
0.707290
0.709178
0.711066
0.712954
0.714841
0.716729
0.718617
0.720505
0.722393
0.724280
0.726168
0.728036
0.729856
0.731676
0.733496
0.735316
0.737136
0.738956
0.740776
0.742597
0.744417
0.746237
0.748057
0.749856
0.751608
0.753359
0.755111
0.756862
0.758614
0.760365
0.762116
0.763868
0.765619
0.767371
0.769122
0.770852
0.772534
0.774216
0.775897
0.777579
0.779261
0.780942
0.782624
0.784306
0.785987
0.787669
0.789351
0.791011
0.792622
0.794233
0.795844
0.797455
0.799065
0.800676
0.802287
0.803898
0.805509
0.807120
0.808731
0.810320
0.811859
0.813398
0.814937
0.816476
0.818015
0.819554
0.821093
0.822632
0.824171
0.825710
0.827249
0.828766
0.830233
0.831699
0.833165
0.834631
0.836097
0.837563
0.839030
0.840496
0.841962
0.843428
0.844894
0.846338
0.847731
0.849123
0.850515
0.851907
0.853300
0.854692
0.856084
0.857477
0.858869
0.860261
0.861653
0.863023
0.864341
0.865658
0.866976
0.868293
0.869610
0.870928
0.872245
0.873563
0.874880
0.876197
0.877515
0.878809
0.880051
0.881292
0.882534
0.883775
0.885017
0.886258
0.887500
0.888741
0.889983
0.891224
0.892466
0.893684
0.894849
0.896014
0.897178
0.898343
0.899507
0.900672
0.901837
0.903001
0.904166
0.905331
0.906495
0.907636
0.908723
0.909810
0.910897
0.911984
0.913070
0.914157
0.915244
0.916331
0.917417
0.918504
0.919591
0.920654
0.921662
0.922670
0.923678
0.924686
0.925694
0.926701
0.927709
0.928717
0.929725
0.930733
0.931741
0.932725
0.933653
0.934581
0.935510
0.936438
0.937366
0.938294
0.939222
0.940150
0.941078
0.942007
0.942935
0.943839
0.944686
0.945534
0.946381
0.947228
0.948076
0.948923
0.949771
0.950618
0.951466
0.952313
0.953161
0.953983
0.954749
0.955515
0.956281
0.957047
0.957813
0.958578
0.959344
0.960110
0.960876
0.961642
0.962408
0.963149
0.963832
0.964515
0.965199
0.965882
0.966565
0.967248
0.967932
0.968615
0.969298
0.969982
0.970665
0.971323
0.971923
0.972523
0.973123
0.973723
0.974323
0.974923
0.975523
0.976123
0.976723
0.977323
0.977923
0.978498
0.979013
0.979529
0.980045
0.980561
0.981076
0.981592
0.982108
0.982624
0.983139
0.983655
0.984171
0.984661
0.985092
0.985523
0.985953
0.986384
0.986815
0.987246
0.987676
0.988107
0.988538
0.988969
0.989399
0.989804
0.990149
0.990494
0.990839
0.991184
0.991529
0.991874
0.992219
0.992564
0.992909
0.993254
0.993599
0.993918
0.994177
0.994435
0.994694
0.994952
0.995211
0.995469
0.995728
0.995986
0.996245
0.996504
0.996762
0.996994
0.997166
0.997337
0.997508
0.997680
0.997851
0.998022
0.998194
0.998365
0.998536
0.998708
0.998879
0.999024
0.999108
0.999191
0.999275
0.999358
0.999442
0.999525
0.999609
0.999692
0.999776
0.999859
0.999943
1.000000
0.999995
0.999990
0.999985
0.999981
0.999976
0.999971
0.999966
0.999961
0.999956
0.999951
0.999947
0.999915
0.999821
0.999728
0.999634
0.999540
0.999446
0.999352
0.999259
0.999165
0.999071
0.998977
0.998884
0.998763
0.998580
0.998397
0.998213
0.998030
0.997847
0.997664
0.997481
0.997298
0.997114
0.996931
0.996748
0.996538
0.996265
0.995992
0.995719
0.995446
0.995173
0.994900
0.994627
0.994354
0.994081
0.993808
0.993535
0.993235
0.992872
0.992509
0.992146
0.991783
0.991420
0.991057
0.990694
0.990331
0.989967
0.989604
0.989241
0.988851
0.988398
0.987944
0.987491
0.987037
0.986584
0.986130
0.985677
0.985223
0.984770
0.984316
0.983863
0.983382
0.982838
0.982294
0.981750
0.981206
0.980661
0.980117
0.979573
0.979029
0.978485
0.977941
0.977397
0.976826
0.976191
0.975556
0.974921
0.974286
0.973652
0.973017
0.972382
0.971747
0.971113
0.970478
0.969843
0.969181
0.968455
0.967730
0.967004
0.966279
0.965553
0.964828
0.964102
0.963377
0.962651
0.961926
0.961200
0.960448
0.959632
0.958816
0.957999
0.957183
0.956367
0.955551
0.954735
0.953919
0.953103
0.952286
0.951470
0.950627
0.949720
0.948814
0.947907
0.947001
0.946094
0.945187
0.944281
0.943374
0.942468
0.941561
0.940654
0.939721
0.938724
0.937727
0.936730
0.935733
0.934737
0.933740
0.932743
0.931746
0.930749
0.929753
0.928756
0.927732
0.926645
0.925559
0.924472
0.923385
0.922299
0.921212
0.920125
0.919039
0.917952
0.916865
0.915779
0.914665
0.913489
0.912313
0.911137
0.909961
0.908785
0.907609
0.906433
0.905257
0.904081
0.902905
0.901729
0.900527
0.899262
0.897997
0.896732
0.895468
0.894203
0.892938
0.891673
0.890409
0.889144
0.887879
0.886614
0.885323
0.883970
0.882617
0.881264
0.879912
0.878559
0.877206
0.875853
0.874500
0.873147
0.871795
0.870442
0.869063
0.867623
0.866182
0.864742
0.863302
0.861862
0.860422
0.858982
0.857542
0.856102
0.854662
0.853222
0.851756
0.850229
0.848703
0.847176
0.845650
0.844123
0.842597
0.841071
0.839544
0.838018
0.836491
0.834965
0.833413
0.831801
0.830189
0.828578
0.826966
0.825354
0.823743
0.822131
0.820519
0.818908
0.817296
0.815684
0.814047
0.812351
0.810655
0.808960
0.807264
0.805568
0.803872
0.802176
0.800481
0.798785
0.797089
0.795393
0.793672
0.791894
0.790115
0.788336
0.786558
0.784779
0.783000
0.781222
0.779443
0.777664
0.775886
0.774107
0.772304
0.770444
0.768584
0.766724
0.764864
0.763004
0.761143
0.759283
0.757423
0.755563
0.753703
0.751843
0.749959
0.748019
0.746079
0.744139
0.742199
0.740259
0.738319
0.736379
0.734439
0.732499
0.730559
0.728619
0.726655
0.724637
0.722618
0.720600
0.718582
0.716563
0.714545
0.712527
0.710509
0.708490
0.706472
0.704454
0.702412
0.700317
0.698222
0.696128
0.694033
0.691938
0.689843
0.687748
0.685653
0.683558
0.681463
0.679368
0.677251
0.675082
0.672912
0.670742
0.668573
0.666403
0.664234
0.662064
0.659894
0.657725
0.655555
0.653385
0.651194
0.648952
0.646709
0.644467
0.642224
0.639982
0.637740
0.635497
0.633255
0.631013
0.628770
0.626528
0.624264
0.621951
0.619638
0.617325
0.615012
0.612698
0.610385
0.608072
0.605759
0.603446
0.601133
0.598820
0.596486
0.594104
0.591722
0.589341
0.586959
0.584577
0.582196
0.579814
0.577432
0.575050
0.572669
0.570287
0.567885
0.565437
0.562989
0.560541
0.558093
0.555645
0.553196
0.550748
0.548300
0.545852
0.543404
0.540956
0.538489
0.535976
0.533464
0.530952
