1.718071
1.260915
0.920119
0.682486
0.517114
0.404923
0.337385
0.317742
0.354239
0.451002
0.600003
0.812904
1.078268
1.034958
0.787648
0.763822
1.339822
2.405494
3.219318
3.045003
2.022013
0.941887
0.307737
0.070574
0.012121
0.008798
0.050358
0.235529
0.774097
1.784470
2.885305
3.272297
2.603123
1.452490
0.568457
0.156086
0.030725
0.010621
0.044416
0.207372
0.687976
1.629474
2.884722
4.352363
6.819674
11.201708
15.894874
17.000184
13.052205
7.093638
2.718083
0.733254
0.139164
0.018572
0.001742
0.000115
0.000005
0.000000
0.000000
0.000000
0.000000
0.000000
0.000000
0.000000
0.000000
0.000000
0.000000
0.000000
0.000000
0.000000
0.000000
0.000000
0.000000
0.000000
0.000000
0.000000
0.000000
0.000000
0.000000
0.000000
0.000000
0.000000
0.000000
0.000000
0.000000
0.000000
0.000000
0.000000
0.000000
0.000000
0.000000
0.000000
0.000000
0.000000
0.000000
0.000000
0.000000
0.000000
0.000000
0.000000
0.000000
0.000000
0.000000
0.000000
0.000000
0.000000
0.000000
0.000001
0.000031
0.000516
0.006109
0.051093
0.302247
1.268156
3.786404
8.074839
12.347070
13.584879
10.783907
6.184410
2.561420
0.764802
0.165456
0.038898
0.096646
0.451348
1.520320
3.593405
5.957245
6.927238
5.650060
3.232362
1.297028
0.365025
0.072047
0.009972
0.000968
0.000066
0.000003
0.000000
0.000000
0.000000
0.000000
0.000000
0.000000
0.000000
0.000000
0.000000
0.000000
0.000000
0.000000
0.000000
0.000000
0.000000
0.000000
0.000000
0.000000
0.000000
0.000000
0.000000
0.000000
0.000000
0.000000
0.000000
0.000000
0.000000
0.000000
0.000000
0.000000
0.000000
0.000000
0.000000
0.000000
0.000000
0.000000
0.000000
0.000000
0.000000
0.000000
0.000000
0.000000
0.000000
0.000000
0.000000
0.000000
0.000000
0.000000
0.000000
0.000000
0.000000
0.000000
0.000000
0.000000
0.000000
0.000000
0.000000
0.000000
0.000002
0.000046
0.000873
0.011664
0.110057
0.732961
3.443820
11.410241
26.646139
43.837613
50.783625
41.405920
23.750348
9.579958
2.716260
0.541168
0.075735
0.007442
0.000513
0.000025
0.000001
0.000000
0.000000
0.000000
0.000000
0.000000
0.000000
0.000000
0.000000
0.000000
0.000000
0.000000
0.000000
0.000000
0.000000
0.000000
0.000000
0.000000
0.000000
0.000000
0.000000
0.000000
0.000000
0.000000
0.000000
0.000000
0.000006
0.000120
0.001720
0.017344
0.122621
0.607970
2.114098
5.156050
8.820156
10.583118
8.907031
5.258124
2.177190
0.632283
0.128781
0.018394
0.001842
0.000129
0.000006
0.000000
0.000000
0.000000
0.000000
0.000000
0.000000
0.000000
0.000000
0.000000
0.000000
0.000000
0.000000
0.000000
0.000000
0.000000
0.000000
0.000000
0.000000
0.000000
0.000000
0.000000
0.000000
0.000000
0.000000
0.000000
0.000000
0.000000
0.000000
0.000000
0.000000
0.000000
0.000000
0.000000
0.000000
0.000000
0.000000
0.000000
0.000000
0.000000
0.000000
0.000000
0.000000
0.000000
0.000000
0.000000
0.000000
0.000000
0.000000
0.000000
0.000000
0.000000
0.000000
0.000000
0.000000
0.000000
0.000000
0.000000
0.000000
0.000000
0.000000
0.000000
0.000000
0.000000
0.000000
0.000000
0.000000
0.000000
0.000000
0.000000
0.000000
0.000000
0.000000
0.000000
0.000000
0.000000
0.000000
0.000000
0.000000
0.000000
0.000000
0.000000
0.000000
0.000000
0.000000
0.000000
0.000000
0.000000
0.000000
0.000000
0.000000
0.000000
0.000000
0.000000
0.000000
0.000000
0.000000
0.000003
0.000066
0.001049
0.011848
0.094535
0.533111
2.124588
5.982345
11.897834
16.706504
16.554513
11.569970
5.700243
1.978590
0.483590
0.083181
0.010064
0.000857
0.000077
0.000458
0.005677
0.049585
0.303678
1.304316
3.929020
8.301186
12.301716
12.787016
9.322910
4.767670
1.710093
0.430201
0.075899
0.009390
0.000815
0.000050
0.000003
0.000018
0.000271
0.002840
0.020871
0.107546
0.388659
0.985117
1.751341
2.183886
1.910161
1.171892
0.504281
0.152198
0.032216
0.004782
0.000498
0.000036
0.000002
0.000000
0.000000
0.000000
0.000000
0.000000
0.000000
0.000000
0.000000
0.000000
0.000000
0.000000
0.000000
0.000000
0.000000
0.000000
0.000000
0.000000
0.000000
0.000000
0.000000
0.000000
0.000000
0.000000
0.000000
0.000000
0.000000
0.000000
0.000000
0.000000
0.000000
0.000000
0.000000
0.000000
0.000000
0.000000
0.000000
0.000000
0.000004
0.000074
0.000981
0.009226
0.061263
0.287389
0.952735
2.232579
3.698429
4.330994
3.584618
2.096307
0.865863
0.252472
0.051940
0.007535
0.000770
0.000055
0.000003
0.000000
0.000001
0.000026
0.000393
0.004202
0.031479
0.165386
0.609390
1.574839
2.854565
3.629266
3.236517
2.024486
0.888219
0.273323
0.058988
0.008928
0.000948
0.000071
0.000004
0.000000
0.000007
0.000126
0.001657
0.015299
0.099453
0.455561
1.471283
3.352147
5.390951
6.122611
4.912656
2.785738
1.116589
0.316376
0.063363
0.008968
0.000897
0.000063
0.000003
0.000000
0.000000
0.000000
0.000007
0.000109
0.001181
0.008944
0.047485
0.176829
0.462097
0.850400
1.129062
1.252564
1.856492
4.215101
8.915538
13.949394
15.484314
12.126326
6.700801
2.642220
0.925376
1.068349
2.935925
6.429442
9.942241
10.796079
8.231500
4.407498
1.657618
0.437968
0.081313
0.010611
0.000973
0.000063
0.000003
0.000000
0.000000
0.000000
0.000000
0.000000
0.000000
0.000000
0.000000
0.000000
0.000000
0.000000
0.000000
0.000000
0.000000
0.000000
0.000000
0.000001
0.000021
0.000333
0.003638
0.027893
0.149988
0.565640
1.496110
2.775543
3.611653
3.296425
2.110365
0.947633
0.298452
0.065923
0.010212
0.001109
0.000084
0.000005
0.000000
0.000000
0.000000
0.000000
0.000000
0.000000
0.000009
0.000179
0.002424
0.023218
0.158353
0.773985
2.739911
7.166123
14.419499
24.048612
36.422761
51.749876
65.376265
69.557581
63.710512
57.228880
59.211074
67.498535
69.328919
55.893318
33.405734
14.503045
4.599400
1.367436
1.424926
3.362842
6.639041
9.910704
11.077298
9.159802
5.525432
2.401160
0.744571
0.163670
0.025395
0.002774
0.000213
0.000011
0.000000
0.000000
0.000000
0.000000
0.000001
0.000028
0.000441
0.004903
0.038257
0.209493
0.806698
2.198821
4.334871
6.587926
8.849785
11.927531
15.199446
15.689393
11.947006
6.484728
2.503885
0.770621
0.411156
0.557798
0.720009
0.669032
0.436841
0.200085
0.064277
0.014481
0.002288
0.000253
0.000020
0.000001
0.000000
0.000000
0.000000
0.000000
0.000000
0.000000
0.000000
0.000000
0.000000
0.000000
0.000000
0.000000
0.000000
0.000000
0.000000
0.000000
0.000000
0.000000
0.000000
0.000000
0.000000
0.000000
0.000000
0.000000
0.000000
0.000000
0.000000
0.000000
0.000000
0.000000
0.000000
0.000000
0.000000
0.000005
0.000088
0.001194
0.011302
0.075022
0.349219
1.140047
2.610293
4.191932
4.721802
3.730546
2.067299
0.803505
0.219033
0.041873
0.005614
0.000528
0.000035
0.000002
0.000000
0.000000
0.000000
0.000000
0.000000
0.000000
0.000000
0.000000
0.000000
0.000000
0.000000
0.000000
0.000000
0.000000
0.000000
0.000000
0.000000
0.000000
0.000000
0.000001
0.000024
0.000278
0.002225
0.012487
0.049141
0.135637
0.262583
0.356549
0.339584
0.226854
0.106294
0.034932
0.008051
0.001302
0.000161
0.000283
0.003888
0.039239
0.279567
1.406773
5.001636
12.568541
22.326553
28.037726
24.889075
15.614320
6.920505
2.166014
0.478486
0.074583
0.008456
0.002773
0.012125
0.047935
0.133280
0.259925
0.355557
0.341155
0.229602
0.108386
0.035886
0.008333
0.001357
0.000155
0.000012
0.000001
0.000000
0.000000
0.000000
0.000000
0.000000
0.000000
0.000000
0.000000
0.000001
0.000021
0.000351
0.004060
0.032963
0.187646
0.749129
2.097513
4.119109
5.673703
5.481524
3.714555
1.765530
0.588561
0.137612
0.022699
0.004498
0.018732
0.126351
0.604301
2.027185
4.769631
7.871257
9.111333
7.397776
4.213061
1.682907
0.471487
0.092640
0.012765
0.001233
0.000084
0.000004
0.000000
0.000000
0.000000
0.000000
0.000000
0.000000
0.000000
0.000000
0.000000
0.000000
0.000000
0.000000
0.000000
0.000000
0.000000
0.000001
0.000032
0.000540
0.006335
0.052056
0.299983
1.212343
3.436256
6.831203
9.525219
9.315918
6.390708
3.074944
1.037709
0.245608
0.040767
0.004745
0.000387
0.000022
0.000001
0.000000
0.000000
0.000000
0.000000
0.000000
0.000000
0.000000
0.000000
0.000000
0.000000
0.000000
0.000000
0.000000
0.000000
0.000012
0.000244
0.003444
0.034084
0.236556
1.151345
3.930033
9.408726
15.798906
18.607808
15.372297
8.907455
3.620166
1.031917
0.206290
0.028920
0.002843
0.000196
0.000011
0.000026
0.000435
0.005170
0.043048
0.251375
1.029424
2.956730
5.957415
8.429235
8.435137
6.260829
4.416232
4.794557
6.698692
7.702306
6.374371
3.714102
1.518685
0.435575
0.087616
0.012360
0.001223
0.000085
0.000004
0.000000
0.000000
0.000000
0.000000
0.000000
0.000000
0.000000
0.000000
0.000000
0.000000
0.000000
0.000000
0.000000
0.000000
0.000000
0.000000
