-0.000000
0.002163
0.004326
0.006489
0.008652
0.010815
0.012978
0.015141
0.017304
0.019462
0.021616
0.023770
0.025924
0.028078
0.030232
0.032386
0.034540
0.036694
0.038848
0.041001
0.043155
0.045304
0.047447
0.049591
0.051735
0.053879
0.056022
0.058166
0.060310
0.062454
0.064597
0.066741
0.068885
0.071022
0.073155
0.075287
0.077419
0.079552
0.081684
0.083816
0.085949
0.088081
0.090214
0.092346
0.094478
0.096604
0.098724
0.100843
0.102963
0.105083
0.107203
0.109323
0.111443
0.113563
0.115682
0.117802
0.119922
0.122034
0.124141
0.126247
0.128353
0.130460
0.132566
0.134672
0.136778
0.138885
0.140991
0.143097
0.145203
0.147301
0.149393
0.151485
0.153576
0.155668
0.157759
0.159851
0.161943
0.164034
0.166126
0.168218
0.170309
0.172392
0.174468
0.176544
0.178620
0.180696
0.182771
0.184847
0.186923
0.188999
0.191075
0.193151
0.195227
0.197293
0.199353
0.201412
0.203471
0.205530
0.207590
0.209649
0.211708
0.213767
0.215827
0.217886
0.219945
0.221994
0.224036
0.226077
0.228119
0.230160
0.232202
0.234244
0.236285
0.238327
0.240368
0.242410
0.244451
0.246482
0.248505
0.250528
0.252551
0.254574
0.256597
0.258620
0.260643
0.262666
0.264689
0.266712
0.268735
0.270747
0.272750
0.274754
0.276757
0.278760
0.280764
0.282767
0.284771
0.286774
0.288777
0.290781
0.292784
0.294776
0.296759
0.298742
0.300725
0.302708
0.304691
0.306674
0.308657
0.310640
0.312623
0.314606
0.316589
0.318560
0.320521
0.322483
0.324444
0.326406
0.328368
0.330329
0.332291
0.334253
0.336214
0.338176
0.340138
0.342087
0.344026
0.345966
0.347905
0.349845
0.351784
0.353723
0.355663
0.357602
0.359542
0.361481
0.363421
0.365347
0.367264
0.369180
0.371097
0.373013
0.374930
0.376846
0.378762
0.380679
0.382595
0.384512
0.386428
0.388331
0.390224
0.392116
0.394009
0.395902
0.397794
0.399687
0.401580
0.403472
0.405365
0.407257
0.409150
0.411029
0.412897
0.414765
0.416633
0.418501
0.420369
0.422236
0.424104
0.425972
0.427840
0.429708
0.431576
0.433430
0.435273
0.437115
0.438958
0.440800
0.442643
0.444485
0.446328
0.448170
0.450013
0.451855
0.453698
0.455526
0.457342
0.459158
0.460975
0.462791
0.464607
0.466424
0.468240
0.470057
0.471873
0.473689
0.475506
0.477307
0.479096
0.480885
0.482675
0.484464
0.486254
0.488043
0.489832
0.491622
0.493411
0.495201
0.496990
0.498764
0.500525
0.502287
0.504049
0.505810
0.507572
0.509334
0.511095
0.512857
0.514619
0.516381
0.518142
0.519888
0.521621
0.523354
0.525088
0.526821
0.528554
0.530287
0.532020
0.533754
0.535487
0.537220
0.538953
0.540670
0.542374
0.544078
0.545782
0.547486
0.549191
0.550895
0.552599
0.554303
0.556007
0.557711
0.559415
0.561102
0.562776
0.564451
0.566125
0.567799
0.569473
0.571147
0.572822
0.574496
0.576170
0.577844
0.579518
0.581175
0.582819
0.584462
0.586106
0.587750
0.589393
0.591037
0.592680
0.594324
0.595968
0.597611
0.599255
0.600881
0.602493
0.604105
0.605718
0.607330
0.608942
0.610555
0.612167
0.613779
0.615392
0.617004
0.618616
0.620211
0.621791
0.623371
0.624952
0.626532
0.628112
0.629693
0.631273
0.632853
0.634434
0.636014
0.637594
0.639156
0.640704
0.642252
0.643799
0.645347
0.646895
0.648442
0.649990
0.651538
0.653085
0.654633
0.656181
0.657710
0.659224
0.660738
0.662253
0.663767
0.665281
0.666796
0.668310
0.669824
0.671339
0.672853
0.674367
0.675862
0.677343
0.678823
0.680304
0.681784
0.683264
0.684745
0.686225
0.687705
0.689186
0.690666
0.692146
0.693607
0.695053
0.696498
0.697944
0.699390
0.700835
0.702281
0.703726
0.705172
0.706618
0.708063
0.709509
0.710935
0.712345
0.713755
0.715166
0.716576
0.717986
0.719397
0.720807
0.722217
0.723628
0.725038
0.726448
0.727838
0.729212
0.730587
0.731961
0.733335
0.734710
0.736084
0.737458
0.738833
0.740207
0.741581
0.742956
0.744309
0.745647
0.746984
0.748322
0.749660
0.750997
0.752335
0.753673
0.755010
0.756348
0.757686
0.759023
0.760340
0.761640
0.762940
0.764241
0.765541
0.766842
0.768142
0.769442
0.770743
0.772043
0.773343
0.774644
0.775922
0.777185
0.778447
0.779710
0.780972
0.782234
0.783497
0.784759
0.786021
0.787284
0.788546
0.789809
0.791049
0.792273
0.793497
0.794720
0.795944
0.797168
0.798392
0.799616
0.800839
0.802063
0.803287
0.804511
0.805712
0.806897
0.808081
0.809266
0.810450
0.811635
0.812819
0.814004
0.815188
0.816373
0.817557
0.818742
0.819904
0.821049
0.822193
0.823338
0.824482
0.825627
0.826772
0.827916
0.829061
0.830206
0.831350
0.832495
0.833617
0.834721
0.835825
0.836929
0.838033
0.839137
0.840241
0.841345
0.842449
0.843554
0.844658
0.845762
0.846842
0.847905
0.848968
0.850031
0.851094
0.852157
0.853220
0.854283
0.855346
0.856409
0.857472
0.858535
0.859574
0.860595
0.861616
0.862637
0.863659
0.864680
0.865701
0.866722
0.867743
0.868764
0.869785
0.870807
0.871804
0.872782
0.873761
0.874740
0.875719
0.876697
0.877676
0.878655
0.879633
0.880612
0.881591
0.882570
0.883524
0.884460
0.885395
0.886331
0.887267
0.888202
0.889138
0.890074
0.891009
0.891945
0.892880
0.893816
0.894727
0.895619
0.896511
0.897403
0.898295
0.899187
0.900079
0.900971
0.901863
0.902755
0.903647
0.904539
0.905406
0.906253
0.907101
0.907949
0.908797
0.909644
0.910492
0.911340
0.912187
0.913035
0.913883
0.914730
0.915553
0.916355
0.917158
0.917961
0.918764
0.919567
0.920369
0.921172
0.921975
0.922778
0.923581
0.924383
0.925160
0.925918
0.926675
0.927432
0.928189
0.928947
0.929704
0.930461
0.931219
0.931976
0.932733
0.933490
0.934221
0.934933
0.935644
0.936355
0.937066
0.937777
0.938488
0.939200
0.939911
0.940622
0.941333
0.942044
0.942729
0.943393
0.944058
0.944722
0.945387
0.946051
0.946716
0.947380
0.948045
0.948709
0.949374
0.950038
0.950676
0.951293
0.951910
0.952527
0.953144
0.953762
0.954379
0.954996
0.955613
0.956230
0.956848
0.957465
0.958055
0.958624
0.959193
0.959763
0.960332
0.962609
0.963179
0.963748
0.964317
0.964859
0.965380
0.965901
0.966422
0.966943
0.967464
0.967984
0.968505
0.969026
0.969547
0.970068
0.970589
0.975801
0.976273
0.976717
0.977139
0.977562
0.977984
0.978406
0.978829
0.979251
0.979674
0.980096
0.980518
0.980941
0.981363
0.981757
0.982130
0.982502
0.982874
0.983247
0.983619
0.983991
0.984364
0.984736
0.985109
0.985481
0.985853
0.986197
0.986519
0.986841
0.987162
0.987484
0.987806
0.988128
0.988450
0.988772
0.989093
0.989415
0.989737
0.995853
0.996020
0.996187
0.996355
0.997024
0.997192
0.997359
0.998636
0.998752
0.998867
0.998982
0.999097
0.999182
0.999306
0.999369
0.999431
0.999493
0.999555
0.999618
0.999680
0.999742
0.999805
0.999867
0.999758
0.999713
0.999669
0.999625
0.999581
0.999536
0.999492
0.999418
0.999320
0.999222
0.999124
0.999026
0.998928
0.998830
0.998732
0.998634
0.998536
0.998438
0.998340
0.998211
0.998060
0.997908
0.997756
0.997604
0.997452
0.997300
0.997148
0.996996
0.996844
0.996692
0.996540
0.996358
0.996152
0.995945
0.995739
0.995533
0.995327
0.995121
0.994915
0.994709
0.994503
0.994296
0.994090
0.993853
0.993593
0.993333
0.993072
0.992812
0.992551
0.992291
0.992030
0.991770
0.991509
0.991249
0.990988
0.990697
0.990382
0.990067
0.989752
0.989437
0.989122
0.988807
0.988492
0.988177
0.987862
0.987548
0.987233
0.986887
0.986517
0.986148
0.985778
0.985409
0.985039
0.984670
0.984300
0.983931
0.983561
0.983192
0.982822
0.982422
0.981998
0.981574
0.981150
0.980726
0.980301
0.979453
0.979029
0.978605
0.978181
0.977757
0.977302
0.976823
0.976345
0.975866
0.975388
0.974909
0.974430
0.973952
0.973473
0.972994
0.972516
0.972037
0.971528
0.970995
0.970462
0.969929
0.969395
0.968862
0.968329
0.967796
0.967263
0.966730
0.966197
0.965664
0.965100
0.964513
0.963925
0.963338
0.962750
0.962163
0.961576
0.960988
0.960401
0.959814
0.959226
