0.614925
0.608567
0.617486
0.609667
0.606250
0.599427
0.560836
0.520964
0.492728
0.490738
0.478903
0.487991
0.509686
0.496888
0.462140
0.443522
0.451326
0.456980
0.468556
0.515489
0.528445
0.492166
0.428262
0.376640
0.344710
0.321309
0.305983
0.295795
0.280306
0.260270
0.254399
0.254255
0.254642
0.252362
0.243069
0.231826
0.231585
0.230254
0.211570
0.168919
0.143077
0.140156
0.146964
0.146718
0.144840
0.144771
0.144953
0.147088
0.153241
0.164394
0.160486
0.167904
0.167242
0.167480
0.169884
0.174420
0.173723
0.165374
0.153769
0.147731
0.148954
0.147958
0.147026
0.142439
0.130577
0.114150
0.098910
0.091409
0.088311
0.090361
0.086283
0.087577
0.091902
0.101265
0.109962
0.115644
0.116344
0.114076
0.108657
0.097646
0.093312
0.085586
0.083263
0.086937
0.086944
0.087848
0.093716
0.101445
0.108102
0.112069
0.110735
0.108294
0.107019
0.109508
0.110811
0.110934
0.108935
0.103668
0.095906
0.086816
0.077703
0.075682
0.077604
0.080977
0.093821
0.109026
0.122535
0.139247
0.150154
0.154891
0.156173
0.154491
0.148046
0.133641
0.118972
0.107693
0.105591
0.100306
0.097210
0.097607
0.099750
0.101942
0.102750
0.102082
0.101387
0.099026
0.097295
0.091325
0.086394
0.085418
0.085506
0.084610
0.082872
0.083597
0.086022
0.092677
0.096885
0.100773
0.103100
0.104159
0.122086
0.135930
0.143307
0.172594
0.204009
0.230798
0.255047
0.280353
0.298833
0.309933
0.309055
0.308530
0.309489
0.314462
0.310794
0.326562
0.360622
0.411330
0.435995
0.427405
0.426448
0.449353
0.457174
0.465147
0.467991
0.470049
0.474061
0.473696
0.477040
0.483525
0.485562
0.484873
0.487779
0.490486
0.506102
0.523734
0.531110
0.507319
0.484495
0.484171
0.479166
0.443298
0.417215
0.401578
0.394818
0.381763
0.360339
0.348725
0.351651
0.352282
0.352281
0.347818
0.342557
0.316602
0.297275
0.279116
0.242095
0.234655
0.232776
0.227482
0.230999
0.249455
0.297726
0.336673
0.356406
0.367825
0.370936
0.376356
0.362196
0.359909
0.363569
0.370796
0.363565
0.351550
0.338611
0.335270
0.319823
0.275855
0.221258
0.181297
0.142697
0.122800
0.122587
0.122647
0.112012
0.090845
0.076122
0.075585
0.072802
0.071802
0.069857
0.070532
0.070308
0.066510
0.060729
0.051833
0.040747
0.031759
0.032815
0.038810
0.051402
0.062078
0.072483
0.076462
0.073216
0.070193
0.067823
0.066743
0.066116
0.065065
0.063953
0.062862
0.061350
0.060366
0.065442
0.070431
0.069751
0.067296
0.067181
0.067268
0.065485
0.062574
0.057264
0.060798
0.062921
0.066210
0.066292
0.064529
0.060200
0.055154
0.052732
0.050136
0.052502
0.063500
0.081574
0.098078
0.104915
0.104755
0.105387
0.108138
0.109387
0.130934
0.134151
0.153430
0.216443
0.293404
0.353373
0.378571
0.381411
0.385420
0.395083
0.394787
0.393800
0.391454
0.384107
0.374027
0.366352
0.362157
0.361455
0.361379
0.359945
0.342066
0.335462
0.335094
0.318532
0.269201
0.190569
0.119399
0.092582
0.087347
0.061550
0.061120
0.061884
0.061676
0.062650
0.065969
0.070962
0.067682
0.063152
0.056526
0.055290
0.067834
0.085102
0.101074
0.113524
0.121395
0.124538
0.124342
0.122831
0.120279
0.118393
0.116927
0.114927
0.112716
0.109572
0.102788
0.091203
0.079747
0.071179
0.068738
0.067879
0.066775
0.061870
0.054261
0.044653
0.035561
0.031565
0.043274
0.068851
0.070319
0.097840
0.151342
0.207117
0.244371
0.254954
0.255239
0.264574
0.267364
0.267575
0.280809
0.312670
0.347844
0.368502
0.370726
0.365800
0.361059
0.356554
0.344383
0.319109
0.310280
0.311993
0.316933
0.347002
0.409035
0.508022
0.555719
0.560766
0.566828
0.566785
0.572992
0.609218
0.643599
0.658973
0.651135
0.629270
0.589200
0.541240
0.498791
0.448401
0.410380
0.374432
0.362539
0.407529
0.452131
0.461633
0.462979
0.465243
0.473365
0.511124
0.558474
0.576810
0.578559
0.615697
0.656996
0.675578
0.701578
0.703582
0.699689
0.697715
0.715634
0.732671
0.725096
0.691741
0.652760
0.647965
0.672012
0.700341
0.707106
0.641196
0.507990
0.400653
0.398514
0.431795
0.434759
0.453242
0.472810
0.502836
0.531313
0.537519
0.536208
0.542076
0.561826
0.567364
0.566556
0.561270
0.536996
0.503659
0.458741
0.438085
0.440735
0.442838
0.437287
0.429240
0.438347
0.437627
0.417129
0.384578
0.361809
0.355035
0.354543
0.351928
0.344079
0.339333
0.338334
0.338166
0.368342
0.420510
0.436732
0.438083
0.433027
0.426994
0.430915
0.441588
0.459076
0.475211
0.477989
0.486219
0.501675
0.520075
0.521602
0.496647
0.427116
0.334659
0.242245
0.178110
0.165879
0.165717
0.148584
0.150404
0.152624
0.156922
0.161252
0.152952
0.145385
0.138883
0.133060
0.134856
0.134205
0.134155
0.133927
0.132712
0.129617
0.126837
0.115484
0.099926
0.099089
0.119209
0.141530
0.149139
0.149480
0.140922
0.133846
0.133739
0.133447
0.132782
0.137451
0.140235
0.143029
0.143282
0.143756
0.144982
0.145059
0.143953
0.159494
0.218470
0.230770
0.235539
0.295164
0.389935
0.453150
0.475039
0.474323
0.493592
0.520214
0.527704
0.539309
0.539352
0.540654
0.551313
0.560063
0.576570
0.596457
0.607916
0.598898
0.562375
0.542975
0.541882
0.533824
0.505055
0.477354
0.467641
0.465186
0.425138
0.361798
0.325723
0.260765
0.231355
0.227790
0.233865
0.244638
0.248653
0.236251
0.217547
0.213941
0.199040
0.169865
0.150197
0.143799
0.137747
0.118640
0.107714
0.107348
0.106856
0.107678
0.106329
0.098029
0.082795
0.076087
0.083725
0.104295
0.108966
0.107780
0.107036
0.106758
0.106736
0.106865
0.106690
0.104129
0.102159
0.101422
0.101602
0.106035
0.107590
0.101473
0.090944
0.085324
0.084695
0.085556
0.082083
0.069629
0.069484
0.070537
0.069164
0.122211
0.137343
0.169171
0.261423
0.349388
0.400961
0.414605
0.414957
0.434199
0.478880
0.485839
0.486376
0.487883
0.510534
0.514312
0.519799
0.537935
0.559300
0.585330
0.608130
0.593952
0.588128
0.600365
0.584535
0.550014
0.517422
0.505994
0.518605
0.556772
0.553297
0.593405
0.611132
0.616216
0.540173
0.539918
0.538098
0.535498
0.542790
0.521601
0.484627
0.467974
0.459180
0.444705
0.425844
0.418462
0.412552
0.402576
0.365031
0.344435
0.306684
0.330487
0.304556
0.264184
0.274379
0.315969
0.355729
0.376665
0.377357
0.386257
0.380758
0.383324
0.381292
0.380912
0.379187
0.378607
0.374049
0.369239
0.353954
0.342111
0.347316
0.334948
0.371699
0.414947
0.422959
0.409641
0.429784
0.481601
0.546592
0.562088
0.554175
0.557826
0.573680
0.589316
0.598998
0.604271
0.604298
0.603382
0.153422
0.158070
0.160515
0.160689
0.153808
0.154345
0.154043
0.101116
0.099910
0.099541
0.099501
0.097449
0.097441
0.136362
0.165556
0.180349
0.185879
0.177750
0.171425
0.170095
0.170285
0.171185
0.174019
0.692686
0.697304
0.699808
0.719096
0.720952
0.716616
0.714707
0.713259
0.713581
0.716495
0.724811
0.736164
0.728101
0.725035
0.727123
0.723319
0.674721
0.558494
0.393589
0.229485
0.172865
0.176759
0.184509
0.174282
0.175685
0.174452
0.168240
0.156766
0.139796
0.129116
0.128230
0.127024
0.127798
0.129829
0.126573
0.117051
0.105117
0.100517
0.099987
0.098697
0.094816
0.093123
0.091827
0.095234
0.107516
0.124834
0.135099
0.136857
0.138133
0.138178
0.138584
0.135656
0.135814
0.135882
0.135344
0.135107
0.133122
0.131243
0.122680
0.108107
0.095628
0.093085
0.108806
0.116487
0.118938
0.118745
0.120618
0.149050
0.272134
0.414865
0.508270
0.550524
0.551663
0.546198
0.539616
0.539893
0.562725
0.568586
0.556257
0.534862
0.520437
0.518306
0.514866
0.505182
0.493407
0.450452
0.442927
0.441801
0.411332
0.372221
0.355184
0.352391
0.333223
0.326261
0.330064
0.299707
0.274263
0.271587
0.269365
0.274526
0.265916
0.255787
0.258252
0.270836
0.298840
0.315837
0.314179
0.305367
0.306258
0.306477
0.295648
0.294297
0.294234
0.291534
0.296666
0.332982
0.371792
0.378220
0.377129
0.374779
0.371914
0.378416
0.390640
0.382810
0.371467
