52.235491
58.012114
53.536372
41.277177
27.159358
16.823065
11.826197
9.636295
7.844774
6.882817
7.953295
10.107207
11.392767
11.866686
12.636392
12.787382
10.573225
6.591074
3.037704
1.049901
0.326551
0.264697
0.532373
0.906094
1.095190
0.930619
0.564795
0.290996
0.279416
0.536112
0.904858
1.095024
0.931224
0.555560
0.232477
0.068231
0.014045
0.002027
0.000205
0.000015
0.000001
0.000000
0.000000
0.000000
0.000000
0.000000
0.000000
0.000000
0.000000
0.000000
0.000000
0.000000
0.000000
0.000000
0.000000
0.000000
0.000000
0.000000
0.000000
0.000000
0.000000
0.000000
0.000000
0.000000
0.000000
0.000000
0.000000
0.000000
0.000000
0.000000
0.000000
0.000000
0.000000
0.000000
0.000000
0.000000
0.000000
0.000000
0.000000
0.000000
0.000000
0.000000
0.000000
0.000000
0.000000
0.000000
0.000000
0.000000
0.000000
0.000000
0.000000
0.000000
0.000000
0.000000
0.000000
0.000000
0.000000
0.000000
0.000000
0.000000
0.000000
0.000000
0.000000
0.000000
0.000000
0.000000
0.000000
0.000000
0.000000
0.000000
0.000000
0.000000
0.000000
0.000000
0.000000
0.000000
0.000000
0.000000
0.000000
0.000000
0.000000
0.000000
0.000000
0.000000
0.000000
0.000000
0.000000
0.000000
0.000000
0.000000
0.000000
0.000000
0.000000
0.000000
0.000000
0.000000
0.000000
0.000000
0.000000
0.000000
0.000001
0.000013
0.000202
0.002152
0.016063
0.084073
0.308592
0.794447
1.434895
1.821358
1.644037
1.139551
0.855959
1.054570
1.510102
1.847614
1.956438
1.905431
1.637933
1.122212
0.569358
0.206752
0.053036
0.009565
0.001211
0.000107
0.000007
0.000000
0.000000
0.000000
0.000000
0.000000
0.000000
0.000000
0.000000
0.000001
0.000012
0.000184
0.001987
0.015025
0.079658
0.296176
0.772338
1.412611
1.812380
1.633345
1.053885
0.612677
0.840829
2.214388
4.786380
7.344968
7.912647
5.979442
3.169399
1.178300
0.307240
0.056184
0.007205
0.000648
0.000041
0.000002
0.000000
0.000000
0.000000
0.000000
0.000000
0.000000
0.000000
0.000000
0.000000
0.000000
0.000000
0.000000
0.000000
0.000000
0.000000
0.000000
0.000000
0.000000
0.000000
0.000000
0.000000
0.000000
0.000000
0.000000
0.000000
0.000000
0.000000
0.000000
0.000000
0.000000
0.000000
0.000000
0.000000
0.000000
0.000000
0.000000
0.000000
0.000000
0.000000
0.000000
0.000000
0.000000
0.000000
0.000000
0.000000
0.000000
0.000000
0.000000
0.000000
0.000000
0.000000
0.000000
0.000000
0.000000
0.000000
0.000000
0.000000
0.000000
0.000000
0.000000
0.000000
0.000000
0.000000
0.000000
0.000000
0.000000
0.000000
0.000000
0.000000
0.000000
0.000000
0.000000
0.000000
0.000000
0.000000
0.000000
0.000000
0.000000
0.000000
0.000000
0.000000
0.000000
0.000000
0.000002
0.000040
0.000656
0.007540
0.060970
0.347228
1.393561
3.943748
7.874361
11.098863
11.048586
7.770913
3.862800
1.357289
0.337132
0.059190
0.007344
0.000644
0.000040
0.000002
0.000000
0.000000
0.000000
0.000000
0.000000
0.000000
0.000000
0.000000
0.000000
0.000000
0.000000
0.000000
0.000000
0.000000
0.000000
0.000000
0.000000
0.000000
0.000000
0.000000
0.000000
0.000000
0.000000
0.000000
0.000000
0.000000
0.000000
0.000000
0.000000
0.000000
0.000000
0.000000
0.000000
0.000000
0.000000
0.000000
0.000000
0.000000
0.000000
0.000000
0.000000
0.000000
0.000000
0.000000
0.000000
0.000000
0.000000
0.000000
0.000000
0.000000
0.000000
0.000000
0.000000
0.000000
0.000000
0.000000
0.000000
0.000000
0.000000
0.000000
0.000000
0.000000
0.000000
0.000000
0.000000
0.000000
0.000000
0.000000
0.000000
0.000000
0.000000
0.000000
0.000000
0.000000
0.000000
0.000000
0.000000
0.000000
0.000000
0.000000
0.000000
0.000000
0.000000
0.000000
0.000000
0.000000
0.000000
0.000000
0.000000
0.000000
0.000000
0.000000
0.000000
0.000000
0.000000
0.000000
0.000002
0.000046
0.000647
0.006353
0.043798
0.212386
0.727600
1.778682
3.171288
4.300441
4.711460
4.366412
3.383870
2.071439
0.947471
0.313008
0.073452
0.012153
0.001413
0.000115
0.000007
0.000000
0.000000
0.000000
0.000000
0.000000
0.000000
0.000003
0.000056
0.000663
0.005498
0.031983
0.130468
0.373273
0.749032
1.054242
1.040766
0.720673
0.350017
0.119255
0.028896
0.009693
0.041884
0.243834
1.011339
2.955794
6.112681
9.037332
9.783048
8.145158
5.622817
3.406797
1.775134
0.739937
0.240855
0.113494
0.261428
0.731363
1.478716
2.099580
2.091136
1.460879
0.715847
0.246029
0.059305
0.010025
0.001188
0.000099
0.000006
0.000000
0.000000
0.000000
0.000000
0.000000
0.000000
0.000000
0.000000
0.000000
0.000000
0.000000
0.000000
0.000000
0.000000
0.000000
0.000000
0.000000
0.000000
0.000000
0.000000
0.000000
0.000000
0.000000
0.000000
0.000000
0.000000
0.000000
0.000000
0.000000
0.000000
0.000000
0.000000
0.000000
0.000000
0.000000
0.000000
0.000000
0.000000
0.000000
0.000000
0.000000
0.000000
0.000000
0.000000
0.000000
0.000000
0.000000
0.000000
0.000000
0.000000
0.000000
0.000000
0.000000
0.000000
0.000000
0.000000
0.000000
0.000000
0.000000
0.000005
0.000106
0.001550
0.015937
0.114920
0.581139
2.061090
5.128066
8.959194
11.041283
9.809124
6.894626
4.975769
4.495036
4.035255
2.821074
1.416081
0.500978
0.124427
0.021677
0.002648
0.000227
0.000014
0.000001
0.000000
0.000000
0.000000
0.000000
0.000000
0.000000
0.000000
0.000000
0.000000
0.000000
0.000000
0.000000
0.000000
0.000000
0.000000
0.000000
0.000000
0.000000
0.000000
0.000000
0.000000
0.000000
0.000000
0.000000
0.000000
0.000000
0.000000
0.000000
0.000000
0.000000
0.000000
0.000000
0.000000
0.000000
0.000000
0.000000
0.000000
0.000000
0.000000
0.000000
0.000000
0.000000
0.000000
0.000000
0.000000
0.000000
0.000000
0.000000
0.000000
0.000000
0.000000
0.000000
0.000000
0.000000
0.000000
0.000000
0.000000
0.000000
0.000002
0.000034
0.000426
0.003782
0.023532
0.102675
0.314204
0.674395
1.015290
1.072131
0.794123
0.412577
0.150344
0.038426
0.006932
0.285137
1.047223
2.697481
4.873388
6.175454
5.488796
3.421790
1.496194
0.458843
0.098687
0.014885
0.001574
0.000117
0.000006
0.000000
0.000000
0.558890
1.583991
3.173600
4.494693
4.498983
3.181717
1.589244
0.561956
0.157539
0.162010
0.733025
2.716967
7.090865
12.981132
16.668551
15.012721
9.484080
4.202386
1.306006
0.284655
0.043510
0.004664
0.000350
0.000018
0.000001
0.000000
0.000000
0.000000
0.000000
0.000002
0.000034
0.000375
0.002862
0.015314
0.057476
0.151289
0.279313
0.361697
0.000000
0.000000
0.000000
0.000000
0.000000
0.000000
0.000000
0.000000
0.000000
0.000000
0.000000
0.000000
0.000000
0.000000
0.000000
0.000000
0.000000
0.000000
0.000000
0.000000
0.000000
0.000000
0.000000
0.010115
0.067714
0.323874
1.129858
2.985966
6.310554
11.158625
16.498061
19.515958
17.571223
11.643069
5.577046
1.914160
0.468617
0.081611
0.010091
0.000884
0.000055
0.000002
0.000000
0.000000
0.000000
0.000000
0.000000
0.000000
0.000000
0.000000
0.000000
0.000000
0.000000
0.000000
0.000000
0.000000
0.000000
0.000000
0.000000
0.000000
0.000000
0.000000
0.000000
0.000000
0.000000
0.000000
0.000000
0.000000
0.000000
0.000000
0.000000
0.000000
0.000000
0.000000
0.000000
0.000000
0.000000
0.000005
0.000083
0.000980
0.008138
0.047608
0.196414
0.571778
1.175123
1.705875
1.749801
1.268614
0.650186
0.235571
0.060330
0.010918
0.001396
0.000126
0.000011
0.000059
0.000801
0.007733
0.052368
0.248688
0.828267
1.934810
3.170278
3.646259
2.968863
1.895842
1.881363
4.684733
21.644119
28.215686
25.995931
16.948806
7.993566
3.321244
2.486377
3.246819
3.655364
2.954301
1.678616
0.669127
0.187077
0.036682
0.005044
0.000488
0.000064
0.000568
0.007184
0.064400
0.407990
1.826609
5.778004
12.909439
20.363701
22.668318
17.797900
9.850708
3.841260
1.054746
0.203825
0.027706
0.002648
0.000178
0.000015
0.000141
0.001979
0.019461
0.134184
0.648820
