0.926189
0.930307
0.934030
0.939575
0.946178
0.953240
0.956333
0.945408
0.946042
0.936976
0.865272
0.710718
0.491752
0.279321
0.206104
0.184244
0.076491
0.057800
0.058519
0.059937
0.062898
0.067435
0.069295
0.068940
0.067674
0.064884
0.060362
0.055165
0.052916
0.055349
0.058369
0.062866
0.067374
0.069214
0.069698
0.070566
0.072238
0.075118
0.079610
0.091681
0.099486
0.102356
0.102026
0.098357
0.091888
0.081457
0.071250
0.067487
0.070137
0.071193
0.071216
0.070408
0.069383
0.067340
0.064199
0.059401
0.055938
0.054356
0.055878
0.057564
0.059004
0.059472
0.060209
0.058288
0.057027
0.057655
0.058237
0.057622
0.064354
0.080104
0.091090
0.094642
0.095257
0.098390
0.107971
0.121366
0.130709
0.138105
0.142967
0.145085
0.145970
0.146935
0.147130
0.147093
0.146974
0.146974
0.147000
0.146144
0.139803
0.129703
0.114901
0.154512
0.317265
0.429559
0.450388
0.662481
1.124128
1.551106
1.807483
1.879466
1.879803
1.924053
1.993528
2.023762
2.025558
2.026992
2.029677
2.033129
2.039249
2.047750
2.055484
2.050624
2.015193
1.970494
1.954876
1.927355
1.748052
1.381373
0.912264
0.570616
0.542278
0.499612
0.343839
0.247445
0.250630
0.255370
0.256137
0.251359
0.234095
0.202024
0.160242
0.122917
0.102620
0.083237
0.065970
0.057754
0.058715
0.060741
0.072037
0.096374
0.109642
0.109645
0.107044
0.108876
0.114084
0.121382
0.124635
0.125895
0.149250
0.208141
0.299967
0.333337
0.636516
1.045309
1.365413
1.523961
1.549528
1.545489
1.612888
1.715607
1.752015
1.759134
1.765911
1.776905
1.787802
1.799733
1.814291
1.831084
1.843313
1.845394
1.836063
1.843990
1.786082
1.570090
1.201532
0.775188
0.468627
0.384649
0.344169
0.184458
0.142232
0.133771
0.123437
0.115997
0.108705
0.105283
0.111983
0.118803
0.121931
0.126637
0.127577
0.125116
0.121407
0.118794
0.112871
0.103641
0.095292
0.105290
0.119382
0.118944
0.119522
0.132164
0.173778
0.318400
0.453059
0.537279
0.571468
0.581990
0.585272
0.620902
0.658740
0.665188
0.671696
0.687850
0.692694
0.692057
0.693136
0.691523
0.685671
0.682130
0.678259
0.674517
0.686106
0.655711
0.586287
0.500150
0.430550
0.383677
0.377544
0.355762
0.321520
0.320695
0.318220
0.299529
0.293919
0.290327
0.270295
0.227978
0.177144
0.136341
0.120088
0.119287
0.124522
0.154817
0.189843
0.213120
0.223906
0.223808
0.227522
0.234172
0.234221
0.231379
0.228596
0.227791
0.229946
0.231596
0.238637
0.270572
0.322215
0.357569
0.369302
0.365451
0.363113
0.372227
0.389684
0.396194
0.400285
0.402464
0.396342
0.388345
0.386004
0.384088
0.384187
0.387310
0.391926
0.396505
0.397555
0.382645
0.336347
0.261741
0.179989
0.109051
0.084943
0.095425
0.091483
0.093720
0.101958
0.119313
0.141936
0.160579
0.169378
0.173306
0.170487
0.163303
0.155804
0.146820
0.141102
0.133749
0.122850
0.111614
0.097681
0.089230
0.086317
0.086429
0.087182
0.089518
0.089762
0.094740
0.103239
0.124294
0.149903
0.161432
0.162214
0.154646
0.141071
0.134836
0.133195
0.135005
0.136275
0.133890
0.132481
0.131332
0.133157
0.127293
0.139791
0.175501
0.185566
0.212170
0.229745
0.232142
0.232376
0.250570
0.263299
0.270749
0.273866
0.262746
0.277999
0.311983
0.350364
0.380313
0.394348
0.405869
0.413285
0.424884
0.446787
0.457021
0.456961
0.458469
0.463250
0.464077
0.457020
0.425018
0.389807
0.347801
0.292016
0.275966
0.282079
0.292712
0.301828
0.303803
0.304331
0.304154
0.303969
0.300536
0.292272
0.291704
0.288612
0.266751
0.218177
0.157581
0.108224
0.100970
0.101081
0.104014
0.105935
0.148957
0.208868
0.219867
0.359549
0.700480
0.983793
1.133797
1.161074
1.174202
1.320722
1.504108
1.642276
1.698798
1.744804
1.784222
1.815818
1.839896
1.859101
1.876519
1.889760
1.912479
1.926015
1.928968
1.875479
1.688907
1.375298
1.014567
0.752673
0.698805
0.685043
0.632480
0.622003
0.722060
0.753813
0.755929
0.747194
0.723732
0.702012
0.679165
0.659960
0.620140
0.633493
0.680956
0.708546
0.712899
0.711618
0.709639
0.712788
0.713519
0.713107
0.713282
0.687364
0.598833
0.538148
0.489205
0.433826
0.425157
0.433822
0.447304
0.459263
0.464317
0.453850
0.432451
0.429155
0.428530
0.418021
0.373640
0.301217
0.227614
0.172337
0.144627
0.140697
0.148662
0.151182
0.152358
0.158572
0.167537
0.172876
0.180220
0.178394
0.172270
0.173947
0.178137
0.182785
0.185428
0.183260
0.188489
0.199683
0.203207
0.200530
0.200365
0.205360
0.207071
0.209258
0.209815
0.216823
0.222274
0.222090
0.215526
0.208039
0.207199
0.206426
0.201847
0.196295
0.191008
0.190066
0.186682
0.178729
0.175799
0.175459
0.170359
0.156506
0.130783
0.108432
0.105906
0.096377
0.082126
0.072909
0.058351
0.048258
0.047848
0.045690
0.046110
0.046431
0.046595
0.045526
0.052514
0.056599
0.056957
0.060627
0.060091
0.062947
0.068596
0.076256
0.084770
0.086451
0.084574
0.083972
0.086713
0.085242
0.084410
0.087411
0.087718
0.079652
0.071569
0.068496
0.068514
0.070255
0.070804
0.076721
0.078323
0.078210
0.079828
0.079437
0.076430
0.075436
0.076435
0.076101
0.077293
0.081190
0.081981
0.077826
0.073656
0.073124
0.073410
0.074685
0.076928
0.074730
0.069796
0.091531
0.178534
0.185721
0.241036
0.330193
0.399396
0.437544
0.443958
0.456902
0.526830
0.571717
0.579738
0.588942
0.595691
0.598889
0.602548
0.605048
0.608447
0.614615
0.618593
0.609018
0.609275
0.582046
0.510542
0.408293
0.290499
0.212868
0.204141
0.148620
0.083671
0.083806
0.083039
0.083760
0.087278
0.087866
0.081691
0.075201
0.073605
0.075963
0.080463
0.082217
0.082551
0.083236
0.082111
0.080606
0.079860
0.079278
0.074825
0.074437
0.074478
0.075775
0.078201
0.079908
0.075312
0.066574
0.058482
0.057770
0.058029
0.057129
0.054204
0.057073
0.078072
0.208959
0.301809
0.333763
0.599800
0.975938
1.303123
1.499001
1.551195
1.548450
1.585493
1.627037
1.633898
1.635409
1.637570
1.637902
1.637281
1.635974
1.636305
1.638218
1.635548
1.606522
1.566393
1.562204
1.527835
1.373199
1.076527
0.692497
0.398218
0.354767
0.281894
0.118628
0.076593
0.069618
0.063823
0.064422
0.065448
0.066845
0.067798
0.066001
0.062002
0.059632
0.062470
0.071721
0.078028
0.081397
0.085000
0.087767
0.089846
0.090848
0.089394
0.084298
0.072813
0.060697
0.054060
0.050157
0.047445
0.046632
0.045991
0.041206
0.035749
0.035574
0.037750
0.035522
0.033828
0.035146
0.035104
0.034822
0.036298
0.038885
0.041173
0.041453
0.041376
0.041291
0.042560
0.044876
0.045209
0.043652
0.041726
0.041661
0.044230
0.049892
0.054448
0.056819
0.057030
0.055339
0.055032
0.058379
0.058596
0.057739
0.059488
0.061832
0.062178
0.062463
0.062752
0.067688
0.073012
0.074111
0.074945
0.075113
0.073647
0.069424
0.063795
0.066317
0.070490
0.094597
0.144163
0.183298
0.198970
0.201551
0.203523
0.217491
0.234133
0.238989
0.238494
0.237456
0.251928
0.285057
0.296356
0.298172
0.300582
0.305657
0.308666
0.307924
0.306959
0.308373
0.304347
0.273612
0.249827
0.274267
0.344739
0.409455
0.445400
0.455769
0.456317
0.456992
0.445182
0.416604
0.401461
0.397758
0.406376
0.417287
0.421229
0.424694
0.431355
0.432268
0.415964
0.406799
0.407320
0.414298
0.382475
0.309348
0.228418
0.197355
0.223440
0.245870
0.249020
0.261302
0.286951
0.287201
0.287108
0.285425
0.285965
0.285989
0.286032
0.293967
0.312241
0.321583
0.321173
0.312961
0.306807
0.306965
0.308247
0.305539
0.288554
0.259493
0.243752
0.243820
0.231444
0.229862
0.223183
0.215219
0.206150
0.202391
0.202527
0.201262
0.192670
0.187986
0.187278
0.178408
0.168155
0.175173
0.181915
0.169851
0.140689
0.123511
0.125197
0.129474
0.136380
0.150788
0.163429
0.153334
0.135201
0.121873
0.118536
0.116815
0.116435
0.112152
0.113995
0.117076
0.116357
0.115572
0.117875
0.120768
0.118918
0.110510
0.110477
0.113922
0.113638
0.106150
0.093597
0.090850
0.089654
0.089799
0.089567
0.089290
0.090034
0.094179
0.098543
0.096884
0.096572
0.098924
0.101085
0.171215
0.272040
0.284320
0.408372
0.631346
0.835544
0.958618
0.986131
0.988534
1.028353
1.063073
1.067719
1.070895
1.072631
1.072959
1.073635
1.074584
1.074948
1.076718
1.077811
1.068471
1.045266
1.056963
1.042743
0.938807
0.736148
0.477826
0.298813
0.280246
0.237050
0.177553
0.181904
0.184377
0.184784
0.184845
0.185647
0.187426
0.184492
0.181643
0.181920
0.179503
0.164171
0.135745
0.107199
0.096689
0.095814
0.091541
0.088806
0.087025
0.086982
0.085253
0.080307
0.079123
0.079987
0.079806
0.076088
0.064013
0.044896
0.032602
0.031659
0.036984
0.041932
0.041916
0.042606
0.043693
0.044616
0.046794
0.047087
0.047438
0.051299
0.054455
0.056383
0.058928
0.061592
0.062757
0.063018
0.064387
0.066433
0.067848
0.068542
0.068174
0.067666
0.068776
0.067608
0.062043
0.054273
0.045332
0.041220
0.042099
0.041989
0.041985
0.042382
0.042281
0.042713
0.048834
0.054672
0.057308
0.075354
0.087507
0.094839
0.130228
0.174633
0.206299
0.211934
0.211997
0.249823
0.296619
0.304515
0.313099
0.322239
0.331865
0.342192
0.353726
0.367309
0.382902
0.400636
