76.143895
64.043630
39.653735
18.082015
6.059580
1.485573
0.264823
0.034133
0.003536
0.003463
0.019354
0.080630
0.235704
0.483272
0.695005
0.701069
0.496033
0.246168
0.085685
0.020918
0.003581
0.000430
0.000036
0.000002
0.000000
0.000000
0.000000
0.000000
0.000000
0.000000
0.000000
0.000000
0.000000
0.000000
0.000000
0.000000
0.000000
0.000000
0.000000
0.000000
0.000000
0.000000
0.000000
0.000000
0.000000
0.000000
0.000000
0.000000
0.000000
0.000000
0.000001
0.000015
0.000218
0.002228
0.015937
0.079956
0.281325
0.694245
1.201662
1.458912
1.242386
0.742099
0.310910
0.091360
0.018828
0.002721
0.000276
0.000020
0.000001
0.000000
0.000000
0.000000
0.000000
0.000000
0.000000
0.000000
0.000000
0.000000
0.000000
0.000000
0.000000
0.000000
0.000000
0.000000
0.000000
0.000000
0.000000
0.000000
0.000000
0.000000
0.000000
0.000000
0.000002
0.000037
0.000593
0.006657
0.052847
0.296471
1.175176
3.290506
6.505813
9.078742
8.937538
6.203647
3.034566
1.047396
0.271225
0.150484
0.460005
1.353339
2.822614
4.130439
4.239549
3.052241
1.541299
0.545896
0.135602
0.023623
0.002886
0.000247
0.000015
0.000001
0.000000
0.000000
0.000000
0.000000
0.000000
0.000000
0.000000
0.000000
0.000000
0.000000
0.000000
0.000000
0.000000
0.000000
0.000000
0.000000
0.000000
0.000000
0.000000
0.000000
0.000000
0.000000
0.000000
0.000000
0.000000
0.000000
0.000000
0.000000
0.000000
0.000000
0.000000
0.000003
0.000077
0.001218
0.013688
0.108742
0.610913
2.427491
6.822546
13.561684
19.062944
18.944326
13.306634
6.604477
2.315664
0.573427
0.100269
0.012379
0.001079
0.000066
0.000003
0.000000
0.000000
0.000000
0.000000
0.000000
0.000000
0.000000
0.000000
0.000000
0.000000
0.000000
0.000000
0.000000
0.000000
0.000000
0.000000
0.000000
0.000000
0.000000
0.000000
0.000000
0.000000
0.000000
0.000000
0.000000
0.000000
0.000000
0.000000
0.000000
0.000000
0.000000
0.000000
0.000002
0.000040
0.000611
0.006553
0.049506
0.263381
0.987437
2.610276
4.868162
6.408826
5.958469
3.913870
1.816865
0.596157
0.138274
0.022669
0.002626
0.000215
0.000012
0.000000
0.000000
0.000000
0.000000
0.000000
0.000000
0.000000
0.000000
0.000000
0.000000
0.000000
0.000000
0.000000
0.000000
0.000000
0.000000
0.000000
0.000000
0.000000
0.000000
0.000008
0.000167
0.002516
0.026583
0.196904
1.022814
3.726122
9.520546
17.061998
21.447326
18.910213
11.694919
5.073010
1.543432
0.329513
0.051707
0.027914
0.150906
0.704051
2.328947
5.458161
9.101223
10.922501
9.721901
6.860124
4.238611
2.415909
1.195201
0.464673
0.133189
0.027353
0.003980
0.000419
0.000193
0.001743
0.012971
0.067758
0.248227
0.637789
1.149379
1.452846
1.288105
0.801042
0.349400
0.106890
0.022933
0.003451
0.000364
0.000027
0.000001
0.000000
0.000000
0.000000
0.000000
0.000000
0.000000
0.000000
0.000000
0.000000
0.000000
0.000000
0.000000
0.000000
0.000000
0.000000
0.000000
0.000000
0.000000
0.000000
0.000000
0.000000
0.000000
0.000000
0.000000
0.000000
0.000000
0.000000
0.000000
0.000000
0.000000
0.000000
0.000000
0.000000
0.000000
0.000000
0.000000
0.000000
0.000000
0.000000
0.000000
0.000000
0.000000
0.000000
0.000000
0.000000
0.000000
0.000000
0.000000
0.000000
0.000000
0.000000
0.000000
0.000000
0.000000
0.000000
0.000000
0.000000
0.000000
0.000000
0.000000
0.000000
0.000000
0.000000
0.000000
0.000000
0.000000
0.000000
0.000000
0.000000
0.000000
0.000000
0.000000
0.000000
0.000000
0.000000
0.000000
0.000000
0.000000
0.000000
0.000000
0.000000
0.000000
0.000000
0.000000
0.000000
0.000003
0.000070
0.001090
0.011999
0.094109
0.525462
2.087324
5.894129
11.820001
16.816451
16.955200
12.101901
6.108390
2.178120
0.548156
0.097276
0.012163
0.001071
0.000066
0.000003
0.000000
0.000000
0.000000
0.000000
0.000000
0.000000
0.000000
0.000000
0.000000
0.000000
0.000000
0.000000
0.000000
0.000000
0.000000
0.000000
0.000000
0.000000
0.000000
0.000000
0.000000
0.000000
0.000000
0.000000
0.000000
0.000000
0.000000
0.000000
0.000000
0.000000
0.000000
0.000000
0.000000
0.000000
0.000000
0.000000
0.000000
0.000000
0.000000
0.000000
0.000000
0.000000
0.000000
0.000000
0.000000
0.000000
0.000000
0.000000
0.000000
0.000000
0.000000
0.000000
0.000000
0.000000
0.000000
0.000000
0.000000
0.000000
0.000000
0.000000
0.000000
0.000000
0.000000
0.000000
0.000000
0.000000
0.000000
0.000000
0.000000
0.000000
0.000000
0.000000
0.000000
0.000000
0.000000
0.000000
0.000000
0.000006
0.000131
0.002054
0.022622
0.174699
0.946066
3.593044
9.570592
17.880101
23.429812
21.534795
13.883021
6.277539
1.990860
0.442807
0.069069
0.007555
0.000579
0.000031
0.000001
0.000000
0.000000
0.000000
0.000000
0.000000
0.000000
0.000000
0.000000
0.000000
0.000000
0.000000
0.000000
0.000000
0.000000
0.000000
0.000000
0.000000
0.000000
0.000000
0.000000
0.000000
0.000000
0.000000
0.000000
0.000000
0.000000
0.000000
0.000000
0.000000
0.000000
0.000000
0.000000
0.000000
0.000000
0.000000
0.000000
0.000000
0.000000
0.000000
0.000000
0.000000
0.000000
0.000000
0.000000
0.000000
0.000000
0.000000
0.000000
0.000000
0.000000
0.000000
0.000000
0.000000
0.000013
0.000240
0.003131
0.028766
0.185796
0.843369
2.689819
6.026409
9.482842
10.478132
4.426685
1.691959
0.453824
0.085409
0.011277
0.001044
0.000068
0.000003
0.000000
0.000000
0.000000
0.000000
0.000000
0.000000
0.000000
0.000000
0.000000
0.000000
0.000000
0.000000
0.000000
0.000000
0.000000
0.000000
0.000000
0.000000
0.000000
0.000000
0.000000
0.000000
0.000000
0.000000
0.000000
0.000000
0.000000
0.000000
0.000000
0.000000
0.000000
0.000000
0.000000
0.000000
0.000000
0.000000
0.000000
0.000000
0.000000
0.000000
0.000000
0.000000
0.000000
0.000001
0.000031
0.000529
0.006321
0.053298
0.317482
1.336454
3.976614
8.364361
12.436207
13.067651
9.701257
5.086290
1.882362
0.491467
0.090473
0.011736
0.001072
0.000069
0.000003
0.000000
0.000000
0.000000
0.000000
0.000000
0.000000
0.000000
0.000000
0.000000
0.000000
0.000000
0.000000
0.000000
0.000000
0.000000
0.000000
0.000000
0.000000
0.000000
0.000000
0.000000
0.000000
0.000000
0.000000
0.000000
0.000000
0.000000
0.000000
0.000000
0.000000
0.000000
0.000000
0.000000
0.000000
0.000000
0.000000
0.000000
0.000000
0.000000
0.000000
0.000000
0.000000
0.000000
0.000000
0.000000
0.000000
0.000000
0.000000
0.000000
0.000000
0.000000
0.000000
0.000000
0.000000
0.000000
0.000000
0.000000
0.000000
0.000000
0.000000
0.000000
0.000000
0.000000
0.000000
0.000000
0.000000
0.000000
0.000000
0.000000
0.000000
0.000000
0.000000
0.000000
0.000000
0.000000
0.000000
0.000000
0.000000
0.000000
0.000000
0.000000
0.000000
0.000014
0.000248
0.003158
0.029088
0.194166
0.941073
3.310884
8.437140
15.519094
20.521249
19.431040
13.129701
6.313801
2.156321
0.522261
0.089614
0.010886
0.000936
0.000057
0.000002
0.000000
0.000000
0.000000
0.000000
0.000000
0.000000
0.000000
0.000000
0.000000
0.000000
0.000000
0.000000
0.000000
0.000000
0.000000
0.000000
0.000000
0.000000
0.000000
0.000000
0.000000
0.000000
0.000000
0.000000
0.000000
0.000000
0.000000
0.000000
0.000000
0.000000
0.000000
0.000000
0.000000
0.000000
0.000000
0.000003
0.000061
0.001012
0.011743
0.095555
0.545255
2.181992
6.124118
12.055676
16.646045
16.121623
10.951765
5.218319
1.744273
0.413516
0.113564
0.324387
1.516791
5.091595
11.992389
19.812009
22.957771
18.660028
10.638294
4.253998
1.193080
0.234673
0.032370
0.003131
0.000212
0.000010
0.000000
0.000002
0.000045
0.000743
0.008669
0.070951
0.407190
1.638877
4.626262
9.159459
12.719761
12.389799
8.464965
4.056521
1.363436
0.321400
0.053132
0.006159
0.000501
0.000029
0.000002
0.000020
0.000236
0.001937
0.011179
0.045539
0.133601
0.303404
0.641795
1.512445
3.545536
6.691516
9.209291
8.977480
6.153091
2.959701
0.998647
0.236329
0.039222
0.004565
0.000372
0.000021
0.000001
0.000000
0.000000
0.000000
0.000000
0.000000
0.000000
0.000007
0.000145
0.002121
0.021903
0.159643
0.821599
2.986963
7.674013
13.936329
17.892085
16.238812
10.417490
4.722448
1.512159
0.341857
0.054534
0.006135
0.000486
0.000027
0.000001
0.000000
0.000000
0.000000
0.000000
0.000000
0.000000
0.000000
0.000000
0.000000
0.000000
0.000000
0.000000
0.000000
0.000000
0.000000
0.000000
0.000000
0.000000
0.000000
0.000000
0.000000
0.000000
0.000000
0.000000
0.000000
0.000000
0.000000
0.000000
0.000000
0.000000
0.000000
0.000000
0.000000
0.000000
0.000000
0.000000
0.000000
0.000000
0.000000
0.000000
0.000000
0.000000
0.000000
0.000000
0.000000
0.000000
0.000000
0.000000
0.000000
0.000000
0.000000
0.000000
0.000000
0.000000
0.000000
0.000000
0.000000
0.000000
0.000000
0.000000
0.000000
0.000000
0.000000
0.000000
0.000000
0.000000
0.000000
0.000000
0.000000
0.000000
0.000000
0.000000
0.000000
0.000000
0.000000
0.000000
0.000000
0.000004
0.000018
0.000081
0.000341
0.001304
0.004571
0.014669
0.043106
0.115998
0.285987
