-0.000000
0.002279
0.004559
0.006827
0.009095
0.011363
0.013632
0.015900
0.018168
0.020436
0.022704
0.024972
0.027241
0.029509
0.031777
0.034033
0.036288
0.038544
0.040799
0.043055
0.045311
0.047566
0.049822
0.052078
0.054333
0.056589
0.058844
0.061086
0.063328
0.065570
0.067812
0.070054
0.072296
0.074538
0.076780
0.079022
0.081263
0.083505
0.085747
0.087974
0.090201
0.092428
0.094655
0.096882
0.099109
0.101336
0.103563
0.105790
0.108017
0.110244
0.112471
0.114682
0.116893
0.119104
0.121315
0.123526
0.125737
0.127948
0.130159
0.132370
0.134581
0.136792
0.139003
0.141197
0.143390
0.145584
0.147778
0.149972
0.152166
0.154360
0.156553
0.158747
0.160941
0.163135
0.165329
0.167505
0.169680
0.171856
0.174031
0.176207
0.178383
0.180558
0.182734
0.184910
0.187085
0.189261
0.191437
0.193593
0.195750
0.197906
0.200062
0.202219
0.204375
0.206532
0.208688
0.210844
0.213001
0.215157
0.217314
0.219450
0.221586
0.223722
0.225858
0.227995
0.230131
0.232267
0.234403
0.236539
0.238675
0.240812
0.242948
0.245063
0.247178
0.249293
0.251408
0.253523
0.255637
0.257752
0.259867
0.261982
0.264097
0.266212
0.268327
0.270420
0.272513
0.274605
0.276698
0.278791
0.280884
0.282976
0.285069
0.287162
0.289255
0.291347
0.293440
0.295510
0.297579
0.299649
0.301718
0.303788
0.305858
0.307927
0.309997
0.312067
0.314136
0.316206
0.318275
0.320321
0.322366
0.324412
0.326458
0.328503
0.330549
0.332594
0.334640
0.336685
0.338731
0.340776
0.342822
0.344843
0.346863
0.348884
0.350904
0.352925
0.354945
0.356966
0.358987
0.361007
0.363028
0.365048
0.367069
0.369064
0.371058
0.373053
0.375048
0.377043
0.379037
0.381032
0.383027
0.385022
0.387017
0.389011
0.391006
0.392974
0.394942
0.396910
0.398878
0.400846
0.402814
0.404782
0.406750
0.408718
0.410686
0.412655
0.414623
0.416563
0.418504
0.420444
0.422385
0.424325
0.426266
0.428206
0.430147
0.432087
0.434028
0.435968
0.437909
0.439821
0.441733
0.443645
0.445557
0.447469
0.449381
0.451293
0.453205
0.455118
0.457030
0.458942
0.460854
0.462737
0.464620
0.466503
0.468386
0.470268
0.472151
0.474034
0.475917
0.477800
0.479683
0.481566
0.483449
0.485302
0.487155
0.489008
0.490860
0.492713
0.494566
0.496419
0.498272
0.500125
0.501978
0.503831
0.505684
0.507506
0.509328
0.511150
0.512972
0.514794
0.516616
0.518438
0.520260
0.522083
0.523905
0.525727
0.527549
0.529339
0.531130
0.532920
0.534711
0.536501
0.538292
0.540083
0.541873
0.543664
0.545454
0.547245
0.549035
0.550793
0.552551
0.554310
0.556068
0.557826
0.559584
0.561342
0.563100
0.564859
0.566617
0.568375
0.570133
0.571858
0.573583
0.575308
0.577033
0.578758
0.580483
0.582208
0.583933
0.585659
0.587384
0.589109
0.590834
0.592525
0.594216
0.595907
0.597598
0.599290
0.600981
0.602672
0.604363
0.606054
0.607745
0.609437
0.611128
0.612784
0.614441
0.616097
0.617754
0.619411
0.621067
0.622724
0.624380
0.626037
0.627693
0.629350
0.631006
0.632628
0.634249
0.635870
0.637491
0.639112
0.640734
0.642355
0.643976
0.645597
0.647218
0.648840
0.650461
0.652046
0.653631
0.655216
0.656801
0.658386
0.659971
0.661557
0.663142
0.664727
0.666312
0.667897
0.669482
0.671030
0.672579
0.674127
0.675675
0.677223
0.678772
0.680320
0.681868
0.683417
0.684965
0.686513
0.688061
0.689572
0.691083
0.692594
0.694104
0.695615
0.697126
0.698637
0.700147
0.701658
0.703169
0.704680
0.706190
0.707663
0.709135
0.710608
0.712080
0.713553
0.715025
0.716498
0.717970
0.719443
0.720915
0.722388
0.723860
0.725294
0.726727
0.728161
0.729594
0.731028
0.732461
0.733895
0.735328
0.736762
0.738195
0.739629
0.741062
0.742456
0.743850
0.745244
0.746638
0.748032
0.749425
0.750819
0.752213
0.753607
0.755001
0.756395
0.757788
0.759142
0.760495
0.761849
0.763202
0.764556
0.765909
0.767263
0.768616
0.769969
0.771323
0.772676
0.774030
0.775342
0.776654
0.777967
0.779279
0.780592
0.781904
0.783216
0.784529
0.785841
0.787153
0.788466
0.789778
0.791049
0.792319
0.793590
0.794860
0.796131
0.797402
0.798672
0.799943
0.801213
0.802484
0.803755
0.805025
0.806253
0.807481
0.808709
0.809937
0.811166
0.812394
0.813622
0.814850
0.816078
0.817306
0.818534
0.819762
0.820947
0.822132
0.823317
0.824502
0.825687
0.826872
0.828057
0.829242
0.830427
0.831612
0.832797
0.833982
0.835123
0.836264
0.837405
0.838546
0.839687
0.840828
0.841969
0.843110
0.844251
0.845392
0.846533
0.847674
0.848771
0.849868
0.850964
0.852061
0.853157
0.854254
0.855350
0.856447
0.857543
0.858640
0.859736
0.860833
0.861884
0.862936
0.863987
0.865038
0.866090
0.867141
0.868192
0.869243
0.870295
0.871346
0.872397
0.873449
0.874454
0.875460
0.876465
0.877470
0.878476
0.879481
0.880487
0.881492
0.882498
0.883503
0.884508
0.885514
0.886473
0.887432
0.888390
0.889349
0.890308
0.891267
0.892226
0.893185
0.894144
0.895102
0.896061
0.897020
0.897932
0.898843
0.899755
0.900667
0.901578
0.902490
0.903402
0.904313
0.905225
0.906136
0.907048
0.907960
0.908823
0.909687
0.910551
0.911415
0.912278
0.913142
0.914006
0.914870
0.915733
0.916597
0.917461
0.918325
0.919140
0.919955
0.920770
0.921585
0.922401
0.923216
0.924031
0.924846
0.925661
0.926476
0.927292
0.928107
0.928873
0.929639
0.930405
0.931171
0.932703
0.933469
0.934235
0.935001
0.935767
0.936533
0.937299
0.938015
0.938731
0.939447
0.940164
0.940880
0.941596
0.942312
0.943028
0.943744
0.944461
0.945177
0.945893
0.946559
0.947224
0.947890
0.948556
0.949222
0.949887
0.950553
0.951219
0.951884
0.952550
0.953216
0.953882
0.954496
0.955111
0.955725
0.956340
0.956955
0.957569
0.958184
0.958799
0.959413
0.960028
0.960643
0.961257
0.961820
0.962383
0.962946
0.963509
0.964072
0.964635
0.965198
0.965761
0.966324
0.966887
0.967450
0.968013
0.968523
0.969034
0.969545
0.970056
0.970566
0.971077
0.971588
0.972098
0.972609
0.973120
0.973630
0.974141
0.974599
0.975057
0.975515
0.975972
0.976430
0.976888
0.977346
0.977804
0.978262
0.978719
0.979177
0.979635
0.980040
0.980444
0.980848
0.981253
0.981657
0.982062
0.982466
0.982871
0.983275
0.983679
0.984084
0.984488
0.984839
0.985189
0.985540
0.985890
0.986241
0.986591
0.986942
0.987292
0.987642
0.987993
0.988343
0.988694
0.988990
0.989286
0.989582
0.989878
0.990174
0.990470
0.990766
0.991062
0.991358
0.991654
0.991950
0.992246
0.992487
0.992728
0.992969
0.993210
0.993451
0.993692
0.993933
0.994174
0.994415
0.994656
0.994897
0.995138
0.995324
0.995509
0.995695
0.995880
0.996066
0.996251
0.996437
0.996622
0.996808
0.996994
0.997179
0.997365
0.997494
0.997624
0.997754
0.997883
0.998013
0.998143
0.998272
0.998402
0.998532
0.998661
0.998791
0.998921
0.998994
0.999067
0.999141
0.999214
0.999287
0.999361
0.999434
0.999507
0.999581
0.999654
0.999727
0.999801
0.999817
0.999834
0.999850
0.999867
0.999884
0.999900
0.999917
0.999934
0.999950
0.999967
0.999983
1.000000
0.999960
0.999919
0.999879
0.999838
0.999798
0.999757
0.999717
0.999676
0.999636
0.999596
0.999555
0.999515
0.999417
0.999319
0.999221
0.999123
0.999026
0.998928
0.998830
0.998732
0.998634
0.998536
0.998439
0.998341
0.998185
0.998030
0.997874
0.997719
0.997563
0.997408
0.997252
0.997097
0.996941
0.996786
0.996631
0.996475
0.996262
0.996048
0.995835
0.995622
0.995408
0.995195
0.994981
0.994768
0.994555
0.994341
0.994128
0.993915
0.993643
0.993372
0.993100
0.992829
0.992557
0.992286
0.992014
0.991743
0.991472
0.991200
0.990929
0.990657
0.990328
0.989998
0.989668
0.989339
0.989009
0.988679
0.988350
0.988020
0.987690
0.987361
0.987031
0.986701
0.986313
0.985925
0.985537
0.985149
0.984761
0.984373
0.983985
0.983597
0.983209
0.982821
0.982433
0.982046
0.981599
0.981153
0.980707
0.980260
0.979814
0.979368
0.978921
0.978475
0.978029
0.977582
0.977136
0.976690
0.976185
0.975681
0.975176
0.974671
0.974167
0.973662
0.973157
0.972653
0.972148
0.971644
0.971139
0.970634
0.970071
0.969509
0.968946
0.968383
0.967820
0.967257
0.966694
0.966131
0.965569
0.965006
0.964443
0.963880
0.963259
0.962638
0.962017
0.961396
0.960775
0.960154
0.959534
0.958913
0.958292
0.957671
0.957050
0.956429
0.955750
0.955071
0.954392
0.953714
0.953035
0.952356
0.951677
0.950998
0.950320
0.949641
0.948962
0.948283
0.947547
0.946810
0.946074
0.945337
0.944601
0.943865
0.943128
0.942392
0.941655
0.940919
0.940183
0.939446
0.938653
0.937859
0.937065
0.936272
0.935478
0.934684
0.933891
0.933097
0.932303
0.931510
0.930716
0.929922
0.929072
0.928221
0.927371
0.926520
0.925670
0.924820
0.923969
0.923119
0.922268
0.921418
0.920567
0.919717
0.918810
0.917903
0.916996
0.916089
0.915183
0.914276
0.913369
0.912462
0.911555
0.910648
0.909742
0.908835
0.907872
0.906910
0.905947
0.904984
0.904022
0.903059
0.902097
0.901134
0.900171
0.899209
0.898246
0.897284
0.896266
0.895248
0.894230
0.893213
0.892195
0.891177
0.890159
0.889142
0.888124
0.887106
0.886089
0.885071
0.883999
0.882926
0.881854
0.880782
