71.235916
68.866083
58.394699
39.802404
20.523124
7.755171
2.113150
0.411446
0.056919
0.005573
0.000385
0.000019
0.000001
0.000000
0.000000
0.000000
0.000000
0.000000
0.000000
0.000000
0.000000
0.000000
0.000000
0.000000
0.000000
0.000000
0.000000
0.000000
0.000000
0.000000
0.000000
0.000000
0.000000
0.000000
0.000000
0.000000
0.000000
0.000000
0.000000
0.000000
0.000000
0.000000
0.000000
0.000000
0.000000
0.000000
0.000000
0.000000
0.000000
0.000000
0.000000
0.000000
0.000000
0.000000
0.000000
0.000000
0.000000
0.000000
0.000000
0.000000
0.000002
0.000027
0.000330
0.002864
0.017421
0.074307
0.222294
0.466427
0.686456
0.708633
0.513111
0.260601
0.092832
0.023193
0.004064
0.000499
0.000043
0.000003
0.000000
0.000000
0.000000
0.000000
0.000002
0.000038
0.000470
0.004110
0.025197
0.108330
0.326650
0.690834
1.024797
1.066309
0.778235
0.398395
0.143047
0.036023
0.006362
0.000788
0.000068
0.000004
0.000000
0.000000
0.000000
0.000000
0.000000
0.000000
0.000000
0.000000
0.000000
0.000000
0.000000
0.000000
0.000000
0.000000
0.000000
0.000000
0.000000
0.000000
0.000000
0.000000
0.000000
0.000000
0.000000
0.000000
0.000000
0.000000
0.000000
0.000000
0.000000
0.000000
0.000000
0.000000
0.000000
0.000000
0.000000
0.000000
0.000000
0.000000
0.000000
0.000000
0.000000
0.000000
0.000000
0.000000
0.000000
0.000000
0.000000
0.000000
0.000000
0.000000
0.000000
0.000000
0.000000
0.000000
0.000000
0.000000
0.000000
0.000000
0.000000
0.000000
0.000000
0.000000
0.000000
0.000000
0.000001
0.000029
0.000495
0.005890
0.049504
0.293926
1.232423
3.647820
7.618342
11.220849
11.649408
8.520531
4.388219
1.590559
0.405547
0.072705
0.009161
0.000811
0.000050
0.000002
0.000000
0.000000
0.000000
0.000000
0.000000
0.000000
0.000000
0.000000
0.000000
0.000000
0.000000
0.000000
0.000000
0.000000
0.000000
0.000000
0.000000
0.000000
0.000000
0.000000
0.000000
0.000000
0.000000
0.000000
0.000000
0.000000
0.000000
0.000000
0.000000
0.000000
0.000000
0.000000
0.000000
0.000000
0.000000
0.000000
0.000000
0.000000
0.000000
0.000000
0.000000
0.000000
0.000000
0.000000
0.000000
0.000000
0.000000
0.000000
0.000000
0.000000
0.000000
0.000000
0.000000
0.000000
0.000000
0.000000
0.000000
0.000000
0.000000
0.000008
0.000107
0.000987
0.006412
0.029200
0.093262
0.208918
0.328258
0.361769
0.279658
0.151634
0.057667
0.015381
0.002877
0.000377
0.000035
0.000002
0.000000
0.000000
0.000000
0.000000
0.000000
0.000000
0.000000
0.000000
0.000000
0.000000
0.000000
0.000000
0.000000
0.000000
0.000000
0.000000
0.000000
0.000002
0.000040
0.000643
0.007200
0.056551
0.311469
1.203099
3.259336
6.193251
8.254354
7.716646
5.060038
2.327288
0.750761
0.169858
0.026951
0.002999
0.000247
0.000227
0.002416
0.019081
0.105743
0.411406
1.126616
2.190429
3.109645
3.488796
3.592202
3.734716
3.562163
2.745607
1.753026
1.274141
1.480018
2.113644
2.746466
2.959087
2.857195
3.187315
4.263854
5.136493
4.656042
3.027444
1.477206
0.917036
1.657717
3.599570
5.784232
6.544591
5.195387
2.892945
1.129874
0.309505
0.059460
0.008011
0.000757
0.000050
0.000002
0.000000
0.000000
0.000000
0.000000
0.000000
0.000000
0.000000
0.000000
0.000000
0.000000
0.000000
0.000000
0.000000
0.000000
0.000000
0.000000
0.000000
0.000000
0.000000
0.000000
0.000000
0.000000
0.000000
0.000000
0.000000
0.000000
0.000006
0.000080
0.000771
0.005224
0.024827
0.082806
0.194314
0.324125
0.400824
0.423288
0.490639
0.640524
0.737687
0.640236
0.398820
0.176191
0.055039
0.012145
0.001892
0.000208
0.000016
0.000001
0.000011
0.000151
0.001472
0.010051
0.048132
0.161657
0.380805
0.629189
0.729191
0.592768
0.337993
0.135176
0.037917
0.007459
0.001029
0.000100
0.000007
0.000000
0.000000
0.000000
0.000000
0.000000
0.000000
0.000000
0.000000
0.000000
0.000000
0.000000
0.000000
0.000000
0.000000
0.000000
0.000000
0.000000
0.000000
0.000000
0.000000
0.000000
0.000000
0.000000
0.000000
0.000000
0.000000
0.000000
0.000000
0.000000
0.000000
0.000000
0.000000
0.000000
0.000000
0.000000
0.000000
0.000000
0.000000
0.000000
0.000000
0.000000
0.000000
0.000000
0.000000
0.000000
0.000000
0.000000
0.000000
0.000000
0.000000
0.000000
0.000000
0.000000
0.000000
0.000000
0.000000
0.000000
0.000000
0.000000
0.000000
0.000000
0.000000
0.000000
0.000000
0.000000
0.000000
0.000000
0.000000
0.000000
0.000000
0.000000
0.000000
0.000001
0.000021
0.000302
0.003034
0.021399
0.105849
0.367209
0.893478
1.524821
1.825275
1.532558
0.902569
0.372828
0.108015
0.021947
0.003127
0.000312
0.000022
0.000001
0.000000
0.000000
0.000000
0.000000
0.000000
0.000000
0.000006
0.000117
0.001698
0.017240
0.122714
0.612534
2.144267
5.264597
9.065811
10.950014
9.276688
5.512364
2.297412
0.671549
0.137667
0.019791
0.001995
0.000141
0.000007
0.000000
0.000000
0.000000
0.000000
0.000000
0.000000
0.000000
0.000000
0.000000
0.000000
0.000000
0.000000
0.000000
0.000000
0.000000
0.000000
0.000000
0.000000
0.000000
0.000000
0.000000
0.000000
0.000000
0.000000
0.000000
0.000000
0.000000
0.000000
0.000000
0.000000
0.000000
0.000000
0.000000
0.000000
0.000000
0.000006
0.000120
0.001778
0.018400
0.133522
0.679463
2.424952
6.070005
10.657175
13.124233
11.336754
6.868840
2.919092
0.870118
0.182320
0.031144
0.035387
0.167062
0.598170
1.503860
2.651905
3.280517
2.850903
1.765305
0.885081
0.666052
1.024237
1.667444
2.550552
4.119478
6.496751
8.388085
8.100691
5.819571
3.502630
2.646154
3.119190
3.793859
3.795911
3.132390
2.259920
1.610162
1.556847
2.157293
2.830185
2.816865
2.064451
1.203201
0.698278
0.528641
0.596571
0.951866
1.505393
1.851563
1.719939
1.507724
2.023247
3.566126
5.330731
6.257741
6.694488
7.921477
9.561017
9.464906
6.876574
3.553619
1.347658
0.602049
0.899449
1.810243
2.713241
2.877193
2.215981
1.471305
1.360263
1.830924
2.201652
1.951802
1.310709
0.978569
1.469354
2.688789
3.820006
3.971093
3.373887
3.535791
6.073583
11.915309
21.078975
31.018469
35.539777
30.141174
18.383901
7.952867
2.425097
0.519971
0.079431
0.015760
0.033643
0.102095
0.221196
0.336244
0.358520
0.268137
0.140662
0.051756
0.013356
0.002418
0.000324
0.000292
0.002873
0.022128
0.123047
0.510267
1.668461
4.571851
10.696349
20.512881
30.489068
34.148589
29.398031
21.150655
14.252912
9.106578
4.932661
2.038230
0.610150
0.129753
0.019466
0.002055
0.000152
0.000008
0.000000
0.000000
0.000000
0.000000
0.000000
0.000006
0.000111
0.001438
0.013085
0.083516
0.373823
1.173520
2.583853
3.990376
4.322526
3.284283
1.750319
0.654266
0.171527
0.031537
0.004066
0.000368
0.000026
0.000052
0.000594
0.004910
0.028759
0.120464
0.369239
0.878668
1.811874
3.544703
6.294786
9.015413
9.657763
7.721577
5.199701
3.942232
3.632557
3.045574
1.925500
0.906682
0.481077
0.730430
1.540567
2.600571
3.636194
4.891925
6.554147
7.609507
6.733117
4.291381
1.933986
0.615153
0.150542
0.076004
0.148647
0.274361
0.360366
0.332235
0.215324
0.102303
0.062775
0.151930
0.465074
1.041372
1.638989
1.809554
1.401367
0.761219
0.290023
0.077500
0.014524
0.001909
0.000176
0.000011
0.000001
0.000000
0.000000
0.000002
0.000056
0.000886
0.009899
0.077510
0.425581
1.638746
4.425602
8.382720
11.137233
10.384021
6.841533
3.495435
2.783483
6.011381
13.216780
21.133094
23.977094
19.664225
12.587420
8.318655
9.290725
15.114442
22.109001
24.164055
18.836309
10.350755
4.017614
1.183237
0.485443
0.562544
0.719266
0.673479
0.445577
0.224804
0.198957
0.635481
2.041541
4.708139
7.637047
8.707277
6.979843
3.935245
1.561094
0.435909
0.085716
0.011874
0.001159
0.000080
0.000004
0.000000
0.000000
0.000000
0.000000
0.000000
0.000000
0.000000
0.000000
0.000000
0.000000
0.000000
0.000000
0.000001
0.000025
0.000344
0.003285
0.022021
0.103509
0.341231
0.788976
1.279500
1.455420
1.161209
0.649835
0.255089
0.070487
0.015735
0.014108
0.048668
0.134400
0.261224
0.356302
0.342490
0.244030
0.205368
0.522669
1.910463
5.656868
12.412557
19.662503
22.178861
17.683381
9.932841
3.951870
1.227207
0.608440
0.806167
1.068755
1.025445
0.691661
0.327275
0.108616
0.025283
0.004144
0.000756
0.003327
0.026719
0.152164
0.607778
1.702594
3.345275
4.610210
4.456416
3.021724
1.439127
0.494533
0.185850
0.271693
0.632015
1.175534
1.742365
2.167621
2.276110
1.920077
1.226422
0.573095
0.213289
0.163047
0.408069
0.948316
1.573811
1.847078
1.566353
1.038880
0.654291
0.460635
0.316690
0.173133
0.068742
0.019336
0.004169
0.004039
0.024390
0.119403
0.419772
1.087162
2.184497
3.649617
5.283008
6.452993
6.250532
4.578597
2.502589
1.090424
0.526269
0.408901
0.354417
0.239853
0.119873
0.061758
0.086758
0.186720
0.310573
0.364990
0.301557
0.180061
0.112157
0.222505
0.696504
1.668300
2.859221
3.642490
3.940620
4.513648
5.586902
6.023016
4.873619
2.815127
1.145465
0.327236
0.065582
0.009266
0.001569
0.006322
0.041955
0.199953
0.686306
1.750143
3.535277
6.171356
9.685858
12.936312
13.489923
10.373134
5.725915
2.979773
