-0.000000
0.002934
0.005867
0.008769
0.011670
0.014571
0.017473
0.020374
0.023276
0.026177
0.029079
0.031980
0.034882
0.037783
0.040685
0.043553
0.046421
0.049289
0.052157
0.055025
0.057893
0.060762
0.063630
0.066498
0.069366
0.072234
0.075102
0.077936
0.080769
0.083603
0.086436
0.089270
0.092103
0.094937
0.097770
0.100604
0.103437
0.106271
0.109104
0.111902
0.114699
0.117497
0.120295
0.123092
0.125890
0.128688
0.131485
0.134283
0.137080
0.139878
0.142676
0.145436
0.148197
0.150957
0.153718
0.156478
0.159239
0.161999
0.164760
0.167520
0.170281
0.173042
0.175802
0.178524
0.181247
0.183969
0.186691
0.189413
0.192135
0.194858
0.197580
0.200302
0.203024
0.205747
0.208469
0.211152
0.213834
0.216517
0.219200
0.221883
0.224565
0.227248
0.229931
0.232614
0.235296
0.237979
0.240662
0.243304
0.245946
0.248588
0.251231
0.253873
0.256515
0.259157
0.261799
0.264441
0.267083
0.269725
0.272368
0.274968
0.277568
0.280169
0.282769
0.285369
0.287970
0.290570
0.293170
0.295771
0.298371
0.300972
0.303572
0.306129
0.308687
0.311244
0.313802
0.316359
0.318917
0.321474
0.324032
0.326589
0.329147
0.331704
0.334261
0.336775
0.339288
0.341802
0.344315
0.346829
0.349342
0.351856
0.354369
0.356883
0.359396
0.361910
0.364423
0.366891
0.369360
0.371828
0.374297
0.376765
0.379233
0.381702
0.384170
0.386638
0.389107
0.391575
0.394044
0.396466
0.398888
0.401310
0.403732
0.406155
0.408577
0.410999
0.413421
0.415843
0.418266
0.420688
0.423110
0.425485
0.427860
0.430235
0.432610
0.434985
0.437360
0.439735
0.442110
0.444485
0.446860
0.449235
0.451610
0.453936
0.456263
0.458590
0.460916
0.463243
0.465570
0.467897
0.470223
0.472550
0.474877
0.477203
0.479530
0.481807
0.484085
0.486362
0.488639
0.490917
0.493194
0.495471
0.497749
0.500026
0.502303
0.504581
0.506858
0.509085
0.511312
0.513539
0.515766
0.517993
0.520220
0.522447
0.524674
0.526901
0.529128
0.531355
0.533582
0.535757
0.537933
0.540109
0.542284
0.544460
0.546635
0.548811
0.550987
0.553162
0.555338
0.557513
0.559689
0.561812
0.563935
0.566058
0.568182
0.570305
0.572428
0.574551
0.576674
0.578797
0.580921
0.583044
0.585167
0.587237
0.589306
0.591376
0.593446
0.595516
0.597585
0.599655
0.601725
0.603795
0.605864
0.607934
0.610004
0.612019
0.614034
0.616050
0.618065
0.620080
0.622096
0.624111
0.626126
0.628142
0.630157
0.632172
0.634188
0.636147
0.638107
0.640067
0.642027
0.643987
0.645947
0.647907
0.649867
0.651826
0.653786
0.655746
0.657706
0.659610
0.661513
0.663416
0.665320
0.667223
0.669127
0.671030
0.672934
0.674837
0.676741
0.678644
0.680548
0.682394
0.684240
0.686086
0.687932
0.689778
0.691624
0.693470
0.695316
0.697162
0.699008
0.700854
0.702700
0.704488
0.706275
0.708063
0.709851
0.711638
0.713426
0.715214
0.717001
0.718789
0.720577
0.722364
0.724152
0.725880
0.727609
0.729337
0.731065
0.732793
0.734522
0.736250
0.737978
0.739706
0.741435
0.743163
0.744891
0.746559
0.748227
0.749895
0.751563
0.753231
0.754899
0.756567
0.758235
0.759903
0.761571
0.763239
0.764907
0.766513
0.768120
0.769726
0.771333
0.772940
0.774546
0.776153
0.777760
0.779366
0.780973
0.782579
0.784186
0.785730
0.787275
0.788819
0.790363
0.791908
0.793452
0.794997
0.796541
0.798085
0.799630
0.801174
0.802718
0.804199
0.805681
0.807162
0.808643
0.810124
0.811605
0.813086
0.814567
0.816048
0.817529
0.819011
0.820492
0.821909
0.823326
0.824743
0.826159
0.827576
0.828993
0.830410
0.831827
0.833244
0.834661
0.836078
0.837495
0.838847
0.840199
0.841550
0.842902
0.844254
0.845606
0.846958
0.848310
0.849661
0.851013
0.852365
0.853717
0.855003
0.856288
0.857574
0.858860
0.860146
0.861431
0.862717
0.864003
0.865289
0.866574
0.867860
0.869146
0.870365
0.871583
0.872802
0.874021
0.875240
0.876458
0.877677
0.878896
0.880115
0.881333
0.882552
0.883771
0.884922
0.886073
0.887224
0.888374
0.889525
0.890676
0.891827
0.892978
0.894129
0.895280
0.896430
0.897581
0.898663
0.899745
0.900827
0.901909
0.902991
0.904073
0.905156
0.906238
0.907320
0.908402
0.909484
0.910566
0.911578
0.912590
0.913603
0.914615
0.915627
0.916640
0.917652
0.918664
0.919677
0.920689
0.921701
0.922714
0.923655
0.924597
0.925539
0.926481
0.927422
0.928364
0.929306
0.930247
0.931189
0.932131
0.933073
0.934014
0.934885
0.935755
0.936625
0.937495
0.938366
0.939236
0.940106
0.940976
0.941847
0.942717
0.943587
0.944457
0.945255
0.946053
0.946851
0.947649
0.948447
0.949245
0.950043
0.950841
0.951639
0.952437
0.953235
0.954033
0.954758
0.955482
0.956207
0.956932
0.957657
0.958381
0.959106
0.959831
0.960556
0.961281
0.962005
0.962730
0.963381
0.964032
0.964683
0.965333
0.965984
0.966635
0.967286
0.967937
0.968588
0.969238
0.969889
0.970540
0.971116
0.971692
0.972268
0.972844
0.973420
0.973996
0.974572
0.975149
0.975725
0.976301
0.976877
0.977453
0.977953
0.978454
0.978954
0.979455
0.979956
0.980456
0.980957
0.981457
0.981958
0.982458
0.982959
0.983459
0.983884
0.984308
0.984732
0.985156
0.985581
0.986005
0.986429
0.986854
0.987278
0.987702
0.988126
0.988551
0.988898
0.989245
0.989593
0.989940
0.990287
0.990635
0.990982
0.991329
0.991677
0.992024
0.992371
0.992719
0.992988
0.993258
0.993528
0.993797
0.994067
0.994337
0.994606
0.994876
0.995146
0.995415
0.995685
0.995955
0.996146
0.996338
0.996529
0.996720
0.996912
0.997103
0.997295
0.997486
0.997678
0.997869
0.998060
0.998252
0.998364
0.998477
0.998589
0.998702
0.998814
0.998927
0.999040
0.999152
0.999265
0.999377
0.999490
0.999602
0.999635
0.999669
0.999702
0.999735
0.999768
0.999801
0.999834
0.999867
0.999901
0.999934
0.999967
1.000000
0.999953
0.999906
0.999860
0.999813
0.999766
0.999719
0.999673
0.999626
0.999579
0.999532
0.999485
0.999439
0.999312
0.999184
0.999057
0.998930
0.998803
0.998676
0.998549
0.998422
0.998294
0.998167
0.998040
0.997913
0.997705
0.997497
0.997289
0.997081
0.996873
0.996666
0.996458
0.996250
0.996042
0.995834
0.995626
0.995418
0.995129
0.994840
0.994551
0.994262
0.993973
0.993684
0.993395
0.993106
0.992817
0.992528
0.992239
0.991950
0.991580
0.991210
0.990839
0.990469
0.990098
0.989728
0.989358
0.988987
0.988617
0.988247
0.987876
0.987506
0.987054
0.986602
0.986150
0.985698
0.985246
0.984794
0.984342
0.983891
0.983439
0.982987
0.982535
0.982083
0.981549
0.981016
0.980482
0.979948
0.979415
0.978881
0.978347
0.977814
0.977280
0.976747
0.976213
0.975679
0.975064
0.974449
0.973833
0.973218
0.972602
0.971987
0.971372
0.970756
0.970141
0.969525
0.968910
0.968295
0.967598
0.966900
0.966203
0.965506
0.964809
0.964112
0.963415
0.962718
0.962021
0.961323
0.960626
0.959929
0.959150
0.958372
0.957593
0.956814
0.956036
0.955257
0.954478
0.953699
0.952921
0.952142
0.951363
0.950584
0.949724
0.948864
0.948004
0.947144
0.946283
0.945423
0.944563
0.943703
0.942843
0.941982
0.941122
0.940262
0.939321
0.938379
0.937438
0.936497
0.935555
0.934614
0.933673
0.932731
0.931790
0.930849
0.929907
0.928966
0.927944
0.926922
0.925900
0.924878
0.923855
0.922833
0.921811
0.920789
0.919767
0.918745
0.917723
0.916701
0.915598
0.914496
0.913393
0.912291
0.911189
0.910086
0.908984
0.907881
0.906779
0.905677
0.904574
0.903472
0.902290
0.901107
0.899925
0.898743
0.897561
0.896379
0.895197
0.894015
0.892832
0.891650
0.890468
0.889286
0.888025
0.886764
0.885502
0.884241
0.882980
0.881719
0.880457
0.879196
0.877935
0.876674
0.875413
0.874151
0.872812
0.871472
0.870133
0.868793
0.867454
0.866114
0.864775
0.863436
0.862096
0.860757
0.859417
0.858078
0.856661
0.855244
0.853827
0.852410
0.850993
0.849576
0.848159
0.846742
0.845325
0.843909
0.842492
0.841075
0.839581
0.838088
0.836595
0.835101
0.833608
0.832115
0.830621
0.829128
0.827635
0.826142
0.824648
0.823155
0.821586
0.820018
0.818449
0.816880
0.815312
0.813743
0.812174
0.810606
0.809037
0.807468
0.805900
0.804331
0.802688
0.801045
0.799403
0.797760
0.796117
0.794474
0.792831
0.791188
0.789546
0.787903
0.786260
0.784617
0.782902
0.781186
0.779470
0.777755
0.776039
0.774323
0.772608
0.770892
0.769176
0.767461
0.765745
0.764029
0.762242
0.760455
0.758668
0.756881
0.755094
0.753307
0.751520
0.749732
0.747945
0.746158
0.744371
0.742584
0.740727
0.738870
0.737013
0.735156
0.733299
0.731441
0.729584
0.727727
0.725870
0.724013
0.722156
0.720299
0.718374
0.716448
0.714523
0.712597
0.710672
0.708746
0.706821
0.704895
0.702970
0.701045
0.699119
0.697194
0.695202
0.693209
0.691217
0.689225
0.687233
0.685241
0.683249
0.681257
0.679264
0.677272
0.675280
0.673288
0.671231
0.669174
0.667117
0.665060
0.663003
0.660946
0.658889
0.656832
0.654775
0.652718
0.650661
0.648604
0.646483
0.644363
0.642243
0.640123
0.638003
0.635883
0.633763
0.631643
0.629523
0.627403
0.625282
0.623162
0.620981
0.618800
0.616619
0.614437
0.612256
0.610075
0.607894
0.605713
0.603531
0.601350
0.599169
0.596988
0.594747
0.592507
0.590267
0.588027
0.585786
0.583546
0.581306
