1.128537
1.074991
1.011934
1.007277
1.015972
0.996767
0.936052
0.795947
0.641429
0.593021
0.563683
0.517514
0.455751
0.390267
0.353484
0.328699
0.338604
0.345016
0.323833
0.288348
0.246456
0.209036
0.188454
0.179044
0.180240
0.186449
0.194704
0.197795
0.195932
0.188986
0.180172
0.164607
0.134986
0.115007
0.112150
0.116372
0.124086
0.136646
0.155822
0.172054
0.166075
0.153647
0.149933
0.148956
0.148171
0.146197
0.147041
0.145200
0.138801
0.131247
0.126334
0.121180
0.108653
0.087740
0.070452
0.058438
0.052295
0.050492
0.051931
0.047933
0.046397
0.047137
0.047743
0.047485
0.046101
0.044629
0.044962
0.046275
0.047032
0.046579
0.043624
0.036300
0.027790
0.022984
0.023168
0.037388
0.051860
0.056078
0.061826
0.066224
0.066931
0.065506
0.064316
0.065716
0.070406
0.076106
0.084155
0.092104
0.093089
0.088638
0.084518
0.078482
0.076031
0.070766
0.071065
0.077087
0.083552
0.087443
0.091208
0.097222
0.100269
0.092813
0.084687
0.084622
0.090006
0.094719
0.107927
0.119584
0.130510
0.126258
0.121248
0.116123
0.114490
0.105553
0.104438
0.104962
0.106125
0.106775
0.109461
0.112823
0.109613
0.092030
0.075911
0.066977
0.068889
0.073779
0.093435
0.108240
0.114472
0.111653
0.110210
0.110802
0.115914
0.119180
0.119185
0.120983
0.120976
0.119731
0.118956
0.119021
0.115776
0.106813
0.091330
0.090359
0.099198
0.103874
0.104059
0.104877
0.104731
0.095401
0.084230
0.080457
0.079917
0.081663
0.086421
0.089654
0.091203
0.089847
0.090453
0.092929
0.097123
0.143730
0.260705
0.330702
0.348368
0.353728
0.407997
0.519912
0.646630
0.730695
0.740815
0.745418
0.750850
0.756771
0.761411
0.763206
0.765858
0.765672
0.756907
0.746614
0.741787
0.712835
0.623850
0.508993
0.419472
0.389479
0.386706
0.369626
0.309482
0.245035
0.242775
0.240034
0.238942
0.238310
0.237058
0.233293
0.231708
0.230567
0.214946
0.186605
0.162215
0.155849
0.154361
0.145356
0.118976
0.078673
0.090412
0.094201
0.092906
0.091918
0.093686
0.095028
0.093492
0.089181
0.083888
0.079494
0.078944
0.081645
0.081399
0.081105
0.081187
0.082583
0.084098
0.085985
0.093528
0.098028
0.091186
0.082061
0.078336
0.098910
0.132584
0.143766
0.148167
0.149865
0.150756
0.153682
0.156275
0.169199
0.174523
0.181694
0.203805
0.224503
0.235876
0.236729
0.249153
0.298140
0.348942
0.355337
0.358371
0.362569
0.359706
0.358921
0.359543
0.359921
0.358600
0.358215
0.362274
0.375667
0.388065
0.376737
0.346264
0.304682
0.261177
0.238520
0.236250
0.219158
0.180843
0.178400
0.180465
0.180016
0.178731
0.169317
0.157348
0.157340
0.161025
0.221534
0.280490
0.308445
0.302308
0.310813
0.375430
0.506975
0.583220
0.596316
0.597416
0.608994
0.677155
0.814647
0.969397
1.134726
1.298233
1.405262
1.440213
1.431187
1.424310
1.422986
1.423623
1.423727
1.418228
1.391788
1.321997
1.175032
1.013536
0.915577
0.853131
0.817919
0.813026
0.805078
0.777028
0.709519
0.582493
0.456872
0.384361
0.352826
0.349079
0.354449
0.368650
0.400335
0.460253
0.482535
0.486108
0.483000
0.479187
0.479237
0.496259
0.514201
0.493052
0.458458
0.409091
0.383713
0.411724
0.413613
0.414243
0.403445
0.390591
0.390096
0.389937
0.387705
0.364194
0.361013
0.364584
0.402699
0.456100
0.482154
0.471191
0.464089
0.463131
0.465986
0.465191
0.462077
0.449228
0.448563
0.455510
0.479387
0.494961
0.501905
0.502948
0.497083
0.492686
0.495015
0.498203
0.462859
0.396976
0.345607
0.338680
0.334765
0.324290
0.335755
0.347420
0.310102
0.302847
0.308566
0.309546
0.318406
0.347121
0.366324
0.373460
0.373648
0.383383
0.397780
0.399693
0.393634
0.392758
0.391231
0.388788
0.381488
0.378887
0.381316
0.381306
0.385036
0.374829
0.371412
0.393314
0.383493
0.335295
0.282931
0.242950
0.233337
0.232499
0.229038
0.227141
0.222323
0.196212
0.185286
0.196590
0.210596
0.208971
0.210514
0.225498
0.238186
0.247227
0.247613
0.246356
0.245353
0.232291
0.215140
0.220182
0.221500
0.212402
0.207802
0.201621
0.216639
0.225195
0.227605
0.229214
0.228931
0.220961
0.216628
0.223138
0.231218
0.236479
0.230834
0.223107
0.228006
0.236355
0.252995
0.276857
0.296521
0.309357
0.308093
0.301008
0.277292
0.254908
0.237356
0.216206
0.211410
0.198731
0.191175
0.188114
0.182106
0.171130
0.151032
0.119316
0.097445
0.082559
0.069679
0.068863
0.069755
0.075690
0.077569
0.075548
0.071758
0.068181
0.069100
0.067895
0.077186
0.080755
0.084159
0.090513
0.094445
0.098529
0.100014
0.098714
0.089727
0.089809
0.101410
0.105024
0.103700
0.103966
0.105565
0.107004
0.111931
0.119850
0.127021
0.130466
0.128042
0.125675
0.124623
0.123079
0.118792
0.109686
0.099351
0.097116
0.101732
0.120276
0.136236
0.145260
0.149598
0.186548
0.245720
0.318137
0.383675
0.403782
0.419153
0.432711
0.440285
0.439586
0.433483
0.420945
0.406611
0.396504
0.388940
0.386710
0.382520
0.354384
0.312689
0.268109
0.256772
0.261429
0.261057
0.239013
0.194100
0.182021
0.166194
0.143864
0.120374
0.102413
0.085381
0.071226
0.062219
0.059316
0.058124
0.058657
0.057978
0.060173
0.064704
0.057319
0.057683
0.073771
0.095034
0.109503
0.113785
0.114324
0.118775
0.123551
0.124053
0.142792
0.162746
0.204640
0.268507
0.311472
0.325873
0.324267
0.337611
0.387005
0.476320
0.494319
0.501363
0.511759
0.520031
0.522651
0.525111
0.527123
0.531655
0.539811
0.557770
0.569967
0.568493
0.532866
0.474894
0.454905
0.496433
0.576497
0.632669
0.644846
0.626228
0.622840
0.621478
0.641676
0.665367
0.694028
0.700521
0.698532
0.695798
0.684652
0.610422
0.515528
0.432329
0.366438
0.366718
0.435899
0.469368
0.487477
0.516802
0.552011
0.564929
0.568944
0.561253
0.559718
0.550728
0.533634
0.525824
0.519930
0.497351
0.451851
0.435741
0.418654
0.407320
0.427758
0.452839
0.489161
0.565843
0.638529
0.701105
0.722684
0.727458
0.726927
0.716903
0.702852
0.697926
0.699895
0.707474
0.709504
0.716369
0.711809
0.699401
0.684155
0.678761
0.680258
0.690392
0.684372
0.642757
0.577302
0.497684
0.469441
0.501842
0.563035
0.586845
0.601285
0.602069
0.576288
0.533045
0.487809
0.439644
0.425691
0.425521
0.426770
0.426704
0.424609
0.373773
0.305165
0.225146
0.170113
0.151379
0.149569
0.148873
0.123590
0.122691
0.159828
0.205416
0.314538
0.464529
0.580493
0.627835
0.631688
0.639642
0.651692
0.692847
0.751360
0.776411
0.790298
0.799958
0.805643
0.810677
0.814036
0.814971
0.813473
0.810818
0.807370
0.799799
0.764442
0.669377
0.528996
0.416024
0.380944
0.393996
0.409271
0.396595
0.341124
0.319052
0.296279
0.268798
0.241643
0.216248
0.189095
0.174630
0.160603
0.156444
0.156228
0.151083
0.145034
0.135100
0.118463
0.110912
0.122519
0.135755
0.146507
0.144389
0.145509
0.163610
0.185252
0.199108
0.204979
0.205762
0.204264
0.206220
0.211652
0.212274
0.210349
0.211326
0.215528
0.219784
0.223709
0.225472
0.218526
0.205344
0.191763
0.189919
0.193506
0.184418
0.166272
0.149094
0.138348
0.134358
0.126323
0.121802
0.107481
0.095232
0.083066
0.082463
0.083558
0.085902
0.086201
0.091408
0.104933
0.117644
0.129688
0.132999
0.133054
0.130175
0.119228
0.116285
0.113108
0.113858
0.113903
0.113984
0.113972
0.121282
0.124965
0.148194
0.167303
0.168554
0.162139
0.172802
0.210349
0.277864
0.299880
0.298426
0.306567
0.320774
0.336654
0.355150
0.380904
0.389761
0.386214
0.382667
0.392269
0.415436
0.414685
0.390011
0.338429
0.281011
0.255210
0.241946
0.243030
0.245491
0.248516
0.216734
0.218613
0.331788
0.595893
0.883659
1.091573
1.192085
1.219503
1.220206
1.237794
1.249060
1.237697
1.219198
1.213815
1.232256
1.269975
1.284936
1.262919
1.220875
1.181090
1.145063
1.100000
1.110243
1.099826
1.022716
0.905583
0.825654
0.800173
0.793113
0.730386
0.658733
0.666240
0.667126
0.659036
0.621415
0.517828
0.393358
0.306847
0.290801
0.320268
0.373112
0.395429
0.414160
0.420350
0.421054
0.436587
0.459350
0.468440
0.469261
0.468798
0.464699
0.462627
0.498731
0.569879
0.629728
0.649128
0.650462
0.677467
0.735935
0.811801
0.843920
0.855372
0.864018
0.881465
0.902395
0.907102
0.893087
0.886980
0.891646
0.893191
0.890209
0.891667
0.869693
0.828227
0.789673
0.777569
0.785478
0.786556
0.767993
0.715075
0.675818
0.662576
0.656553
0.658392
0.679978
0.701454
0.708221
0.706096
0.701164
0.705463
0.717336
0.732921
0.721663
0.650406
0.528573
0.418272
0.367698
0.356290
0.336926
0.323579
0.321040
0.322120
0.320372
0.319739
0.305601
0.298897
0.298813
0.302862
0.307649
0.328083
0.349624
0.364202
0.391609
0.440372
0.473019
0.478632
0.475482
0.472575
0.477112
0.476921
0.457591
0.430522
0.413035
0.411290
0.419390
0.425031
0.421003
0.404056
0.400258
0.400469
0.405390
0.415248
0.397867
0.328608
0.271205
0.271835
0.279499
0.295763
0.303723
0.300647
0.297170
0.297194
0.298033
0.297494
0.307220
0.319213
0.319800
0.308212
0.301686
0.301608
0.298602
0.284981
0.278831
0.279762
0.290624
0.289211
0.288602
0.292677
0.306436
0.319408
0.325132
0.325596
0.325693
0.323522
0.306327
0.292389
0.290607
0.289496
0.291823
0.298874
0.309318
