48.172975
32.308421
16.444624
7.619527
5.544570
6.170930
6.005312
4.238487
2.107587
0.735470
0.180014
0.030899
0.003719
0.000314
0.000019
0.000001
0.000000
0.000000
0.000000
0.000004
0.000054
0.000549
0.003937
0.019800
0.069838
0.172770
0.299786
0.364867
0.311487
0.186520
0.078339
0.023077
0.004768
0.000691
0.000070
0.000005
0.000000
0.000000
0.000000
0.000000
0.000000
0.000000
0.000000
0.000000
0.000000
0.000000
0.000000
0.000000
0.000000
0.000000
0.000000
0.000000
0.000000
0.000000
0.000000
0.000000
0.000000
0.000000
0.000000
0.000000
0.000000
0.000000
0.000000
0.000000
0.000000
0.000000
0.000000
0.000000
0.000000
0.000000
0.000000
0.000000
0.000000
0.000000
0.000000
0.000000
0.000000
0.000000
0.000000
0.000000
0.000000
0.000000
0.000000
0.000001
0.000012
0.000154
0.001349
0.008294
0.035755
0.108107
0.229263
0.341025
0.355812
0.260398
0.133669
0.048127
0.012153
0.002152
0.000267
0.000023
0.000001
0.000000
0.000000
0.000000
0.000000
0.000000
0.000000
0.000000
0.000000
0.000000
0.000000
0.000005
0.000112
0.001873
0.022101
0.184771
1.094744
4.597558
13.687814
28.891456
43.236871
45.877301
34.514284
18.409566
6.961483
1.866042
0.354504
0.047718
0.004549
0.000307
0.000015
0.000000
0.000000
0.000000
0.000000
0.000000
0.000000
0.000000
0.000000
0.000000
0.000000
0.000000
0.000000
0.000000
0.000000
0.000000
0.000000
0.000000
0.000000
0.000000
0.000000
0.000000
0.000000
0.000000
0.000000
0.000000
0.000000
0.000000
0.000000
0.000000
0.000000
0.000000
0.000000
0.000000
0.000000
0.000000
0.000000
0.000000
0.000000
0.000000
0.000000
0.000000
0.000000
0.000000
0.000000
0.000000
0.000000
0.000000
0.000000
0.000000
0.000000
0.000000
0.000000
0.000000
0.000000
0.000000
0.000000
0.000000
0.000000
0.000000
0.000000
0.000000
0.000000
0.000000
0.000000
0.000000
0.000000
0.000000
0.000000
0.000000
0.000000
0.000000
0.000000
0.000000
0.000000
0.000000
0.000000
0.000000
0.000000
0.000000
0.000000
0.000000
0.000000
0.000000
0.000000
0.000000
0.000000
0.000000
0.000000
0.000000
0.000000
0.000000
0.000000
0.000000
0.000000
0.000000
0.000000
0.000000
0.000000
0.000000
0.000000
0.000000
0.000000
0.000000
0.000000
0.000000
0.000000
0.000000
0.000000
0.000000
0.000000
0.000000
0.000000
0.000000
0.000000
0.000000
0.000000
0.000000
0.000000
0.000000
0.000000
0.000000
0.000000
0.000000
0.000000
0.000000
0.000000
0.000000
0.000000
0.000000
0.000000
0.000000
0.000000
0.000000
0.000000
0.000000
0.000000
0.000000
0.000000
0.000001
0.000016
0.000269
0.003233
0.027490
0.165186
0.701616
2.106395
4.469171
6.699517
7.093367
5.306382
2.830945
1.204294
0.807426
1.268166
1.951046
2.178289
1.710704
0.942569
0.364275
0.098799
0.019656
0.011653
0.067028
0.344567
1.255857
3.233524
5.878939
7.544194
6.829647
1.960832
0.621177
0.138519
0.021732
0.002397
0.000186
0.000015
0.000093
0.001280
0.012410
0.084636
0.406281
1.373514
3.272104
5.496127
6.512748
5.447250
3.217361
1.342465
0.395836
0.082493
0.012151
0.001265
0.000093
0.000005
0.000000
0.000000
0.000000
0.000000
0.000000
0.000000
0.000000
0.000000
0.000000
0.000000
0.000000
0.000000
0.000000
0.000000
0.000000
0.000000
0.000000
0.000000
0.000000
0.000000
0.000000
0.000000
0.000000
0.000000
0.000002
0.000041
0.000570
0.005645
0.039612
0.197622
0.704816
3.368992
4.584974
4.587466
3.383247
1.836564
0.730260
0.000709
0.001988
0.011392
0.255094
0.049331
0.093848
0.439865
1.598503
4.118977
7.503783
9.663461
8.795796
5.656964
2.569722
0.824088
0.186470
0.029753
0.003346
0.000269
0.000083
0.000877
0.007899
0.050326
0.226595
0.720942
1.620378
2.571773
2.881045
2.276915
1.268780
0.498226
0.137814
0.027219
0.008339
0.039015
0.224722
0.915855
2.618108
5.249329
7.382255
7.281992
5.038333
2.445071
0.832241
0.198672
0.033260
0.003905
0.000321
0.000019
0.000001
0.000000
0.000001
0.000027
0.000462
0.005500
0.045927
0.268942
1.104482
3.181256
6.426872
9.107024
9.051827
6.310719
3.086007
1.058463
0.254623
0.043008
0.005825
0.007867
0.052346
0.257858
0.891237
2.160474
3.673372
4.380780
3.664479
2.150025
0.884777
0.255368
0.051691
0.007337
0.000730
0.000051
0.000002
0.000000
0.000000
0.000000
0.000000
0.000000
0.000000
0.000000
0.000000
0.000000
0.000000
0.000000
0.000000
0.000000
0.000000
0.000000
0.000000
0.000000
0.000000
0.000000
0.000000
0.000000
0.000000
0.000000
0.000000
0.000000
0.000000
0.000000
0.000000
0.000000
0.000000
0.000000
0.000000
0.000000
0.000000
0.000000
0.000000
0.000000
0.000000
0.000000
0.000000
0.000000
0.000000
0.000000
0.000000
0.000000
0.000000
0.000000
0.000000
0.000000
0.000000
0.000000
0.000002
0.000042
0.000521
0.004488
0.027085
0.114634
0.340270
0.708405
1.034429
1.059469
0.761106
0.383499
0.135529
0.033591
0.005839
0.000712
0.000061
0.000004
0.000000
0.000000
0.000000
0.000000
0.000000
0.000000
0.000000
0.000000
0.000000
0.000000
0.000000
0.000000
0.000000
0.000000
0.000000
0.000000
0.000000
0.000000
0.000000
0.000000
0.000000
0.000000
0.000000
0.000000
0.000000
0.000000
0.000000
0.000000
0.000000
0.000000
0.000000
0.000000
0.000000
0.000000
0.000000
0.000000
0.000000
0.000000
0.000000
0.000000
0.000000
0.000000
0.000000
0.000000
0.000000
0.000000
0.000000
0.000000
0.000000
0.000000
0.000000
0.000000
0.000000
0.000000
0.000000
0.000000
0.000000
0.000000
0.000000
0.000000
0.000000
0.000000
0.000000
0.000000
0.000000
0.000000
0.000000
0.000000
0.000000
0.000000
0.000000
0.000000
0.000000
0.000000
0.000000
0.000000
0.000000
0.000000
0.000000
0.000000
0.000000
0.000000
0.000000
0.000000
0.000004
0.051193
0.226749
0.704378
1.534670
2.345253
2.513842
0.996676
0.368640
0.095628
0.017397
0.000199
0.000012
0.000001
0.046770
0.249424
0.933648
4.553269
5.988595
5.672188
3.991337
2.200212
1.008181
0.391670
0.123922
0.030036
0.000000
0.000000
0.000000
0.000000
0.000000
0.000000
0.000000
0.000000
0.000000
0.000000
0.000000
0.000000
0.000000
0.000000
0.000000
0.000000
0.000000
0.000000
0.000000
0.000000
0.000000
0.000000
0.000000
0.000000
0.000000
0.000001
0.000019
0.000358
0.042755
0.275276
1.244880
8.816414
13.803126
15.170209
0.647918
0.148682
0.107788
0.208615
0.327140
0.362147
0.281276
0.153236
0.058554
0.015693
0.002950
0.000389
0.000036
0.000002
0.000000
0.000000
0.000000
0.000000
0.000003
0.000051
0.000685
0.006423
0.042238
0.194805
0.630124
1.429564
2.274835
2.539074
1.987842
1.091602
0.420448
0.113595
0.021762
0.005599
0.021880
0.119585
0.463904
1.262354
2.409337
3.225445
3.028749
1.994881
0.921600
0.298623
0.067866
0.010863
0.001851
0.006173
0.040364
0.187910
0.613597
1.405272
2.257348
2.543360
2.009976
1.114147
0.433163
0.118113
0.022587
0.003029
0.000285
0.000019
0.000001
0.000000
0.000000
0.000000
0.000000
0.000000
0.000000
0.000000
0.000000
0.000000
0.000000
0.000000
0.000000
0.000000
0.000000
0.000000
0.000000
0.000000
0.000000
0.000000
0.000000
0.000000
0.000000
0.000000
0.000000
0.000000
0.000000
0.000000
0.000000
0.000000
0.000000
0.000000
0.000000
0.000000
0.000000
0.000000
0.000000
0.000000
0.000000
0.000000
0.000000
0.000000
0.000000
0.000000
0.000000
0.000000
0.000000
0.000000
0.000000
0.000000
0.132264
0.589383
1.855835
4.128029
6.483966
7.188423
5.622102
3.100267
1.204735
0.329710
0.063516
0.008608
0.000820
0.000055
0.000003
0.000000
0.000000
0.000000
0.000000
0.000000
0.000000
0.000000
0.000000
0.000000
0.000000
0.000000
0.000000
0.000000
0.000000
0.000000
0.000000
0.000000
0.000000
0.000000
0.000000
0.000000
0.000000
0.000000
0.000000
0.000000
0.000000
0.000011
0.000182
0.002187
0.018472
0.109717
0.458620
1.349824
2.798916
4.091048
4.217466
3.068102
1.575791
0.571635
0.146511
0.026537
0.003398
0.000322
0.000270
0.002979
0.024844
0.596460
1.716554
3.464933
4.905772
4.871946
1.658183
0.568258
0.136583
0.023023
0.002721
0.000226
0.000029
0.000007
0.000001
0.000004
0.000017
0.000064
0.000217
0.000675
