-0.000000
0.002376
0.004752
0.007128
0.009490
0.011852
0.014214
0.016576
0.018938
0.021300
0.023662
0.026024
0.028386
0.030748
0.033110
0.035472
0.037818
0.040164
0.042511
0.044857
0.047204
0.049550
0.051897
0.054243
0.056590
0.058936
0.061282
0.063629
0.065959
0.068288
0.070618
0.072948
0.075278
0.077607
0.079937
0.082267
0.084597
0.086927
0.089256
0.091586
0.093898
0.096210
0.098522
0.100834
0.103146
0.105458
0.107770
0.110081
0.112393
0.114705
0.117017
0.119329
0.121622
0.123915
0.126208
0.128501
0.130794
0.133087
0.135380
0.137673
0.139966
0.142259
0.144552
0.146844
0.149117
0.151390
0.153663
0.155936
0.158209
0.160482
0.162754
0.165027
0.167300
0.169573
0.171846
0.174119
0.176370
0.178622
0.180874
0.183126
0.185377
0.187629
0.189881
0.192132
0.194384
0.196636
0.198887
0.201139
0.203369
0.205598
0.207828
0.210057
0.212287
0.214516
0.216746
0.218975
0.221205
0.223434
0.225663
0.227893
0.230099
0.232305
0.234512
0.236718
0.238924
0.241130
0.243337
0.245543
0.247749
0.249955
0.252162
0.254368
0.256550
0.258732
0.260914
0.263096
0.265278
0.267460
0.269642
0.271824
0.274006
0.276188
0.278370
0.280552
0.282709
0.284866
0.287022
0.289179
0.291336
0.293493
0.295650
0.297806
0.299963
0.302120
0.304277
0.306434
0.308564
0.310695
0.312825
0.314956
0.317087
0.319217
0.321348
0.323478
0.325609
0.327740
0.329870
0.332001
0.334104
0.336208
0.338311
0.340415
0.346725
0.348829
0.350932
0.353036
0.355139
0.357243
0.359318
0.361394
0.363469
0.365545
0.367620
0.369696
0.371771
0.373847
0.375922
0.377998
0.380073
0.382149
0.384195
0.386242
0.388288
0.390335
0.392381
0.394428
0.396474
0.398521
0.400567
0.402614
0.404660
0.406707
0.408724
0.410740
0.412757
0.414774
0.416791
0.418807
0.420824
0.422841
0.424857
0.426874
0.428891
0.430908
0.432894
0.434880
0.436866
0.438852
0.440838
0.442824
0.444810
0.446796
0.448782
0.450768
0.452754
0.454740
0.456694
0.458649
0.460603
0.462558
0.464512
0.466467
0.468421
0.470376
0.472330
0.474285
0.476239
0.478194
0.480116
0.482038
0.483960
0.485882
0.487804
0.489726
0.491648
0.493570
0.495492
0.497415
0.499337
0.501259
0.503148
0.505036
0.506925
0.508814
0.510703
0.512592
0.514481
0.516370
0.518259
0.520147
0.522036
0.523925
0.525780
0.527635
0.529490
0.531344
0.533199
0.535054
0.536909
0.538764
0.540619
0.542473
0.544328
0.546183
0.548003
0.549823
0.551643
0.553463
0.555283
0.557103
0.558923
0.560743
0.562563
0.564383
0.566203
0.568023
0.569807
0.571591
0.573376
0.575160
0.576944
0.578729
0.580513
0.582297
0.584082
0.585866
0.587650
0.589435
0.591182
0.592930
0.594678
0.596426
0.598174
0.599922
0.601670
0.603418
0.605165
0.606913
0.608661
0.610409
0.612120
0.613830
0.615541
0.617252
0.618962
0.620673
0.622383
0.624094
0.625805
0.627515
0.630937
0.632609
0.634282
0.635955
0.637627
0.639300
0.640972
0.642645
0.644318
0.645990
0.647663
0.649336
0.651008
0.652642
0.654276
0.655910
0.657543
0.659177
0.660811
0.662445
0.664079
0.665713
0.667347
0.668980
0.670614
0.672208
0.673803
0.675397
0.676991
0.678586
0.680180
0.683368
0.684963
0.691300
0.692854
0.694408
0.695962
0.697516
0.699069
0.706839
0.708393
0.709906
0.711419
0.717471
0.718984
0.720497
0.722009
0.723522
0.725035
0.726548
0.728019
0.729490
0.730961
0.732433
0.733904
0.735375
0.738317
0.739788
0.741259
0.742730
0.744201
0.745630
0.751344
0.755629
0.757058
0.761343
0.768269
0.769655
0.771040
0.772425
0.773810
0.775195
0.776581
0.777966
0.779307
0.780648
0.781989
0.783330
0.784672
0.786013
0.787354
0.788695
0.790036
0.791377
0.792719
0.794060
0.795356
0.796652
0.797949
0.799245
0.800542
0.801838
0.803134
0.804431
0.805727
0.807023
0.808320
0.809616
0.810867
0.812118
0.813369
0.814619
0.815870
0.817121
0.818372
0.819623
0.820874
0.822125
0.823375
0.824626
0.825831
0.827035
0.828240
0.829445
0.830649
0.831854
0.833058
0.834263
0.835468
0.836672
0.837877
0.839081
0.840239
0.841397
0.842554
0.843712
0.844870
0.846027
0.847185
0.848342
0.849500
0.850658
0.851815
0.852973
0.854083
0.855193
0.856303
0.857413
0.858523
0.859633
0.860743
0.861853
0.862962
0.864072
0.865182
0.866292
0.867354
0.868415
0.869477
0.870538
0.871600
0.872661
0.873723
0.874785
0.875846
0.876908
0.877969
0.879031
0.880043
0.881055
0.882068
0.883080
0.884093
0.885105
0.886118
0.887130
0.888142
0.889155
0.890167
0.891180
0.892142
0.893105
0.894067
0.895030
0.895993
0.896955
0.897918
0.898880
0.899843
0.900806
0.901768
0.902731
0.903643
0.904555
0.905467
0.906379
0.907291
0.908203
0.909115
0.910027
0.910939
0.911852
0.912764
0.913676
0.914537
0.915397
0.916258
0.917119
0.917980
0.918841
0.919702
0.920563
0.921423
0.922284
0.923145
0.924006
0.924815
0.925624
0.926433
0.927242
0.928051
0.928860
0.929669
0.930478
0.931287
0.932096
0.932905
0.933714
0.934470
0.935227
0.935983
0.936739
0.937496
0.938252
0.939009
0.939765
0.940521
0.941278
0.942034
0.942791
0.943494
0.944197
0.944900
0.945603
0.946306
0.947010
0.947713
0.948416
0.949119
0.949822
0.950525
0.951229
0.951878
0.952527
0.953177
0.953826
0.954475
0.955124
0.955774
0.956423
0.957072
0.957722
0.958371
0.959020
0.961399
0.961994
0.962589
0.963183
0.963778
0.964373
0.964968
0.965562
0.966157
0.966697
0.967236
0.968855
0.969395
0.969935
0.970474
0.971014
0.972633
0.973116
0.973600
0.974084
0.974568
0.975052
0.976503
0.976987
0.977471
0.979294
0.979721
0.980149
0.980576
0.981004
0.981859
0.982286
0.983939
0.984310
0.984680
0.985051
0.985421
0.985792
0.986163
0.988642
0.988955
0.989268
0.990207
0.990520
0.990833
0.991146
0.992282
0.992538
0.992793
0.993048
0.993303
0.993558
0.994068
0.994323
0.994578
0.994833
0.995226
0.995423
0.995619
0.996995
0.997192
0.997329
0.997605
0.997742
0.997880
0.998017
0.998155
0.998292
0.998430
0.998568
0.998705
0.999233
0.999312
0.999390
0.999468
0.999546
0.999624
0.999780
0.999799
0.999817
0.999872
0.999890
0.999909
0.999927
0.999945
1.000000
0.999958
0.999916
0.999874
0.999832
0.999623
0.999581
0.999539
0.999497
0.999395
0.999292
0.998882
0.998780
0.998677
0.998472
0.998370
0.998267
0.997941
0.997778
0.997614
0.996961
0.996798
0.996634
0.996471
0.996308
0.996083
0.995859
0.995635
0.995410
0.995186
0.994962
0.994737
0.994513
0.994288
0.994064
0.993840
0.993615
0.993329
0.993044
0.992758
0.992472
0.992187
0.991901
0.991615
0.991330
0.991044
0.990758
0.990473
0.990187
0.989840
0.989493
0.989146
0.988799
0.988452
0.988104
0.987757
0.987410
0.987063
0.986716
0.986369
0.986022
0.985613
0.985204
0.984796
0.984387
0.983979
0.983570
0.983161
0.982753
0.982344
0.981935
0.981527
0.981118
0.980648
0.980178
0.979707
0.979237
0.978767
0.978297
0.977827
0.977356
0.976886
0.976416
0.975946
0.975476
0.974944
0.974412
0.973880
0.973349
0.972817
0.972285
0.971754
0.971222
0.970690
0.970158
0.969627
0.969095
0.968502
0.967315
0.966722
0.966129
0.964942
0.964349
0.963756
0.963163
0.961322
0.960668
0.960013
0.959359
0.958704
0.958050
0.957395
0.956086
0.955432
0.954777
0.952692
0.951976
0.951260
0.950545
0.949829
0.946967
0.946251
0.945536
0.944759
0.943983
0.943207
0.942430
0.940101
0.939325
0.937772
0.936996
0.936220
0.932036
0.931199
0.930362
0.929525
0.928689
0.927852
0.927015
0.926178
0.925281
0.924385
0.923488
0.922591
0.921694
0.920798
0.919901
0.919004
0.918107
0.917211
0.916314
0.915417
0.914461
0.913505
0.912548
0.911592
0.910636
0.909680
0.908723
0.907767
0.906811
0.905855
0.904898
0.903942
0.902927
0.901912
0.900897
0.899882
0.898867
0.897852
0.896836
0.895821
0.894806
0.893791
0.892776
0.891761
0.890688
0.889614
0.888541
0.887468
0.886394
0.885321
0.884248
0.883174
0.882101
0.881028
0.879954
0.878881
0.877750
0.876619
0.875489
0.874358
0.873227
0.870966
0.869835
0.868704
0.867573
0.866442
0.864124
0.862937
0.861749
0.860562
0.859375
0.858187
0.857000
0.855812
0.854625
0.853438
0.852250
0.851063
0.849820
0.848576
