0.823371
0.827018
0.829052
0.830609
0.832358
0.833936
0.829874
0.821573
0.818645
0.818097
0.772541
0.652898
0.467420
0.262748
0.153937
0.148379
0.108014
0.040360
0.030667
0.025498
0.024892
0.026410
0.025885
0.024216
0.021712
0.019428
0.020224
0.022967
0.024638
0.025823
0.026389
0.026380
0.026164
0.026001
0.025950
0.025930
0.026028
0.025683
0.025011
0.024091
0.021336
0.018599
0.017617
0.017147
0.016429
0.016365
0.016134
0.014848
0.015507
0.019548
0.021634
0.022573
0.023022
0.023332
0.024324
0.025276
0.026491
0.027120
0.027234
0.027255
0.028521
0.029624
0.030428
0.031830
0.032014
0.031477
0.031042
0.031687
0.033544
0.035336
0.037606
0.038789
0.038800
0.038883
0.038766
0.038558
0.037897
0.037530
0.037495
0.037420
0.035860
0.034361
0.032885
0.030377
0.030868
0.032801
0.034336
0.034810
0.034085
0.031394
0.026624
0.022137
0.018950
0.017508
0.017902
0.020123
0.023874
0.027975
0.030853
0.031181
0.032150
0.033951
0.035847
0.037523
0.037125
0.034924
0.032694
0.035598
0.057790
0.065051
0.094230
0.120503
0.129091
0.128374
0.130719
0.162488
0.216117
0.232906
0.237656
0.260569
0.303011
0.364295
0.419464
0.446652
0.455560
0.460243
0.467365
0.474805
0.469482
0.475857
0.479498
0.479199
0.477256
0.470402
0.453742
0.405270
0.305980
0.224721
0.207996
0.220056
0.227433
0.219950
0.210625
0.220876
0.247607
0.265883
0.270016
0.257485
0.238868
0.209210
0.188651
0.187337
0.164170
0.146639
0.131569
0.120996
0.106708
0.097989
0.079691
0.069353
0.075019
0.078908
0.074153
0.070929
0.069716
0.069507
0.069765
0.071199
0.071413
0.070485
0.068503
0.067665
0.069114
0.068435
0.063665
0.060891
0.057834
0.057688
0.060008
0.056192
0.052224
0.053941
0.055872
0.057192
0.058072
0.058873
0.060105
0.059164
0.058847
0.059080
0.059063
0.059259
0.058185
0.056571
0.057691
0.058605
0.054958
0.049501
0.036301
0.023380
0.019630
0.018743
0.022210
0.029214
0.032037
0.032514
0.032465
0.032496
0.032561
0.032823
0.033482
0.034846
0.036045
0.035318
0.034576
0.034249
0.032336
0.028723
0.025764
0.023605
0.022164
0.020966
0.020749
0.018647
0.018211
0.018169
0.017101
0.016461
0.018397
0.021860
0.025164
0.025806
0.025394
0.024710
0.024544
0.025665
0.028285
0.031359
0.033848
0.034192
0.033145
0.032600
0.032279
0.030890
0.028504
0.026201
0.024969
0.025849
0.026856
0.027547
0.028350
0.029405
0.030555
0.030268
0.030760
0.031487
0.032070
0.032102
0.032008
0.032706
0.036855
0.042938
0.045725
0.047503
0.058687
0.109023
0.155290
0.175306
0.295482
0.443285
0.558768
0.613849
0.620292
0.629965
0.669055
0.691090
0.694402
0.697328
0.701543
0.705731
0.709426
0.711620
0.712415
0.712535
0.713126
0.716204
0.715453
0.714064
0.698836
0.664311
0.618074
0.583431
0.574296
0.573225
0.559848
0.547842
0.546050
0.544261
0.541028
0.537108
0.529063
0.528040
0.531417
0.527836
0.509847
0.487741
0.485988
0.467121
0.410376
0.326480
0.255413
0.231814
0.223769
0.177442
0.156265
0.157452
0.159891
0.162149
0.163081
0.162965
0.164395
0.171988
0.179329
0.186892
0.184506
0.255838
0.429559
0.646251
0.845925
1.001356
1.114289
1.255570
1.286000
1.237695
1.217805
1.188866
1.163760
1.141060
1.099707
0.924601
0.915275
0.899871
0.882880
0.855381
0.820457
0.703088
0.512996
0.310771
0.179567
0.159384
0.141263
0.085976
0.093315
0.166244
0.299673
0.483513
0.849796
0.978113
1.063857
1.115824
1.145857
1.164193
1.107204
0.906462
0.798365
0.442419
0.774172
0.768919
0.786356
0.800039
0.800866
0.804022
0.802815
0.796773
0.791831
0.785168
0.772189
0.758393
0.747617
0.741012
0.744163
0.729713
0.655244
0.525417
0.395844
0.313304
0.300422
0.296127
0.294988
0.322200
0.327933
0.383742
0.504922
0.612688
0.643866
0.644018
0.662485
0.680988
0.680769
0.711900
0.769801
0.806917
0.806155
0.793942
0.796198
0.807832
0.821503
0.822227
0.794434
0.751827
0.743260
0.738091
0.734256
0.774958
0.840285
0.862287
0.832570
0.819642
0.875194
0.914256
0.900587
0.874088
0.865709
0.867131
0.861990
0.860704
0.856262
0.855138
0.850646
0.845785
0.852052
0.869416
0.849654
0.749583
0.622240
0.545042
0.522970
0.516419
0.475245
0.437727
0.425594
0.425238
0.427221
0.429586
0.421464
0.381994
0.317899
0.217497
0.121016
0.078282
0.072072
0.055452
0.049241
0.072560
0.082237
0.126525
0.184221
0.231538
0.253879
0.257517
0.258712
0.268275
0.272084
0.271198
0.270074
0.269318
0.268499
0.267507
0.266818
0.266130
0.264883
0.262842
0.253306
0.236909
0.236099
0.228495
0.200613
0.151988
0.106400
0.089665
0.087202
0.063019
0.047428
0.047416
0.047553
0.047885
0.048124
0.048203
0.047858
0.046777
0.045868
0.046445
0.042992
0.037991
0.033686
0.032610
0.033461
0.032681
0.030233
0.028030
0.027909
0.028085
0.027608
0.027311
0.028387
0.033929
0.039041
0.039625
0.039064
0.039263
0.042104
0.042400
0.041090
0.040145
0.039910
0.040381
0.041365
0.042084
0.043693
0.044337
0.044415
0.043833
0.043621
0.043602
0.043282
0.039911
0.034623
0.033590
0.034021
0.034093
0.032413
0.031674
0.031664
0.031416
0.033677
0.037335
0.050419
0.050832
0.056547
0.057358
0.063128
0.066845
0.086815
0.199502
0.338097
0.450922
0.524154
0.539487
0.536003
0.541185
0.549372
0.553581
0.552781
0.552110
0.540454
0.541807
0.541848
0.536446
0.531060
0.532436
0.532640
0.479748
0.378476
0.246503
0.197863
0.232582
0.259774
0.269539
0.321999
0.391217
0.477857
0.489012
0.523628
0.537854
0.541373
0.543715
0.537736
0.539782
0.536225
0.506944
0.503839
0.476996
0.412798
0.307861
0.142879
0.134438
0.024632
0.025409
0.025369
0.025133
0.025091
0.024401
0.023576
0.031727
0.032952
0.033696
0.033036
0.032904
0.033894
0.034017
0.033645
0.034920
0.035458
0.035897
0.034705
0.038690
0.066400
0.074939
0.078208
0.078848
0.082083
0.125159
0.160030
0.933405
0.929360
0.960736
1.010977
1.009481
1.009393
1.008481
1.005295
1.002615
1.007459
1.035422
1.047692
0.870931
0.768327
0.752422
0.767367
0.739764
0.692106
0.682276
0.678288
0.672578
0.671756
0.644965
0.617272
0.606488
0.605286
0.406237
0.337906
0.338978
0.330940
0.352040
0.757499
0.763715
0.770339
0.802994
0.831684
0.820678
0.770446
0.764008
0.725142
0.609495
0.630523
0.721442
0.778822
0.785234
0.799861
0.788962
0.721632
0.666954
0.639182
0.607919
0.540342
0.443292
0.330729
0.213876
0.137408
0.135453
0.109272
0.055429
0.047675
0.047586
0.047225
0.047155
0.046817
0.045348
0.044752
0.044698
0.044732
0.043860
0.041909
0.036322
0.038690
0.104627
0.118552
0.153900
0.241852
0.329874
0.388346
0.408908
0.408668
0.425446
0.451700
0.454046
0.453795
0.453665
0.453043
0.452044
0.451240
0.451993
0.453900
0.455631
0.454886
0.437501
0.430144
0.425885
0.393660
0.326358
0.237418
0.166968
0.153271
0.130577
0.050244
0.043936
0.047543
0.052100
0.057110
0.070565
0.076149
0.080229
0.089348
0.098248
0.104521
0.106509
0.106581
0.107976
0.112266
0.111842
0.114818
0.131629
0.147151
0.148562
0.175061
0.270315
0.369722
0.459959
0.466038
0.460405
0.462325
0.468334
0.473829
0.475485
0.465609
0.461994
0.454323
0.433921
0.406354
0.388265
0.386579
0.335408
0.376037
0.492474
0.604751
0.616393
0.644455
0.666699
0.670672
0.702479
0.720435
0.735471
0.741077
0.742453
0.769048
0.861893
1.535966
1.748429
1.932930
1.919415
1.873905
1.691885
1.711087
1.727060
1.721844
1.722425
1.747683
1.790959
1.829465
1.833998
1.760203
1.582692
1.347360
1.108553
0.929479
0.803415
0.677187
0.558242
0.434869
0.269425
0.175046
0.169822
0.142836
0.069780
0.041587
0.040865
0.037015
0.034555
0.034450
0.034904
0.037423
0.061893
0.109499
0.112709
0.125875
0.168840
0.216194
0.258468
0.286109
0.291375
0.293674
0.295006
0.294314
0.295582
0.302399
0.311447
0.313811
0.315714
0.320410
0.332537
0.337061
0.335908
0.317256
0.313963
0.338468
0.429321
0.545031
0.628516
0.677604
0.703285
0.698932
0.715999
0.742884
0.737405
0.730403
0.729272
0.727265
0.706442
0.699396
0.704892
0.710522
0.717687
0.722071
0.694480
0.614656
0.503025
0.374991
0.223360
0.164889
0.142439
0.085737
