0.501233
0.479569
0.477105
0.474393
0.468071
0.462271
0.477086
0.539853
0.584101
0.619658
0.646152
0.660197
0.641988
0.607105
0.585146
0.573499
0.526100
0.486066
0.477082
0.477999
0.480098
0.475835
0.449950
0.388138
0.291224
0.177115
0.112300
0.107439
0.106558
0.105188
0.105152
0.110150
0.123972
0.132941
0.148732
0.171301
0.185280
0.186655
0.182392
0.176463
0.175521
0.176607
0.184344
0.203291
0.218886
0.228016
0.231767
0.233425
0.229090
0.212979
0.192321
0.178615
0.174293
0.162453
0.155538
0.153846
0.148115
0.130380
0.112355
0.110311
0.113962
0.117193
0.124073
0.124278
0.129588
0.144781
0.162922
0.166801
0.162010
0.163754
0.182000
0.202082
0.208925
0.206858
0.205403
0.202246
0.198636
0.197992
0.199138
0.201424
0.208956
0.212623
0.213025
0.212311
0.211696
0.206653
0.197488
0.194412
0.196388
0.193192
0.174732
0.139049
0.104040
0.095001
0.093933
0.091600
0.087147
0.089038
0.089125
0.091238
0.111394
0.143995
0.167326
0.174598
0.174614
0.176469
0.179103
0.183443
0.190111
0.197613
0.206500
0.223956
0.253098
0.279652
0.300058
0.318205
0.333582
0.345655
0.351384
0.347274
0.334562
0.319583
0.312096
0.322047
0.342493
0.341350
0.325609
0.337879
0.377531
0.387652
0.401719
0.414355
0.426366
0.434277
0.441978
0.445782
0.447447
0.447721
0.448966
0.451726
0.452697
0.440134
0.405721
0.346348
0.256952
0.178342
0.155149
0.151249
0.115815
0.114928
0.111494
0.108911
0.102452
0.097888
0.089647
0.084921
0.082911
0.084240
0.086417
0.076759
0.062273
0.047821
0.047538
0.045787
0.041890
0.042633
0.044617
0.045885
0.046526
0.048019
0.047847
0.047474
0.047087
0.045674
0.043103
0.039959
0.040000
0.039249
0.035255
0.035005
0.036699
0.040061
0.051978
0.058494
0.057297
0.065493
0.092765
0.125118
0.149828
0.160663
0.161350
0.160830
0.163350
0.164026
0.167455
0.173899
0.192038
0.213914
0.230407
0.245485
0.250080
0.249893
0.248014
0.255250
0.270297
0.284931
0.300164
0.301235
0.300529
0.303923
0.308240
0.309950
0.309489
0.314132
0.317917
0.317642
0.309188
0.301973
0.285723
0.259225
0.241348
0.233412
0.245000
0.295867
0.332369
0.338986
0.329357
0.321594
0.336506
0.366423
0.381724
0.389297
0.396769
0.403406
0.408314
0.409423
0.415344
0.417662
0.419134
0.423492
0.436562
0.457117
0.460770
0.418306
0.343133
0.278712
0.230634
0.223680
0.234997
0.236630
0.241110
0.241089
0.240336
0.240246
0.239170
0.240104
0.242310
0.244941
0.261059
0.281586
0.282874
0.260051
0.218499
0.173526
0.152005
0.147365
0.146324
0.143782
0.144524
0.144703
0.144569
0.141262
0.130668
0.122813
0.114655
0.111304
0.117207
0.117582
0.111352
0.096061
0.094609
0.166768
0.178372
0.237379
0.413642
0.630475
0.796609
0.895853
0.934440
0.932268
0.923100
0.912244
0.899963
0.885887
0.877682
0.885336
0.900234
0.912786
0.917889
0.916288
0.906842
0.866863
0.851029
0.861936
0.846332
0.764993
0.625300
0.465564
0.337311
0.290873
0.312352
0.290018
0.251879
0.211258
0.195199
0.195503
0.195086
0.196525
0.210010
0.281391
0.367834
0.473103
0.482541
0.628835
1.152213
1.862813
2.554702
3.058389
3.337650
3.489178
3.541727
3.543115
3.503763
3.449515
3.415719
3.408578
3.412785
3.393233
3.342776
3.257224
3.152177
3.022241
2.981370
3.044111
3.096286
3.010441
2.730490
2.339738
1.973568
1.618300
1.293467
0.959072
0.672203
0.533680
0.524955
0.517447
0.482091
0.474251
0.470598
0.462558
0.462279
0.461599
0.433067
0.388714
0.372890
0.371055
0.359238
0.318893
0.239332
0.218905
0.249908
0.256188
0.256382
0.254307
0.260324
0.259829
0.262131
0.264185
0.264304
0.269581
0.263456
0.274403
0.335753
0.399015
0.406623
0.406640
0.400278
0.389511
0.381602
0.379117
0.380870
0.401666
0.412368
0.413690
0.420306
0.418033
0.393526
0.362561
0.338262
0.263425
0.194029
0.172670
0.164067
0.139764
0.134169
0.120173
0.112706
0.107955
0.106121
0.108146
0.118194
0.127230
0.127270
0.124580
0.123802
0.121782
0.121778
0.122051
0.121011
0.115241
0.110524
0.103609
0.094578
0.086934
0.081354
0.075927
0.070486
0.066857
0.068908
0.069497
0.071147
0.071742
0.075564
0.081436
0.086266
0.090092
0.090412
0.090224
0.098737
0.110673
0.114678
0.115465
0.115630
0.114439
0.108641
0.101657
0.094313
0.098356
0.094350
0.095109
0.100520
0.100607
0.101579
0.112450
0.134216
0.159006
0.169702
0.171017
0.171259
0.174930
0.183125
0.197410
0.207358
0.208436
0.205745
0.204768
0.204634
0.202368
0.200169
0.197262
0.199989
0.202202
0.201408
0.194003
0.174465
0.139248
0.109630
0.103219
0.103631
0.121687
0.129858
0.151835
0.182059
0.184323
0.216220
0.279752
0.355316
0.425648
0.447113
0.449215
0.471084
0.473099
0.471451
0.470048
0.471438
0.474347
0.477136
0.476528
0.476113
0.479961
0.496848
0.511227
0.521960
0.558765
0.596086
0.604177
0.595403
0.579150
0.580473
0.575249
0.534881
0.519416
0.507836
0.490082
0.462186
0.440838
0.441702
0.419839
0.369139
0.345097
0.345048
0.358431
0.366681
0.365642
0.363488
0.366538
0.404900
0.450291
0.465534
0.463053
0.455441
0.447558
0.440730
0.435863
0.436983
0.447651
0.435106
0.411743
0.410564
0.414733
0.401204
0.361990
0.322037
0.292141
0.267653
0.259740
0.249921
0.229187
0.237371
0.243572
0.236349
0.227505
0.203444
0.191610
0.235244
0.289017
0.324967
0.354273
0.394314
0.418099
0.426482
0.432260
0.434057
0.438551
0.428363
0.418360
0.410903
0.403664
0.385080
0.360324
0.345093
0.351580
0.367481
0.390634
0.412990
0.424240
0.419957
0.399131
0.355092
0.309294
0.286010
0.277608
0.281210
0.290584
0.301987
0.316884
0.337038
0.356051
0.366775
0.369871
0.369137
0.361899
0.358933
0.359976
0.335646
0.310726
0.294464
0.294005
0.296888
0.296378
0.305231
0.323337
0.338148
0.343073
0.354627
0.376011
0.398734
0.422108
0.451482
0.457119
0.459247
0.459905
0.469834
0.510083
0.548634
0.568582
0.572331
0.569648
0.559956
0.557890
0.560552
0.564972
0.564136
0.564155
0.563846
0.556855
0.542212
0.515460
0.478503
0.476454
0.472083
0.472754
0.472751
0.449378
0.420410
0.389207
0.376733
0.377507
0.373814
0.362854
0.346092
0.306041
0.277474
0.273397
0.285262
0.300370
0.310229
0.313551
0.314362
0.314294
0.299304
0.264657
0.213309
0.176357
0.152755
0.138562
0.137904
0.140318
0.135666
0.115368
0.098964
0.092001
0.092175
0.096053
0.101606
0.109706
0.114342
0.122609
0.127433
0.120899
0.103359
0.085258
0.078538
0.075570
0.071541
0.070429
0.070202
0.068416
0.065448
0.067285
0.076854
0.084811
0.094219
0.100314
0.100484
0.097582
0.097128
0.093403
0.085583
0.079104
0.078819
0.082514
0.102771
0.106180
0.106353
0.107556
0.107467
0.107632
0.112024
0.120950
0.125318
0.123303
0.113400
0.102214
0.099983
0.104137
0.106629
0.107119
0.106257
0.106377
0.106882
0.107189
0.101153
0.101335
0.098498
0.091597
0.087989
0.085456
0.085381
0.078934
0.070347
0.066911
0.067046
0.069205
0.069997
0.064286
0.062287
0.060313
0.060640
0.062785
0.067134
0.073509
0.100062
0.117495
0.121592
0.120313
0.127114
0.148992
0.176823
0.201157
0.208565
0.209965
0.210376
0.210398
0.209820
0.208921
0.206770
0.206216
0.205644
0.204388
0.202431
0.198876
0.180141
0.158019
0.144439
0.143383
0.145752
0.139103
0.118497
0.080983
0.063926
0.065988
0.067716
0.067784
0.069112
0.072916
0.075100
0.072371
0.071374
0.072026
0.072579
0.072568
0.072932
0.074647
0.076215
0.084774
0.102331
0.116099
0.123112
0.123595
0.117571
0.104126
0.090452
0.081097
0.081058
0.145970
0.199015
0.225441
0.336245
0.460851
0.540778
0.571616
0.571320
0.581312
0.622749
0.632495
0.632529
0.632452
0.632063
0.630686
0.629520
0.627833
0.625334
0.622784
0.617550
0.588178
0.545904
0.543868
0.519524
0.455643
0.380553
0.331044
0.323733
0.304609
0.198890
0.193851
0.235427
0.247426
0.310062
0.395970
0.465969
0.495313
0.497711
0.504508
0.558790
0.578675
0.585973
0.593760
0.602434
0.613190
0.620799
0.626274
0.630212
0.634245
0.638352
0.634748
0.627573
0.626839
0.590721
0.507251
0.380382
0.247753
0.149798
0.131057
0.076111
0.048446
0.037921
0.035629
0.036901
0.029464
0.034780
0.042526
0.046401
0.055220
0.063706
0.066292
0.066945
0.064252
0.063241
0.064109
0.065613
0.067210
0.071803
0.073437
0.097294
0.130583
0.149480
0.148610
0.147737
0.146841
0.146825
0.148417
0.155575
0.156573
0.158088
0.192574
0.202531
0.217471
0.244562
0.263079
0.264268
0.258742
0.252696
0.264445
0.275882
0.269173
0.263690
0.268802
0.275074
0.282066
0.284416
0.284993
0.284493
0.287956
0.288916
0.273238
0.267781
0.256643
0.219010
0.168720
0.146318
0.169205
0.211067
0.224671
0.224367
0.225084
0.230808
0.228467
0.224148
0.218140
0.216039
0.216072
0.217399
0.212289
0.210421
0.210344
0.210648
0.202938
0.206952
0.260134
0.329638
0.419306
0.522874
0.586613
0.591448
0.594545
0.616493
0.688231
0.751959
0.773752
0.758689
0.748316
0.776449
0.814651
0.807574
0.800429
0.793502
0.793858
0.800659
0.805205
0.803414
0.790140
0.760910
0.746251
0.749352
0.760187
0.761351
0.712656
