-0.000000
0.001978
0.003957
0.006010
0.008063
0.010116
0.012169
0.014222
0.016276
0.018329
0.020382
0.022435
0.024488
0.026541
0.028594
0.030641
0.032688
0.034735
0.036782
0.038829
0.040876
0.042922
0.044969
0.047016
0.049063
0.051110
0.053157
0.055196
0.057236
0.059275
0.061314
0.063354
0.065393
0.067432
0.069472
0.071511
0.073551
0.075590
0.077629
0.079660
0.081691
0.083722
0.085752
0.087783
0.089814
0.091844
0.093875
0.095906
0.097937
0.099967
0.101998
0.104019
0.106040
0.108061
0.110082
0.112103
0.114124
0.116145
0.118166
0.120187
0.122208
0.124229
0.126250
0.128260
0.130270
0.132280
0.134290
0.136300
0.138310
0.140320
0.142330
0.144341
0.146351
0.148361
0.150371
0.152369
0.154367
0.156365
0.158364
0.160362
0.162360
0.164358
0.166356
0.168354
0.170353
0.172351
0.174349
0.176334
0.178319
0.180305
0.182290
0.184275
0.186260
0.188245
0.190231
0.192216
0.194201
0.196186
0.198171
0.200143
0.202114
0.204085
0.206057
0.208028
0.209999
0.211970
0.213942
0.215913
0.217884
0.219855
0.221827
0.223783
0.225739
0.227696
0.229652
0.231608
0.233565
0.235521
0.237477
0.239434
0.241390
0.243346
0.245303
0.247243
0.249184
0.251124
0.253065
0.255005
0.256946
0.258886
0.260826
0.262767
0.264707
0.266648
0.268588
0.270512
0.272436
0.274359
0.276283
0.278207
0.280130
0.282054
0.283978
0.285901
0.287825
0.289749
0.291673
0.293579
0.295485
0.297391
0.299297
0.301203
0.303109
0.305015
0.306921
0.308827
0.310733
0.312639
0.314545
0.316432
0.318319
0.320207
0.322094
0.323982
0.325869
0.327757
0.329644
0.331532
0.333419
0.335307
0.337194
0.339062
0.340930
0.342798
0.344666
0.346534
0.348402
0.350270
0.352138
0.354006
0.355875
0.357743
0.359611
0.361458
0.363306
0.365154
0.367002
0.368850
0.370698
0.372545
0.374393
0.376241
0.378089
0.379937
0.381785
0.383611
0.385438
0.387265
0.389092
0.390918
0.392745
0.394572
0.396399
0.398226
0.400052
0.401879
0.403706
0.405511
0.407316
0.409121
0.410926
0.412731
0.414536
0.416341
0.418146
0.419951
0.421756
0.423561
0.425366
0.427148
0.428930
0.430713
0.432495
0.434277
0.436060
0.437842
0.439624
0.441407
0.443189
0.444972
0.446754
0.448513
0.450272
0.452031
0.453790
0.455549
0.457308
0.459067
0.460826
0.462585
0.464344
0.466103
0.467862
0.469597
0.471332
0.473067
0.474802
0.476537
0.478271
0.480006
0.481741
0.483476
0.485211
0.486946
0.488681
0.490391
0.492101
0.493811
0.495521
0.497231
0.498941
0.500651
0.502362
0.504072
0.505782
0.507492
0.509202
0.510886
0.512571
0.514255
0.515940
0.517624
0.519309
0.520994
0.522678
0.524363
0.526047
0.527732
0.529416
0.531074
0.532733
0.534391
0.536049
0.537708
0.539366
0.541024
0.542682
0.544341
0.545999
0.547657
0.549315
0.550947
0.552578
0.554209
0.555841
0.557472
0.559103
0.560735
0.562366
0.563997
0.565629
0.567260
0.568891
0.570495
0.572099
0.573703
0.575306
0.576910
0.578514
0.580117
0.581721
0.583325
0.584929
0.586532
0.588136
0.589711
0.591287
0.592862
0.594438
0.596013
0.597588
0.599164
0.600739
0.602315
0.603890
0.605465
0.607041
0.608587
0.610134
0.611680
0.613226
0.614773
0.616319
0.617866
0.619412
0.620959
0.622505
0.624051
0.625598
0.627115
0.628631
0.630148
0.631665
0.633182
0.634699
0.636215
0.637732
0.639249
0.640766
0.642283
0.643799
0.645286
0.646772
0.648259
0.649745
0.651232
0.652718
0.654205
0.655691
0.657178
0.658664
0.660151
0.661638
0.663093
0.664549
0.666004
0.667460
0.668915
0.670371
0.671827
0.673282
0.674738
0.676193
0.677649
0.679105
0.680529
0.681953
0.683377
0.684801
0.686225
0.687649
0.689073
0.690497
0.691921
0.693345
0.694769
0.696193
0.697584
0.698976
0.700368
0.701760
0.703152
0.704543
0.705935
0.707327
0.708719
0.710111
0.711503
0.712894
0.714253
0.715612
0.716971
0.718330
0.719689
0.721048
0.722407
0.723766
0.725125
0.726484
0.727843
0.729202
0.730527
0.731853
0.733178
0.734504
0.735830
0.737155
0.738481
0.739806
0.741132
0.742457
0.743783
0.745108
0.746399
0.747691
0.748982
0.750274
0.751565
0.752857
0.754148
0.755439
0.756731
0.758022
0.759314
0.760605
0.761862
0.763119
0.764375
0.765632
0.766889
0.768145
0.769402
0.770659
0.771915
0.773172
0.774429
0.775686
0.776907
0.778128
0.779350
0.780571
0.781793
0.783014
0.784235
0.785457
0.786678
0.787900
0.789121
0.790342
0.791528
0.792713
0.793899
0.795084
0.796270
0.797455
0.798640
0.799826
0.801011
0.802197
0.803382
0.804568
0.805717
0.806866
0.808014
0.809163
0.810312
0.811461
0.812610
0.813759
0.814908
0.816057
0.817206
0.818355
0.819466
0.820578
0.821690
0.822802
0.823913
0.825025
0.826137
0.827249
0.828360
0.829472
0.830584
0.831696
0.832770
0.833844
0.834918
0.835992
0.837066
0.838140
0.839214
0.840288
0.841362
0.842436
0.843510
0.844584
0.845619
0.846655
0.847690
0.848726
0.849762
0.850797
0.851833
0.852869
0.853904
0.854940
0.855975
0.857011
0.858008
0.859004
0.860001
0.860998
0.861994
0.862991
0.863988
0.864984
0.865981
0.866978
0.867974
0.868971
0.869928
0.870885
0.871842
0.872799
0.873756
0.874714
0.875671
0.876628
0.877585
0.878542
0.879499
0.880456
0.881373
0.882290
0.883207
0.884124
0.885041
0.885958
0.886875
0.887792
0.888709
0.889626
0.890543
0.891459
0.892336
0.893212
0.894088
0.894964
0.895840
0.896717
0.897593
0.898469
0.899345
0.900221
0.901098
0.901974
0.902809
0.903644
0.904478
0.905313
0.906148
0.906983
0.907818
0.908653
0.909488
0.910322
0.911157
0.911992
0.912785
0.913578
0.914371
0.915164
0.915957
0.916750
0.917543
0.918336
0.919129
0.919922
0.920715
0.921508
0.922258
0.923008
0.923759
0.924509
0.925260
0.926010
0.926761
0.927511
0.928262
0.929012
0.929763
0.930513
0.931220
0.931928
0.932635
0.933343
0.934050
0.934757
0.935465
0.936172
0.936879
0.937587
0.938294
0.939002
0.939665
0.940329
0.940993
0.941657
0.942320
0.942984
0.943648
0.944312
0.944975
0.945639
0.946303
0.946967
0.947586
0.948206
0.948825
0.949445
0.950065
0.950684
0.951304
0.951923
0.952543
0.953162
0.953782
0.954401
0.954976
0.955551
0.956126
0.956701
0.957276
0.957850
0.958425
0.959000
0.959575
0.960150
0.960725
0.961299
0.961829
0.962358
0.962888
0.963418
0.963947
0.964477
0.965006
0.965536
0.966065
0.966595
0.967124
0.967654
0.968138
0.968621
0.969105
0.969589
0.970073
0.970556
0.971040
0.971524
0.972008
0.972491
0.972975
0.973459
0.973896
0.974334
0.974771
0.975208
0.975646
0.976083
0.976521
0.976958
0.977395
0.977833
0.978270
0.978708
0.979098
0.979489
0.979879
0.980270
0.980661
0.981051
0.981442
0.981832
0.982223
0.982613
0.983004
0.983395
0.983738
0.984081
0.984424
0.984768
0.985111
0.985454
0.985797
0.986141
0.986484
0.986827
0.987170
0.987514
0.987809
0.988104
0.988400
0.988695
0.988991
0.989286
0.989582
0.989877
0.990173
0.990468
0.990763
0.991059
0.991306
0.991553
0.991801
0.992048
0.992295
0.992542
0.992789
0.993037
0.993284
0.993531
0.993778
0.994025
0.994224
0.994422
0.994621
0.994819
0.995018
0.995216
0.995415
0.995613
0.995812
0.996010
0.996209
0.996407
0.996557
0.996706
0.996856
0.997005
0.997154
0.997304
0.997453
0.997603
0.997752
0.997901
0.998051
0.998200
0.998300
0.998400
0.998500
0.998600
0.998700
0.998800
0.998900
0.999000
0.999100
0.999199
0.999299
0.999399
0.999449
0.999499
0.999549
0.999600
0.999650
0.999700
0.999750
0.999800
0.999850
0.999900
0.999950
1.000000
1.000000
1.000000
1.000000
0.999999
0.999999
0.999999
0.999999
0.999999
0.999999
0.999999
0.999999
0.999998
0.999948
0.999897
0.999847
0.999796
0.999745
0.999695
0.999644
0.999594
0.999543
0.999492
0.999442
0.999391
0.999290
0.999188
0.999087
0.998986
0.998884
0.998783
0.998681
0.998580
0.998479
0.998377
0.998276
0.998175
0.998022
0.997870
0.997717
0.997565
0.997413
0.997260
0.997108
0.996956
0.996803
0.996651
0.996498
0.996346
0.996143
0.995939
0.995735
0.995532
0.995328
0.995125
0.994921
0.994718
0.994514
0.994311
0.994107
0.993903
0.993648
0.993394
0.993139
0.992884
0.992629
0.992374
0.992119
0.991864
0.991609
0.991354
0.991100
0.990845
0.990538
0.990232
0.989926
0.989619
0.989313
0.989007
0.988700
0.988394
0.988087
0.987781
0.987475
0.987168
0.986811
0.986453
0.986095
0.985737
0.985379
0.985021
0.984663
0.984306
0.983948
0.983590
0.983232
0.982874
0.982465
0.982055
0.981646
0.981237
0.980827
0.980418
0.980008
0.979599
0.979190
0.978780
0.978371
0.977961
0.977501
0.977040
0.976579
0.976118
0.975657
0.975196
0.974735
0.974274
0.973814
0.973353
0.972892
0.972431
0.971919
0.971406
0.970894
0.970382
0.969870
0.969357
0.968845
0.968333
0.967821
0.967308
0.966796
0.966284
0.965720
0.965157
0.964593
0.964030
0.963466
0.962903
0.962339
0.961776
0.961212
0.960649
0.960085
0.959521
0.958907
0.958292
0.957678
0.957063
0.956449
0.955834
0.955220
0.954605
0.953990
0.953376
0.952761
0.952147
0.951481
0.950816
0.950151
0.949485
0.948820
0.948155
0.947489
0.946824
0.946159
