30.477795
22.360034
13.718705
7.714174
4.275388
2.400772
1.850729
3.979263
11.786003
26.993714
44.119504
51.087661
41.890175
24.377097
10.304971
3.850558
2.538801
2.871358
2.809251
1.977870
0.993765
0.429379
0.430140
0.959841
1.819787
2.468844
2.366714
1.601140
0.764065
0.258114
0.072554
0.092987
0.413566
1.439948
3.526053
6.056505
7.296753
6.166158
3.654884
1.519482
0.443060
0.090605
0.012994
0.001307
0.000092
0.000005
0.000000
0.000000
0.000000
0.000000
0.000000
0.000000
0.000000
0.000000
0.000000
0.000000
0.000000
0.000000
0.000000
0.000000
0.000000
0.000000
0.000000
0.000000
0.000000
0.000000
0.000000
0.000000
0.000000
0.000000
0.000000
0.000000
0.000000
0.000000
0.000000
0.000000
0.000000
0.000000
0.000000
0.000000
0.000000
0.000000
0.000000
0.000000
0.000000
0.000000
0.000000
0.000000
0.000000
0.000000
0.000000
0.000000
0.000000
0.000000
0.000000
0.000000
0.000000
0.000000
0.000000
0.000000
0.000000
0.000000
0.000000
0.000000
0.000000
0.000000
0.000000
0.000000
0.000000
0.000000
0.000000
0.000000
0.000000
0.000000
0.000000
0.000000
0.000000
0.000000
0.000000
0.000000
0.000000
0.000000
0.000000
0.000006
0.000122
0.001795
0.018526
0.134102
0.680941
2.425938
6.064618
10.639924
13.102156
11.325957
6.873784
2.929341
0.876732
0.184316
0.027223
0.002826
0.000206
0.000011
0.000000
0.000000
0.000000
0.000000
0.000000
0.000000
0.000000
0.000000
0.000000
0.000000
0.000000
0.000000
0.000000
0.000000
0.000000
0.000000
0.000000
0.000000
0.000000
0.000000
0.000000
0.000000
0.000000
0.000000
0.000000
0.000000
0.000000
0.000000
0.000000
0.000000
0.000000
0.000000
0.000000
0.000000
0.000000
0.000000
0.000000
0.000000
0.000000
0.000000
0.000000
0.000000
0.000000
0.000000
0.000000
0.000000
0.000000
0.000000
0.000000
0.000000
0.000000
0.000000
0.000000
0.000000
0.000002
0.000053
0.000787
0.008219
0.060183
0.309043
1.112969
2.811208
4.980433
6.188954
5.394460
3.298045
1.414272
0.425363
0.089725
0.013273
0.001377
0.000100
0.000005
0.000000
0.000000
0.000000
0.000000
0.000000
0.000000
0.000000
0.000000
0.000000
0.000002
0.000050
0.000892
0.011178
0.098263
0.605731
2.618585
7.939298
16.882939
25.181399
26.344238
19.331531
9.949819
3.591855
0.909403
0.161473
0.020106
0.001755
0.000107
0.000005
0.000000
0.000000
0.000000
0.000000
0.000000
0.000000
0.000000
0.000000
0.000000
0.000000
0.000000
0.000000
0.000000
0.000000
0.000000
0.000000
0.000000
0.000000
0.000000
0.000000
0.000000
0.000000
0.000000
0.000000
0.000000
0.000000
0.000000
0.000000
0.000000
0.000000
0.000000
0.000000
0.000000
0.000000
0.000000
0.000000
0.000000
0.000000
0.000000
0.000000
0.000002
0.000055
0.001051
0.014216
0.135990
0.920236
4.407652
14.949864
35.925498
61.210019
74.064759
63.931085
39.859679
18.544003
6.907896
2.273236
0.687466
0.177913
0.035724
0.005244
0.000548
0.000040
0.000002
0.000000
0.000000
0.000000
0.000000
0.000000
0.000000
0.000000
0.000000
0.000000
0.000000
0.000000
0.000000
0.000000
0.000000
0.000000
0.000000
0.000006
0.000128
0.002009
0.022372
0.177145
1.004261
4.119118
12.429499
28.326242
50.672427
74.666261
94.635708
105.382051
103.869659
94.112636
86.941241
88.774158
91.906023
82.237393
57.373363
29.755043
11.264804
3.190682
0.871557
0.447507
0.378630
0.577867
2.227989
8.715116
25.114203
51.760078
76.459523
81.755625
64.766974
39.945008
20.751937
9.653095
3.935119
1.338652
0.468067
0.338508
0.369361
0.325855
0.204755
0.090379
0.027984
0.006077
0.000925
0.000099
0.000007
0.000000
0.000001
0.000010
0.000126
0.001137
0.007207
0.032031
0.100038
0.221635
0.366981
0.567362
1.196266
3.029125
6.365468
9.698212
10.424019
7.866509
4.164584
1.546432
0.402745
0.073560
0.009422
0.000846
0.000053
0.000002
0.000000
0.000000
0.000000
0.000000
0.000000
0.000000
0.000000
0.000000
0.000000
0.000000
0.000000
0.000000
0.000000
0.000000
0.000000
0.000000
0.000000
0.000000
0.000000
0.000000
0.000000
0.000000
0.000000
0.000000
0.000000
0.000000
0.000000
0.000000
0.000000
0.000000
0.000000
0.000000
0.000000
0.000000
0.000000
0.000000
0.000000
0.000000
0.000000
0.000000
0.000000
0.000000
0.000000
0.000000
0.000000
0.000000
0.000000
0.000000
0.000000
0.000000
0.000000
0.000000
0.000000
0.000000
0.000000
0.000000
0.000000
0.000000
0.000000
0.000000
0.000000
0.000000
0.000000
0.000000
0.000000
0.000000
0.000000
0.000000
0.000000
0.000000
0.000000
0.000000
0.000000
0.000000
0.000000
0.000000
0.000000
0.000000
0.000000
0.000000
0.000000
0.000000
0.000001
0.000024
0.000464
0.006268
0.059686
0.400538
1.895589
6.331785
14.950340
25.078589
30.520595
29.302721
27.908696
32.093277
37.135127
34.118989
22.761811
10.784990
3.612680
0.854921
0.142935
0.016887
0.001410
0.000083
0.000003
0.000000
0.000000
0.000000
0.000000
0.000000
0.000000
0.000000
0.000000
0.000000
0.000000
0.000000
0.000000
0.000000
0.000000
0.000000
0.000000
0.000000
0.000000
0.000000
0.000000
0.000000
0.000000
0.000000
0.000000
0.000000
0.000000
0.000000
0.000000
0.000000
0.000000
0.000000
0.000000
0.000000
0.000000
0.000000
0.000000
0.000000
0.000000
0.000000
0.000000
0.000000
0.000000
0.000000
0.000000
0.000000
0.000000
0.000000
0.000000
0.000000
0.000000
0.000000
0.000000
0.000000
0.000000
0.000000
0.000000
0.000000
0.000000
0.000000
0.000000
0.000000
0.000000
0.000000
0.000000
0.000000
0.000000
0.000000
0.000000
0.000000
0.000000
0.000000
0.000000
0.000000
0.000000
0.000000
0.000000
0.000000
0.000000
0.000000
0.000000
0.000000
0.000000
0.000000
0.000000
0.000000
0.000000
0.000000
0.000000
0.000000
0.000000
0.000000
0.000000
0.000000
0.000000
0.000000
0.000000
0.000000
0.000000
0.000000
0.000000
0.000000
0.000000
0.000000
0.000000
0.000000
0.000000
0.000000
0.000000
0.000000
0.000000
0.000000
0.000000
0.000000
0.000000
0.000000
0.000000
0.000000
0.000000
0.000000
0.000000
0.000000
0.000000
0.000000
0.000000
0.000000
0.000000
0.000000
0.000000
0.000000
0.000000
0.000000
0.000003
0.000061
0.000819
0.007761
0.051582
0.240436
0.785991
1.802116
2.898083
3.268976
2.586356
1.435276
0.558652
0.152506
0.029198
0.003920
0.000369
0.000024
0.000001
0.000000
0.000000
0.000000
0.000000
0.000009
0.000151
0.001712
0.013642
0.076243
0.298826
0.821446
1.583802
2.141892
2.031774
1.351864
0.630903
0.206513
0.047410
0.007633
0.000862
0.000068
0.000004
0.000000
0.000000
0.000000
0.000000
0.000000
0.000000
0.000000
0.000000
0.000000
0.000000
0.000000
0.000000
0.000000
0.000000
0.000000
0.000000
0.000000
0.000000
0.000000
0.000000
0.000000
0.000000
0.000000
0.000000
0.000000
0.000000
0.000000
0.000000
0.000000
0.000000
0.000000
0.000000
0.000000
0.000000
0.000000
0.000000
0.000000
0.000000
0.000000
0.000000
0.000000
0.000000
0.000000
0.000000
0.000000
0.000000
0.000000
0.000000
0.000000
0.000000
0.000000
0.000000
0.000000
0.000000
0.000000
0.000000
0.000000
0.000000
0.000001
0.000029
0.000402
0.003877
0.026240
0.124542
0.414570
0.967896
1.584984
1.820526
1.466721
0.828842
0.328518
0.091325
0.017805
0.002434
0.000233
0.000016
0.000001
0.000000
0.000000
0.000000
0.000000
0.000000
0.000000
0.000000
0.000000
0.000000
0.000000
0.000000
0.000000
0.000000
0.000000
0.000000
0.000000
0.000000
0.000000
0.000000
0.000000
0.000000
0.000000
0.000000
0.000000
0.000000
0.000000
0.000000
0.000000
0.000000
0.000000
0.000000
0.000000
0.000000
0.000000
0.000000
0.000002
0.000032
0.000395
0.003463
0.021447
0.093879
0.290484
0.635339
0.982069
1.072517
0.827221
0.450389
0.173009
0.046862
0.008945
0.001203
0.000114
0.000013
0.000074
0.000719
0.004927
0.023690
0.079878
0.188900
0.313337
0.364697
0.299383
0.185891
0.158156
0.381305
1.027607
2.031056
2.824765
2.757196
1.898191
0.994661
0.773310
1.809859
4.568712
8.445562
11.056220
10.224334
6.675101
3.075008
0.998979
0.228735
0.036891
0.004189
0.000335
0.000019
0.000001
0.000000
0.000000
0.000000
0.000000
0.000000
0.000000
0.000000
0.000000
0.000000
0.000000
0.000000
0.000000
0.000000
0.000000
0.000000
0.000000
0.000000
0.000000
0.000000
0.000000
0.000000
0.000000
0.000000
0.000000
0.000000
0.000000
0.000000
0.000001
0.000019
0.000223
0.001850
0.010743
0.043744
0.124921
0.250213
0.351523
0.346397
0.239426
0.116082
0.039600
0.010960
0.014438
0.075364
0.309551
0.901987
1.876499
2.830991
3.175498
2.734625
1.857210
0.999151
0.416803
0.130537
0.029848
0.004892
0.000569
0.000047
0.000018
0.000259
0.003085
0.025787
0.151284
0.623005
1.801323
3.657629
5.217068
5.228664
3.683152
1.824108
0.635377
0.155712
0.026859
0.003262
0.000279
0.000017
0.000001
0.000000
0.000000
0.000000
0.000000
0.000000
0.000000
0.000000
0.000000
0.000000
0.000000
0.000000
0.000000
0.000001
0.000025
0.000367
0.003809
0.028023
0.146381
0.544359
1.445397
2.747991
3.749925
3.679120
2.597033
1.318356
0.480577
0.125507
0.023418
0.003113
0.000570
0.000161
0.000041
