0.278078
0.270274
0.260905
0.252579
0.244514
0.236976
0.230082
0.225159
0.224332
0.218555
0.181950
0.167983
0.172132
0.170483
0.183703
0.184988
0.186930
0.204582
0.229386
0.244207
0.247339
0.271113
0.306592
0.318231
0.317405
0.325121
0.345633
0.365462
0.371627
0.366425
0.365987
0.366537
0.369751
0.362925
0.345149
0.339895
0.339724
0.333692
0.319118
0.307396
0.307675
0.284653
0.230078
0.190581
0.185236
0.184378
0.165506
0.138723
0.124801
0.124692
0.122273
0.106112
0.068636
0.073193
0.088943
0.108052
0.123095
0.137400
0.150287
0.164663
0.182408
0.201729
0.217314
0.222843
0.221902
0.216977
0.209570
0.203182
0.191672
0.180655
0.164398
0.145979
0.125235
0.115027
0.112361
0.113228
0.113902
0.116452
0.117001
0.116611
0.118157
0.122059
0.127984
0.132559
0.138230
0.144248
0.145629
0.141535
0.131913
0.122201
0.112371
0.103591
0.098581
0.101058
0.105197
0.108217
0.111013
0.112103
0.110782
0.107152
0.100792
0.095231
0.095192
0.097102
0.095553
0.092803
0.086832
0.079734
0.072248
0.066242
0.062605
0.057670
0.052967
0.049355
0.047503
0.046864
0.050583
0.054021
0.057350
0.056983
0.056763
0.062086
0.072425
0.081396
0.087709
0.090471
0.091390
0.092489
0.093651
0.094535
0.093696
0.089462
0.086383
0.095875
0.095947
0.115640
0.169697
0.202896
0.207062
0.216804
0.232378
0.236035
0.236677
0.237983
0.238698
0.255914
0.309094
0.350022
0.369717
0.387210
0.405863
0.409345
0.408270
0.403821
0.402862
0.398086
0.379484
0.365602
0.366291
0.356178
0.325172
0.302620
0.282211
0.253417
0.234771
0.233769
0.220233
0.205327
0.200949
0.195308
0.184898
0.185447
0.175974
0.161516
0.136119
0.114882
0.111843
0.111717
0.111471
0.113919
0.125223
0.141697
0.161879
0.172829
0.179884
0.182260
0.181569
0.180544
0.181616
0.187388
0.201496
0.208987
0.209248
0.200911
0.174261
0.148827
0.124919
0.121080
0.125181
0.133774
0.143198
0.145554
0.140578
0.141223
0.140532
0.139789
0.142146
0.148059
0.218129
0.326746
0.416655
0.471210
0.483685
0.484644
0.498377
0.527896
0.534894
0.531792
0.528090
0.523400
0.517566
0.512812
0.509514
0.503749
0.501799
0.508430
0.508961
0.511396
0.498149
0.452220
0.390245
0.356717
0.378689
0.399025
0.390826
0.342992
0.331672
0.334379
0.338290
0.340223
0.340355
0.341687
0.342495
0.341635
0.334806
0.315445
0.301400
0.284781
0.280137
0.279382
0.270091
0.239536
0.192774
0.162085
0.147954
0.146384
0.129650
0.121117
0.110128
0.152453
0.213517
0.256783
0.274998
0.277375
0.280682
0.294919
0.311997
0.313552
0.314672
0.318499
0.320757
0.321470
0.322764
0.323381
0.322265
0.320536
0.321261
0.319806
0.318217
0.299841
0.255770
0.196147
0.144098
0.124510
0.125795
0.118509
0.119698
0.151763
0.158337
0.168133
0.176421
0.177679
0.174276
0.174022
0.173072
0.185163
0.226190
0.261816
0.280105
0.295378
0.301327
0.301411
0.303034
0.311490
0.312798
0.312820
0.304213
0.287882
0.282669
0.265182
0.244577
0.231248
0.227444
0.226269
0.224067
0.223266
0.205803
0.184661
0.172334
0.159077
0.170976
0.182335
0.185961
0.165633
0.147218
0.133644
0.127966
0.127798
0.129426
0.140343
0.144623
0.144024
0.150082
0.148887
0.138954
0.125833
0.120216
0.116159
0.107266
0.107389
0.110908
0.110571
0.111428
0.120704
0.132284
0.133286
0.131668
0.161869
0.196031
0.214529
0.215334
0.215801
0.218515
0.217373
0.216412
0.215381
0.210998
0.210004
0.210773
0.213192
0.229893
0.232060
0.247051
0.258567
0.258869
0.263423
0.263651
0.259870
0.302057
0.311533
0.317821
0.330773
0.336626
0.344405
0.346827
0.349370
0.366599
0.380361
0.380307
0.379527
0.369416
0.373124
0.368293
0.356701
0.342406
0.328686
0.323483
0.322827
0.290816
0.276936
0.267176
0.240668
0.202197
0.144247
0.097405
0.089047
0.076744
0.062633
0.060504
0.059728
0.065267
0.067689
0.065062
0.064335
0.063163
0.057163
0.050659
0.048871
0.048846
0.048976
0.049903
0.051624
0.053550
0.055119
0.047830
