0.860988
0.618550
0.608050
0.891078
1.552097
2.695650
4.402594
6.671531
9.375612
12.265417
17.404156
20.515823
21.655599
20.716689
16.885293
10.877619
5.264466
1.861692
0.474120
0.086394
0.012601
0.013380
0.075050
0.320149
0.962012
2.035595
3.034723
3.189572
2.366957
1.257873
0.569167
0.556979
1.314994
2.990639
5.479173
7.870387
8.590021
6.908531
4.005594
1.652576
0.481702
0.098834
0.014247
0.001441
0.000102
0.000005
0.000000
0.000000
0.000000
0.000000
0.000000
0.000000
0.000000
0.000000
0.000000
0.000000
0.000000
0.000000
0.000000
0.000000
0.000000
0.000000
0.000000
0.000000
0.000000
0.000000
0.000000
0.000000
0.000000
0.000000
0.000000
0.000000
0.000000
0.000000
0.000000
0.000000
0.000000
0.000000
0.000000
0.000000
0.000000
0.000000
0.000000
0.000000
0.000000
0.000000
0.000000
0.000000
0.000000
0.000000
0.000000
0.000000
0.000000
0.000000
0.000000
0.000000
0.000000
0.000000
0.000000
0.000000
0.000000
0.000000
0.000000
0.000000
0.000000
0.000000
0.000000
0.000000
0.000000
0.000000
0.000000
0.000000
0.000000
0.000000
0.000000
0.000000
0.000000
0.000000
0.000000
0.000000
0.000000
0.000000
0.000000
0.000000
0.000000
0.000000
0.000000
0.000000
0.000000
0.000000
0.000000
0.000000
0.000000
0.000000
0.000000
0.000000
0.000000
0.000000
0.000000
0.000000
0.000000
0.000000
0.000000
0.000000
0.000000
0.000000
0.000000
0.000000
0.000000
0.000000
0.000000
0.000000
0.000000
0.000000
0.000000
0.000000
0.000000
0.000000
0.000000
0.000000
0.000000
0.000000
0.000000
0.000000
0.000000
0.000000
0.000000
0.000000
0.000000
0.000000
0.000000
0.000000
0.000000
0.000000
0.000000
0.000000
0.000000
0.000000
0.000000
0.000000
0.000000
0.000000
0.000000
0.000000
0.000000
0.000000
0.000000
0.000000
0.000000
0.000000
0.000000
0.000000
0.000000
0.000000
0.000000
0.000000
0.000000
0.000000
0.000000
0.000000
0.000000
0.000000
0.000000
0.000000
0.000000
0.000000
0.000000
0.000000
0.000000
0.000000
0.000001
0.000019
0.000356
0.004683
0.043234
0.279889
1.270698
4.045945
9.035289
14.152232
15.548116
11.981256
6.475796
2.454921
0.652703
0.121703
0.015913
0.001459
0.000094
0.000004
0.000000
0.000000
0.000001
0.000023
0.000308
0.002865
0.018712
0.085711
0.275346
0.620402
0.980478
1.086881
0.845099
0.460903
0.176310
0.047303
0.008900
0.001174
0.000109
0.000007
0.000000
0.000000
0.000000
0.000000
0.000000
0.000000
0.000000
0.000000
0.000000
0.000000
0.000000
0.000000
0.000000
0.000007
0.000094
0.000886
0.005865
0.027210
0.088540
0.202069
0.323464
0.363185
0.286029
0.158003
0.061219
0.016636
0.003170
0.000424
0.000040
0.000003
0.000000
0.000000
0.000000
0.000000
0.000000
0.000000
0.000000
0.000000
0.000000
0.000000
0.000000
0.000000
0.000000
0.000000
0.000000
0.000000
0.000000
0.000000
0.000000
0.000000
0.000000
0.000000
0.000000
0.000000
0.000000
0.000000
0.000000
0.000000
0.000000
0.000000
0.000000
0.000000
0.000000
0.000000
0.000000
0.000000
0.000000
0.000000
0.000000
0.000000
0.000000
0.000000
0.000000
0.000000
0.000000
0.000000
0.000000
0.000000
0.000000
0.000000
0.000000
0.000000
0.000000
0.000000
0.000000
0.000000
0.000000
0.000000
0.000000
0.000000
0.000000
0.000000
0.000000
0.000000
0.000000
0.000000
0.000000
0.000000
0.000001
0.000021
0.000292
0.002857
0.019612
0.094398
0.318657
0.754447
1.252838
1.459262
1.192192
0.683172
0.274582
0.077403
0.015302
0.002121
0.000207
0.000028
0.000233
0.002738
0.022600
0.130800
0.530923
1.511459
3.018032
4.226962
4.152568
2.861467
1.383046
0.468862
0.111479
0.018589
0.002174
0.000178
0.000010
0.000000
0.000000
0.000000
0.000000
0.000000
0.000000
0.000000
0.000000
0.000000
0.000000
0.000000
0.000000
0.000000
0.000000
0.000000
0.000000
0.000000
0.000000
0.000000
0.000000
0.000000
0.000000
0.000000
0.000000
0.000000
0.000000
0.000000
0.000000
0.000000
0.000000
0.000000
0.000000
