-0.000000
0.001742
0.003484
0.005227
0.006969
0.008711
0.010453
0.012195
0.013994
0.015797
0.017599
0.019402
0.021205
0.023007
0.024810
0.026613
0.028415
0.030218
0.032021
0.033823
0.035627
0.037431
0.039235
0.041038
0.042842
0.044646
0.046449
0.048253
0.050057
0.051861
0.053664
0.055468
0.057272
0.059075
0.060879
0.062682
0.064486
0.066289
0.068093
0.069897
0.071700
0.073504
0.075307
0.077111
0.078913
0.080715
0.082517
0.084319
0.086122
0.087924
0.089726
0.091528
0.093330
0.095132
0.096935
0.098737
0.100537
0.102336
0.104136
0.105935
0.107735
0.109535
0.111334
0.113134
0.114933
0.116733
0.118533
0.120332
0.122128
0.123924
0.125720
0.127516
0.129312
0.131108
0.132904
0.134700
0.136496
0.138292
0.140087
0.141883
0.143675
0.145466
0.147257
0.149048
0.150839
0.152630
0.154422
0.156213
0.158004
0.159795
0.161586
0.163377
0.165163
0.166948
0.168733
0.170519
0.172304
0.174089
0.175874
0.177660
0.179445
0.181230
0.183015
0.184801
0.186579
0.188358
0.190136
0.191914
0.193693
0.195471
0.197250
0.199028
0.200806
0.202585
0.204363
0.206141
0.207912
0.209683
0.211453
0.213224
0.214994
0.216764
0.218535
0.220305
0.222076
0.223846
0.225617
0.227387
0.229149
0.230911
0.232672
0.234434
0.236195
0.237957
0.239719
0.241480
0.243242
0.245003
0.246765
0.248526
0.250279
0.252030
0.253782
0.255534
0.257285
0.259037
0.260789
0.262541
0.264292
0.266044
0.267796
0.269547
0.271289
0.273030
0.274771
0.276512
0.278253
0.279994
0.281735
0.283476
0.285217
0.286957
0.288698
0.290439
0.292169
0.293899
0.295628
0.297357
0.299087
0.300816
0.302545
0.304274
0.306004
0.307733
0.309462
0.311191
0.312909
0.314626
0.316342
0.318059
0.319776
0.321493
0.323209
0.324926
0.326643
0.328360
0.330076
0.331793
0.333497
0.335201
0.336904
0.338607
0.340311
0.342014
0.343717
0.345421
0.347124
0.348828
0.350531
0.352234
0.353924
0.355614
0.357303
0.358992
0.360681
0.362370
0.364059
0.365748
0.367438
0.369127
0.370816
0.372505
0.374180
0.375854
0.377528
0.379203
0.380877
0.382551
0.384225
0.385899
0.387573
0.389247
0.390921
0.392596
0.394255
0.395913
0.397572
0.399230
0.400888
0.402547
0.404205
0.405863
0.407522
0.409180
0.410838
0.412497
0.414140
0.415781
0.417423
0.419065
0.420707
0.422349
0.423990
0.425632
0.427274
0.428916
0.430557
0.432199
0.433825
0.435449
0.437074
0.438698
0.440323
0.441947
0.443572
0.445196
0.446821
0.448445
0.450070
0.451694
0.453302
0.454908
0.456515
0.458121
0.459728
0.461334
0.462941
0.464547
0.466154
0.467760
0.469366
0.470973
0.472562
0.474150
0.475737
0.477325
0.478913
0.480500
0.482088
0.483676
0.485264
0.486851
0.488439
0.490027
0.491596
0.493165
0.494733
0.496301
0.497870
0.499438
0.501006
0.502574
0.504143
0.505711
0.507279
0.508848
0.510397
0.511945
0.513493
0.515042
0.516590
0.518138
0.519686
0.521234
0.522783
0.524331
0.525879
0.527427
0.528956
0.530483
0.532011
0.533538
0.535065
0.536593
0.538120
0.539648
0.541175
0.542702
0.544230
0.545757
0.547265
0.548771
0.550277
0.551783
0.553288
0.554794
0.556300
0.557806
0.559312
0.560818
0.562324
0.563830
0.565316
0.566800
0.568283
0.569767
0.571251
0.572735
0.574219
0.575703
0.577187
0.578671
0.580155
0.581638
0.583101
0.584562
0.586024
0.587485
0.588946
0.590407
0.591868
0.593329
0.594791
0.596252
0.597713
0.599174
0.600614
0.602051
0.603489
0.604927
0.606365
0.607803
0.609241
0.610679
0.612116
0.613554
0.614992
0.616430
0.617846
0.619259
0.620673
0.622087
0.623501
0.624915
0.626329
0.627743
0.629157
0.630571
0.631985
0.633399
0.634790
0.636179
0.637568
0.638958
0.640347
0.641736
0.643126
0.644515
0.645905
0.647294
0.648683
0.650073
0.651439
0.652803
0.654167
0.655531
0.656895
0.658260
0.659624
0.660988
0.662352
0.663717
0.665081
0.666445
0.667785
0.669124
0.670462
0.671801
0.673139
0.674478
0.675816
0.677155
0.678493
0.679832
0.681170
