22.839091
17.865457
13.468902
10.318118
7.935568
7.229615
9.370617
13.073852
14.781490
12.392976
7.559579
3.359141
1.180743
0.611904
0.832268
1.221116
1.356088
1.112935
0.681833
0.314406
0.111863
0.049337
0.104901
0.328398
0.761390
1.249115
1.446619
1.181971
0.680963
0.276479
0.079064
0.015916
0.002254
0.000225
0.000016
0.000001
0.000000
0.000000
0.000000
0.000000
0.000000
0.000000
0.000000
0.000000
0.000000
0.000000
0.000000
0.000000
0.000000
0.000000
0.000000
0.000000
0.000000
0.000000
0.000000
0.000000
0.000000
0.000000
0.000000
0.000000
0.000000
0.000000
0.000000
0.000000
0.000000
0.000000
0.000000
0.000000
0.000000
0.000000
0.000000
0.000000
0.000000
0.000000
0.000000
0.000000
0.000000
0.000000
0.000000
0.000000
0.000000
0.000000
0.000000
0.000000
0.000000
0.000000
0.000000
0.000000
0.000000
0.000000
0.000000
0.000000
0.000000
0.000000
0.000000
0.000000
0.000000
0.000000
0.000000
0.000000
0.000001
0.000018
0.000271
0.002883
0.021751
0.117369
0.459537
1.333814
2.945199
5.053032
6.767139
6.970369
5.387029
3.051445
1.245501
0.362429
0.074717
0.010873
0.001115
0.000080
0.000004
0.000000
0.000000
0.000000
0.000000
0.000000
0.000000
0.000000
0.000000
0.000000
0.000000
0.000000
0.000000
0.000000
0.000000
0.000000
0.000000
0.000000
0.000000
0.000000
0.000005
0.000086
0.001094
0.009763
0.061096
0.268122
0.825238
1.781448
2.697308
2.864572
2.133843
1.114911
0.408827
0.107398
0.033947
0.068543
0.204539
0.442678
0.672661
0.716967
0.536025
0.281091
0.103389
0.026671
0.004825
0.000612
0.000054
0.000003
0.000000
0.000000
0.000000
0.000000
0.000000
0.000000
0.000001
0.000015
0.000232
0.002604
0.020629
0.115324
0.455192
1.269179
2.500731
3.482898
3.429267
2.386964
1.174391
0.408304
0.100275
0.017387
0.002127
0.000184
0.000011
0.000000
0.000000
0.000000
0.000000
0.000000
0.000000
0.000000
0.000000
0.000000
0.000000
0.000000
0.000000
0.000000
0.000000
0.000000
0.000000
0.000000
0.000000
0.000000
0.000000
0.000000
0.000000
0.000000
0.000000
0.000000
0.000000
0.000000
0.000000
0.000000
0.000000
0.000000
0.000000
0.000000
0.000000
0.000000
0.000000
0.000000
0.000000
0.000003
0.000068
0.001072
0.011809
0.091231
0.494256
1.877889
5.004074
9.352620
12.260588
11.273613
7.270880
3.289074
1.043535
0.232201
0.036234
0.003965
0.000304
0.000016
0.000001
0.000000
0.000000
0.000000
0.000000
0.000000
0.000000
0.000000
0.000000
0.000000
0.000000
0.000000
0.000000
0.000001
0.000029
0.000463
0.005166
0.040375
0.221298
0.850638
2.293237
4.336198
5.750930
5.349850
3.490745
1.597565
0.512799
0.115441
0.018225
0.002018
0.000157
0.000009
0.000016
0.000249
0.002789
0.021940
0.121035
0.468268
1.270636
2.418309
3.228345
3.023018
1.986590
0.927108
0.392485
0.598164
2.055238
5.528048
10.490594
13.979739
13.077633
8.586805
3.956868
1.279483
0.290285
0.046202
0.005158
0.000404
0.000022
0.000001
0.000000
0.000000
0.000000
0.000000
0.000000
0.000000
0.000000
0.000000
0.000000
0.000000
0.000000
0.000000
0.000000
0.000000
0.000000
0.000000
0.000000
0.000000
0.000000
0.000000
0.000000
0.000000
0.000000
0.000000
0.000000
0.000000
0.000000
0.000000
0.000000
0.000000
0.000000
0.000000
0.000001
0.000027
0.000393
0.004025
0.029492
0.155338
0.590349
1.622687
3.227888
4.640810
4.808379
3.576319
1.901346
0.719630
0.193212
0.036691
0.004917
0.000464
0.000031
0.000001
0.000000
0.000000
0.000000
0.000000
0.000000
0.000000
0.000000
0.000000
0.000000
0.000000
0.000000
0.000000
0.000000
0.000000
0.000000
0.000000
0.000001
0.000018
0.000310
0.003674
0.030658
0.180117
0.745402
2.174233
4.472558
6.492077
6.652950
4.815561
2.463200
0.893839
0.252238
0.160103
0.406116
0.947426
1.569014
1.823421
1.486400
0.849888
0.340842
0.095872
0.018912
0.002616
0.000254
0.000017
0.000001
0.000000
0.000000
0.000000
0.000000
0.000000
0.000009
0.000173
0.002392
0.023199
0.158127
0.757394
2.548715
6.024460
10.000786
11.657262
9.539760
5.480140
2.209510
0.625155
0.124110
0.017300
0.001983
0.004279
0.041249
0.286483
1.395517
4.767478
11.423107
19.197272
22.628985
18.709585
10.850075
4.413260
1.259001
0.251888
0.035340
0.003477
0.000240
0.000012
0.000000
0.000000
0.000000
0.000000
0.000000
0.000000
0.000000
0.000000
0.000000
0.000000
0.000000
0.000000
0.000000
0.000000
0.000000
0.000000
0.000000
0.000000
0.000000
0.000000
0.000000
0.000000
0.000000
0.000000
0.000002
0.000052
0.000888
0.010731
0.091019
0.542024
2.266884
6.660371
13.752112
19.961615
20.377051
14.634859
7.401224
2.662934
0.836474
0.849116
2.150240
4.369299
6.266295
6.305348
4.450362
2.203218
0.765035
0.186314
0.031821
0.003811
0.000320
0.000019
0.000001
0.000000
0.000000
0.000000
0.000000
0.000000
0.000000
0.000000
0.000000
0.000000
0.000000
0.000000
0.000000
0.000000
0.000000
0.000000
0.000000
0.000000
0.000000
0.000000
0.000000
0.000000
0.000000
0.000000
0.000000
0.000000
0.000000
0.000000
0.000000
0.000000
0.000000
0.000000
0.000000
0.000000
0.000000
0.000000
0.000000
0.000000
0.000000
0.000000
0.000000
0.000000
0.000000
0.000000
0.000000
0.000000
0.000000
0.000000
0.000000
0.000000
0.000000
0.000000
0.000000
0.000000
0.000000
0.000000
0.000000
0.000000
0.000000
0.000000
0.000000
0.000000
0.000000
0.000000
0.000000
0.000000
0.000000
0.000000
0.000009
0.000190
0.002736
0.027699
0.197426
0.990319
3.494695
8.672700
15.131077
18.553709
15.987835
9.702614
4.290562
2.001359
2.604835
5.033563
7.467441
7.830701
5.770546
2.987696
1.087061
0.278026
0.049999
0.006324
0.000563
0.000035
0.000002
0.000000
0.000003
0.000047
0.000597
0.005285
0.032965
0.145531
0.458779
1.049247
1.785398
2.334305
2.408165
1.967777
1.246051
0.591986
0.205242
0.050990
0.008983
0.001116
0.000101
0.000075
0.001045
0.011068
0.082222
0.428353
1.565078
4.010670
7.208824
9.088461
8.037115
4.985547
2.172421
0.692773
0.334668
0.866356
2.597223
5.588888
8.442195
8.944792
6.647520
3.465109
1.266859
0.324843
0.058415
0.007366
0.000651
0.000040
0.000002
0.000000
0.000000
0.000000
0.000000
0.000000
0.000000
0.000000
0.000000
0.000000
0.000001
0.000012
0.000189
0.002032
0.015310
0.080886
0.299867
0.781657
1.445685
1.976544
2.336814
3.264153
5.561840
8.543482
9.959891
8.399383
5.057804
2.163074
0.654797
0.139951
0.021079
0.002234
0.000166
0.000009
0.000000
0.000000
0.000000
0.000000
0.000000
0.000000
0.000000
0.000000
0.000000
0.000000
0.000000
0.000000
0.000000
0.000000
0.000000
0.000000
0.000000
0.000000
0.000000
0.000000
0.000000
0.000000
0.000000
0.000000
0.000002
0.000035
0.000462
0.004226
0.027122
0.122070
0.385327
0.853104
1.324776
1.442980
1.102446
0.590783
0.222055
0.058537
0.010822
0.001403
0.000128
0.000008
0.000000
0.000000
0.000000
0.000000
0.000000
0.000000
0.000000
0.000000
0.000000
0.000000
0.000000
0.000000
0.000000
0.000000
0.000000
0.000000
0.000000
0.000000
0.000000
0.000000
0.000000
0.000000
0.000000
0.000000
0.000000
0.000000
0.000000
0.000000
0.000000
0.000001
0.000015
0.000206
0.001915
0.012502
0.057237
0.183782
0.413890
0.653788
0.724384
0.562966
0.306882
0.117335
0.031465
0.005918
0.000780
0.000072
0.000005
0.000000
0.000000
0.000000
0.000000
0.000000
0.000000
0.000000
0.000000
0.000000
0.000000
0.000000
0.000000
0.000000
0.000000
0.000000
0.000000
0.000000
0.000000
0.000000
0.000000
0.000000
0.000000
0.000000
0.000000
0.000000
0.000000
0.000000
0.000000
0.000006
0.000111
0.001557
0.015417
0.107678
0.530947
1.849140
4.550540
7.915124
9.732553
8.460252
5.198532
2.257435
0.692519
0.150015
0.022960
0.002828
0.003562
0.022519
0.105325
0.345642
0.795567
1.284396
1.454461
1.155285
0.643658
0.251529
0.068940
0.013252
0.001786
0.000169
0.000011
0.000001
0.000000
0.000000
0.000000
0.000000
0.000000
0.000000
0.000000
0.000000
0.000000
0.000000
0.000000
0.000000
0.000000
0.000000
0.000000
0.000000
0.000000
0.000000
0.000000
0.000000
0.000000
0.000000
0.000000
0.000000
0.000000
0.000000
0.000000
0.000000
0.000000
0.000000
0.000000
0.000000
0.000000
0.000000
0.000000
0.000000
0.000000
0.000000
0.000000
0.000000
0.000000
0.000000
0.000000
0.000000
0.000000
0.000000
0.000000
0.000000
0.000000
0.000015
0.000301
0.004196
0.041081
0.282260
1.361229
4.608766
10.957564
18.299058
21.470658
17.704709
10.263453
4.184122
1.199989
0.242203
0.034418
0.003445
0.000243
0.000012
0.000000
0.000000
0.000000
0.000000
0.000000
0.000000
0.000000
0.000000
0.000002
0.000036
0.000603
0.007095
0.058530
0.338591
1.373673
3.908704
7.800884
10.920208
10.722622
7.385054
3.567643
1.208841
0.287281
0.048020
0.007522
0.018817
0.123325
0.583361
1.943468
4.557172
7.518203
8.723017
7.115377
4.079083
1.642953
0.464793
0.092330
0.012876
0.001260
0.000087
0.000004
0.000000
0.000000
0.000000
0.000000
0.000000
0.000007
0.000143
0.002030
0.020272
0.141961
0.697173
2.401251
5.800766
9.828831
11.681485
9.738170
6.802063
4.774159
3.066515
1.802551
0.969741
0.477751
0.216486
0.093164
0.035324
