-0.000000
0.001605
0.003211
0.004816
0.006422
0.008027
0.009633
0.011296
0.012959
0.014623
0.016286
0.017950
0.019613
0.021277
0.022940
0.024604
0.026267
0.027930
0.029594
0.031263
0.032932
0.034601
0.036270
0.037939
0.039608
0.041276
0.042945
0.044614
0.046283
0.047952
0.049621
0.051294
0.052967
0.054641
0.056314
0.057987
0.059660
0.061333
0.063006
0.064680
0.066353
0.068026
0.069699
0.071375
0.073051
0.074727
0.076404
0.078080
0.079756
0.081432
0.083108
0.084784
0.086461
0.088137
0.089813
0.091491
0.093169
0.094847
0.096525
0.098203
0.099880
0.101558
0.103236
0.104914
0.106592
0.108270
0.109948
0.111627
0.113305
0.114984
0.116662
0.118341
0.120019
0.121698
0.123377
0.125055
0.126734
0.128412
0.130091
0.131769
0.133447
0.135125
0.136803
0.138481
0.140159
0.141837
0.143515
0.145193
0.146871
0.148549
0.150227
0.151904
0.153580
0.155256
0.156933
0.158609
0.160286
0.161962
0.163639
0.165315
0.166991
0.168668
0.170344
0.172018
0.173692
0.175365
0.177039
0.178713
0.180386
0.182060
0.183734
0.185407
0.187081
0.188755
0.190428
0.192098
0.193768
0.195438
0.197108
0.198778
0.200448
0.202118
0.203788
0.205458
0.207128
0.208798
0.210468
0.212133
0.213798
0.215463
0.217128
0.218794
0.220459
0.222124
0.223789
0.225454
0.227119
0.228784
0.230450
0.232109
0.233768
0.235428
0.237087
0.238747
0.240406
0.242065
0.243725
0.245384
0.247044
0.248703
0.250362
0.252015
0.253668
0.255320
0.256973
0.258626
0.260278
0.261931
0.263584
0.265236
0.266889
0.268542
0.270194
0.271839
0.273484
0.275129
0.276774
0.278419
0.280064
0.281709
0.283354
0.284999
0.286644
0.288289
0.289934
0.291571
0.293207
0.294844
0.296480
0.298117
0.299753
0.301389
0.303026
0.304662
0.306299
0.307935
0.309572
0.311199
0.312825
0.314452
0.316079
0.317706
0.319333
0.320960
0.322587
0.324214
0.325841
0.327468
0.329095
0.330712
0.332329
0.333945
0.335562
0.337179
0.338795
0.340412
0.342029
0.343645
0.345262
0.346879
0.348495
0.350101
0.351706
0.353312
0.354918
0.356523
0.358129
0.359734
0.361340
0.362945
0.364551
0.366156
0.367762
0.369355
0.370949
0.372543
0.374136
0.375730
0.377323
0.378917
0.380511
0.382104
0.383698
0.385291
0.386885
0.388466
0.390047
0.391627
0.393208
0.394789
0.396370
0.397951
0.399532
0.401113
0.402693
0.404274
0.405855
0.407422
0.408990
0.410557
0.412124
0.413692
0.415259
0.416827
0.418394
0.419961
0.421529
0.423096
0.424663
0.426216
0.427769
0.429323
0.430876
0.432429
0.433982
0.435535
0.437088
0.438641
0.440194
0.441747
0.443300
0.444839
0.446377
0.447915
0.449453
0.450991
0.452529
0.454067
0.455605
0.457144
0.458682
0.460220
0.461758
0.463280
0.464803
0.466325
0.467848
0.469370
0.470893
0.472415
0.473937
0.475460
0.476982
0.478505
0.480027
0.481533
0.483039
0.484545
0.486051
0.487558
0.489064
0.490570
0.492076
0.493582
0.495088
0.496594
0.498100
0.499589
0.501078
0.502567
0.504056
0.505545
0.507034
0.508523
0.510012
0.511501
0.512990
0.514479
0.515968
0.517439
0.518911
0.520382
0.521853
0.523324
0.524796
0.526267
0.527738
0.529210
0.530681
0.532152
0.533623
0.535076
0.536529
0.537982
0.539435
0.540888
0.542341
0.543794
0.545247
0.546700
0.548153
0.549606
0.551058
0.552492
0.553926
0.555360
0.556794
0.558228
0.559662
0.561096
0.562530
0.563964
0.565398
0.566832
0.568266
0.569680
0.571094
0.572508
0.573923
0.575337
0.576751
0.578166
0.579580
0.580994
0.582408
0.583823
0.585237
0.586631
0.588025
0.589419
0.590813
0.592207
0.593601
0.594995
0.596390
0.597784
0.599178
0.600572
0.601966
0.603339
0.604712
0.606085
0.607459
0.608832
0.610205
0.611578
0.612952
0.614325
0.615698
0.617071
0.618444
0.619796
0.621148
0.622500
0.623852
0.625203
0.626555
0.627907
0.629259
0.630611
0.631962
0.633314
0.634666
0.635996
0.637326
0.638655
0.639985
0.641315
0.642645
0.643975
0.645304
0.646634
0.647964
0.649294
0.650624
0.651931
0.653238
0.654545
0.655852
0.657160
0.658467
0.659774
0.661081
0.662388
0.663696
0.665003
0.666310
0.667594
0.668878
0.670162
0.671446
0.672730
0.674014
0.675299
0.676583
0.677867
0.679151
0.680435
0.681719
0.682979
0.684240
0.685500
0.686760
0.688021
0.689281
0.690541
0.691802
0.693062
0.694322
0.695583
0.696843
0.698079
0.699315
0.700551
0.701788
0.703024
0.704260
0.705496
0.706732
0.707968
0.709204
0.710440
0.711676
0.712888
0.714099
0.715310
0.716522
0.717733
0.718944
0.720155
0.721367
0.722578
0.723789
0.725001
0.726212
0.727398
0.728584
0.729770
0.730956
0.732142
0.733328
0.734514
0.735700
0.736885
0.738071
0.739257
0.740443
0.741603
0.742763
0.743924
0.745084
0.746244
0.747404
0.748564
0.749724
0.750884
0.752044
0.753204
0.754364
0.755498
0.756632
0.757765
0.758899
0.760033
0.761166
0.762300
0.763434
0.764567
0.765701
0.766835
0.767968
0.769075
0.770182
0.771288
0.772395
0.773502
0.774609
0.775715
0.776822
0.777929
0.779035
0.780142
0.781249
0.782328
0.783407
0.784487
0.785566
0.786645
0.787724
0.788804
0.789883
0.790962
0.792042
0.793121
0.794200
0.795251
0.796303
0.797354
0.798405
0.799457
0.800508
0.801559
0.802610
0.803662
0.804713
0.805764
0.806816
0.807838
0.808861
0.809884
0.810907
0.811929
0.812952
0.813975
0.814998
0.816021
0.817043
0.818066
0.819089
0.820083
0.821077
0.822070
0.823064
0.824058
0.825052
0.826045
0.827039
0.828033
0.829027
0.830021
0.831014
0.831979
0.832943
0.833907
0.834871
0.835836
0.836800
0.837764
0.838728
0.839693
0.840657
0.841621
0.842585
0.843520
0.844454
0.845388
0.846322
0.847256
0.848191
0.849125
0.850059
0.850993
0.851928
0.852862
0.853796
0.854700
0.855603
0.856507
0.857411
0.858315
0.859218
0.860122
0.861026
0.861929
0.862833
0.863737
0.864640
0.865513
0.866386
0.867258
0.868131
0.869004
0.869876
0.870749
0.871622
0.872494
0.873367
0.874240
0.875112
0.875953
0.876794
0.877635
0.878477
0.879318
0.880159
0.881000
0.881841
0.882682
0.883523
0.884364
0.885206
0.886015
0.886824
0.887633
0.888442
0.889251
0.890060
0.890869
0.891678
0.892487
0.893296
0.894105
0.894914
0.895691
0.896468
0.897244
0.898021
0.898797
0.899574
0.900350
0.901127
0.901903
0.902680
0.903456
0.904233
0.904976
0.905720
0.906463
0.907207
0.907951
0.908694
0.909438
0.910181
0.910925
0.911668
0.912412
0.913155
0.913865
0.914575
0.915285
0.915995
0.916705
0.917415
0.918125
0.918835
0.919545
0.920255
0.920965
0.921675
0.922351
0.923027
0.923703
0.924379
0.925055
0.925731
0.926407
0.927083
0.927759
0.928435
0.929111
0.929787
0.930429
0.931070
0.931712
0.932354
0.932995
0.933637
0.934278
0.934920
0.935561
0.936203
0.936844
0.937486
0.938092
0.938699
0.939305
0.939912
0.940519
0.941125
0.941732
0.942338
0.942945
0.943552
0.944158
0.944765
0.945336
0.945907
0.946478
0.947049
0.947620
0.948192
0.948763
0.949334
0.949905
0.950476
0.951047
0.951618
0.952154
0.952689
0.953224
0.953760
0.954295
0.954830
0.955365
0.955901
0.956436
0.956971
0.957506
0.958042
0.958541
0.959039
0.959538
0.960037
0.960536
0.961035
0.961534
0.962033
0.962532
0.963031
0.963530
0.964028
0.964491
0.964953
0.965415
0.965877
0.966339
0.966801
0.967263
0.967725
0.968187
0.968650
0.969112
0.969574
0.969999
0.970423
0.970848
0.971273
0.971698
0.972123
0.972548
0.972973
0.973398
0.973822
0.974247
0.974672
0.975059
0.975446
0.975834
0.976221
0.976608
0.976995
0.977382
0.977770
0.978157
0.978544
0.978931
0.979318
0.979667
0.980016
0.980366
0.980715
0.981064
0.981413
0.981762
0.982111
0.982460
0.982809
0.983158
0.983507
0.983818
0.984128
0.984439
0.984749
0.985060
0.985371
0.985681
0.985992
0.986302
0.986613
0.986923
0.987234
0.987506
0.987777
0.988049
0.988320
0.988592
0.988864
0.989135
0.989407
0.989679
0.989950
0.990222
0.990494
0.990726
0.990958
0.991191
0.991423
0.991655
0.991888
0.992120
0.992352
0.992585
0.992817
0.993049
0.993282
0.993474
0.993667
0.993860
0.994052
0.994245
0.994438
0.994630
0.994823
0.995016
0.995208
0.995401
0.995594
0.995746
0.995899
0.996052
0.996204
0.996357
0.996510
0.996662
0.996815
0.996968
0.997120
0.997273
0.997426
0.997538
0.997650
0.997762
0.997875
0.997987
0.998099
0.998212
0.998324
0.998436
0.998548
0.998661
0.998773
0.998845
0.998916
0.998988
0.999059
0.999131
0.999203
0.999274
0.999346
0.999417
0.999489
0.999561
0.999632
0.999663
0.999694
0.999724
0.999755
0.999785
0.999816
0.999847
0.999877
0.999908
0.999939
0.999969
1.000000
0.999989
0.999979
0.999968
0.999958
0.999947
0.999936
0.999926
0.999915
0.999905
0.999894
0.999884
0.999873
0.999821
0.999769
0.999717
0.999665
0.999613
0.999561
0.999509
0.999456
0.999404
0.999352
0.999300
0.999248
0.999154
0.999061
0.998967
0.998873
0.998779
0.998686
0.998592
0.998498
0.998404
0.998311
0.998217
0.998123
0.997988
0.997852
0.997716
0.997581
0.997445
0.997309
0.997174
0.997038
0.996903
0.996767
0.996631
0.996496
0.996318
0.996140
0.995963
0.995785
0.995607
0.995430
0.995252
0.995075
0.994897
0.994719
0.994542
0.994364
0.994144
0.993924
0.993705
