1.085224
1.024300
0.989703
1.079843
1.206577
1.233137
1.233554
1.244525
1.244966
1.227072
1.222483
1.222455
1.183766
1.123098
1.027603
0.994404
0.987610
0.982668
0.983480
0.982920
0.973724
0.972188
0.979790
0.945819
0.880024
0.873879
0.852101
0.759113
0.613928
0.506386
0.484072
0.469123
0.407472
0.299524
0.267494
0.264425
0.242421
0.214221
0.183572
0.169615
0.168759
0.144050
0.103176
0.108531
0.102924
0.098291
0.094811
0.094051
0.094592
0.101778
0.108814
0.111099
0.105459
0.102857
0.096625
0.094287
0.090187
0.087162
0.101974
0.103612
0.101700
0.101331
0.101212
0.100693
0.100510
0.098149
0.097967
0.090962
0.085783
0.086466
0.087965
0.093524
0.097903
0.096442
0.088930
0.081258
0.081771
0.083090
0.078901
0.078693
0.085686
0.088316
0.088070
0.083687
0.080552
0.080241
0.079812
0.081803
0.084309
0.084916
0.085895
0.083380
0.076684
0.075184
0.081603
0.091495
0.096024
0.096548
0.098895
0.098840
0.103985
0.131270
0.150649
0.157064
0.153692
0.148372
0.148224
0.151119
0.154151
0.156715
0.157695
0.158657
0.154884
0.154102
0.159837
0.167784
0.174614
0.175290
0.163860
0.171046
0.177473
0.172093
0.164275
0.160491
0.160625
0.163586
0.157674
0.152517
0.151030
0.149757
0.147093
0.142550
0.142243
0.140405
0.142029
0.139492
0.130739
0.184921
0.296790
0.373321
0.436068
0.471908
0.480075
0.478716
0.482845
0.474651
0.471291
0.473726
0.497796
0.536118
0.567773
0.561787
0.542596
0.541305
0.567008
0.552882
0.538701
0.545695
0.556920
0.578562
0.594656
0.595500
0.599117
0.604031
0.604493
0.605369
0.606624
0.600161
0.560379
0.482836
0.402987
0.318846
0.294173
0.325022
0.379858
0.432507
0.466545
0.471209
0.478123
0.499274
0.488585
0.488479
0.500414
0.512439
0.516084
0.517866
0.518716
0.518867
0.519310
0.519321
0.494753
0.481166
0.479463
0.459618
0.409906
0.325443
0.215901
0.154473
0.145524
0.102670
0.105707
0.115114
0.109218
0.094236
0.091494
0.092549
0.096213
0.102345
0.107303
0.108150
0.108540
0.109367
0.111859
0.112387
0.111143
0.111400
0.116745
0.121016
0.122057
0.122056
0.118657
0.108220
0.092179
0.083333
0.078285
0.079540
0.082867
0.164771
0.189163
0.212978
0.301208
0.403155
0.482455
0.515317
0.516640
0.535403
0.568064
0.568908
0.568967
0.569623
0.569376
0.571145
0.575813
0.581215
0.585221
0.586616
0.586106
0.559941
0.544687
0.546565
0.517430
0.442824
0.328271
0.241965
0.248297
0.270399
0.266383
0.304643
0.338661
0.372348
0.445257
0.549835
0.622539
0.630469
0.619637
0.603192
0.598054
0.627187
0.640518
0.618875
0.593421
0.570710
0.555100
0.550627
0.548218
0.556403
0.564738
0.572022
0.574190
0.572616
0.552348
0.487901
0.398448
0.356092
0.333721
0.360460
0.484407
0.501925
0.495883
0.545692
0.641386
0.720099
0.739243
0.738833
0.798679
0.857002
0.864487
0.868167
0.872636
0.875448
0.876908
0.883163
0.891698
0.897157
0.900888
0.900946
0.862451
0.851011
0.846512
0.794992
0.661677
0.461312
0.283390
0.239901
0.201206
0.119137
0.116242
0.105557
0.112730
0.127543
0.222055
0.326864
0.395099
0.419397
0.418114
0.425192
0.450751
0.471255
0.471914
0.473030
0.474344
0.475549
0.477706
0.480525
0.482098
0.482617
0.481151
0.490813
0.542900
0.566998
0.560887
0.628586
0.778206
0.916702
0.997856
1.011222
0.997082
0.990443
0.986178
0.980493
0.974684
0.972035
0.973664
0.975513
0.974196
0.971769
0.969264
0.954958
0.894894
0.853921
0.857690
0.823876
0.701884
0.515299
0.315358
0.191364
0.182336
0.172170
0.170544
0.159702
0.157348
0.157403
0.151987
0.205874
0.321042
0.343227
0.461568
0.707569
0.937518
1.094450
1.145746
1.142185
1.188354
1.247021
1.259746
1.262791
1.265469
1.267343
1.268445
1.268384
1.267584
1.266579
1.268455
1.258092
1.222290
1.216035
1.199848
1.096643
0.906246
0.673161
0.537743
0.549017
0.523704
0.447617
0.435085
0.439099
0.442095
0.439938
0.437968
0.435312
0.429443
0.422935
0.398888
0.362467
0.323597
0.305137
0.299626
0.290029
0.297395
0.315600
0.326745
0.329411
0.327753
0.351581
0.367280
0.369048
0.366770
0.364530
0.374065
0.392280
0.400134
0.400975
0.402906
0.403560
0.400362
0.380212
0.356985
0.359450
0.358922
0.334734
0.318391
0.342927
0.396445
0.417827
0.403900
0.389652
0.388628
0.393857
0.402975
0.403542
0.415925
0.430209
0.437453
0.444529
0.448011
0.450366
0.454253
0.453189
0.449173
0.448930
0.441465
0.414734
0.350281
0.240356
0.153733
0.139954
0.141121
0.173197
0.303325
0.465003
0.574690
0.631748
0.637364
0.629954
0.646706
0.709172
0.718281
0.718067
0.718498
0.720349
0.723442
0.718390
0.705957
0.711956
0.727372
0.735798
0.743773
0.760525
0.749726
0.684513
0.589066
0.489320
0.443901
0.436068
0.427349
0.365730
0.358381
0.357886
0.349039
0.325595
0.269473
0.187123
0.131307
0.132018
0.122653
0.124674
0.118129
0.104950
0.101359
0.110984
0.120046
0.123297
0.125032
0.128345
0.132432
0.141762
0.143903
0.143669
0.134559
0.114354
0.092294
0.084602
0.089257
0.102046
0.104057
0.104663
0.100847
0.087923
0.079863
0.079528
0.082271
0.086962
0.090983
0.095395
0.094445
0.096265
0.093983
0.099345
0.115139
0.135222
0.141874
0.145674
0.147643
0.155569
0.159153
0.156679
0.156540
0.158715
0.165600
0.185174
0.202590
0.219565
0.232104
0.233875
0.232962
0.225416
0.215949
0.215122
0.214566
0.214347
0.218173
0.232851
0.238659
0.226660
0.245579
0.296791
0.327536
0.338247
0.342328
0.445719
0.534377
0.539838
0.589572
0.683571
0.756829
0.772060
0.770107
0.812338
0.891988
0.915811
0.930488
0.932753
0.932476
0.941940
0.950098
0.946865
0.941696
0.937684
0.936665
0.914207
0.882374
0.879397
0.826543
0.714971
0.588705
0.531201
0.538812
0.538290
0.480597
0.481914
0.495569
0.496929
0.498899
0.496852
0.491085
0.477641
0.455030
0.449400
0.456311
0.487926
0.604386
0.735109
0.833579
0.890217
0.901282
0.899610
0.911633
0.915158
0.917259
0.902164
0.878053
0.879260
0.874570
0.865512
0.858015
0.862585
0.874844
0.860031
0.850962
0.870734
0.850579
0.776130
0.671978
0.572901
0.528484
0.531501
0.531879
0.536158
0.512710
0.458936
0.365574
0.244130
0.146430
0.128861
0.129485
0.132778
0.222988
0.241778
0.253421
0.271309
0.279694
0.321228
0.490518
0.724795
0.908862
1.061106
1.191977
1.217602
1.205767
1.205437
1.199269
1.187277
1.180030
1.174534
1.169028
1.158216
1.103739
1.076845
1.086539
1.100075
1.103945
1.111395
1.103876
1.042395
0.939599
0.774481
0.473499
0.200572
0.161225
0.168350
0.168799
0.152341
0.146593
0.150254
0.172188
0.201013
0.214585
0.217044
0.216593
0.216266
0.215803
0.211108
0.212233
0.300624
0.323763
0.370304
0.491624
0.610513
0.691795
0.715840
0.717666
0.737839
0.772247
0.770813
0.764732
0.756222
0.751947
0.752044
0.754165
0.754370
0.754685
0.755154
0.751654
0.704718
0.682891
0.674727
0.614616
0.502293
0.352744
0.279652
0.292865
0.300754
0.283534
0.330644
0.369021
0.387173
0.389516
0.388855
0.374138
0.367694
0.360542
0.353266
0.351927
0.349644
0.342036
0.325585
0.306018
0.273468
0.256056
0.265406
0.325296
0.347672
0.335387
0.339410
0.368411
0.395523
0.406468
0.404049
0.409926
0.412372
0.416623
0.425536
0.429195
0.424881
0.420143
0.420474
0.420596
0.420876
0.421780
0.412971
0.349561
0.302118
0.295021
0.288444
0.261775
0.241541
0.236498
0.235502
0.200795
0.170516
0.170629
0.165562
0.158531
0.164848
0.171139
0.171286
0.171147
0.166864
0.156662
0.138389
0.121328
0.105410
0.096655
0.112793
0.139701
0.150429
0.191838
0.217730
0.235112
0.312929
0.392832
0.429005
0.440090
0.443323
0.476570
0.551454
0.574624
0.579179
0.582286
0.585073
0.595456
0.604563
0.607386
0.607440
0.606930
0.608535
0.601730
0.597250
0.591688
0.547526
0.454469
0.369165
0.307189
0.297549
0.308394
0.266831
0.257431
0.261701
0.262401
0.261993
0.265409
0.276884
0.320320
0.354129
0.351584
0.321276
0.289973
0.280245
0.276251
0.276504
0.269109
0.271301
0.276041
0.276635
0.278154
0.278261
0.268296
0.242185
0.226733
0.223508
0.221706
0.224998
0.238587
0.253443
0.255371
0.255337
0.253135
0.248024
0.242523
0.243356
0.246538
0.244530
0.253689
0.260048
0.262317
0.267022
0.271464
0.262750
0.248562
0.235743
0.235891
0.233999
0.210515
0.179988
0.190998
0.204328
0.208207
0.205571
0.219619
0.234942
0.223696
0.237017
0.276507
0.310000
0.325773
0.328506
0.348760
0.387234
0.391752
0.392453
0.392752
0.391310
0.390309
0.393495
0.397740
0.399222
0.402796
0.410194
0.409393
0.406979
0.410805
0.393703
0.341238
0.267491
0.187592
0.176123
0.192171
0.200944
0.290758
0.389221
0.464745
0.491994
0.499236
0.499997
0.514612
0.514467
0.510767
0.504174
0.499478
0.492613
0.487792
0.484542
0.477040
0.468541
0.460042
0.437108
0.405555
0.406997
0.390528
0.334575
0.253636
0.225464
0.262102
0.292891
0.246146
0.232643
0.238284
0.237740
0.237649
0.241817
0.260360
0.281459
0.290587
0.363908
0.376268
0.403208
0.494900
0.599979
0.650849
0.658386
0.666385
0.760233
0.851518
0.869169
0.874499
0.874431
0.871696
0.870186
0.870487
0.887534
0.907022
0.925758
0.949932
0.942996
0.964706
0.988026
0.956024
0.844315
