2.462169
2.401471
2.338832
2.282331
2.232141
2.183994
2.137322
2.092127
2.046886
2.000137
1.972252
1.972211
1.823288
1.444676
0.913835
0.439459
0.286748
0.281206
0.221099
0.157034
0.151166
0.153584
0.164222
0.187972
0.190844
0.191120
0.193577
0.197657
0.197903
0.198123
0.198648
0.198044
0.202819
0.207178
0.204699
0.204794
0.195747
0.173959
0.149255
0.124165
0.105981
0.099583
0.102736
0.102089
0.107467
0.102988
0.099916
0.099820
0.103885
0.114694
0.184252
0.263476
0.320751
0.351738
0.359500
0.357673
0.355405
0.362445
0.372221
0.375082
0.389462
0.436231
0.528187
0.617533
0.670011
0.673740
0.659192
0.651339
0.627189
0.620145
0.629860
0.639180
0.648710
0.657351
0.662497
0.665318
0.664085
0.655331
0.644717
0.644823
0.653020
0.644104
0.583787
0.473297
0.313379
0.160580
0.177162
0.242466
0.283298
0.301822
0.304378
0.305704
0.310210
0.307263
0.308623
0.316552
0.328826
0.343212
0.357543
0.367579
0.372980
0.376506
0.383409
0.373115
0.360306
0.362703
0.369086
0.372650
0.375315
0.381567
0.379308
0.343005
0.264620
0.207465
0.160907
0.130754
0.107784
0.098261
0.104833
0.108432
0.110064
0.110853
0.113533
0.115146
0.118382
0.122117
0.122190
0.119484
0.114891
0.114179
0.116484
0.125910
0.134960
0.140050
0.134236
0.118628
0.105715
0.101850
0.102070
0.103674
0.105424
0.121568
0.137872
0.148866
0.148825
0.153421
0.167872
0.187649
0.195148
0.194585
0.194975
0.194997
0.193965
0.191149
0.186509
0.183438
0.183536
0.190703
0.215235
0.246750
0.261422
0.251447
0.228967
0.203424
0.193655
0.196238
0.215514
0.214433
0.224352
0.238529
0.241574
0.240720
0.245898
0.259925
0.286853
0.301742
0.301274
0.313600
0.331156
0.342407
0.345024
0.343930
0.351161
0.366679
0.377280
0.379534
0.375494
0.378171
0.370350
0.354405
0.343198
0.340460
0.339998
0.335973
0.315165
0.295857
0.290529
0.273086
0.237636
0.183227
0.133219
0.113887
0.111203
0.096419
0.088360
0.100455
0.118076
0.144832
0.177513
0.192664
0.199763
0.197170
0.194126
0.182260
0.175130
0.172881
0.174349
0.182904
0.188068
0.206097
0.229934
0.230605
0.214355
0.214416
0.240570
0.284584
0.309390
0.318942
0.313827
0.310169
0.317428
0.341519
0.363551
0.369111
0.369715
0.374861
0.376341
0.371803
0.365719
0.349039
0.313019
0.276780
0.261622
0.284149
0.326184
0.342978
0.342497
0.342690
0.370141
0.426229
0.483554
0.489676
0.484627
0.485398
0.483933
0.474370
0.467599
0.461171
0.458681
0.460245
0.467011
0.475182
0.474310
0.455869
0.410995
0.363908
0.345929
0.343421
0.347219
0.375203
0.345372
0.350029
0.363212
0.415329
0.495887
0.562840
0.584058
0.585634
0.597084
0.594570
0.583955
0.582151
0.623541
0.663561
0.691285
0.709017
0.714993
0.712089
0.675088
0.559574
0.494127
0.492051
0.502177
0.501810
0.488748
0.477315
0.487947
0.488638
0.496650
0.505432
0.500724
0.517344
0.518230
0.500912
0.479461
0.458093
0.472408
0.477927
0.470067
0.464803
0.461513
0.462758
0.464422
0.466134
0.468880
0.473270
0.476694
0.475883
0.449949
0.452835
0.461222
0.414376
0.325058
0.250291
0.194419
0.173294
0.169108
0.164330
0.150957
0.134483
0.123985
0.122305
0.126018
0.129317
0.143169
0.153972
0.164953
0.166819
0.166141
0.162282
0.153805
0.139802
0.127949
0.115349
0.099614
0.086711
0.080481
0.084160
0.092476
0.105715
0.111396
0.111882
0.115286
0.120104
0.120621
0.140665
0.224291
0.309888
0.357318
0.367879
0.369576
0.406403
0.464127
0.512223
0.523046
0.524534
0.526825
0.528339
0.529324
0.528129
0.527346
0.527169
0.526979
0.526676
0.527127
0.523167
0.485145
0.407397
0.314981
0.249715
0.239714
0.227323
0.178166
0.104516
0.097405
0.100000
0.109536
0.132550
0.157246
0.177253
0.186462
0.188463
0.188172
0.188811
0.189719
0.185283
0.178918
0.177594
0.176007
0.178110
0.186448
0.227915
0.241096
0.239118
0.248512
0.266628
0.273180
0.270021
0.268391
0.277237
0.285613
0.291470
0.305244
0.318077
0.326358
0.335522
0.343036
0.345506
0.346841
0.344763
0.335381
0.292016
0.260754
0.259663
0.255126
0.257226
0.281342
0.314593
0.318560
0.282666
0.224604
0.220255
0.225993
0.228794
0.234243
0.246522
0.278243
0.312350
0.343759
0.356444
0.341661
0.328454
0.348113
0.361202
0.343705
0.343829
0.347891
0.347858
0.352953
0.362888
0.364339
0.401877
0.634064
0.953445
1.309435
1.616662
1.784882
1.910092
1.999892
2.052242
2.049179
2.005967
1.923816
1.845249
1.824840
1.826683
1.821889
1.833453
1.847377
1.874293
1.906892
1.957656
2.014696
2.025704
1.958433
1.821731
1.704882
1.539352
1.331928
1.081743
0.862931
0.691956
0.528749
0.409813
0.376250
0.345579
0.273689
0.240189
0.242858
0.256729
0.246105
0.218841
0.200389
0.204025
0.222383
0.238007
