-0.000000
0.001808
0.003615
0.005423
0.007231
0.009038
0.010846
0.012654
0.014462
0.016269
0.018077
0.019885
0.021694
0.023503
0.025312
0.027121
0.028930
0.030740
0.032549
0.034358
0.036167
0.037976
0.039785
0.041595
0.043404
0.045213
0.047023
0.048832
0.050642
0.052451
0.054260
0.056070
0.057879
0.059688
0.061498
0.063307
0.065116
0.066924
0.068732
0.070541
0.072349
0.074158
0.075966
0.077774
0.079583
0.081391
0.083200
0.085008
0.086814
0.088621
0.090427
0.092233
0.094039
0.095845
0.097652
0.099458
0.101264
0.103070
0.104877
0.106683
0.108486
0.110289
0.112091
0.113894
0.115697
0.117500
0.119303
0.121106
0.122909
0.124712
0.126515
0.128318
0.130116
0.131915
0.133713
0.135511
0.137310
0.139108
0.140907
0.142705
0.144504
0.146302
0.148101
0.149899
0.151692
0.153485
0.155278
0.157071
0.158864
0.160657
0.162450
0.164243
0.166036
0.167829
0.169622
0.171415
0.173201
0.174987
0.176774
0.178560
0.180346
0.182133
0.183919
0.185706
0.187492
0.189278
0.191065
0.192851
0.194630
0.196409
0.198187
0.199966
0.201745
0.203524
0.205303
0.207081
0.208860
0.210639
0.212418
0.214197
0.215967
0.217737
0.219507
0.221278
0.223048
0.224818
0.226588
0.228358
0.230129
0.231899
0.233669
0.235439
0.237200
0.238961
0.240721
0.242482
0.244243
0.246003
0.247764
0.249525
0.251286
0.253046
0.254807
0.256568
0.258318
0.260068
0.261818
0.263569
0.265319
0.267069
0.268819
0.270569
0.272320
0.274070
0.275820
0.277570
0.279309
0.281048
0.282787
0.284526
0.286265
0.288004
0.289743
0.291481
0.293220
0.294959
0.296698
0.298437
0.300164
0.301890
0.303617
0.305343
0.307070
0.308797
0.310523
0.312250
0.313977
0.315703
0.317430
0.319156
0.320870
0.322584
0.324297
0.326011
0.327724
0.329438
0.331151
0.332865
0.334578
0.336292
0.338005
0.339719
0.341419
0.343118
0.344818
0.346517
0.348217
0.349917
0.351616
0.353316
0.355016
0.356715
0.358415
0.360114
0.361799
0.363484
0.365169
0.366854
0.368539
0.370224
0.371909
0.373594
0.375279
0.376964
0.378648
0.380333
0.382003
0.383672
0.385341
0.387011
0.388680
0.390350
0.392019
0.393688
0.395358
0.397027
0.398697
0.400366
0.402019
0.403672
0.405325
0.406979
0.408632
0.410285
0.411938
0.413591
0.415244
0.416897
0.418550
0.420204
0.421840
0.423476
0.425112
0.426748
0.428384
0.430020
0.431656
0.433292
0.434929
0.436565
0.438201
0.439837
0.441455
0.443074
0.444692
0.446310
0.447929
0.449547
0.451165
0.452784
0.454402
0.456021
0.457639
0.459257
0.460857
0.462457
0.464057
0.465657
0.467257
0.468857
0.470457
0.472057
0.473656
0.475256
0.476856
0.478456
0.480037
0.481618
0.483199
0.484779
0.486360
0.487941
0.489522
0.491102
0.492683
0.494264
0.495845
0.497425
0.498986
0.500547
0.502108
0.503669
0.505230
0.506791
0.508352
0.509913
0.511474
0.513035
0.514596
0.516157
0.517697
0.519238
0.520778
0.522319
0.523859
0.525400
0.526940
0.528481
0.530021
0.531561
0.533102
0.534642
0.536162
0.537681
0.539200
0.540720
0.542239
0.543758
0.545278
0.546797
0.548316
0.549836
0.551355
0.552874
0.554372
0.555869
0.557367
0.558864
0.560362
0.561859
0.563357
0.564854
0.566352
0.567850
0.569347
0.570845
0.572320
0.573795
0.575270
0.576745
0.578220
0.579695
0.581170
0.582646
0.584121
0.585596
0.587071
0.588546
0.589998
0.591450
0.592902
0.594354
0.595807
0.597259
0.598711
0.600163
0.601615
0.603067
0.604519
0.605971
0.607400
0.608828
0.610257
0.611685
0.613114
0.614542
0.615970
0.617399
0.618827
0.620256
0.621684
0.623113
0.624517
0.625921
0.627325
0.628730
0.630134
0.631538
0.632942
0.634347
0.635751
0.637155
0.638559
0.639963
0.641343
0.642722
0.644102
0.645481
0.646860
0.648240
0.649619
0.650999
0.652378
0.653757
0.655137
0.656516
0.657870
0.659224
0.660578
0.661932
0.663286
0.664640
0.665994
0.667348
0.668702
0.670056
0.671410
0.672764
0.674092
0.675420
0.676748
0.678076
0.679404
0.680732
0.682060
0.683388
0.684715
0.686043
0.687371
0.688699
0.690001
0.691302
0.692604
0.693905
0.695206
0.696508
0.697809
0.699111
0.700412
0.701713
0.703015
0.704316
0.705591
0.706865
0.708139
0.709413
0.710688
0.711962
0.713236
0.714510
0.715785
0.717059
0.718333
0.719608
0.720854
0.722101
0.723347
0.724594
0.725840
0.727087
0.728334
0.729580
0.730827
0.732073
0.733320
0.734566
0.735785
0.737003
0.738221
0.739440
0.740658
0.741876
0.743095
0.744313
0.745531
0.746750
0.747968
0.749186
0.750376
0.751565
0.752755
0.753944
0.755134
0.756323
0.757513
0.758702
0.759892
0.761081
0.762271
0.763460
0.764620
0.765780
0.766941
0.768101
0.769261
0.770421
0.771581
0.772741
0.773902
0.775062
0.778512
0.779642
0.780773
0.781903
0.783033
0.784163
