42.218253
28.189020
17.416771
9.935183
5.225894
2.536994
1.147644
0.508312
0.267156
0.233461
0.520627
1.294872
2.659017
4.199113
4.867560
4.039024
2.371378
0.980989
0.292634
0.106297
0.210278
0.597075
1.270119
2.109086
3.314801
5.860903
10.245995
14.377577
14.781139
10.869477
5.698602
2.135028
0.573818
0.111061
0.015527
0.001571
0.000115
0.000006
0.000000
0.000000
0.000000
0.000000
0.000000
0.000000
0.000000
0.000000
0.000000
0.000000
0.000000
0.000000
0.000000
0.000000
0.000001
0.000014
0.000209
0.002144
0.015438
0.077951
0.276040
0.685585
1.194285
1.459227
1.250593
0.752117
0.321818
0.137637
0.301777
1.308047
4.372963
10.699869
19.245654
25.526510
24.943687
17.875108
9.330242
3.521135
0.954294
0.184702
0.025420
0.002480
0.000171
0.000008
0.000000
0.000000
0.000000
0.000000
0.000000
0.000004
0.000077
0.001142
0.011883
0.086689
0.443469
1.591024
4.003374
7.065305
8.745864
7.593572
4.624431
1.975282
0.591754
0.124329
0.018318
0.001893
0.000137
0.000007
0.000000
0.000000
0.000000
0.000000
0.000000
0.000000
0.000000
0.000000
0.000000
0.000000
0.000000
0.000000
0.000000
0.000000
0.000000
0.000000
0.000000
0.000000
0.000000
0.000000
0.000000
0.000000
0.000000
0.000000
0.000000
0.000000
0.000000
0.000000
0.000000
0.000000
0.000000
0.000000
0.000000
0.000000
0.000000
0.000000
0.000000
0.000000
0.000000
0.000000
0.000000
0.000000
0.000000
0.000000
0.000000
0.000000
0.000000
0.000000
0.000000
0.000000
0.000000
0.000000
0.000000
0.000000
0.000000
0.000000
0.000000
0.000000
0.000000
0.000000
0.000000
0.000000
0.000000
0.000000
0.000005
0.000112
0.001719
0.018444
0.138741
0.731893
2.707763
7.026192
12.787760
16.324744
14.617818
9.182178
4.056270
1.337582
0.735851
1.767514
4.499251
8.208712
10.513967
9.445963
5.952457
2.630913
0.815568
0.177310
0.027033
0.002890
0.000217
0.000011
0.000000
0.000000
0.000000
0.000000
0.000000
0.000000
0.000000
0.000000
0.000000
0.000000
0.000000
0.000000
0.000000
0.000000
0.000000
0.000000
0.000000
0.000000
0.000000
0.000000
0.000000
0.000000
0.000000
0.000000
0.000000
0.000006
0.000114
0.001492
0.013663
0.087767
0.395381
1.249194
2.768200
4.302647
4.690872
3.587178
1.924103
0.723881
0.191012
0.035440
0.005809
0.011662
0.072609
0.328559
1.043086
2.322642
3.627561
3.973986
3.053646
1.645841
0.622274
0.165995
0.038651
0.047289
0.165129
0.439842
0.823452
1.081354
0.996022
0.643487
0.291589
0.092672
0.020656
0.003229
0.000354
0.000027
0.000001
0.000000
0.000000
0.000000
0.000000
0.000000
0.000000
0.000000
0.000000
0.000000
0.000004
0.000083
0.001110
0.010362
0.067838
0.311469
1.002948
2.265102
3.588059
3.986602
3.106846
1.698263
0.651098
0.175075
0.033015
0.004366
0.000405
0.000026
0.000001
0.000000
0.000000
0.000000
0.000001
0.000022
0.000354
0.003975
0.031341
0.173284
0.672280
1.833511
3.544431
5.047576
6.214093
9.494633
19.360561
37.442586
56.567958
63.148700
51.107471
29.697056
12.316776
3.632730
0.760136
0.112660
0.011813
0.000875
0.000046
0.000001
0.000000
0.000000
0.000000
0.000000
0.000000
0.000000
0.000000
0.000000
0.000000
0.000000
0.000000
0.000000
0.000000
0.000000
0.000000
0.000000
0.000000
0.000000
0.000000
0.000000
0.000000
0.000000
0.000000
0.000000
0.000000
0.000000
0.000000
0.000000
0.000000
0.000000
0.000000
0.000000
0.000000
0.000000
0.000000
0.000000
0.000000
0.000000
0.000000
0.000000
0.000000
0.000000
0.000000
0.000000
0.000000
0.000000
0.000000
0.000000
0.000000
0.000000
0.000000
0.000000
0.000000
0.000000
0.000000
0.000000
0.000000
0.000000
0.000000
0.000000
0.000000
0.000000
0.000000
0.000000
0.000000
0.000000
0.000000
0.000000
0.000000
0.000000
0.000000
0.000000
0.000000
0.000000
0.000000
0.000000
0.000000
0.000000
0.000000
0.000000
0.000000
0.000000
0.000000
0.000000
0.000003
0.000057
0.000793
0.007779
0.053568
0.259043
0.881030
2.113608
3.596862
4.388151
3.909395
2.615359
1.356991
0.557829
0.180850
0.045009
0.008327
0.001117
0.000107
0.000007
0.000000
0.000000
0.000000
0.000002
0.000029
0.000359
0.003193
0.020058
0.089050
0.279460
0.619922
0.971882
1.076524
0.842166
0.465082
0.181212
0.049788
0.009640
0.001315
0.000126
0.000009
0.000001
0.000015
0.000226
0.002393
0.018337
0.103762
0.445949
1.507842
4.146655
9.433849
17.692367
27.222395
35.494909
43.382316
55.704909
74.875862
96.662807
112.995916
115.847376
101.214807
74.219155
47.018935
28.246709
17.745102
12.232809
10.804772
12.893796
15.087892
13.671153
8.937875
4.165515
1.450616
0.610958
0.852227
1.835154
3.348438
4.626837
4.650930
3.339426
1.699571
0.800573
0.438873
0.220538
0.016600
0.005891
0.000510
0.000000
0.000000
0.000000
