54.601868
48.192560
40.926936
29.596261
26.737093
28.544063
27.929831
22.547677
14.860429
7.934893
3.330432
1.060752
0.274538
0.163517
0.362137
0.729957
1.044811
1.049527
0.740086
0.371961
0.172903
0.260303
0.804237
1.951493
3.341091
4.013412
3.381635
1.998564
0.828470
0.240871
0.049115
0.007023
0.000704
0.000050
0.000002
0.000000
0.000000
0.000000
0.000000
0.000000
0.000000
0.000000
0.000000
0.000000
0.000000
0.000000
0.000000
0.000000
0.000000
0.000000
0.000000
0.000000
0.000000
0.000000
0.000000
0.000000
0.000000
0.000000
0.000000
0.000000
0.000000
0.000000
0.000000
0.000000
0.000000
0.000000
0.000000
0.000000
0.000000
0.000000
0.000000
0.000000
0.000000
0.000000
0.000006
0.000101
0.001296
0.011719
0.074923
0.339087
1.088597
2.486953
4.063990
4.789420
4.120599
2.629911
1.266295
0.465413
0.132583
0.049381
0.161763
0.799628
2.850279
7.149919
12.649714
15.941816
14.843046
11.444420
8.994927
7.661625
5.841854
3.394164
1.414988
0.416166
0.085971
0.012459
0.001266
0.000090
0.000005
0.000001
0.000011
0.000185
0.002270
0.019520
0.117721
0.497861
1.476684
3.071935
4.482253
4.587209
3.292825
1.657868
0.585435
0.144988
0.025182
0.003067
0.000262
0.000016
0.000001
0.000002
0.000042
0.000512
0.004420
0.026761
0.113863
0.343005
0.756305
1.386391
2.792572
6.767805
15.127058
25.776383
31.627208
27.585374
17.057499
7.475619
2.337322
0.611091
0.517769
1.478475
3.839296
7.726200
11.723447
13.144837
10.879293
7.106115
4.721470
4.280981
4.512085
4.395589
3.720708
2.618494
1.438151
0.585167
0.171210
0.035511
0.005188
0.000533
0.000038
0.000002
0.000000
0.000000
0.000000
0.000000
0.000000
0.000000
0.000000
0.000000
0.000000
0.000000
0.000000
0.000000
0.000000
0.000000
0.000000
0.000000
0.000000
0.000000
0.000000
0.000000
0.000000
0.000000
0.000000
0.000000
0.000000
0.000000
0.000000
0.000000
0.000000
0.000000
0.000000
0.000000
0.000000
0.000000
0.000000
0.000000
0.000000
0.000000
0.000000
0.000000
0.000000
0.000000
0.000000
0.000000
0.000000
0.000000
0.000000
0.000000
0.000000
0.000000
0.000000
0.000003
0.000071
0.001186
0.014022
0.116991
0.688750
2.859765
8.370528
17.263111
25.073801
25.636163
18.442629
9.331357
3.319287
0.829774
0.145726
0.017973
0.001556
0.000095
0.000004
0.000000
0.000000
0.000000
0.000000
0.000000
0.000000
0.000000
0.000000
0.000000
0.000000
0.000000
0.000000
0.000000
0.000000
0.000000
0.000000
0.000000
0.000000
0.000000
0.000000
0.000000
0.000000
0.000000
0.000000
0.000000
0.000000
0.000000
0.000000
0.000000
0.000000
0.000000
0.000000
0.000000
0.000000
0.000000
0.000000
0.000000
0.000000
0.000000
0.000000
0.000000
0.000000
0.000000
0.000000
0.000000
0.000000
0.000000
0.000000
0.000000
0.000000
0.000000
0.000000
0.000000
0.000000
0.000000
0.000000
0.000000
0.000000
0.000000
0.000000
0.000000
0.000000
0.000000
0.000000
0.000000
0.000000
0.000000
0.000000
0.000000
0.000000
0.000007
0.000131
0.001706
0.015569
0.100005
0.452391
1.442077
3.241147
5.139151
5.751723
4.545957
2.538319
1.001590
0.279341
0.055068
0.007673
0.000755
0.000053
0.000003
0.000000
0.000000
0.000000
0.000000
0.000000
0.000000
0.000000
0.000000
0.000000
0.000000
0.000001
0.000023
0.000423
0.005413
0.048552
0.305404
1.347251
4.168255
9.045145
13.767274
14.698064
11.006605
5.781250
2.129865
0.550331
0.099727
0.012673
0.001129
0.000071
0.000003
0.000000
0.000012
0.000222
0.002989
0.028700
0.198257
0.993670
3.645700
9.871753
19.842275
29.667356
32.935071
27.015971
16.269302
7.144561
2.273591
0.521412
0.085773
0.010154
0.001666
0.006430
0.035242
0.139987
0.404791
0.864097
1.378755
1.654655
1.489294
0.994746
0.486252
0.171683
0.043336
0.007764
0.000983
0.000088
0.000005
0.000000
0.000000
0.000000
0.000000
0.000000
0.000000
0.000000
0.000000
0.000007
0.000107
0.001155
0.008776
0.046762
0.174741
0.457979
0.841895
1.085543
0.981788
0.622827
0.277132
0.086489
0.018931
0.002906
0.000313
0.000024
0.000001
0.000000
0.000000
0.000000
0.000000
0.000000
0.000000
0.000000
0.000000
0.000000
0.000000
0.000000
0.000000
0.000000
0.000000
0.000000
0.000000
0.000000
0.000000
0.000000
0.000000
0.000000
0.000000
0.000000
0.000000
0.000000
0.000000
0.000000
0.000000
0.000000
0.000000
0.000000
0.000000
0.000000
0.000000
0.000000
0.000000
0.000000
0.000000
0.000000
0.000000
0.000000
0.000000
0.000000
0.000000
0.000000
0.000000
0.000000
0.000000
0.000000
0.000000
0.000000
0.000000
0.000000
0.000000
0.000000
0.000000
0.000000
0.000000
0.000000
0.000000
0.000000
0.000000
0.000000
0.000000
0.000000
0.000000
0.000000
0.000000
0.000000
0.000000
0.000000
0.000000
0.000000
0.000000
0.000000
0.000000
0.000000
0.000000
0.000000
0.000000
0.000000
0.000000
0.000000
0.000000
0.000000
0.000000
0.000000
0.000000
0.000000
0.000000
0.000000
0.000000
0.000000
0.000000
0.000000
0.000000
0.000000
0.000000
0.000000
0.000000
0.000000
0.000000
0.000000
0.000000
0.000000
0.000000
0.000000
0.000000
0.000000
0.000000
0.000000
0.000000
0.000000
0.000000
0.000000
0.000000
0.000000
0.000000
0.000000
0.000000
0.000000
0.000000
0.000000
0.000000
0.000000
0.000000
0.000000
0.000000
0.000000
0.000000
0.000000
0.000000
0.000000
0.000000
0.000000
0.000000
0.000000
0.000011
0.000173
0.001934
0.015119
0.082911
0.319137
0.864039
1.657468
2.308892
2.516848
2.518722
2.639558
2.655348
2.180250
1.344345
0.606147
0.198355
0.046950
0.008011
0.000981
0.000086
0.000005
0.000000
0.000000
0.000000
0.000006
0.000116
0.001718
0.017993
0.133126
0.695439
2.564062
6.669224
12.232009
15.814524
14.424716
9.365913
4.610954
2.339321
1.917263
1.859287
1.426118
0.781593
0.301241
0.081462
0.015450
0.002055
0.000192
0.000013
0.000001
0.000000
0.000000
0.000000
0.000000
0.000000
0.000000
0.000000
0.000000
0.000000
0.000000
0.000000
0.000000
0.000000
0.000000
0.000000
0.000000
0.000000
0.000000
0.000000
0.000000
0.000000
0.000000
0.000000
0.000000
0.000000
0.000000
0.000000
0.000000
0.000000
0.000000
0.000000
0.000000
0.000000
0.000000
0.000000
0.000000
0.000000
0.000000
0.000000
0.000000
0.000000
0.000000
0.000010
0.000184
0.002346
0.021168
0.135343
0.613458
1.972755
4.510777
7.377760
8.770928
7.879374
5.765102
3.741354
2.181465
1.078034
0.552136
0.871956
2.553808
5.901046
9.740513
11.532916
9.974264
6.479494
3.265245
1.303630
0.410353
0.099121
0.017792
0.002315
0.000220
0.000088
0.000841
0.006718
0.037652
0.147998
0.407994
0.788880
1.069896
1.017898
0.680810
0.332198
0.188666
0.372871
1.022474
2.101085
3.061329
3.156856
2.338338
1.488343
1.976242
5.618334
13.903575
24.820233
31.602042
28.962765
19.543771
10.140920
4.301504
1.557429
0.473310
0.113721
0.020436
0.002657
0.000246
0.000016
0.000001
0.000000
0.000000
0.000000
0.000000
0.000000
0.000000
0.000000
0.000000
0.000000
0.000000
0.000000
0.000000
0.000000
0.000000
0.000000
0.000000
0.000000
0.000000
0.000000
0.000000
0.000000
0.000000
0.000000
0.000000
0.000000
0.000004
0.000068
0.000782
0.006321
0.035829
0.142438
0.397147
0.776665
1.065339
1.024989
0.691715
0.327419
0.108701
0.025310
0.004133
0.000473
0.000038
0.000002
0.000000
0.000000
0.000000
0.000000
0.000000
0.000001
0.000016
0.000265
0.003084
0.025190
0.144664
0.584671
1.665375
3.349508
4.768467
4.819856
3.471670
1.789267
0.662615
0.176969
0.034172
0.004775
0.000482
0.000035
0.000002
0.000000
0.000000
0.000000
0.000000
0.000000
0.000000
0.000000
0.000000
0.000000
0.000000
0.000000
0.000000
0.000000
0.000000
0.000000
0.000000
0.000000
0.000000
0.000000
0.000000
0.000000
0.000000
0.000000
0.000000
0.000000
0.000000
0.000000
0.000000
0.000000
0.000000
0.000000
0.000000
0.000000
0.000000
0.000000
0.000000
0.000000
0.000000
0.000000
0.000000
0.000000
0.000000
0.000000
0.000000
0.000000
0.000000
0.000000
0.000000
0.000000
0.000000
0.000000
0.000000
0.000000
0.000000
0.000000
0.000000
0.000000
0.000000
0.000000
0.000000
0.000000
0.000000
0.000000
0.000000
0.000000
0.000000
0.000000
0.000000
0.000000
0.000000
0.000000
0.000000
0.000000
0.000000
0.000000
0.000000
0.000000
0.000000
0.000000
0.000000
0.000000
0.000000
0.000002
0.000034
0.000479
0.004733
0.032782
0.159235
0.542455
1.296098
2.172089
2.553253
2.105183
1.217478
0.493852
0.140501
0.028034
0.003923
0.000385
0.000031
0.000116
0.001935
0.022900
0.190044
1.105980
4.513760
12.919802
25.937060
36.521388
36.069692
24.986527
12.140317
4.137138
0.988767
0.165723
0.019478
0.001605
0.000093
0.000004
0.000000
0.000000
0.000000
0.000000
0.000000
0.000000
0.000000
0.000000
0.000000
0.000000
0.000000
0.000000
0.000000
0.000000
0.000000
0.000000
0.000000
0.000000
0.000000
0.000000
0.000000
0.000000
0.000000
0.000000
0.000000
0.000000
0.000000
0.000000
0.000000
0.000000
0.000000
0.000000
0.000000
0.000000
0.000000
0.000000
0.000000
0.000000
0.000000
0.000000
0.000000
0.000000
0.000010
0.000222
0.003307
0.034821
0.260192
0.915923
1.946521
3.803616
6.837434
11.313318
17.240647
24.215033
31.372063
37.531133
41.523870
