0.379016
0.380348
0.388238
0.404328
0.393547
0.361332
0.349741
0.348994
0.344721
0.342201
0.341350
0.307162
0.243588
0.173285
0.159660
0.159423
0.157015
0.155891
0.154323
0.155219
0.155571
0.157744
0.166437
0.168195
0.166652
0.165465
0.165870
0.163171
0.157586
0.137079
0.113025
0.105041
0.104639
0.105631
0.116453
0.133928
0.150145
0.158003
0.164230
0.166192
0.165884
0.165038
0.164770
0.166093
0.168916
0.166454
0.162546
0.149084
0.127791
0.106744
0.097474
0.094314
0.076630
0.064854
0.064252
0.062048
0.055616
0.062307
0.083281
0.098668
0.097615
0.104811
0.132367
0.173096
0.202743
0.220220
0.222563
0.227759
0.232805
0.237882
0.253951
0.257382
0.256586
0.260421
0.266810
0.268191
0.267511
0.267081
0.275596
0.280478
0.281270
0.279794
0.273300
0.250554
0.222019
0.195161
0.188163
0.187226
0.188298
0.186272
0.171222
0.170794
0.169241
0.157309
0.134779
0.121323
0.116256
0.115033
0.091889
0.072615
0.090771
0.121830
0.148665
0.162181
0.162676
0.164904
0.169500
0.168669
0.158258
0.152857
0.157361
0.163551
0.168426
0.166780
0.170000
0.168205
0.164228
0.158569
0.153795
0.153085
0.153427
0.146173
0.134621
0.129356
0.130294
0.133014
0.159609
0.197209
0.223806
0.227476
0.226729
0.227619
0.232498
0.237134
0.244984
0.249825
0.241836
0.230368
0.225207
0.218294
0.222301
0.215648
0.206703
0.214770
0.229565
0.242976
0.246524
0.242466
0.243258
0.244721
0.239944
0.238565
0.239092
0.245152
0.250605
0.255735
0.263307
0.267545
0.268788
0.272754
0.270202
0.275223
0.278632
0.263289
0.226620
0.175283
0.142443
0.125708
0.125671
0.121195
0.110885
0.095418
0.083732
0.091843
0.101953
0.109757
0.109497
0.106709
0.101464
0.096797
0.092235
0.086315
0.072690
0.069170
0.069053
0.068163
0.068462
0.068465
0.068599
0.067372
0.066588
0.062172
0.063253
0.066519
0.069023
0.061063
0.065197
0.091710
0.113590
0.130942
0.144428
0.157340
0.169279
0.183788
0.201566
0.218093
0.218807
0.215944
0.212806
0.208936
0.201957
0.195207
0.183568
0.169775
0.146307
0.137151
0.167959
0.183856
0.202171
0.242486
0.265167
0.269645
0.270255
0.271085
0.273286
0.292379
0.331293
0.334535
0.332315
0.332090
0.333718
0.341057
0.350601
0.361148
0.378174
0.394060
0.390202
0.388484
0.379754
0.332409
0.278612
0.241754
0.208889
0.166787
0.145215
0.144677
0.133635
0.129066
0.118306
0.110683
0.105945
0.107208
0.109002
0.110054
0.114031
0.118715
0.119883
0.118845
0.116714
0.121635
0.121872
0.120001
0.114893
0.108630
0.109125
0.111983
0.110863
0.109745
0.109024
0.109239
0.109171
0.107429
0.106210
0.105659
0.094416
0.073062
0.058614
0.059223
0.060929
0.060737
0.061425
0.062800
0.063179
0.063053
0.064938
0.063857
0.064869
0.068191
0.076514
0.088201
0.096677
0.101060
0.101925
0.097614
0.090756
0.088986
0.094858
0.100644
0.103240
0.100684
0.093339
0.081995
0.070190
0.064529
0.125648
0.143277
0.141952
0.147214
0.206583
0.305268
0.392470
0.427979
0.433414
0.432541
0.432789
0.443701
0.445896
0.447620
0.450695
0.455329
0.459581
0.460967
0.461958
0.462478
0.444984
0.438837
0.449651
0.470198
0.459664
0.404028
0.301353
0.230813
0.233366
0.257602
0.265624
0.261290
0.261296
0.261479
0.260891
0.259520
0.257840
0.258734
0.259823
0.264069
0.280247
0.301668
0.293395
0.272045
0.267619
0.268822
0.274295
0.264078
0.237723
0.211381
0.198560
0.196843
0.218442
0.230594
0.241544
0.248979
0.330095
0.470287
0.578639
0.632082
0.630189
0.603267
0.609500
0.633108
0.640427
0.653263
0.672490
0.696340
0.713421
0.727675
0.738685
0.746544
0.743786
0.742840
0.743103
0.750865
0.730585
0.642788
0.504225
0.341090
0.199737
0.123359
0.099161
0.097560
0.079619
0.071813
0.073497
0.066511
0.065548
0.068550
0.074076
0.074062
0.068164
0.057448
0.059997
0.118755
0.129871
0.138209
0.157791
0.198864
0.225309
0.230314
0.233569
0.265930
0.287328
0.287528
0.287179
0.289056
0.290561
0.289967
0.288862
0.289397
0.292296
0.292953
0.291652
0.273417
0.271466
0.270981
0.265073
0.278014
0.353315
0.466249
0.546317
0.558597
0.539462
0.537587
0.537057
0.536091
0.538341
0.546564
0.548423
0.538308
0.518754
0.501061
0.482710
0.453182
0.410237
0.366687
0.346330
0.350578
0.341610
0.295292
0.239052
0.227043
0.245768
0.242623
0.210950
0.189850
0.191566
0.196678
0.203457
0.209919
0.213243
0.220280
0.234290
0.260295
0.274094
0.280101
0.280891
0.280520
0.281201
0.283762
0.286595
0.272672
0.246817
0.202167
0.172860
0.156646
0.150135
0.147653
0.145338
0.138462
0.127107
0.121515
0.121178
0.118031
0.120101
0.120417
0.109648
0.091435
0.069960
0.054748
0.058693
0.065092
0.064558
0.063988
0.064894
0.071242
0.077170
0.077624
0.082172
0.083734
0.078394
0.076683
0.077309
0.077873
0.077529
0.076778
0.076398
0.075234
0.074480
0.074157
0.071392
0.066532
0.068165
0.072285
0.078160
0.077304
0.072772
0.072982
0.076605
0.079819
0.083758
0.084071
0.084565
0.082582
0.077281
0.071467
0.069302
0.065429
0.057878
0.050444
0.046778
0.043661
0.038589
0.034920
0.035659
0.038101
0.040746
0.043340
0.048067
0.048137
0.050990
0.055561
0.066736
0.070601
0.067640
0.061675
0.058555
0.057437
0.061289
0.080144
0.100891
0.116517
0.120021
0.119164
0.116870
0.113527
0.110403
0.109370
0.138791
0.146997
0.145255
0.175299
0.220024
0.272992
0.305420
0.314136
0.315830
0.325809
0.326762
0.324945
0.321134
0.316706
0.313814
0.311357
0.309518
0.308487
0.307741
0.305120
0.281202
0.263286
0.265265
0.260362
0.240503
0.200267
0.218554
0.210944
0.228607
0.278553
0.346598
0.372719
0.381974
0.388427
0.389169
0.392445
0.409551
0.414282
0.412176
0.429612
0.476284
0.488735
0.490790
0.490954
0.491024
0.487278
0.449417
0.438783
0.442307
0.421575
0.372514
0.342814
0.325689
0.309486
0.312648
0.302659
0.246019
0.204421
0.194614
0.188258
0.123554
0.124209
0.159079
0.165244
0.164686
0.167080
0.173265
0.179376
0.180128
0.181856
0.179786
0.174818
0.175194
0.175269
0.172027
0.170375
0.170334
0.174719
0.170526
0.168848
0.169361
0.162687
0.144971
0.144898
0.146606
0.143376
0.132993
0.120231
0.116940
0.116757
0.120483
0.125343
0.125892
0.126523
0.115084
0.117549
0.139181
0.152766
0.160534
0.162804
0.163355
0.163260
0.160724
0.161654
0.171847
0.171593
0.204829
0.282068
0.360258
0.416435
0.426763
0.416713
0.421882
0.415689
0.412103
0.411429
0.412834
0.417985
0.423678
0.429343
0.433739
0.434095
0.435672
0.432071
0.422407
0.425297
0.419833
0.384483
0.313826
0.213523
0.135657
0.111111
0.094732
0.090979
0.087812
0.073581
0.088248
0.150424
0.166923
0.181782
0.245432
0.326980
0.398812
0.436046
0.445660
0.443847
0.444783
0.444357
0.446282
0.447070
0.452517
0.461755
0.472948
0.478087
0.479925
0.481529
0.477093
0.457395
0.454948
0.461591
0.444305
0.391343
0.301884
0.206909
0.135523
0.123234
0.122154
0.114538
0.116154
0.116381
0.127617
0.143827
0.174774
0.218673
0.261182
0.292053
0.309073
0.317382
0.319598
0.328844
0.355413
0.388748
0.408349
0.417500
0.423645
0.430924
0.428716
0.404825
0.374374
0.316698
0.279278
0.246563
0.231469
0.239124
0.237666
0.227514
0.211454
0.195521
0.191560
0.203264
0.204018
0.199126
0.199193
0.200061
0.196392
0.186586
0.197396
0.290595
0.326443
0.329741
0.360806
0.407814
0.432995
0.424406
0.427477
0.475536
0.530992
0.541049
0.552851
0.564341
0.573106
0.580119
0.582397
0.580984
0.575205
0.570686
0.570813
0.556350
0.551963
0.549186
0.502497
0.400602
0.275993
0.197875
0.182735
0.170814
0.129794
0.130213
0.129163
0.128762
0.127794
0.121751
0.123755
0.126464
0.121795
0.116223
0.114237
0.115646
0.125021
0.119218
0.111663
0.110235
0.113072
0.115559
0.121717
0.130657
0.134130
0.134121
0.138305
0.157123
0.185129
0.207099
0.217961
0.219154
0.219944
0.220641
0.220262
0.220076
0.215795
0.209641
0.203030
0.195328
0.188035
0.181636
0.168381
0.146758
0.128146
0.120620
0.120109
0.115350
0.097297
0.097937
0.090574
0.096218
0.131277
0.176743
0.210807
0.223026
0.224278
0.242874
0.281906
0.296861
0.303903
0.306136
0.306625
0.307221
0.307451
0.308470
0.309459
0.310639
0.310862
0.305944
0.306456
0.305425
0.286737
0.246111
0.196048
0.172820
0.172561
0.165771
0.136185
0.140661
0.156011
0.170953
0.180432
0.182261
0.189250
0.223112
0.239144
0.237523
0.236832
0.234722
0.231369
0.226790
0.235146
0.241406
0.260527
0.258218
0.270423
0.289668
0.313629
0.334557
0.336081
0.329981
0.329012
0.351208
0.351869
0.340816
0.337279
0.345251
0.352439
0.359165
0.359544
0.363793
0.365772
0.371577
0.360196
0.356823
0.349745
0.332425
0.302251
0.260771
0.242189
0.249275
0.266752
0.274664
0.316420
0.339918
0.332242
0.312953
0.288974
0.263727
0.264474
0.276406
0.286997
0.290996
0.290635
0.288487
0.287922
0.284610
0.268909
0.248443
0.231110
0.231816
0.251902
0.263222
0.265630
0.267900
0.284287
0.288806
0.278471
0.282020
0.294075
0.322136
0.350000
0.379607
0.397180
0.398922
0.387266
0.380553
0.419383
0.516079
0.613013
0.675834
0.691891
0.694532
0.698910
0.716914
0.726070
0.734206
0.749794
0.766889
0.781380
0.780295
0.768131
0.735038
0.695017
