-0.000000
0.002288
0.004577
0.006865
0.009154
0.011442
0.013731
0.016019
0.018308
0.020743
0.023179
0.025614
0.028050
0.030485
0.032921
0.035356
0.037792
0.040227
0.042663
0.045098
0.047533
0.049950
0.052367
0.054784
0.057201
0.059617
0.062034
0.064451
0.066868
0.069285
0.071701
0.074118
0.076535
0.078932
0.081329
0.083726
0.086123
0.088520
0.090917
0.093314
0.095711
0.098108
0.100505
0.102902
0.105299
0.107675
0.110051
0.112427
0.114803
0.117179
0.119555
0.121931
0.124307
0.126683
0.129059
0.131435
0.133811
0.136164
0.138518
0.140872
0.143226
0.145580
0.147934
0.150288
0.152642
0.154996
0.157349
0.159703
0.162057
0.164388
0.166719
0.169049
0.171380
0.173711
0.176041
0.178372
0.180703
0.183034
0.185364
0.187695
0.190026
0.192332
0.194639
0.196945
0.199251
0.201558
0.203864
0.206171
0.208477
0.210784
0.213090
0.215397
0.217703
0.219984
0.222265
0.224547
0.226828
0.229109
0.231390
0.233671
0.235952
0.238234
0.240515
0.242796
0.245077
0.247332
0.249587
0.251842
0.254096
0.256351
0.258606
0.260861
0.263116
0.265371
0.267626
0.269881
0.272135
0.274363
0.276591
0.278818
0.281046
0.283273
0.285501
0.287728
0.289956
0.292184
0.294411
0.296639
0.298866
0.301066
0.303265
0.305464
0.307663
0.309863
0.312062
0.314261
0.316461
0.318660
0.320859
0.323059
0.325258
0.327428
0.329598
0.331768
0.333938
0.336108
0.338279
0.340449
0.342619
0.344789
0.346959
0.349129
0.351299
0.353439
0.355579
0.357719
0.359859
0.361999
0.364139
0.366279
0.368419
0.370559
0.372699
0.374838
0.376978
0.379087
0.381196
0.383305
0.385414
0.387523
0.389632
0.391741
0.393849
0.395958
0.398067
0.400176
0.402285
0.404362
0.406439
0.408516
0.410593
0.412670
0.414746
0.416823
0.418900
0.420977
0.423054
0.425131
0.427208
0.429252
0.431296
0.433340
0.435384
0.437428
0.439472
0.441516
0.443560
0.445604
0.447649
0.449693
0.451737
0.453747
0.455757
0.457768
0.459778
0.461788
0.463799
0.465809
0.467819
0.469830
0.471840
0.473850
0.475861
0.477836
0.479812
0.481788
0.483764
0.485739
0.487715
0.489691
0.491667
0.493642
0.495618
0.497594
0.499570
0.501510
0.503450
0.505391
0.507331
0.509271
0.511212
0.513152
0.515092
0.517033
0.518973
0.520913
0.522854
0.524758
0.526662
0.528566
0.530470
0.532374
0.534278
0.536182
0.538086
0.539990
0.541894
0.543798
0.545702
0.547569
0.549436
0.551303
0.553170
0.555037
0.556904
0.558771
0.560638
0.562504
0.564371
0.566238
0.568105
0.569934
0.571763
0.573592
0.575421
0.577250
0.579079
0.580908
0.582737
0.584566
0.586395
0.588224
0.590053
0.591844
0.593634
0.595424
0.597215
0.599005
0.600795
0.602585
0.604376
0.606166
0.607956
0.609746
0.611537
0.613287
0.615038
0.616789
0.618540
0.620290
0.622041
0.623792
0.625543
0.627293
0.629044
0.630795
0.632546
0.634256
0.635966
0.637677
0.639387
0.641097
0.642808
0.644518
0.646229
0.647939
0.649649
0.651360
0.653070
0.654739
0.656409
0.658078
0.659747
0.661416
0.663086
0.664755
0.666424
0.668093
0.669763
0.671432
0.673101
0.674728
0.676356
0.677983
0.679610
0.681238
0.682865
0.684492
0.686120
0.687747
0.689374
0.691002
0.692629
0.694214
0.695798
0.697383
0.698967
0.700552
0.702137
0.703721
0.705306
0.706891
0.708475
0.710060
0.711644
0.713185
0.714727
0.716268
0.717809
0.719350
0.720891
0.722432
0.723973
0.725514
0.727056
0.728597
0.730138
0.731635
0.733132
0.734628
0.736125
0.737622
0.739119
0.740616
0.742113
0.743610
0.745106
0.746603
0.748100
0.749552
0.751004
0.752456
0.753908
0.755359
0.756811
0.758263
0.759715
0.761167
0.762618
0.764070
0.765522
0.766928
0.768334
0.769740
0.771146
0.772552
0.773958
0.775364
0.776770
0.778176
0.779582
0.780988
0.782394
0.783754
0.785113
0.786473
0.787832
0.789192
0.790551
0.791911
0.793270
0.794630
0.795989
0.797349
0.798708
0.800020
0.801332
0.802644
0.803957
0.805269
0.806581
0.807893
0.809205
0.810517
0.811829
0.813142
0.814454
0.815718
0.816982
0.818246
0.819510
0.820774
0.822038
0.823302
0.824566
0.825830
0.827094
0.828358
0.829622
0.830838
0.832053
0.833268
0.834483
0.835699
0.836914
0.838129
0.839344
0.840560
0.841775
0.842990
0.844205
0.845371
0.846537
0.847702
0.848868
0.850034
0.851199
0.852365
0.853531
0.854696
0.855862
0.857027
0.858193
0.859308
0.860424
0.861539
0.862654
0.863770
0.864885
0.866000
0.867116
0.868231
0.869346
0.870462
0.871577
0.872641
0.873706
0.874770
0.875834
0.876899
0.877963
0.879027
0.880091
0.881156
0.882220
0.883284
0.884348
0.885361
0.886373
0.887386
0.888398
0.889411
0.890423
0.891436
0.892448
0.893461
0.894473
0.895486
0.896498
0.897458
0.898418
0.899378
0.900338
0.901298
0.902258
0.903218
0.904178
0.905138
0.906098
0.907058
0.908018
0.908925
0.909831
0.910738
0.911645
0.912551
0.913458
0.914365
0.915272
0.916178
0.917085
0.917992
0.918899
0.919751
0.920604
0.921457
0.922310
0.923162
0.924015
0.924868
0.925721
0.926574
0.927426
0.928279
0.929132
0.929930
0.930728
0.931526
0.932324
0.933122
0.933921
0.934719
0.935517
0.936315
0.937113
0.937911
0.938709
0.939452
0.940195
0.940938
0.941681
0.942423
0.943166
0.943909
0.944652
0.945394
0.946137
0.946880
0.947623
0.948310
0.948996
0.949683
0.950370
0.951057
0.951743
0.952430
0.953117
0.953804
0.954490
0.955177
0.955864
0.956494
0.957124
0.957754
0.958384
0.959014
0.959644
0.960274
0.960904
0.961534
0.962164
0.962795
0.963425
0.963997
0.964570
0.965143
0.965715
0.966288
0.966861
0.967434
0.968006
0.968579
0.969152
0.969724
0.970297
0.970812
0.971327
0.971841
0.972356
0.972871
0.973386
0.973900
0.974415
0.974930
0.975444
0.975959
0.976474
0.976930
0.977386
0.977842
0.978298
0.978755
0.979211
0.979667
0.980123
0.980579
0.981035
0.981491
0.981947
0.982344
0.982741
0.983138
0.983535
0.983932
0.984329
0.984726
0.985123
0.985520
0.985916
0.986313
0.986710
0.987047
0.987385
0.987722
0.988059
0.988396
0.988733
0.989070
0.989407
0.989744
0.990082
0.990419
0.990756
0.991033
0.991309
0.991586
0.991863
0.992140
0.992416
0.992693
0.992970
0.993247
0.993524
0.993800
0.994077
0.994293
0.994509
0.994725
0.994941
0.995157
0.995373
0.995589
0.995804
0.996020
0.996236
0.996452
0.996668
0.996823
0.996977
0.997132
0.997286
0.997441
0.997595
0.997750
0.997904
0.998059
0.998213
0.998368
0.998523
0.998615
0.998708
0.998801
0.998893
0.998986
0.999079
0.999171
0.999264
0.999357
0.999450
0.999542
0.999635
0.999665
0.999696
0.999726
0.999757
0.999787
0.999817
0.999848
0.999878
0.999909
0.999939
0.999970
1.000000
0.999968
0.999936
0.999903
0.999871
0.999839
0.999807
0.999774
0.999742
0.999710
0.999678
0.999645
0.999613
0.999518
0.999423
0.999327
0.999232
0.999137
0.999041
0.998946
0.998851
0.998756
0.998660
0.998565
0.998470
0.998311
0.998153
0.997994
0.997835
0.997677
0.997518
0.997360
0.997201
0.997042
0.996884
0.996725
0.996567
0.996344
0.996122
0.995900
0.995678
0.995456
0.995233
0.995011
0.994789
0.994567
0.994344
0.994122
0.993900
0.993614
0.993328
0.993042
0.992756
0.992470
0.992184
0.991898
0.991612
0.991326
0.991040
0.990754
0.990468
0.990118
0.989768
0.989418
0.989068
0.988718
0.988368
0.988018
0.987668
0.987318
0.986968
0.986618
0.986268
0.985853
0.985439
0.985025
0.984611
0.984197
0.983783
0.983369
0.982955
0.982541
0.982127
0.981712
0.981298
0.980820
0.980342
0.979864
0.979385
0.978907
0.978429
0.977951
0.977472
0.976994
0.976516
0.976038
0.975559
0.975017
0.974475
0.973932
0.973390
0.972848
0.972305
0.971763
0.971220
0.970678
0.970136
0.969593
0.969051
0.968445
0.967838
0.967232
0.966625
0.966019
0.965413
0.964806
0.964200
0.963593
0.962987
0.962380
0.961774
0.961104
0.960433
0.959763
0.959093
0.958422
0.957752
0.957082
0.956412
0.955741
0.955071
0.954401
0.953730
0.952996
0.952262
0.951528
0.950794
0.950060
0.949326
0.948592
0.947858
0.947124
0.946390
0.945656
0.944922
0.944125
0.943328
0.942530
0.941733
0.940936
0.940138
0.939341
0.938543
0.937746
0.936949
0.936151
0.935354
0.934493
0.933633
0.932773
0.931912
0.931052
0.930191
0.929331
0.928471
0.927610
0.926750
0.925889
0.925029
0.924106
0.923183
0.922260
0.921337
0.920414
0.919491
0.918568
0.917645
0.916722
0.915799
0.914876
0.913953
0.912968
0.911983
0.910998
0.910013
0.909028
0.908043
0.907058
0.906073
0.905088
0.904103
0.903118
0.902133
0.901087
0.900040
0.898994
0.897947
0.896901
0.895854
0.894808
0.893761
0.892715
0.891668
0.890622
0.889575
0.888468
0.887361
0.886254
0.885146
0.884039
0.882932
0.881825
0.880717
0.879610
0.878503
0.877396
0.876288
0.875121
0.873954
0.872787
0.871619
0.870452
0.869285
0.868118
0.866951
0.865783
0.864616
0.863449
0.862282
0.861055
0.859829
0.858603
0.857376
0.856150
0.854923
0.853697
0.852471
0.851244
0.850018
0.848792
0.847565
0.846281
0.844996
0.843711
0.842427
0.841142
0.839858
0.838573
0.837288
0.836004
0.834719
0.833435
0.832150
0.830808
0.829467
0.828125
0.826783
0.825441
0.824099
0.822758
0.821416
0.820074
0.818732
0.817390
0.816049
0.814651
0.813253
0.811855
0.810457
