0.200194
0.078246
0.028009
0.009180
0.002754
0.001190
0.001920
0.005920
0.018286
0.052125
0.327139
1.456168
4.612413
10.452769
17.121510
20.789595
20.290367
19.958396
25.281090
35.600475
43.079299
40.569318
29.091665
15.781763
6.422533
1.937339
0.427528
0.068214
0.007796
0.000634
0.000036
0.000001
0.000000
0.000000
0.000000
0.000000
0.000000
0.000000
0.000000
0.000000
0.000000
0.000000
0.000000
0.000000
0.000000
0.000000
0.000000
0.000000
0.000000
0.000000
0.000000
0.000000
0.000000
0.000000
0.000000
0.000000
0.000000
0.000000
0.000000
0.000000
0.000000
0.000000
0.000000
0.000000
0.000000
0.000000
0.000000
0.000000
0.000000
0.000000
0.000000
0.000000
0.000000
0.000000
0.000000
0.000000
0.000000
0.000000
0.000000
0.000000
0.000000
0.000000
0.000000
0.000000
0.000000
0.000000
0.000000
0.000000
0.000000
0.000000
0.000000
0.000000
0.000000
0.000000
0.000000
0.000000
0.000000
0.000000
0.000000
0.000000
0.000000
0.000000
0.000000
0.000000
0.000000
0.000000
0.000000
0.000000
0.000000
0.000000
0.000000
0.000000
0.000000
0.000000
0.000000
0.000000
0.000000
0.000000
0.000000
0.000000
0.000000
0.000000
0.000000
0.000000
0.000000
0.000000
0.000000
0.000000
0.000000
0.000000
0.000000
0.000000
0.000000
0.000000
0.000000
0.000000
0.000000
0.000000
0.000000
0.000000
0.000000
0.000000
0.000000
0.000000
0.000000
0.000000
0.000000
0.000000
0.000000
0.000000
0.000000
0.000000
0.000000
0.000000
0.000000
0.000000
0.000000
0.000000
0.000000
0.000000
0.000000
0.000000
0.000000
0.000000
0.000000
0.000000
0.000000
0.000000
0.000000
0.000000
0.000000
0.000000
0.000000
0.000000
0.000000
0.000000
0.000000
0.000000
0.000000
0.000002
0.000049
0.000723
0.007508
0.054666
0.279132
0.999577
2.510500
4.422426
5.464228
4.735536
2.878581
1.227288
0.366992
0.076963
0.011319
0.001167
0.000084
0.000004
0.000000
0.000000
0.000000
0.000000
0.000000
0.000000
0.000000
0.000000
0.000000
0.000000
0.000000
0.000000
0.000000
0.000000
0.000000
0.000000
0.000000
0.000000
0.000000
0.000000
0.000000
0.000000
0.000000
0.000000
0.000000
0.000000
0.000000
0.000000
0.000000
0.000000
0.000000
0.000000
0.000000
0.000000
0.000000
0.000000
0.000000
0.000000
0.000000
0.000000
0.000000
0.000000
0.000000
0.000000
0.000000
0.000000
0.000000
0.000000
0.000000
0.000000
0.000000
0.000000
0.000000
0.000000
0.000000
0.000000
0.000000
0.000000
0.000000
0.000000
0.000000
0.000000
0.000000
0.000000
0.000000
0.000000
0.000000
0.000000
0.000000
0.000000
0.000000
0.000000
0.000000
0.000000
0.000000
0.000000
0.000000
0.000000
0.000000
0.000000
0.000000
0.000000
0.000000
0.000000
0.000000
0.000000
0.000000
0.000000
0.000000
0.000000
0.000003
0.000042
0.000444
0.003298
0.017170
0.062695
0.160562
0.288415
0.363389
0.321149
0.199076
0.086557
0.026396
0.005645
0.000847
0.000089
0.000007
0.000000
0.000000
0.000000
0.000000
0.000009
0.000164
0.002085
0.018560
0.115851
0.507139
1.556964
3.352568
5.063369
5.363805
3.985463
2.077069
0.759234
0.194641
0.034994
0.004412
0.000390
0.000024
0.000001
0.000000
0.000000
0.000000
0.000000
0.000000
0.000000
0.000000
0.000000
0.000000
0.000000
0.000000
0.000000
0.000000
0.000000
0.000000
0.000000
0.000000
0.000000
0.000000
0.000000
0.000000
0.000000
0.000000
0.000000
0.000000
0.000000
0.000000
0.000000
0.000000
0.000000
0.000000
0.000000
0.000000
0.000000
0.000000
0.000000
0.000000
0.000000
0.000000
0.000000
0.000000
0.000000
0.000000
0.000000
0.000000
0.000000
0.000000
0.000000
0.000000
0.000000
0.000000
0.000000
0.000000
0.000000
0.000001
0.000015
0.000276
0.003557
0.032099
0.203112
0.901513
2.808210
6.147598
9.494306
10.455467
8.446411
5.346463
2.990119
1.848297
2.059393
3.919590
6.826139
8.702455
7.829200
4.944656
2.190631
0.680700
0.148342
0.022671
0.002430
0.000192
0.000153
0.001554
0.011791
0.062785
0.234802
0.618397
1.155818
1.566194
1.628522
1.491993
1.580120
2.430868
4.488312
7.415422
10.221450
13.573860
21.780492
40.355452
68.452313
93.989389
104.601164
104.489519
107.856116
116.740880
118.287458
101.883255
71.186327
39.563958
17.388891
6.055555
1.702781
0.522312
0.640108
1.523012
2.794693
3.615651
3.282030
2.089679
0.933214
0.292301
0.064210
0.009892
0.001069
0.000081
0.000004
0.000000
0.000000
0.000000
0.000000
0.000000
0.000000
0.000000
0.000000
0.000000
0.000000
0.000000
0.000000
0.000000
0.000000
0.000000
0.000000
0.000000
0.000000
0.000000
0.000000
0.000006
0.000113
0.001515
0.014361
0.095955
0.452131
1.503283
3.528857
5.851275
6.855785
5.677708
3.324009
1.375720
0.402460
0.083201
0.012150
0.001253
0.000091
0.000005
0.000000
0.000000
0.000000
0.000000
0.000000
0.000000
0.000000
0.000003
0.000058
0.000915
0.010118
0.078577
0.428425
1.640449
4.412580
8.340697
11.082567
10.355360
6.806850
3.148930
1.025663
0.235325
0.038050
0.004338
0.000349
0.000020
0.000001
0.000000
0.000000
0.000000
0.000000
0.000000
0.000000
0.000000
0.000000
0.000000
0.000000
0.000000
0.000000
0.000000
0.000000
0.000008
0.000122
0.001347
0.010457
0.056925
0.217331
0.581943
1.092945
1.439759
1.330333
0.862201
0.391945
0.124967
0.027944
0.004382
0.000482
0.000037
0.000002
0.000000
0.000000
0.000000
0.000000
0.000000
0.000000
0.000000
0.000000
0.000000
0.000000
0.000000
0.000000
0.000000
0.000000
0.000000
0.000000
0.000000
0.000000
0.000000
0.000000
0.000000
0.000000
0.000000
0.000000
0.000000
0.000000
0.000000
0.000000
0.000000
0.000000
0.000000
0.000000
0.000000
0.000000
0.000000
0.000000
0.000000
0.000000
0.000000
0.000000
0.000000
0.000000
0.000000
0.000002
0.000029
0.000392
0.003678
0.024178
0.111462
0.360372
0.817195
1.299769
1.450061
1.134933
0.625587
0.261757
0.186036
0.481267
1.273483
2.419261
3.227373
3.020093
1.982311
0.912628
0.294693
0.066739
0.010600
0.001181
0.000092
0.000005
0.000000
0.000000
0.000000
0.000000
0.000000
0.000000
0.000000
0.000000
0.000000
0.000000
0.000000
0.000000
0.000000
0.000000
0.000000
0.000000
0.000000
0.000000
0.000000
0.000000
0.000000
0.000000
0.000000
0.000000
0.000000
0.000000
0.000000
0.000000
0.000000
0.000000
0.000000
0.000000
0.000000
0.000000
0.000000
0.000000
0.000000
0.000000
0.000000
0.000000
0.000000
0.000000
0.000000
0.000000
0.000000
0.000000
0.000000
0.000000
0.000000
0.000000
0.000000
0.000000
0.000000
0.000000
0.000000
0.000000
0.000009
0.000151
0.001716
0.013699
0.076987
0.306717
0.883118
1.926820
3.485224
5.725046
8.475222
10.267877
9.351285
6.134093
2.849198
0.931303
0.213743
0.034417
0.003887
0.000308
0.000017
0.000001
0.000000
0.000000
0.000000
0.000000
0.000000
0.000000
0.000000
0.000002
0.000044
0.000710
0.008164
0.066338
0.381085
1.547949
4.446963
9.037276
12.994463
13.221466
9.519621
4.850131
1.748267
0.445718
0.080341
0.010234
0.000921
0.000058
0.000003
0.000000
0.000000
0.000000
0.000000
0.000000
0.000000
0.000000
0.000000
0.000000
0.000000
0.000000
0.000000
0.000000
0.000000
0.000000
0.000000
0.000000
0.000000
0.000000
0.000000
0.000000
0.000000
0.000000
0.000000
0.000001
0.000012
0.000162
0.001559
0.010543
0.049995
0.166267
0.387826
0.634503
0.728128
0.586088
0.330897
0.131035
0.036394
0.007089
0.000968
0.000093
0.000006
0.000002
0.000039
0.000644
0.007447
0.060341
0.342860
1.366221
3.818161
7.484059
10.289247
9.922016
6.710972
3.183698
1.059313
0.247200
0.040560
0.006118
0.014685
0.097361
0.464298
1.553167
3.644037
5.996633
6.921536
5.603647
3.182058
1.267369
0.354027
0.069356
0.009528
0.000918
0.000062
0.000003
0.000000
0.000000
0.000000
0.000000
0.000000
0.000000
0.000000
0.000000
0.000000
0.000000
0.000000
0.000000
0.000000
0.000000
0.000000
0.000000
0.000000
0.000000
0.000000
0.000000
0.000000
0.000000
0.000000
0.000000
0.000000
0.000000
0.000000
0.000000
0.000000
0.000000
0.000000
0.000000
0.000000
0.000000
0.000000
0.000000
0.000000
0.000000
0.000000
0.000000
0.000000
0.000000
0.000000
0.000000
0.000000
0.000000
0.000000
0.000000
0.000000
0.000000
0.000000
0.000000
0.000000
0.000000
0.000000
0.000000
0.000000
0.000000
0.000000
0.000000
0.000000
0.000000
0.000000
0.000000
0.000000
0.000000
0.000000
0.000000
0.000000
0.000000
0.000000
0.000000
0.000000
0.000000
0.000000
0.000000
0.000000
0.000000
0.000000
0.000000
0.000000
0.000005
0.000069
0.000678
0.004710
0.023101
0.081385
0.216847
0.493569
1.110083
2.427715
4.431461
6.048097
5.906641
4.070099
1.970542
0.669480
0.159546
0.026666
0.003125
0.000257
0.000015
0.000001
0.000000
0.000000
0.000000
0.000000
0.000000
0.000000
0.000000
0.000000
0.000000
0.000006
0.000101
0.001264
0.011149
0.069472
0.305857
0.951731
2.093463
3.255245
3.577846
2.778920
1.524732
0.590716
0.161512
0.031148
0.004234
0.000405
0.000027
0.000001
0.000000
0.000000
0.000001
0.000023
0.000321
0.003199
0.022363
0.109636
0.376961
0.909053
1.537618
1.824256
1.518114
0.886137
0.362797
0.104178
0.020980
0.002963
0.000293
0.000020
0.000001
0.000000
0.000000
0.000001
0.000022
0.000312
0.003127
0.021941
0.107981
0.372697
0.902213
1.531880
1.824371
1.523977
0.892929
0.481577
0.283359
0.152579
0.075185
0.033904
0.013991
0.005283
0.001271
0.000000
0.000000
