-0.000000
0.001488
0.002976
0.004463
0.005951
0.007439
0.008927
0.010414
0.011902
0.013390
0.014907
0.016692
0.018476
0.020261
0.022045
0.023830
0.025614
0.027398
0.029183
0.030967
0.032752
0.034536
0.036326
0.038170
0.040013
0.041856
0.043700
0.045543
0.047386
0.049230
0.051073
0.052916
0.054760
0.056603
0.058446
0.060288
0.062129
0.063971
0.065813
0.067654
0.069496
0.071337
0.073179
0.075021
0.076862
0.078704
0.080545
0.082384
0.084223
0.086061
0.087900
0.089739
0.091578
0.093416
0.095255
0.097094
0.098933
0.100771
0.102610
0.104444
0.106279
0.108114
0.109948
0.111783
0.113618
0.115452
0.117287
0.119122
0.120956
0.122791
0.124625
0.126455
0.128284
0.130114
0.131943
0.133773
0.135602
0.137432
0.139261
0.141091
0.142920
0.144750
0.146579
0.148402
0.150225
0.152049
0.153872
0.155695
0.157519
0.159342
0.161165
0.162988
0.164812
0.166635
0.168458
0.170274
0.172090
0.173906
0.175722
0.177538
0.179354
0.181169
0.182985
0.184801
0.186617
0.188433
0.190249
0.192056
0.193864
0.195672
0.197479
0.199287
0.201095
0.202902
0.204710
0.206518
0.208325
0.210133
0.211940
0.213738
0.215537
0.217335
0.219133
0.220932
0.222730
0.224528
0.226327
0.228125
0.229924
0.231722
0.233519
0.235307
0.237095
0.238884
0.240672
0.242460
0.244248
0.246036
0.247824
0.249612
0.251400
0.253189
0.254976
0.256752
0.258529
0.260306
0.262083
0.263860
0.265637
0.267414
0.269191
0.270968
0.272745
0.274522
0.276297
0.278062
0.279827
0.281592
0.283357
0.285122
0.286886
0.288651
0.290416
0.292181
0.293946
0.295710
0.297474
0.299226
0.300978
0.302730
0.304481
0.306233
0.307985
0.309737
0.311489
0.313241
0.314993
0.316744
0.318495
0.320233
0.321971
0.323709
0.325447
0.327185
0.328923
0.330661
0.332399
0.334137
0.335875
0.337613
0.339350
0.341073
0.342796
0.344520
0.346243
0.347966
0.349690
0.351413
0.353137
0.354860
0.356583
0.358307
0.360028
0.361736
0.363444
0.365152
0.366860
0.368568
0.370276
0.371984
0.373692
0.375400
0.377107
0.378815
0.380522
0.382213
0.383905
0.385597
0.387288
0.388980
0.390671
0.392363
0.394055
0.395746
0.397438
0.399130
0.400820
0.402494
0.404169
0.405844
0.407518
0.409193
0.410867
0.412542
0.414217
0.415891
0.417566
0.419241
0.420913
0.422570
0.424227
0.425884
0.427541
0.429198
0.430855
0.432511
0.434168
0.435825
0.437482
0.439139
0.440794
0.442432
0.444071
0.445709
0.447347
0.448986
0.450624
0.452262
0.453901
0.455539
0.457177
0.458816
0.460452
0.462071
0.463690
0.465310
0.466929
0.468548
0.470167
0.471786
0.473405
0.475024
0.476644
0.478263
0.479880
0.481479
0.483078
0.484678
0.486277
0.487876
0.489475
0.491075
0.492674
0.494273
0.495872
0.497472
0.499069
0.500647
0.502226
0.503805
0.505383
0.506962
0.508541
0.510119
0.511698
0.513276
0.514855
0.516434
0.518010
0.519568
0.521125
0.522682
0.524240
0.525797
0.527355
0.528912
0.530469
0.532027
0.533584
0.535141
0.536697
0.538232
0.539767
0.541303
0.542838
0.544374
0.545909
0.547445
0.548980
0.550516
0.552051
0.553587
0.555120
0.556633
0.558146
0.559658
0.561171
0.562684
0.564197
0.565710
0.567223
0.568736
0.570249
0.571762
0.573272
0.574762
0.576251
0.577741
0.579231
0.580721
0.582210
0.583700
0.585190
0.586679
0.588169
0.589659
0.591146
0.592612
0.594078
0.595543
0.597009
0.598475
0.599941
0.601407
0.602873
0.604339
0.605804
0.607270
0.608734
0.610175
0.611617
0.613058
0.614499
0.615941
0.617382
0.618824
0.620265
0.621706
0.623148
0.624589
0.626028
0.627445
0.628861
0.630277
0.631694
0.633110
0.634526
0.635943
0.637359
0.638775
0.640192
0.641608
0.643022
0.644413
0.645803
0.647194
0.648585
0.649976
0.651366
0.652757
0.654148
0.655538
0.656929
0.658320
0.659708
0.661072
0.662437
0.663801
0.665166
0.666530
0.667895
0.669259
0.670624
0.671988
0.673353
0.674717
0.676079
0.677417
0.678754
0.680092
0.681429
0.682767
0.684105
0.685442
0.686780
0.688118
0.689455
0.690793
0.692128
0.693438
0.694748
0.696058
0.697369
0.698679
0.699989
0.701299
0.702610
0.703920
0.705230
0.706540
0.707848
0.709130
0.710412
0.711694
0.712977
0.714259
0.715541
0.716823
0.718106
0.719388
0.720670
0.721952
0.723232
0.724486
0.725739
0.726993
0.728247
0.729500
0.730754
0.732008
0.733261
0.734515
0.735769
0.737022
0.738273
0.739498
0.740722
0.741947
0.743171
0.744396
0.745621
0.746845
0.748070
0.749294
0.750519
0.751743
0.752965
0.754160
0.755355
0.756550
0.757745
0.758939
0.760134
0.761329
0.762524
0.763719
0.764914
0.766109
0.767301
0.768465
0.769630
0.770794
0.771959
0.773124
0.774288
0.775453
0.776618
0.777782
0.778947
0.780112
0.781273
0.782407
0.783541
0.784675
0.785808
0.786942
0.788076
0.789210
0.790344
0.791478
0.792612
0.793745
0.794876
0.795979
0.797081
0.798184
0.799286
0.800389
0.801491
0.802593
0.803696
0.804798
0.805901
0.807003
0.808103
0.809173
0.810244
0.811314
0.812385
0.813456
0.814526
0.815597
0.816667
0.817738
0.818809
0.819879
0.820947
0.821985
0.823023
0.824061
0.825099
0.826137
0.827175
0.828213
0.829252
0.830290
0.831328
0.832366
0.833401
0.834406
0.835411
0.836416
0.837421
0.838427
0.839432
0.840437
0.841442
0.842447
0.843452
0.844457
0.845459
0.846431
0.847402
0.848374
0.849346
0.850317
0.851289
0.852260
0.853232
0.854204
0.855175
0.856147
0.857115
0.858053
0.858990
0.859928
0.860865
0.861803
0.862740
0.863678
0.864615
0.865553
0.866490
0.867428
0.868362
0.869265
0.870168
0.871071
0.871974
0.872877
0.873780
0.874682
0.875585
0.876488
0.877391
0.878294
0.879193
0.880061
0.880929
0.881797
0.882665
0.883532
0.884400
0.885268
0.886136
0.887003
0.887871
0.888739
0.889603
0.890435
0.891267
0.892099
0.892931
0.893764
0.894596
0.895428
0.896260
0.897092
0.897924
0.898756
0.899584
0.900380
0.901176
0.901972
0.902768
0.903564
0.904360
0.905156
0.905951
0.906747
0.907543
0.908339
0.909131
0.909890
0.910650
0.911409
0.912168
0.912927
0.913686
0.914445
0.915204
0.915963
0.916723
0.917482
0.918237
0.918959
0.919681
0.920403
0.921125
0.921846
0.922568
0.923290
0.924012
0.924734
0.925456
0.926178
0.926896
0.927580
0.928264
0.928948
0.929632
0.930316
0.931000
0.931684
0.932369
0.933053
0.933737
0.934421
0.935101
0.935747
0.936393
0.937039
0.937684
0.938330
0.938976
0.939622
0.940268
0.940913
0.941559
0.942205
0.942847
0.943454
0.944061
0.944668
0.945275
0.945882
0.946489
0.947096
0.947703
0.948310
0.948917
0.949524
0.950127
0.950695
0.951262
0.951830
0.952398
0.952966
0.953533
0.954101
0.954669
0.955236
0.955804
0.956372
0.956935
0.957463
0.957991
0.958519
0.959047
0.959575
0.960103
0.960631
0.961159
0.961687
0.962215
0.962742
0.963266
0.963754
0.964242
0.964729
0.965217
0.965704
0.966192
0.966680
0.967167
0.967655
0.968143
0.968630
0.969114
0.969561
0.970007
0.970454
0.970901
0.971348
0.971795
0.972242
0.972689
0.973136
0.973582
0.974029
0.974472
0.974878
0.975283
0.975689
0.976095
0.976500
0.976906
0.977312
0.977717
0.978123
0.978528
0.978934
0.979336
0.979700
0.980063
0.980427
0.980791
0.981155
0.981519
0.981883
0.982247
0.982611
0.982975
0.983339
0.983699
0.984021
0.984343
0.984664
0.984986
0.985308
0.985630
0.985952
0.986274
0.986595
0.986917
0.987239
0.987557
0.987836
0.988115
0.988394
0.988674
0.988953
0.989232
0.989512
0.989791
0.990070
0.990349
0.990629
0.990904
0.991140
0.991376
0.991613
0.991849
0.992085
0.992322
0.992558
0.992794
0.993031
0.993267
0.993503
0.993735
0.993928
0.994121
0.994314
0.994507
0.994700
0.994893
0.995086
0.995279
0.995472
0.995665
0.995858
0.996046
0.996195
0.996345
0.996494
0.996643
0.996792
0.996941
0.997091
0.997240
0.997389
0.997538
0.997687
0.997832
0.997937
0.998043
0.998148
0.998253
0.998358
0.998463
0.998568
0.998673
0.998778
0.998883
0.998989
0.999089
0.999150
0.999211
0.999271
0.999332
0.999393
0.999453
0.999514
0.999575
0.999635
0.999696
0.999757
0.999813
0.999829
0.999845
0.999861
0.999877
0.999893
0.999909
0.999925
0.999941
0.999957
0.999973
0.999989
1.000000
0.999971
0.999942
0.999913
0.999884
0.999855
0.999826
0.999797
0.999768
0.999738
0.999709
0.999680
0.999647
0.999572
0.999498
0.999424
0.999349
0.999275
0.999201
0.999126
0.999052
0.998978
0.998903
0.998829
0.998750
0.998630
0.998511
0.998391
0.998271
0.998151
0.998031
0.997912
0.997792
0.997672
0.997552
0.997432
0.997308
0.997142
0.996977
0.996811
0.996646
0.996480
0.996315
0.996149
0.995984
0.995818
0.995653
0.995487
0.995317
0.995106
0.994895
0.994683
0.994472
0.994261
0.994050
0.993838
0.993627
0.993416
0.993204
0.992993
0.992777
0.992520
0.992263
0.992005
0.991748
0.991491
0.991234
0.990976
0.990719
0.990462
0.990205
0.989947
0.989685
0.989382
0.989079
0.988776
0.988472
0.988169
0.987866
0.987563
0.987259
0.986956
0.986653
0.986350
0.986042
0.985692
0.985343
0.984994
0.984645
0.984295
0.983946
0.983597
0.983247
0.982898
0.982549
0.982200
0.981846
0.981450
0.981055
0.980660
0.980264
0.979869
0.979474
0.979078
0.978683
0.978288
0.977893
0.977497
0.977097
0.976656
0.976215
0.975774
0.975332
0.974891
0.974450
0.974008
0.973567
0.973126
0.972685
0.972243
0.971798
0.971310
0.970823
0.970336
0.969849
0.969362
0.968875
0.968388
