0.594096
0.570813
0.558177
0.569092
0.601512
0.649497
0.678972
0.666058
0.649366
0.630742
0.596056
0.580245
0.578626
0.562473
0.552045
0.574149
0.604971
0.606046
0.598923
0.599040
0.594259
0.604552
0.613564
0.604992
0.571292
0.496539
0.400048
0.365483
0.344471
0.304108
0.251627
0.216068
0.191147
0.177407
0.173576
0.166375
0.143511
0.148914
0.151604
0.152477
0.152225
0.152182
0.152007
0.147284
0.143254
0.139048
0.117716
0.099005
0.084555
0.078631
0.079120
0.076327
0.074157
0.069988
0.069808
0.069646
0.067227
0.059104
0.051681
0.049407
0.050052
0.049112
0.045843
0.044461
0.040303
0.030265
0.033575
0.041145
0.050487
0.055774
0.055105
0.052023
0.049634
0.050527
0.053155
0.055552
0.056178
0.057884
0.063769
0.067111
0.067459
0.066843
0.067477
0.071010
0.074784
0.075902
0.075531
0.076384
0.078434
0.090270
0.105361
0.116294
0.120198
0.118413
0.113457
0.108323
0.105696
0.107274
0.110661
0.118406
0.129188
0.141951
0.152973
0.157165
0.157465
0.160118
0.161211
0.160583
0.164782
0.172033
0.178035
0.184333
0.191514
0.197201
0.203803
0.209604
0.213093
0.213392
0.211137
0.205278
0.195233
0.179224
0.159043
0.144567
0.139522
0.136325
0.134059
0.133418
0.132528
0.127261
0.120995
0.113193
0.105931
0.104986
0.104365
0.109970
0.137828
0.200883
0.259011
0.302911
0.328972
0.344814
0.353147
0.367769
0.391443
0.421999
0.438677
0.433215
0.424235
0.415849
0.399001
0.381836
0.355840
0.324240
0.284688
0.235319
0.196461
0.183233
0.189326
0.198590
0.192852
0.186312
0.177204
0.174602
0.187275
0.210786
0.227787
0.241232
0.243876
0.243507
0.256053
0.246638
0.229146
0.208255
0.178235
0.219983
0.218553
0.230011
0.299863
0.382435
0.445514
0.476327
0.479598
0.504530
0.559382
0.564242
0.567523
0.569885
0.571431
0.571985
0.570769
0.576489
0.583199
0.586468
0.588317
0.571550
0.564218
0.557669
0.521591
0.448387
0.347098
0.252037
0.229045
0.216276
0.118269
0.111761
0.111546
0.116422
0.125957
0.140759
0.154523
0.160395
0.158663
0.158607
0.158544
0.158546
0.155231
0.151035
0.149708
0.146078
0.142232
0.132241
0.118137
0.105453
0.097474
0.094408
0.094416
0.094067
0.092507
0.082010
0.065203
0.045881
0.038633
0.037722
0.041349
0.049335
0.056037
0.059117
0.066183
0.068992
0.068328
0.067490
0.067383
0.068008
0.067643
0.066246
0.065826
0.065540
0.061685
0.063242
0.072308
0.075324
0.071328
0.080587
0.097286
0.103596
0.103874
0.103592
0.105009
0.105127
0.107616
0.111332
0.116267
0.119304
0.119138
0.119153
0.118648
0.118624
0.118251
0.114302
0.101283
0.086273
0.086329
0.085479
0.082546
0.089689
0.100833
0.104516
0.092584
0.086215
0.102340
0.112197
0.113488
0.140548
0.142202
0.148415
0.170532
0.190635
0.198590
0.199646
0.206167
0.231656
0.250761
0.250768
0.256405
0.274158
0.298874
0.336987
0.361534
0.381218
0.423024
0.472283
0.520452
0.602801
0.726958
0.866005
0.987611
1.059915
1.081988
1.061242
1.020627
0.955626
0.882075
0.837189
0.801046
0.779731
0.781088
0.806149
0.806390
0.794727
0.790959
0.791156
0.791919
0.783591
0.756817
0.689702
0.567950
0.433025
0.330985
0.292659
0.301645
0.301983
0.301596
0.304789
0.302699
0.316642
0.340412
0.357318
0.378578
0.375838
0.348469
0.312546
0.271764
0.230168
0.224878
0.227218
0.219350
0.207464
0.201737
0.205113
0.203317
0.177104
0.151468
0.140524
0.135658
0.140586
0.145215
0.147154
0.150668
0.155126
0.155394
0.154560
0.155832
0.161750
0.164068
0.164128
0.164206
0.163076
0.158227
0.145168
0.133832
0.126093
0.126929
0.127675
0.126617
0.123790
0.119310
0.116750
0.116323
0.146460
0.162442
0.168623
0.196923
0.219826
0.250909
0.295343
0.311411
0.321285
0.332845
0.418591
0.532222
0.596371
0.616557
0.615512
0.615302
0.658785
0.704650
0.709858
0.707607
0.691109
0.675060
0.672868
0.680717
0.730488
0.744732
0.737916
0.755642
0.789662
0.829335
0.830445
0.781226
0.746885
0.720338
0.717164
0.732194
0.705109
0.661623
0.651756
0.649880
0.714855
0.891116
1.113981
1.300858
1.372360
1.361703
1.341332
1.349091
1.388750
1.433133
1.488693
1.515970
1.503941
1.510901
1.546011
1.578073
1.601418
1.622264
1.645262
1.671075
1.685115
1.631667
1.478599
1.222529
0.870218
0.538456
0.257942
0.150166
0.147194
0.158030
0.155195
0.154315
0.153551
0.153611
0.153717
0.155425
0.172846
0.186011
0.185964
0.205384
0.226606
0.239369
0.252893
0.264620
0.265017
0.262492
0.263446
0.262592
0.256637
0.271242
0.362648
0.418512
0.434137
0.531656
0.673715
0.812192
0.886799
0.888539
0.891284
0.940100
0.961278
0.973680
1.011279
1.028847
1.029570
1.032325
1.040069
1.045706
1.044219
1.031657
1.002120
0.985209
0.991790
0.972841
0.902392
0.766297
0.611701
0.551510
0.550003
0.534626
0.560391
0.607508
0.612485
0.617191
0.622187
0.617587
0.601838
0.576997
0.561850
0.559940
0.556955
0.552959
0.561167
0.561072
0.556032
0.552448
0.546277
0.506984
0.488314
0.487812
0.462250
0.403773
0.339745
0.277393
0.255776
0.267289
0.283561
0.301040
0.314569
0.322157
0.314088
0.284920
0.251926
0.232201
0.225193
0.217661
0.203841
0.185634
0.159853
0.125898
0.095452
0.105547
0.186205
0.284680
0.364986
0.420805
0.465447
0.506921
0.519700
0.515409
0.507118
0.492179
0.489278
0.485869
0.479645
0.469685
0.462474
0.439440
0.418231
0.406123
0.398554
0.399824
0.400162
0.385548
0.357592
0.322624
0.283042
0.218895
0.175663
0.183477
0.237596
0.287926
0.319854
0.329457
0.331490
0.331122
0.335310
0.347926
0.368463
0.385606
0.390664
0.389569
0.390331
0.392080
0.386788
0.374984
0.349516
0.322255
0.307458
0.305372
0.302897
0.305701
0.295894
0.310735
0.351742
0.413197
0.441273
0.442775
0.419663
0.391154
0.388436
0.395886
0.394234
0.391052
0.394246
0.399015
0.396821
0.380526
0.364868
0.362015
0.361249
0.359087
0.358571
0.354987
0.326778
0.265376
0.219873
0.182507
0.173038
0.172249
0.162630
0.152332
0.143797
0.139902
0.148015
0.156458
0.160694
0.162524
0.164078
0.167478
0.168628
0.160203
0.145965
0.134905
0.130098
0.129212
0.127829
0.127970
0.127266
0.116580
0.094179
0.072520
0.074863
0.077395
0.078116
0.078045
0.077271
0.076250
0.085835
0.100887
0.106638
0.108037
0.109756
0.114204
0.118609
0.120042
0.119592
0.120641
0.111443
0.102392
0.101749
0.110436
0.116302
0.114881
0.109711
0.099876
0.089175
0.075230
0.078236
0.091157
0.096813
0.094219
0.088150
0.085904
0.143319
0.214453
0.216554
0.260718
0.421663
0.624489
0.766164
0.825277
0.828149
0.840442
0.852751
0.865514
0.872166
0.871275
0.869732
0.865477
0.860257
0.855449
0.851772
0.848052
0.822892
0.776326
0.776965
0.787606
0.754326
0.639387
0.480610
0.350468
0.322518
0.316200
0.427911
0.446709
0.540599
0.819621
1.102447
1.265328
1.310164
1.311212
1.367534
1.438661
1.449696
1.450781
1.443128
1.433217
1.429563
1.430023
1.430677
1.431264
1.432590
1.422751
1.362008
1.341917
1.333965
1.224882
0.983073
0.691888
0.492594
0.459383
0.381406
0.195912
0.179894
0.181526
0.182805
0.202643
0.244495
0.315620
0.387511
0.460924
0.500911
0.507849
0.500054
0.490272
0.494433
0.497077
0.503570
0.569453
0.656106
0.700254
0.706427
0.673195
0.637501
0.617694
0.620772
0.618597
0.620872
0.622306
0.632427
0.659823
0.685853
0.698172
0.693736
0.663852
0.623436
0.588450
0.576425
0.565386
0.525336
0.496554
0.487014
0.501673
0.516982
0.516977
0.492078
0.486540
0.482468
0.480747
0.478753
0.430319
0.374166
0.338240
0.330467
0.327778
0.326426
0.366872
0.422449
0.403490
0.429921
0.479444
0.512299
0.521632
0.509230
0.498731
0.504274
0.505256
0.514065
0.522561
0.518434
0.521731
0.523307
0.524987
0.526378
0.525868
0.528422
0.493477
0.367153
0.333940
0.376447
0.404118
0.393194
0.387847
0.405461
0.409005
0.386785
0.407196
0.474155
0.548251
0.556196
0.555457
0.556803
0.562549
0.567984
0.567085
0.549287
0.514513
0.486083
0.471894
0.474682
0.480719
0.483665
0.452574
0.380896
0.294657
0.265643
0.274452
0.251852
0.194407
0.204605
0.226995
0.245588
0.254656
0.255465
0.252616
0.250740
0.258162
0.272682
0.280231
0.277069
0.268309
0.260959
0.260337
0.259459
0.255168
0.243885
0.233179
0.232360
0.227440
0.220606
0.208460
0.195432
0.201538
0.216340
0.219939
0.218688
0.216787
0.209534
0.209663
0.209702
0.209294
0.211100
0.211885
0.209221
0.205363
0.204492
0.208315
0.211849
0.220954
0.226120
0.262206
0.308655
0.363927
0.398857
0.401318
0.402445
0.439515
0.471120
0.487003
0.509980
0.520343
0.519886
0.520586
0.528923
0.535421
0.538394
0.538290
0.536977
0.533035
0.532654
0.516304
0.482301
0.409123
0.347482
0.386165
0.473476
0.499186
0.495504
0.486591
0.462312
0.448174
0.458642
0.504862
0.533152
0.538762
0.521953
0.504417
0.515490
0.599416
0.639723
0.651131
0.636286
0.642699
0.678665
0.710392
0.716745
0.714901
0.723354
0.770361
0.806965
0.830645
0.868253
0.854694
0.821250
0.813688
0.846791
0.894304
0.913130
0.866937
0.865921
0.894134
0.918071
0.916587
0.876703
0.825925
0.798945
0.794758
0.793692
0.771377
0.744783
0.722696
0.706813
0.722691
0.721993
0.698046
0.657298
0.620446
0.597193
0.590104
0.578814
0.577190
0.565089
0.555264
0.554270
0.552503
0.543012
0.543725
0.549246
0.560223
0.573319
0.587505
0.572685
0.543416
0.557800
0.577573
0.575217
0.522961
0.466324
