0.524519
0.514774
0.497230
0.489079
0.482398
0.465207
0.429916
0.396868
0.401716
0.384375
0.331947
0.273137
0.260579
0.263508
0.243641
0.212001
0.223314
0.220290
0.208484
0.207511
0.206062
0.201097
0.204933
0.212658
0.221325
0.236511
0.256760
0.267025
0.268988
0.267480
0.253778
0.228241
0.193004
0.163761
0.158837
0.162363
0.165342
0.164495
0.158914
0.145891
0.128294
0.105786
0.088337
0.078487
0.073887
0.073276
0.071230
0.070414
0.067168
0.066775
0.083473
0.098581
0.114765
0.130999
0.134968
0.136456
0.137966
0.138705
0.132302
0.127041
0.124914
0.123600
0.116583
0.105990
0.100098
0.091059
0.082278
0.066444
0.053649
0.050579
0.053708
0.055499
0.056115
0.054642
0.056310
0.058325
0.058809
0.063048
0.065648
0.066601
0.066742
0.066419
0.065952
0.064934
0.056801
0.043994
0.033912
0.028167
0.027411
0.028171
0.029567
0.032496
0.034134
0.032642
0.032728
0.033659
0.064332
0.073377
0.106263
0.153178
0.174642
0.178545
0.184129
0.224240
0.299064
0.370384
0.383530
0.386789
0.389119
0.391062
0.391085
0.390261
0.389832
0.388528
0.384961
0.380005
0.379845
0.378751
0.355899
0.320840
0.296526
0.288320
0.290648
0.285376
0.253942
0.199105
0.191770
0.199771
0.246462
0.279873
0.317200
0.334625
0.346112
0.357110
0.366375
0.377592
0.379608
0.376614
0.371744
0.375916
0.377739
0.392047
0.420854
0.438321
0.426994
0.377605
0.330980
0.320820
0.344154
0.357678
0.365410
0.379410
0.398652
0.411569
0.422351
0.422109
0.420534
0.420764
0.418646
0.418251
0.427876
0.430508
0.399247
0.332330
0.246657
0.182353
0.154433
0.153087
0.154986
0.151283
0.146891
0.147914
0.150229
0.154519
0.160524
0.161607
0.160163
0.153327
0.145656
0.143302
0.144649
0.136397
0.126499
0.126171
0.122729
0.121724
0.112673
0.089211
0.078227
0.076670
0.076479
0.080477
0.087377
0.098371
0.114242
0.126568
0.138628
0.140661
0.136142
0.135367
0.136230
0.134865
0.133626
0.134684
0.128594
0.115063
0.105517
0.098652
0.104149
0.121732
0.129406
0.132734
0.135882
0.138058
0.132099
0.123204
0.106838
0.103076
0.107747
0.116241
0.131650
0.141483
0.137735
0.123279
0.110344
0.103209
0.097295
0.094706
0.101241
0.110446
0.114616
0.112482
0.109871
0.110585
0.110616
0.112220
0.111689
0.110815
0.111826
0.115251
0.115544
0.113864
0.114648
0.112556
0.104120
0.096672
0.093504
0.096331
0.093171
0.086394
0.081433
0.080624
0.080414
0.077194
0.073452
0.057904
0.041415
0.036486
0.047345
0.061526
0.069476
0.073715
0.074774
0.075262
0.075319
0.073999
0.073846
0.072863
0.072320
0.072767
0.072563
0.070893
0.069296
0.065683
0.060590
0.056215
0.054327
0.055926
0.064639
0.070574
0.077990
0.083524
0.085774
0.084967
0.085185
0.087381
0.091571
0.095416
0.094225
0.095263
0.101441
0.115991
0.192684
0.206594
0.207677
0.237419
0.274353
0.296252
0.298561
0.334488
0.445532
0.539558
0.563174
0.574840
0.590046
0.592313
0.591399
0.589692
0.589289
0.583738
0.579754
0.580973
0.579639
0.579710
0.564202
0.518168
0.449422
0.375005
0.344343
0.352615
0.334719
0.276618
0.279376
0.289068
0.273304
0.267783
0.262646
0.256146
0.233526
0.224322
0.223853
0.223574
0.223925
0.223450
0.222678
0.210130
0.173102
0.142450
0.173103
0.224018
0.252075
0.268927
0.267984
0.258300
0.249331
0.241061
0.240825
0.242110
0.240944
0.244892
0.245929
0.230305
0.212801
0.193907
0.168847
0.142551
0.105972
0.094186
0.099453
0.100795
0.104232
0.110942
0.117380
0.119224
0.132981
0.146616
0.158019
0.160970
0.159163
0.158338
0.158608
0.168969
0.179304
0.179518
0.180792
0.187007
0.194975
0.208217
0.224913
0.232297
0.227556
0.210506
0.188867
0.188400
0.225249
0.242945
0.242497
0.241837
0.236902
0.231591
0.219215
0.222605
0.244626
0.263970
0.256913
0.255488
0.255329
0.256778
0.260492
0.264304
0.272210
0.277085
0.278042
0.275916
0.253809
0.239092
0.238284
0.230569
0.216816
0.207109
0.205385
0.199901
0.165852
0.092343
0.081907
0.084533
0.085628
0.086311
0.092389
0.103078
0.116924
0.138809
0.153105
0.157148
0.153995
0.148859
0.150952
0.159690
0.163499
0.163375
0.150861
0.136771
0.124767
0.121648
0.120820
0.121118
0.117906
0.114603
0.115915
0.116985
0.119619
0.122841
0.122968
0.117842
0.106259
0.098725
0.098962
0.099157
0.112108
0.113137
0.164267
0.241863
0.299313
0.325498
0.324480
0.336445
0.386919
0.423922
0.427744
0.427822
0.427694
0.427644
0.428177
0.429303
0.429586
0.429573
0.429529
0.428779
0.419911
0.418833
0.405078
0.362544
0.302152
0.248029
0.234825
0.228828
0.167531
0.067899
0.048793
0.061894
0.077252
0.118063
0.184446
0.235563
0.266036
0.272820
0.274836
0.306913
0.366844
0.389429
0.397604
0.404025
0.406320
0.406486
0.406607
0.406637
0.406664
0.407057
0.408851
0.407380
0.404592
0.395067
0.365562
0.319337
0.269518
0.241088
0.240209
0.226797
0.166104
0.133809
0.123167
0.115911
0.116136
0.116822
0.152056
0.282870
0.388692
0.410419
0.430782
0.614078
0.961931
1.329710
1.627771
1.801347
1.910716
1.992700
2.041589
2.073134
2.077147
2.043259
2.010041
2.014223
2.057739
2.101538
2.120006
2.066974
1.987053
1.943753
1.954768
1.995122
2.000306
1.940796
1.819329
1.721041
1.633553
1.512131
1.352267
1.114509
0.803450
0.498911
0.332899
0.326347
0.308424
