0.000000
0.008333
0.016667
0.025000
0.033333
0.041667
0.050000
0.058333
0.066667
0.075000
0.083333
0.091667
0.100000
0.108333
0.116667
0.125000
0.133333
0.141667
0.150000
0.158333
0.166667
0.175000
0.183333
0.191667
0.200000
0.208333
0.216667
0.225000
0.233333
0.241667
0.250000
0.258333
0.266667
0.275000
0.283333
0.291667
0.300000
0.308333
0.316667
0.325000
0.333333
0.341667
0.350000
0.358333
0.366667
0.375000
0.383333
0.391667
0.400000
0.408333
0.416667
0.425000
0.433333
0.441667
0.450000
0.458333
0.466667
0.475000
0.483333
0.491667
0.500000
0.508333
0.516667
0.525000
0.533333
0.541667
0.550000
0.558333
0.566667
0.575000
0.583333
0.591667
0.600000
0.608333
0.616667
0.625000
0.633333
0.641667
0.650000
0.658333
0.666667
0.675000
0.683333
0.691667
0.700000
0.708333
0.716667
0.725000
0.733333
0.741667
0.750000
0.758333
0.766667
0.775000
0.783333
0.791667
0.800000
0.808333
0.816667
0.825000
0.833333
0.841667
0.850000
0.858333
0.866667
0.875000
0.883333
0.891667
0.900000
0.908333
0.916667
0.925000
0.933333
0.941667
0.950000
0.958333
0.966667
0.975000
0.983333
0.991667
1.000000
1.008333
1.016667
1.025000
1.033333
1.041667
1.050000
1.058333
1.066667
1.075000
1.083333
1.091667
1.100000
1.108333
1.116667
1.125000
1.133333
1.141667
1.150000
1.158333
1.166667
1.175000
1.183333
1.191667
1.200000
1.208333
1.216667
1.225000
1.233333
1.241667
1.250000
1.258333
1.266667
1.275000
1.283333
1.291667
1.300000
1.308333
1.316667
1.325000
1.333333
1.341667
1.350000
1.358333
1.366667
1.375000
1.383333
1.391667
1.400000
1.408333
1.416667
1.425000
1.433333
1.441667
1.450000
1.458333
1.466667
1.475000
1.483333
1.491667
1.500000
1.508333
1.516667
1.525000
1.533333
1.541667
1.550000
1.558333
1.566667
1.575000
1.583333
1.591667
1.600000
1.608333
1.616667
1.625000
1.633333
1.641667
1.650000
1.658333
1.666667
1.675000
1.683333
1.691667
1.700000
1.708333
1.716667
1.725000
1.733333
1.741667
1.750000
1.758333
1.766667
1.775000
1.783333
1.791667
1.800000
1.808333
1.816667
1.825000
1.833333
1.841667
1.850000
1.858333
1.866667
1.875000
1.883333
1.891667
1.900000
1.908333
1.916667
1.925000
1.933333
1.941667
1.950000
1.958333
1.966667
1.975000
1.983333
1.991667
2.000000
2.008333
2.016667
2.025000
2.033333
2.041667
2.050000
2.058333
2.066667
2.075000
2.083333
2.091667
2.100000
2.108333
2.116667
2.125000
2.133333
2.141667
2.150000
2.158333
2.166667
2.175000
2.183333
2.191667
2.200000
2.208333
2.216667
2.225000
2.233333
2.241667
2.250000
2.258333
2.266667
2.275000
2.283333
2.291667
2.300000
2.308333
2.316667
2.325000
2.333333
2.341667
2.350000
2.358333
2.366667
2.375000
2.383333
2.391667
2.400000
2.408333
2.416667
2.425000
2.433333
2.441667
2.450000
2.458333
2.466667
2.475000
2.483333
2.491667
2.500000
2.508333
2.516667
2.525000
2.533333
2.541667
2.550000
2.558333
2.566667
2.575000
2.583333
2.591667
2.600000
2.608333
2.616667
2.625000
2.633333
2.641667
2.650000
2.658333
2.666667
2.675000
2.683333
2.691667
2.700000
2.708333
2.716667
2.725000
2.733333
2.741667
2.750000
2.758333
2.766667
2.775000
2.783333
2.791667
2.800000
2.808333
2.816667
2.825000
2.833333
2.841667
2.850000
2.858333
2.866667
2.875000
2.883333
2.891667
2.900000
2.908333
2.916667
2.925000
2.933333
2.941667
2.950000
2.958333
2.966667
2.975000
2.983333
2.991667
3.000000
3.008333
3.016667
3.025000
3.033333
3.041667
3.050000
3.058333
3.066667
3.075000
3.083333
3.091667
3.100000
3.108333
3.116667
3.125000
3.133333
3.141667
3.150000
3.158333
3.166667
3.175000
3.183333
3.191667
3.200000
3.208333
3.216667
3.225000
3.233333
3.241667
3.250000
3.258333
3.266667
3.275000
3.283333
3.291667
3.300000
3.308333
3.316667
3.325000
3.333333
3.341667
3.350000
3.358333
3.366667
3.375000
3.383333
3.391667
3.400000
3.408333
3.416667
3.425000
3.433333
3.441667
3.450000
3.458333
3.466667
3.475000
3.483333
3.491667
3.500000
3.508333
3.516667
3.525000
3.533333
3.541667
3.550000
3.558333
3.566667
3.575000
3.583333
3.591667
3.600000
3.608333
3.616667
3.625000
3.633333
3.641667
3.650000
3.658333
3.666667
3.675000
3.683333
3.691667
3.700000
3.708333
3.716667
3.725000
3.733333
3.741667
3.750000
3.758333
3.766667
3.775000
3.783333
3.791667
3.800000
3.808333
3.816667
3.825000
3.833333
3.841667
3.850000
3.858333
3.866667
3.875000
3.883333
3.891667
3.900000
3.908333
3.916667
3.925000
3.933333
3.941667
3.950000
3.958333
3.966667
3.975000
3.983333
3.991667
4.000000
4.008333
4.016667
4.025000
4.033333
4.041667
4.050000
4.058333
4.066667
4.075000
4.083333
4.091667
4.100000
4.108333
4.116667
4.125000
4.133333
4.141667
4.150000
4.158333
4.166667
4.175000
4.183333
4.191667
4.200000
4.208333
4.216667
4.225000
4.233333
4.241667
4.250000
4.258333
4.266667
4.275000
4.283333
4.291667
4.300000
4.308333
4.316667
4.325000
4.333333
4.341667
4.350000
4.358333
4.366667
4.375000
4.383333
4.391667
4.400000
4.408333
4.416667
4.425000
4.433333
4.441667
4.450000
4.458333
4.466667
4.475000
4.483333
4.491667
4.500000
4.508333
4.516667
4.525000
4.533333
4.541667
4.550000
4.558333
4.566667
4.575000
4.583333
4.591667
4.600000
