-0.000000
0.001580
0.003160
0.004740
0.006321
0.007901
0.009481
0.011061
0.012641
0.014231
0.015820
0.017410
0.018999
0.020588
0.022178
0.023767
0.025357
0.026946
0.028536
0.030125
0.031715
0.033312
0.034910
0.036507
0.038105
0.039702
0.041300
0.042897
0.044495
0.046092
0.047690
0.049287
0.050885
0.052489
0.054093
0.055697
0.057301
0.058906
0.060510
0.062114
0.063718
0.065323
0.066927
0.068531
0.070135
0.071745
0.073355
0.074965
0.076575
0.078184
0.079794
0.081404
0.083014
0.084623
0.086233
0.087843
0.089453
0.091067
0.092681
0.094295
0.095909
0.097523
0.099137
0.100751
0.102365
0.103980
0.105594
0.107208
0.108822
0.110439
0.112056
0.113673
0.115291
0.116908
0.118525
0.120142
0.121759
0.123377
0.124994
0.126611
0.128228
0.129848
0.131467
0.133086
0.134705
0.136324
0.137943
0.139563
0.141182
0.142801
0.144420
0.146039
0.147658
0.149279
0.150899
0.152519
0.154139
0.155759
0.157379
0.158999
0.160619
0.162239
0.163859
0.165479
0.167099
0.168718
0.170338
0.171958
0.173578
0.175197
0.176817
0.178437
0.180057
0.181676
0.183296
0.184916
0.186536
0.188154
0.189772
0.191391
0.193009
0.194628
0.196246
0.197864
0.199483
0.201101
0.202719
0.204338
0.205956
0.207572
0.209188
0.210804
0.212420
0.214036
0.215652
0.217268
0.218884
0.220500
0.222116
0.223732
0.225348
0.226961
0.228573
0.230186
0.231798
0.233411
0.235023
0.236636
0.238249
0.239861
0.241474
0.243086
0.244699
0.246307
0.247915
0.249523
0.251131
0.252740
0.254348
0.255956
0.257564
0.259172
0.260780
0.262388
0.263996
0.265599
0.267202
0.268805
0.270407
0.272010
0.273613
0.275216
0.276818
0.278421
0.280024
0.281627
0.283229
0.284826
0.286422
0.288019
0.289615
0.291211
0.292808
0.294404
0.296000
0.297597
0.299193
0.300790
0.302386
0.303975
0.305564
0.307153
0.308743
0.310332
0.311921
0.313510
0.315099
0.316688
0.318277
0.319867
0.321456
0.323037
0.324618
0.326199
0.327780
0.329360
0.330941
0.332522
0.334103
0.335684
0.337265
0.338846
0.340427
0.341999
0.343571
0.345143
0.346715
0.348287
0.349859
0.351431
0.353003
0.354575
0.356147
0.357719
0.359291
0.360853
0.362415
0.363977
0.365539
0.367101
0.368663
0.370225
0.371787
0.373349
0.374911
0.376473
0.378035
0.379587
0.381138
0.382689
0.384241
0.385792
0.387343
0.388895
0.390446
0.391997
0.393549
0.395100
0.396652
0.398191
0.399731
0.401271
0.402811
0.404351
0.405891
0.407430
0.408970
0.410510
0.412050
0.413590
0.415130
0.416657
0.418185
0.419712
0.421240
0.422767
0.424295
0.425822
0.427350
0.428877
0.430405
0.431933
0.433460
0.434975
0.436489
0.438004
0.439518
0.441032
0.442547
0.444061
0.445576
0.447090
0.448605
0.450119
0.451634
0.453134
0.454635
0.456136
0.457636
0.459137
0.460638
0.462138
0.463639
0.465140
0.466640
0.468141
0.469642
0.471128
0.472614
0.474100
0.475586
0.477072
0.478559
0.480045
0.481531
0.483017
0.484503
0.485989
0.487475
0.488946
0.490417
0.491888
0.493359
0.494830
0.496301
0.497771
0.499242
0.500713
0.502184
0.503655
0.505126
0.506581
0.508036
0.509491
0.510946
0.512401
0.513855
0.515310
0.516765
0.518220
0.519675
0.521130
0.522585
0.524023
0.525462
0.526900
0.528338
0.529777
0.531215
0.532653
0.534091
0.535530
0.536968
0.538406
0.539845
0.541266
0.542687
0.544108
0.545529
0.546950
0.548371
0.549792
0.551213
0.552634
0.554055
0.555476
0.556897
0.558300
0.559703
0.561106
0.562509
0.563912
0.565315
0.566718
0.568121
0.569524
0.570927
0.572331
0.573734
0.575118
0.576503
0.577887
0.579272
0.580656
0.582040
0.583425
0.584809
0.586194
0.587578
0.588963
0.590347
0.591713
0.593078
0.594443
0.595808
0.597174
0.598539
0.599904
0.601270
0.602635
0.604000
0.605365
0.606731
0.608076
0.609421
0.610767
0.612112
0.613458
0.614803
0.616149
0.617494
0.618840
0.620185
0.621530
0.622876
0.624201
0.625526
0.626851
0.628176
0.629501
0.630826
0.632151
0.633476
0.634801
0.636126
0.637451
0.638776
0.640080
0.641384
0.642688
0.643992
0.645296
0.646600
0.647904
0.649208
0.650512
0.651816
0.653120
0.654424
0.655706
0.656988
0.658271
0.659553
0.660835
0.662118
0.663400
0.664682
0.665965
0.667247
0.668529
0.669812
0.671072
0.672332
0.673592
0.674852
0.676113
0.677373
0.678633
0.679893
0.681153
0.682413
0.683674
0.684934
0.686171
0.687408
0.688646
0.689883
0.691121
0.692358
0.693595
0.694833
0.696070
0.697308
0.698545
0.699782
0.700996
0.702210
0.703424
0.704639
0.705853
0.707067
0.708281
0.709495
0.710709
0.711923
0.713137
0.714351
0.715541
0.716731
0.717921
0.719112
0.720302
0.721492
0.722682
0.723872
0.725062
0.726253
0.727443
0.728633
0.729799
0.730964
0.732130
0.733296
0.734461
0.735627
0.736793
0.737959
0.739124
0.740290
0.741456
0.742622
0.743762
0.744903
0.746044
0.747184
0.748325
0.749466
0.750607
0.751747
0.752888
0.754029
0.755170
0.756310
0.757426
0.758541
0.759656
0.760771
0.761886
0.763002
0.764117
0.765232
0.766347
0.767462
0.768578
0.769693
0.770782
0.771871
0.772960
0.774049
0.775139
0.776228
0.777317
0.778406
0.779495
0.780584
0.781673
0.782763
0.783825
0.784888
0.785950
0.787013
0.788075
0.789138
0.790200
0.791263
0.792325
0.793388
0.794451
0.795513
0.796549
0.797584
0.798619
0.799655
