38.634412
31.640606
22.570999
19.341522
21.960207
23.748017
19.761946
11.934657
5.161660
1.592834
0.350075
0.054713
0.006073
0.000497
0.000273
0.002190
0.013705
0.060560
0.189013
0.416834
0.649727
0.715929
0.557694
0.307091
0.119504
0.032854
0.006378
0.000874
0.000084
0.000006
0.000000
0.000000
0.000000
0.000000
0.000000
0.000000
0.000000
0.000000
0.000000
0.000000
0.000000
0.000000
0.000000
0.000000
0.000000
0.000000
0.000000
0.000000
0.000000
0.000000
0.000000
0.000000
0.000000
0.000000
0.000000
0.000000
0.000000
0.000000
0.000000
0.000000
0.000000
0.000000
0.000000
0.000000
0.000000
0.000000
0.000000
0.000000
0.000000
0.000000
0.000000
0.000000
0.000000
0.000000
0.000000
0.000000
0.000000
0.000000
0.000000
0.000000
0.000000
0.000000
0.000000
0.000000
0.000000
0.000000
0.000000
0.000000
0.000000
0.000000
0.000000
0.000000
0.000000
0.000000
0.000000
0.000000
0.000000
0.000000
0.000000
0.000000
0.000000
0.000001
0.000013
0.000158
0.001380
0.008449
0.036278
0.109246
0.230742
0.341835
0.355210
0.258900
0.132358
0.047460
0.011936
0.002105
0.000260
0.000023
0.000001
0.000000
0.000000
0.000000
0.000006
0.000128
0.001919
0.020146
0.148288
0.765445
2.771009
7.035650
12.529433
15.650608
13.712231
8.426735
3.632241
1.098087
0.232821
0.034618
0.003609
0.000264
0.000014
0.000000
0.000000
0.000000
0.000000
0.000000
0.000000
0.000000
0.000000
0.000000
0.000000
0.000000
0.000000
0.000000
0.000000
0.000000
0.000000
0.000000
0.000000
0.000000
0.000000
0.000000
0.000000
0.000000
0.000000
0.000000
0.000000
0.000000
0.000000
0.000000
0.000000
0.000000
0.000000
0.000000
0.000000
0.000000
0.000000
0.000000
0.000000
0.000000
0.000000
0.000000
0.000000
0.000000
0.000000
0.000000
0.000000
0.000000
0.000000
0.000000
0.000000
0.000000
0.000000
0.000000
0.000000
0.000000
0.000000
0.000000
0.000000
0.000000
0.000000
0.000000
0.000000
0.000000
0.000000
0.000000
0.000000
0.000000
0.000000
0.000000
0.000000
0.000000
0.000000
0.000000
0.000000
0.000000
0.000001
0.000010
0.000124
0.001125
0.007144
0.031798
0.099268
0.217356
0.333815
0.359598
0.271713
0.144005
0.053531
0.013957
0.002552
0.000327
0.000029
0.000002
0.000000
0.000000
0.000000
0.000000
0.000000
0.000000
0.000000
0.000000
0.000000
0.000000
0.000000
0.000000
0.000000
0.000000
0.000000
0.000000
0.000000
0.000000
0.000000
0.000000
0.000000
0.000000
0.000000
0.000000
0.000000
0.000000
0.000000
0.000000
0.000000
0.000000
0.000000
0.000000
0.000000
0.000000
0.000000
0.000000
0.000000
0.000000
0.000000
0.000000
0.000000
0.000000
0.000000
0.000000
0.000000
0.000000
0.000000
0.000000
0.000000
0.000000
0.000000
0.000000
0.000000
0.000000
0.000000
0.000000
0.000000
0.000000
0.000000
0.000000
0.000000
0.000001
0.000017
0.000323
0.004430
0.042854
0.292421
1.408342
4.789814
11.508946
19.543829
23.460624
19.909771
11.944580
5.064955
1.517567
0.321150
0.047977
0.005057
0.000376
0.000021
0.000032
0.000502
0.005743
0.046274
0.262712
1.051500
2.968807
5.916185
8.325473
8.277179
5.817767
2.903459
1.081607
0.478180
0.650611
1.354272
2.582911
4.411671
6.753354
8.772079
8.947577
6.769889
3.686190
1.424734
0.388657
0.074665
0.010094
0.000960
0.000064
0.000003
0.000000
0.000000
0.000000
0.000000
0.000000
0.000000
0.000000
0.000000
0.000000
0.000000
0.000000
0.000000
0.000000
0.000000
0.000000
0.000000
0.000000
0.000000
0.000000
0.000000
0.000000
0.000000
0.000000
0.000000
0.000000
0.000000
0.000000
0.000000
0.000000
0.000000
0.000005
0.000094
0.001304
0.012686
0.086856
0.418775
1.422752
3.408010
5.758974
6.869039
5.785804
3.442906
1.447822
0.430367
0.090836
0.018974
0.053522
0.346370
1.627101
5.407382
12.710898
21.136761
24.867845
20.703239
12.198046
5.086555
1.501195
0.313537
0.046333
0.004843
0.000358
0.000019
0.000001
0.000000
0.000000
0.000000
0.000000
0.000000
0.000000
0.000000
0.000000
0.000000
0.000000
0.000000
0.000000
0.000000
0.000000
0.000000
0.000000
0.000000
0.000000
0.000000
0.000000
0.000000
0.000000
0.000000
0.000000
0.000000
0.000000
0.000000
0.000000
0.000000
0.000000
0.000000
0.000000
0.000000
0.000000
0.000000
0.000000
0.000000
0.000000
0.000000
0.000000
0.000000
0.000000
0.000000
0.000000
0.000002
0.000047
0.000779
0.009064
0.073981
0.423468
1.699949
4.786211
9.451690
13.091902
12.719744
8.668336
4.143495
1.389174
0.326650
0.053866
0.006229
0.000505
0.000029
0.000001
0.000000
0.000000
0.000000
0.000000
0.000000
0.000000
0.000000
0.000000
0.000000
0.000000
0.000000
0.000000
0.000004
0.000090
0.001262
0.012419
0.085733
0.415044
1.409181
3.355754
5.605081
6.566788
5.396430
3.110560
1.257587
0.356604
0.070918
0.009891
0.000967
0.000066
0.000003
0.000000
0.000000
0.000000
0.000000
0.000000
0.000000
0.000000
0.000000
0.000000
0.000000
0.000000
0.000000
0.000000
0.000000
0.000000
0.000000
0.000001
0.000032
0.000547
0.006598
0.056146
0.338272
1.452258
4.497012
10.273010
17.993896
25.521265
31.071423
34.582764
39.281270
50.364393
66.736777
77.381373
73.105541
57.234704
39.467992
25.245756
14.782283
7.403479
3.083958
1.711822
1.480453
1.688558
2.210632
2.901251
3.592955
4.114909
4.331825
4.187726
3.714469
