-0.000000
0.001981
0.003961
0.005942
0.007923
0.009904
0.011884
0.013865
0.015846
0.017827
0.019807
0.021788
0.023768
0.025746
0.027723
0.029701
0.031678
0.033655
0.035633
0.037610
0.039588
0.041565
0.043543
0.045520
0.047497
0.049470
0.051442
0.053415
0.055388
0.057361
0.059334
0.061307
0.063280
0.065252
0.067225
0.069198
0.071170
0.073137
0.075104
0.077072
0.079039
0.081006
0.082973
0.084940
0.086907
0.088874
0.090841
0.092808
0.094774
0.096735
0.098695
0.100655
0.102615
0.104575
0.106536
0.108496
0.110456
0.112416
0.114376
0.116337
0.118295
0.120248
0.122200
0.124152
0.126104
0.128056
0.130008
0.131960
0.133913
0.135865
0.137817
0.139769
0.141720
0.143663
0.145606
0.147549
0.149492
0.151434
0.153377
0.155320
0.157263
0.159206
0.161149
0.163092
0.165034
0.166966
0.168899
0.170832
0.172765
0.174697
0.176630
0.178563
0.180496
0.182428
0.184361
0.186294
0.188225
0.190146
0.192068
0.193989
0.195911
0.197832
0.199754
0.201675
0.203597
0.205518
0.207439
0.209361
0.211280
0.213190
0.215099
0.217008
0.218917
0.220826
0.222736
0.224645
0.226554
0.228463
0.230372
0.232281
0.234188
0.236084
0.237980
0.239876
0.241772
0.243668
0.245564
0.247460
0.249356
0.251252
0.253148
0.255044
0.256937
0.258819
0.260701
0.262582
0.264464
0.266346
0.268227
0.270109
0.271991
0.273872
0.275754
0.277636
0.279515
0.281381
0.283248
0.285115
0.286981
0.288848
0.290714
0.292581
0.294447
0.296314
0.298180
0.300047
0.301911
0.303761
0.305612
0.307462
0.309313
0.311163
0.313014
0.314864
0.316714
0.318565
0.320415
0.322266
0.324114
0.325947
0.327781
0.329614
0.331448
0.333281
0.335115
0.336948
0.338782
0.340615
0.342449
0.344282
0.346113
0.347929
0.349744
0.351560
0.353376
0.355191
0.357007
0.358823
0.360639
0.362454
0.364270
0.366086
0.367898
0.369695
0.371492
0.373289
0.375087
0.376884
0.378681
0.380478
0.382275
0.384072
0.385869
0.387666
0.389460
0.391237
0.393015
0.394793
0.396570
0.398348
0.400125
0.401903
0.403681
0.405458
0.407236
0.409013
0.410788
0.412545
0.414302
0.416059
0.417817
0.419574
0.421331
0.423089
0.424846
0.426603
0.428361
0.430118
0.431872
0.433608
0.435344
0.437081
0.438817
0.440553
0.442289
0.444026
0.445762
0.447498
0.449234
0.450971
0.452703
0.454418
0.456132
0.457847
0.459561
0.461276
0.462990
0.464704
0.466419
0.468133
0.469848
0.471562
0.473273
0.474965
0.476656
0.478348
0.480040
0.481732
0.483424
0.485116
0.486808
0.488499
0.490191
0.491883
0.493571
0.495240
0.496908
0.498577
0.500245
0.501914
0.503582
0.505251
0.506919
0.508588
0.510257
0.511925
0.513590
0.515234
0.516879
0.518523
0.520168
0.521812
0.523457
0.525101
0.526746
0.528390
0.530035
0.531679
0.533319
0.534939
0.536559
0.538179
0.539798
0.541418
0.543038
0.544658
0.546277
0.547897
0.549517
0.551137
0.552752
0.554346
0.555941
0.557535
0.559129
0.560723
0.562318
0.563912
0.565506
0.567101
0.568695
0.570289
0.571879
0.573447
0.575015
0.576583
0.578152
0.579720
0.581288
0.582856
0.584424
0.585992
0.587560
0.589129
0.590692
0.592234
0.593775
0.595316
0.596858
0.598399
0.599940
0.601481
0.603023
0.604564
0.606105
0.607647
0.609183
0.610697
0.612211
0.613725
0.615239
0.616752
0.618266
0.619780
0.621294
0.622808
0.624322
0.625835
0.627344
0.628830
0.630316
0.631801
0.633287
0.634773
0.636258
0.637744
0.639230
0.640715
0.642201
0.643687
0.645167
0.646624
0.648081
0.649538
0.650995
0.652452
0.653909
0.655365
0.656822
0.658279
0.659736
0.661193
0.662645
0.664072
0.665499
0.666927
0.668354
0.669781
0.671209
0.672636
0.674064
0.675491
0.676918
0.678346
0.679768
0.681165
0.682563
0.683960
0.685357
0.686754
0.688152
0.689549
0.690946
0.692343
0.693741
0.695138
0.696530
0.697897
0.699263
0.700630
0.701996
0.703363
0.704729
0.706096
0.707462
0.708829
0.710195
0.711562
0.712923
0.714258
0.715593
0.716929
0.718264
0.719599
0.720934
0.722269
0.723604
0.724940
0.726275
0.727610
0.728940
0.730243
0.731546
0.732849
0.734152
0.735455
0.736759
0.738062
0.739365
0.740668
0.741971
0.743274
0.744572
0.745843
0.747113
0.748384
0.749654
0.750925
0.752195
0.753466
0.754736
0.756007
0.757277
0.758548
0.759813
0.761050
0.762287
0.763525
0.764762
0.765999
0.767237
0.768474
0.769711
0.770949
0.772186
0.773423
0.774655
0.775858
0.777062
0.778265
0.779469
0.780672
0.781875
