0.902892
0.909578
0.894802
0.868545
0.846484
0.829398
0.812311
0.797088
0.781438
0.737025
0.563864
0.397564
0.348873
0.408532
0.450693
0.480971
0.494492
0.481197
0.475292
0.475570
0.475137
0.478896
0.484208
0.491281
0.512241
0.499616
0.475808
0.454692
0.428516
0.402156
0.380006
0.360626
0.363802
0.368691
0.373755
0.375706
0.377606
0.372236
0.337639
0.268718
0.200322
0.155765
0.134048
0.132111
0.125568
0.123542
0.112715
0.123398
0.134872
0.140905
0.146296
0.160362
0.174641
0.189324
0.198902
0.197584
0.192957
0.193912
0.198789
0.208684
0.207021
0.196293
0.174794
0.151055
0.145691
0.153720
0.158473
0.157398
0.155093
0.155655
0.162112
0.169782
0.170771
0.172088
0.174069
0.175499
0.175048
0.176087
0.176553
0.186057
0.217011
0.243430
0.260218
0.262548
0.251339
0.232626
0.219660
0.212549
0.216457
0.224913
0.232383
0.236637
0.238942
0.232490
0.222228
0.214247
0.215020
0.226887
0.240307
0.254761
0.263870
0.265545
0.265228
0.263624
0.252752
0.230603
0.191606
0.157478
0.154744
0.154026
0.154457
0.153463
0.155283
0.159603
0.162603
0.163559
0.162106
0.155414
0.147473
0.141803
0.150426
0.163616
0.171556
0.170499
0.164272
0.157182
0.156301
0.156570
0.157455
0.163514
0.161614
0.156481
0.145016
0.124866
0.106254
0.110453
0.156590
0.178512
0.184940
0.200915
0.204730
0.218391
0.251791
0.282391
0.299852
0.350949
0.393573
0.398364
0.398530
0.400411
0.403568
0.406986
0.412659
0.427940
0.437321
0.429797
0.390245
0.347637
0.313401
0.243282
0.182441
0.184517
0.192951
0.195207
0.194012
0.178566
0.158913
0.150552
0.139778
0.150343
0.160774
0.167595
0.169601
0.161908
0.155505
0.152338
0.150626
0.152125
0.154908
0.153798
0.152256
0.151611
0.166137
0.173412
0.173936
0.168434
0.158569
0.150981
0.150465
0.148523
0.146011
0.144217
0.144181
0.141922
0.140066
0.137290
0.131955
0.126418
0.121939
0.126849
0.132427
0.130330
0.109691
0.098233
0.092260
0.088186
0.090124
0.095913
0.099614
0.098430
0.099845
0.096930
0.108265
0.114202
0.141014
0.186409
0.221458
0.226798
0.266236
0.279429
0.285090
0.288786
0.295943
0.296199
0.302949
0.356940
0.460941
0.513721
0.519854
0.533880
0.552761
0.570199
0.577145
0.569505
0.546378
0.505029
0.447887
0.432152
0.453932
0.461010
0.473144
0.465636
0.441895
0.475041
0.512115
0.514987
0.492375
0.483237
0.492165
0.492276
0.489229
0.486059
0.487757
0.489587
0.497442
0.514087
0.529995
0.502478
0.447337
0.407840
0.340044
0.304569
0.305267
0.271419
0.229262
0.225348
0.224155
0.223535
0.218262
0.216082
0.209991
0.209409
0.213370
0.229551
0.227011
0.218528
0.205684
0.202545
0.214433
0.229718
0.230803
0.230980
0.235801
0.256509
0.301070
0.298365
0.299475
0.320084
0.331948
0.333892
0.333918
0.335205
0.332615
0.311103
0.314303
0.315837
0.319327
0.323274
0.322429
0.320408
0.321555
0.324041
0.326335
0.318122
0.279402
0.295075
0.300032
0.303773
0.305262
0.312243
0.341449
0.365403
0.365771
0.362947
0.363331
0.373856
0.360309
0.368473
0.390833
0.388440
0.368239
0.399386
0.480797
0.523047
0.531310
0.576854
0.659472
0.712480
0.702426
0.718326
0.737262
0.738731
0.764301
0.797957
0.814248
0.801983
0.797308
0.810910
0.810339
0.814252
0.830413
0.822738
0.779760
0.735241
0.731977
0.716816
0.667670
0.595701
0.586909
0.573049
0.551751
0.569947
0.535190
0.472362
0.407185
0.358009
0.353883
0.352072
0.353742
0.367608
0.358854
0.358030
0.346063
0.346378
0.335995
0.297117
0.286397
0.336416
0.340788
0.346431
0.349330
0.335519
0.335925
0.338344
0.356746
0.389630
0.394981
0.392177
0.394175
0.386824
0.384485
0.372351
0.369962
0.360783
0.347346
0.353078
0.363919
0.354535
0.353375
0.339015
0.326681
0.324426
0.328430
0.339711
0.333732
0.309714
0.309997
0.308400
0.308637
0.317000
0.329045
0.328040
0.317066
0.313486
0.312955
0.300845
0.266729
0.223038
0.207544
0.199599
0.197987
0.197014
0.192555
0.186661
0.185781
0.180807
0.178133
0.179582
0.167331
0.163443
0.145766
0.136758
0.139559
0.142212
0.151495
0.158812
0.145498
0.149539
0.153713
0.155918
0.154709
0.142766
0.133847
0.121158
0.104713
0.094089
0.086190
0.085169
0.085487
0.088166
0.105127
0.124643
0.137746
0.148399
0.155282
0.152473
0.145781
0.134679
0.129922
0.127809
0.125751
0.128571
0.130670
0.134085
0.136735
0.136482
0.134355
0.131598
0.128732
0.131804
0.129084
0.119138
0.109409
