16.955468
17.676096
17.034280
15.153423
12.430702
9.395092
6.537228
4.184807
2.463094
1.332219
0.301880
0.048540
0.005525
0.000444
0.000025
0.000001
0.000000
0.000000
0.000000
0.000008
0.000177
0.002729
0.029773
0.229424
1.249240
4.807979
13.081132
25.158884
34.201014
32.852848
22.292069
10.690712
3.699609
1.317448
1.772252
4.083834
7.128282
8.760732
7.553766
4.568528
1.938048
0.576648
0.120335
0.017611
0.001807
0.000130
0.000007
0.000000
0.000000
0.000000
0.000000
0.000000
0.000000
0.000000
0.000000
0.000000
0.000000
0.000000
0.000000
0.000000
0.000000
0.000000
0.000000
0.000000
0.000000
0.000000
0.000000
0.000000
0.000000
0.000000
0.000000
0.000000
0.000000
0.000000
0.000000
0.000000
0.000000
0.000000
0.000000
0.000000
0.000000
0.000000
0.000001
0.000025
0.000451
0.005813
0.052560
0.333410
1.484016
4.635695
10.164445
15.646731
16.912848
12.839550
6.847242
2.565754
0.675706
0.125102
0.016288
0.001492
0.000096
0.000004
0.000000
0.000000
0.000000
0.000000
0.000000
0.000000
0.000000
0.000000
0.000000
0.000000
0.000000
0.000000
0.000000
0.000000
0.000000
0.000000
0.000000
0.000000
0.000000
0.000000
0.000000
0.000000
0.000000
0.000000
0.000000
0.000000
0.000000
0.000000
0.000000
0.000000
0.000000
0.000000
0.000000
0.000000
0.000000
0.000000
0.000000
0.000000
0.000000
0.000001
0.000021
0.000401
0.005514
0.053355
0.363487
1.744626
5.903306
14.092033
23.754336
28.324110
23.998494
14.669121
6.892026
3.301316
2.816904
3.484681
3.711740
2.897252
1.603034
0.623865
0.170425
0.032658
0.004390
0.000437
0.000405
0.004329
0.034789
0.196109
0.775289
2.149684
4.180711
5.703012
5.456869
3.662412
1.724119
0.569283
0.131834
0.021411
0.002438
0.000195
0.000011
0.000000
0.000000
0.000000
0.000000
0.000000
0.000000
0.000000
0.000000
0.000000
0.000000
0.000000
0.000000
0.000000
0.000000
0.000000
0.000000
0.000000
0.000000
0.000000
0.000000
0.000000
0.000000
0.000000
0.000000
0.000000
0.000000
0.000000
0.000000
0.000000
0.000000
0.000000
0.000000
0.000000
0.000001
0.000025
0.000421
0.005026
0.042044
0.246620
1.014539
2.927241
5.924455
8.416113
8.433893
6.209565
4.361763
5.324741
9.062339
12.625556
12.593749
8.832979
4.346648
1.500272
0.363178
0.061656
0.007340
0.000621
0.000207
0.002533
0.026550
0.197800
1.052196
4.020781
11.112669
22.362661
32.941441
35.617502
28.252323
16.382700
6.907016
2.104371
0.461079
0.077511
0.054655
0.281778
1.189027
3.526651
7.336656
10.705360
10.956689
7.865613
3.960536
1.398715
0.346447
0.060180
0.007330
0.000626
0.000037
0.000002
0.000000
0.000000
0.000000
0.000000
0.000000
0.000000
0.000000
0.000000
0.000000
0.000000
0.000000
0.000000
0.000000
0.000000
0.000000
0.000000
0.000000
0.000000
0.000000
0.000000
0.000000
0.000000
0.000000
0.000000
0.000000
0.000000
0.000000
0.000000
0.000000
0.000000
0.000000
0.000000
0.000006
0.000118
0.001616
0.015614
0.106642
0.514829
1.756797
4.236879
7.219833
8.690264
7.390459
4.476107
2.132558
1.579527
3.067138
6.269920
9.672821
10.840910
8.748220
5.053066
2.079613
0.607698
0.125759
0.018430
0.002468
0.006412
0.048886
0.271007
1.078496
3.116852
6.633250
10.534775
12.599334
11.457610
8.490440
7.322847
10.919198
18.145372
23.213591
21.116671
13.499504
6.054771
1.904800
0.420294
0.065351
0.011292
0.039907
0.256912
1.176932
3.787307
8.562656
13.605913
15.199898
11.942922
6.602545
2.569373
0.704127
0.135951
0.018502
0.001776
0.000120
0.000006
0.000000
0.000000
0.000000
0.000000
0.000000
0.000002
0.000053
0.000843
0.009478
0.074730
0.413199
1.602300
4.357890
8.313368
11.123957
10.440688
6.873612
3.174083
1.028047
0.233532
0.037204
0.004156
0.000326
0.000018
0.000001
0.000000
0.000000
0.000000
0.000004
0.000089
0.001456
0.016670
0.133790
0.752982
2.972062
8.227541
15.975039
21.756417
20.783365
13.927886
6.565789
2.299682
1.173810
2.326650
5.249493
8.577392
9.846147
7.928628
4.478306
1.774190
0.492990
0.096073
0.013130
0.001258
0.000085
0.000004
0.000000
0.000000
0.000000
0.000000
0.000000
0.000000
0.000000
0.000000
0.000000
0.000000
0.000000
0.000000
0.000000
0.000000
0.000000
0.000000
0.000000
0.000000
0.000000
0.000000
0.000000
0.000000
0.000000
0.000000
0.000000
0.000000
0.000000
0.000000
0.000000
0.000000
0.000000
0.000000
0.000000
0.000000
0.000000
0.000000
0.000000
0.000000
0.000000
0.000000
0.000000
