0.414071
0.419237
0.418351
0.410948
0.400282
0.388510
0.386273
0.394789
0.407075
0.408594
0.392938
0.379436
0.380258
0.382487
0.370393
0.344270
0.329234
0.327111
0.329370
0.326243
0.315532
0.303829
0.294320
0.287545
0.282341
0.281481
0.275495
0.253449
0.213079
0.177646
0.166358
0.186479
0.205016
0.215462
0.224721
0.227351
0.226348
0.226251
0.226643
0.227885
0.227930
0.227928
0.228945
0.231014
0.227169
0.215664
0.191137
0.162334
0.151716
0.158342
0.165004
0.155616
0.143828
0.137833
0.127164
0.121075
0.132554
0.144329
0.157115
0.166107
0.176537
0.189093
0.194648
0.189528
0.182422
0.166003
0.146086
0.145593
0.154632
0.162494
0.167474
0.168190
0.161676
0.151230
0.136471
0.119804
0.115692
0.113679
0.115688
0.118634
0.128993
0.136016
0.135890
0.134316
0.140682
0.147769
0.160349
0.175980
0.187402
0.195059
0.199180
0.203887
0.207722
0.207030
0.197864
0.185849
0.170168
0.153065
0.139143
0.129539
0.132010
0.126257
0.104942
0.086738
0.085999
0.094140
0.100511
0.101660
0.102542
0.104186
0.105729
0.108959
0.125805
0.149884
0.167216
0.179746
0.187049
0.189596
0.192193
0.195817
0.201428
0.210787
0.216066
0.211577
0.201219
0.185656
0.166110
0.154832
0.149262
0.138580
0.120267
0.101638
0.098158
0.098721
0.100117
0.105727
0.131938
0.170584
0.193216
0.195609
0.193555
0.219912
0.267478
0.312725
0.325731
0.325523
0.326254
0.329190
0.331043
0.333088
0.336326
0.343021
0.347809
0.347963
0.348710
0.359628
0.376030
0.376542
0.360768
0.349853
0.359361
0.366280
0.353301
0.319209
0.303197
0.303134
0.302886
0.300081
0.297821
0.297450
0.298826
0.298116
0.293364
0.290263
0.296040
0.294562
0.273615
0.237862
0.213108
0.214072
0.212110
0.202154
0.189683
0.186469
0.184792
0.186927
0.186940
0.192023
0.203115
0.211196
0.211133
0.196325
0.171727
0.154715
0.152575
0.149992
0.152405
0.153111
0.151124
0.138373
0.121951
0.106715
0.099254
0.098432
0.087973
0.088695
0.084015
0.082158
0.082238
0.085620
0.088341
0.087415
0.087320
0.084469
0.080544
0.075116
0.075248
0.076061
0.076665
0.078558
0.078555
0.078644
0.081926
0.086715
0.091877
0.092231
0.085545
0.084256
0.092039
0.104108
0.103857
0.102544
0.107975
0.135211
0.170631
0.201760
0.217591
0.219470
0.219344
0.218427
0.224347
0.231304
0.230524
0.230022
0.229270
0.227360
0.227466
0.231208
0.227342
0.210633
0.204812
0.210036
0.212312
0.212336
0.207143
0.197939
0.195623
0.201239
0.205030
0.205011
0.191655
0.177295
0.199501
0.220144
0.226220
0.229223
0.256185
0.317885
0.386454
0.437313
0.446556
0.450358
0.457452
0.463718
0.469963
0.473670
0.471525
0.461028
0.446763
0.432697
0.422532
0.406896
0.356771
0.293300
0.235031
0.213056
0.215514
0.206315
0.181480
0.144231
0.140135
0.163343
0.194843
0.212101
0.219217
0.220169
0.218131
0.218233
0.231498
0.255771
0.275874
0.276578
0.269033
0.263490
0.263226
0.260804
0.264465
0.272576
0.263138
0.247759
0.246560
0.252897
0.262040
0.277966
0.288582
0.289034
0.287620
0.287943
0.288394
0.279837
0.266074
0.259197
0.259407
0.260547
0.260582
0.268733
0.263010
0.242211
0.228090
0.228526
0.236836
0.238137
0.227229
0.207580
0.193683
0.197694
0.206097
0.209074
0.206437
0.205643
0.207909
0.210417
0.216111
0.215615
0.198237
0.155412
0.114996
0.099754
0.099587
0.102944
0.102574
0.101850
0.101921
0.097973
0.097180
0.097217
0.099752
0.104383
0.105198
0.105294
0.104062
0.103792
0.097052
0.103417
0.107109
0.102836
0.100885
0.099656
0.097141
0.093931
0.086407
0.097124
0.115037
0.114664
0.115052
0.115866
0.112654
0.105944
0.104653
0.105910
0.109813
0.106499
0.103722
0.103103
0.101068
0.100212
0.100508
0.102158
0.096717
0.084998
0.094499
0.107568
0.103542
0.105150
0.104777
0.106527
0.110397
0.110694
0.110280
0.108525
0.103212
0.102222
0.104381
0.106318
0.106619
0.106614
0.106174
0.101169
0.099188
0.099239
0.093377
0.078671
0.068301
0.064896
0.064507
0.060609
0.052313
0.052019
0.064325
0.072249
0.074981
0.074283
0.070133
0.063415
0.061446
0.061530
0.067399
0.075455
0.078553
0.081253
0.079244
0.077932
0.080284
0.085442
0.087953
0.086896
0.085903
0.086087
0.084315
0.082939
0.084353
0.088650
0.088556
0.086960
0.084761
0.084975
0.091198
0.091403
0.089320
0.085721
0.086598
0.091621
0.093328
0.089123
0.084555
0.084704
0.085186
0.085467
0.085993
0.090766
0.093083
0.089102
0.084997
0.084505
0.090098
0.097447
0.102662
0.105446
0.106620
0.106661
0.108521
0.108572
0.107899
0.107858
0.109753
0.112278
0.111052
0.109198
0.106408
0.097647
0.089512
0.090744
0.104653
0.119671
0.130230
0.132541
0.131935
0.133619
0.137595
0.143123
0.143822
0.137339
0.123639
0.117421
0.114755
0.141709
0.173040
0.170138
0.182179
0.204929
0.229759
0.242283
0.242075
0.259687
0.310115
0.326734
0.336995
0.360138
0.372195
0.382103
0.387023
0.390228
0.392079
0.392490
0.389435
0.387738
0.388800
0.391565
0.385096
0.366138
0.331109
0.306477
0.307190
0.305757
0.289535
0.288219
0.287353
0.273522
0.266713
0.270007
0.292527
0.301014
0.302530
0.311405
0.335666
0.363553
0.373102
0.367287
0.360774
0.376884
0.386028
0.387854
0.385376
0.390090
0.395840
0.396740
0.394942
0.394896
0.394747
0.389980
0.375223
0.371158
0.370045
0.355123
0.311238
0.244875
0.182736
0.145832
0.143748
0.126665
0.124017
0.121621
0.119350
0.123311
0.125026
0.124472
0.120318
0.115084
0.110789
0.100364
0.098165
0.103526
0.115720
0.155181
0.181657
0.174801
0.208516
0.294224
0.402692
0.479172
0.502150
0.502954
0.514767
0.529576
0.536568
0.547984
0.555121
0.556963
0.560624
0.573231
0.575531
0.574975
0.573006
0.561874
0.543425
0.540840
0.536675
0.515199
0.446683
0.340583
0.269481
0.262833
0.258855
0.250422
0.248581
0.241991
0.239651
0.240456
0.238444
0.220468
0.219012
0.216799
0.210766
0.196532
0.184616
0.173682
0.171588
0.168135
0.163300
0.167297
0.163426
0.147478
0.143639
0.143966
0.144170
0.145898
0.146447
0.148291
0.175114
0.201316
0.207892
0.261389
0.317634
0.334271
0.328474
0.311333
0.300392
0.305053
0.332266
0.339492
0.340145
0.339221
0.337196
0.337831
0.334058
0.324822
0.306921
0.295730
0.296135
0.299535
0.305305
0.294168
0.264082
0.255404
0.276559
0.290359
0.292702
0.278432
0.229613
0.216059
0.215848
0.215598
0.214757
0.210207
0.209948
0.205452
0.205927
0.222367
0.242109
0.261558
0.261157
0.259212
0.270271
0.271798
0.251470
0.235152
0.231857
0.234619
0.233055
0.236847
0.238816
0.246315
0.267767
0.290695
0.296316
0.296051
0.295613
0.296170
0.305527
0.291309
0.300208
0.320497
0.322341
0.319574
0.313418
0.311210
0.313298
0.314430
0.314750
0.313344
0.315776
0.306609
0.274880
0.205617
0.208752
0.202416
0.209860
0.215754
0.218494
0.217118
0.218009
0.230752
0.241097
0.241283
0.240796
0.241020
0.242780
0.256751
0.282235
0.317542
0.355524
0.385896
0.388441
0.373670
0.354551
0.347117
0.349163
0.350854
0.355958
0.353758
0.337152
0.299620
0.258659
0.244084
0.231852
0.218682
0.206222
0.206644
0.206782
0.198533
0.190122
0.179240
0.176724
0.151559
0.112926
0.099422
0.097492
0.095236
0.096037
0.096717
0.096028
0.091556
0.089868
0.089800
0.087357
0.088961
0.092820
0.096960
0.102792
0.102285
0.095684
0.094299
0.094251
0.089597
0.082566
0.087677
0.200871
0.231355
0.236458
0.236872
0.237983
0.241181
0.241688
0.249119
0.285058
0.306952
0.301417
0.299615
0.300199
0.297121
0.291911
0.286287
0.276672
0.264360
0.247511
0.244523
0.219154
0.213600
0.212781
0.211908
0.212367
0.212040
0.221129
0.225134
0.205461
0.184320
0.183674
0.181253
0.170310
0.166574
0.165767
0.161200
0.160273
0.160254
0.169615
0.169396
0.171361
0.169210
0.172721
0.171920
0.174040
0.192427
0.234700
0.255521
0.266249
0.281581
0.282830
0.285066
0.296855
0.313285
0.319087
0.319166
0.327597
0.352526
0.366529
0.395619
0.392008
0.376176
0.363682
0.369728
0.377044
0.375844
0.367826
0.373855
0.378816
0.375886
0.388302
0.406246
0.406972
0.387965
0.374436
0.372586
0.373674
0.361099
0.354997
0.313782
0.295749
0.304068
0.317876
0.319519
0.327694
0.328371
0.323266
0.309474
0.299796
0.302055
0.294185
0.332401
0.386577
0.389062
0.392948
0.406333
0.418955
0.423559
0.424707
0.425802
0.430062
0.428700
0.423661
0.415997
0.420151
0.420181
0.410069
0.395737
0.380853
0.374674
0.377004
0.351861
0.302618
0.298687
0.291632
0.280954
0.277188
0.287836
0.312277
0.330376
0.323851
0.316428
0.324823
0.332294
0.332005
0.332783
0.332212
0.332267
0.331251
0.323846
0.309882
0.299696
0.298886
0.303536
0.307414
0.298357
0.277373
0.243693
0.203995
0.177387
0.183068
0.192936
0.188598
0.173732
0.160801
0.146467
0.145682
0.147734
0.149765
0.154723
0.154857
0.149584
0.135804
0.130747
0.132701
0.141346
0.148792
0.154606
0.155884
0.155422
0.148689
0.148015
0.149426
0.148699
0.149790
0.148469
0.146959
0.136269
0.122984
0.109925
0.104912
0.100603
0.105478
0.110892
0.110190
0.106277
0.106889
0.112838
0.128698
0.152291
0.165203
0.165561
0.155129
0.154484
0.161607
0.162558
0.157995
0.153111
0.152472
0.152820
0.152615
0.153554
0.158047
0.163016
0.166851
0.166635
0.167637
0.167940
0.167824
0.160463
0.154216
0.151491
0.155096
0.147838
0.124270
0.105183
0.098441
0.094436
