-0.000000
0.002725
0.005451
0.008176
0.010901
0.013626
0.016352
0.019077
0.021802
0.024528
0.027253
0.029978
0.032676
0.035374
0.038072
0.040770
0.043468
0.046166
0.048864
0.051562
0.054260
0.056958
0.059657
0.062355
0.065024
0.067694
0.070363
0.073033
0.075702
0.078372
0.081041
0.083711
0.086381
0.089050
0.091720
0.094389
0.097029
0.099669
0.102309
0.104949
0.107589
0.110229
0.112869
0.115509
0.118149
0.120789
0.123429
0.126068
0.128678
0.131287
0.133896
0.136505
0.139114
0.141723
0.144333
0.146942
0.149551
0.152160
0.154769
0.157378
0.159956
0.162533
0.165110
0.167687
0.170265
0.172842
0.175419
0.177996
0.180574
0.183151
0.185728
0.188305
0.190850
0.193394
0.195938
0.198483
0.201027
0.203571
0.206115
0.208660
0.211204
0.213748
0.216292
0.218837
0.221347
0.223857
0.226367
0.228878
0.231388
0.233898
0.236408
0.238918
0.241429
0.243939
0.246449
0.248959
0.251434
0.253909
0.256385
0.258860
0.261335
0.263810
0.266285
0.268760
0.271235
0.273710
0.276185
0.278660
0.281099
0.283538
0.285977
0.288416
0.290855
0.293294
0.295733
0.298172
0.300611
0.303050
0.305489
0.307928
0.310330
0.312731
0.315133
0.317535
0.319937
0.322339
0.324740
0.327142
0.329544
0.331946
0.334348
0.336749
0.339113
0.341477
0.343840
0.346204
0.348568
0.350931
0.353295
0.355659
0.358022
0.360386
0.362749
0.365113
0.367438
0.369762
0.372087
0.374411
0.376736
0.379060
0.381385
0.383709
0.386033
0.388358
0.390682
0.393007
0.395291
0.397576
0.399860
0.402144
0.404429
0.406713
0.408998
0.411282
0.413566
0.415851
0.418135
0.420419
0.422663
0.424906
0.427149
0.429393
0.431636
0.433879
0.436123
0.438366
0.440609
0.442853
0.445096
0.447339
0.449540
0.451742
0.453943
0.456144
0.458346
0.460547
0.462748
0.464949
0.467151
0.469352
0.471553
0.473754
0.475913
0.478071
0.480229
0.482388
0.484546
0.486704
0.488863
0.491021
0.493179
0.495338
0.497496
0.499654
0.501769
0.503883
0.505998
0.508112
0.510227
0.512341
0.514455
0.516570
0.518684
0.520799
0.522913
0.525028
0.527097
0.529167
0.531236
0.533306
0.535376
0.537445
0.539515
0.541585
0.543654
0.545724
0.547794
0.549863
0.551887
0.553911
0.555935
0.557959
0.559983
0.562007
0.564031
0.566054
0.568078
0.570102
0.572126
0.574150
0.576127
0.578105
0.580082
0.582059
0.584037
0.586014
0.587991
0.589968
0.591946
0.593923
0.595900
0.597878
0.599807
0.601737
0.603667
0.605597
0.607526
0.609456
0.611386
0.613316
0.615245
0.617175
0.619105
0.621035
0.622916
0.624797
0.626679
0.628560
0.630441
0.632323
0.634204
0.636086
0.637967
0.639848
0.641730
0.643611
0.645443
0.647275
0.649107
0.650939
0.652771
0.654603
0.656435
0.658267
0.660099
0.661931
0.663763
0.665595
0.667377
0.669159
0.670941
0.672723
0.674505
0.676287
0.678068
0.679850
0.681632
0.683414
0.685196
0.686978
0.688709
0.690439
0.692170
0.693901
0.695632
0.697363
0.699093
0.700824
0.702555
0.704286
0.706016
0.707747
0.709426
0.711105
0.712784
0.714463
0.716141
0.717820
0.719499
0.721178
0.722857
0.724536
0.726215
0.727893
0.729519
0.731145
0.732771
0.734398
0.736024
0.737650
0.739276
0.740902
0.742528
0.744154
0.745780
0.747406
0.748978
0.750550
0.752123
0.753695
0.755267
0.756840
0.758412
0.759985
0.761557
0.763129
0.764702
0.766274
0.767792
0.769310
0.770827
0.772345
0.773863
0.775381
0.776898
0.778416
0.779934
0.781452
0.782970
0.784487
0.785950
0.787412
0.788875
0.790337
0.791799
0.793262
0.794724
0.796187
0.797649
0.799111
0.800574
0.802036
0.803442
0.804848
0.806254
0.807661
0.809067
0.810473
0.811879
0.813285
0.814691
0.816097
0.817503
0.818910
0.820259
0.821608
0.822957
0.824306
0.825655
0.827004
0.828353
0.829702
0.831051
0.832400
0.833749
0.835098
0.836389
0.837680
0.838971
0.840262
0.841553
0.842844
0.844135
0.845426
0.846717
0.848008
0.849299
0.850590
0.851822
0.853054
0.854287
0.855519
0.856751
0.857983
0.859215
0.860448
0.861680
0.862912
0.864144
0.865376
0.866549
0.867722
0.868894
0.870067
0.871239
0.872412
0.873584
0.874757
0.875930
0.877102
0.878275
0.879447
0.880559
0.881671
0.882784
0.883896
0.885008
0.886120
0.887232
0.888344
0.889456
0.890568
0.891680
0.892792
0.893843
0.894894
0.895945
0.896995
0.898046
0.899097
0.900148
0.901199
0.902249
0.903300
0.904351
0.905402
0.906390
0.907379
0.908368
0.909356
0.910345
0.911334
0.912322
0.913311
0.914300
0.915288
0.916277
0.917265
0.918191
0.919117
0.920043
0.920968
0.921894
0.922820
0.923746
0.924671
0.925597
0.926523
0.927449
0.928374
0.929236
0.930098
0.930960
0.931822
0.932684
0.933546
0.934408
0.935270
0.936132
0.936994
0.937856
0.938718
0.939516
0.940313
0.941111
0.941908
0.942706
0.943503
0.944301
0.945098
0.945896
0.946693
0.947491
0.948288
0.949021
0.949753
0.950485
0.951217
0.951949
0.952682
0.953414
0.954146
0.954878
0.955611
0.956343
0.957075
0.957741
0.958407
0.959074
0.959740
0.960406
0.961072
0.961738
0.962405
0.963071
0.963737
0.964403
0.965069
0.965669
0.966268
0.966868
0.967467
0.968067
0.968666
0.969265
0.969865
0.970464
0.971064
0.971663
0.972263
0.972795
0.973326
0.973858
0.974390
0.974922
0.975454
0.975986
0.976518
0.977050
0.977582
0.978114
0.978646
0.979110
0.979574
0.980037
0.980501
0.980965
0.981429
0.981893
0.982356
0.982820
0.983284
0.983748
0.984211
0.984606
0.985001
0.985396
0.985791
0.986186
0.986581
0.986976
0.987371
0.987766
0.988161
0.988556
0.988951
0.989276
0.989602
0.989927
0.990253
0.990578
0.990904
0.991229
0.991554
0.991880
0.992205
0.992531
0.992856
0.993112
0.993367
0.993622
0.993878
0.994133
0.994389
0.994644
0.994899
0.995155
0.995410
0.995665
0.995921
0.996105
0.996290
0.996475
0.996660
0.996844
0.997029
0.997214
0.997398
0.997583
0.997768
0.997952
0.998137
0.998251
0.998364
0.998478
0.998591
0.998704
0.998818
0.998931
0.999045
0.999158
0.999272
0.999385
0.999499
0.999541
0.999582
0.999624
0.999666
0.999708
0.999749
0.999791
0.999833
0.999875
0.999916
0.999958
1.000000
0.999970
0.999939
0.999909
0.999878
0.999848
0.999817
0.999787
0.999757
0.999726
0.999696
0.999665
0.999635
0.999532
0.999429
0.999326
0.999223
0.999120
0.999017
0.998914
0.998811
0.998708
0.998605
0.998502
0.998399
0.998223
0.998047
0.997871
0.997695
0.997519
0.997343
0.997167
0.996991
0.996815
0.996639
0.996463
0.996287
0.996038
0.995789
0.995540
0.995290
0.995041
0.994792
0.994543
0.994293
0.994044
0.993795
0.993546
0.993296
0.992974
0.992651
0.992328
0.992005
0.991683
0.991360
0.991037
0.990714
0.990391
0.990069
0.989746
0.989423
0.989027
0.988630
0.988234
0.987837
0.987441
0.987044
0.986648
0.985855
0.985458
0.985062
0.984665
0.984195
0.983725
0.983254
0.982784
0.982314
0.981843
0.981373
0.980903
0.980432
0.979962
0.979492
0.979021
0.978477
0.977933
0.977389
0.976844
0.976300
0.975756
0.975212
0.974668
0.974123
0.973579
0.973035
0.972491
0.971872
0.971254
0.970636
0.970018
0.969400
0.968782
0.968164
0.967546
0.966927
0.966309
0.965691
0.965073
0.964381
0.963689
0.962997
0.962305
0.961613
0.960921
0.960229
0.959537
0.958845
0.958154
0.957462
0.956770
0.956004
0.955238
0.954473
0.953707
0.952942
0.952176
0.951411
0.950645
0.949879
0.949114
0.948348
0.947583
0.946744
0.945905
0.945066
0.944227
0.943388
0.942549
0.941710
0.940871
0.940032
0.939193
0.938354
0.937515
0.936603
0.935691
0.934779
0.933866
0.932954
0.932042
0.931130
0.930218
0.929306
0.928394
0.927482
0.926570
0.925585
0.924601
0.923616
0.922631
0.921647
0.920662
0.919677
0.918692
0.917708
0.916723
0.915738
0.914754
0.913697
0.912640
0.911583
0.910526
0.909469
0.908413
0.907356
0.906299
0.905242
0.904185
0.903128
0.902072
0.900943
0.899815
0.898686
0.897558
0.896430
0.895301
0.894173
0.893045
0.891916
0.890788
0.889659
0.888531
0.887332
0.886133
0.884933
0.883734
0.882535
0.881336
0.880137
0.878937
0.877738
0.876539
0.875340
0.874141
0.872871
0.871602
0.870333
0.869063
0.867794
0.866525
0.865256
0.863986
0.862717
0.861448
0.860179
0.858909
0.857571
0.856233
0.854894
0.853556
0.850879
0.849540
0.848202
0.846864
0.845525
0.844187
0.842848
0.841442
0.840035
0.838628
0.837222
0.835815
0.834409
0.833002
0.831595
0.830189
0.828782
0.827375
0.825969
0.824495
0.823021
0.821548
0.820074
0.818600
0.817126
0.815653
0.814179
0.812705
0.811232
0.809758
0.808284
0.806744
0.805205
0.803665
0.802125
0.800586
0.799046
0.797506
0.795967
0.794427
0.792887
0.791348
0.789808
0.788204
0.786599
0.784995
0.783391
0.781786
0.780182
0.778578
0.776973
0.775369
0.773765
0.772160
0.770556
0.768888
0.767221
0.765553
0.763885
0.762218
0.760550
0.758882
0.757215
0.755547
0.753879
0.752212
0.750544
0.748814
0.747085
0.745355
0.743626
0.741896
0.740167
0.738437
0.736707
0.734978
0.733248
0.731519
0.729789
0.727999
0.726209
0.724419
0.722630
0.720840
0.719050
0.717260
0.715470
0.713680
0.711890
0.710100
0.708310
0.706462
0.704613
0.702764
0.700916
0.699067
0.697218
0.695370
0.693521
0.691672
0.689824
0.687975
0.686126
0.684221
0.682315
0.680409
0.678503
0.676598
0.674692
0.672786
0.670881
0.668975
0.667069
0.665163
0.663258
0.661297
0.659336
0.657375
0.655414
