-0.258819
-0.260926
-0.263031
-0.265135
-0.267238
-0.269340
-0.271440
-0.273540
-0.275637
-0.277734
-0.279829
-0.281923
-0.284015
-0.286106
-0.288196
-0.290285
-0.292372
-0.294457
-0.296542
-0.298624
-0.300706
-0.302786
-0.304864
-0.306941
-0.309017
-0.311091
-0.313164
-0.315235
-0.317305
-0.319373
-0.321439
-0.323505
-0.325568
-0.327630
-0.329691
-0.331750
-0.333807
-0.335863
-0.337917
-0.339969
-0.342020
-0.344069
-0.346117
-0.348163
-0.350207
-0.352250
-0.354291
-0.356330
-0.358368
-0.360404
-0.362438
-0.364470
-0.366501
-0.368530
-0.370557
-0.372583
-0.374607
-0.376629
-0.378649
-0.380667
-0.382683
-0.384698
-0.386711
-0.388722
-0.390731
-0.392738
-0.394744
-0.396747
-0.398749
-0.400749
-0.402747
-0.404743
-0.406737
-0.408729
-0.410719
-0.412707
-0.414693
-0.416677
-0.418660
-0.420640
-0.422618
-0.424595
-0.426569
-0.428541
-0.430511
-0.432479
-0.434445
-0.436409
-0.438371
-0.440331
-0.442289
-0.444244
-0.446198
-0.448149
-0.450098
-0.452046
-0.453990
-0.455933
-0.457874
-0.459812
-0.461749
-0.463683
-0.465615
-0.467544
-0.469472
-0.471397
-0.473320
-0.475240
-0.477159
-0.479075
-0.480989
-0.482900
-0.484810
-0.486717
-0.488621
-0.490524
-0.492424
-0.494321
-0.496217
-0.498109
-0.500000
-0.501888
-0.503774
-0.505657
-0.507538
-0.509417
-0.511293
-0.513167
-0.515038
-0.516907
-0.518773
-0.520637
-0.522499
-0.524357
-0.526214
-0.528068
-0.529919
-0.531768
-0.533615
-0.535458
-0.537300
-0.539138
-0.540974
-0.542808
-0.544639
-0.546467
-0.548293
-0.550116
-0.551937
-0.553755
-0.555570
-0.557383
-0.559193
-0.561000
-0.562805
-0.564607
-0.566406
-0.568203
-0.569997
-0.571788
-0.573576
-0.575362
-0.577145
-0.578925
-0.580703
-0.582478
-0.584250
-0.586019
-0.587785
-0.589549
-0.591310
-0.593068
-0.594823
-0.596575
-0.598325
-0.600071
-0.601815
-0.603556
-0.605294
-0.607029
-0.608761
-0.610491
-0.612217
-0.613941
-0.615661
-0.617379
-0.619094
-0.620806
-0.622515
-0.624221
-0.625923
-0.627623
-0.629320
-0.631014
-0.632705
-0.634393
-0.636078
-0.637760
-0.639439
-0.641115
-0.642788
-0.644457
-0.646124
-0.647788
-0.649448
-0.651105
-0.652760
-0.654411
-0.656059
-0.657704
-0.659346
-0.660985
-0.662620
-0.664252
-0.665882
-0.667508
-0.669131
-0.670750
-0.672367
-0.673980
-0.675590
-0.677197
-0.678801
-0.680401
-0.681998
-0.683592
-0.685183
-0.686770
-0.688355
-0.689935
-0.691513
-0.693087
-0.694658
-0.696226
-0.697790
-0.699352
-0.700909
-0.702464
-0.704015
-0.705562
-0.707107
-0.708648
-0.710185
-0.711720
-0.713250
-0.714778
-0.716302
-0.717823
-0.719340
-0.720854
-0.722364
-0.723871
-0.725374
-0.726874
-0.728371
-0.729864
-0.731354
-0.732840
-0.734323
-0.735802
-0.737277
-0.738749
-0.740218
-0.741683
-0.743145
-0.744603
-0.746057
-0.747508
-0.748956
-0.750400
-0.751840
-0.753276
-0.754710
-0.756139
-0.757565
-0.758987
-0.760406
-0.761821
-0.763232
-0.764640
-0.766044
-0.767445
-0.768842
-0.770235
-0.771625
-0.773010
-0.774393
-0.775771
-0.777146
-0.778517
-0.779884
-0.781248
-0.782608
-0.783964
-0.785317
-0.786666
-0.788011
-0.789352
-0.790690
-0.792023
-0.793353
-0.794680
-0.796002
-0.797321
-0.798636
-0.799947
-0.801254
-0.802557
-0.803857
-0.805153
-0.806445
-0.807733
-0.809017
-0.810297
-0.811574
-0.812847
-0.814116
-0.815380
-0.816642
-0.817899
-0.819152
-0.820401
-0.821647
-0.822889
-0.824126
-0.825360
-0.826590
-0.827816
-0.829038
-0.830256
-0.831470
-0.832680
-0.833886
-0.835088
-0.836286
-0.837480
-0.838671
-0.839857
-0.841039
-0.842217
-0.843391
-0.844562
-0.845728
-0.846890
-0.848048
-0.849202
-0.850352
-0.851498
-0.852640
-0.853778
-0.854912
-0.856042
-0.857167
-0.858289
-0.859406
-0.860520
-0.861629
-0.862734
-0.863836
-0.864933
-0.866025
-0.867114
-0.868199
-0.869279
-0.870356
-0.871428
-0.872496
-0.873560
-0.874620
-0.875675
-0.876727
-0.877774
-0.878817
-0.879856
-0.880891
-0.881921
-0.882948
-0.883970
-0.884988
-0.886001
-0.887011
-0.888016
-0.889017
-0.890014
-0.891007
-0.891995
-0.892979
-0.893959
-0.894934
-0.895906
-0.896873
-0.897836
-0.898794
-0.899748
-0.900698
-0.901644
-0.902585
-0.903522
-0.904455
-0.905384
-0.906308
-0.907228
-0.908143
-0.909054
-0.909961
-0.910864
-0.911762
-0.912656
-0.913545
-0.914431
-0.915311
-0.916188
-0.917060
-0.917928
-0.918791
-0.919650
-0.920505
-0.921355
-0.922201
-0.923042
-0.923880
-0.924712
-0.925541
-0.926364
-0.927184
-0.927999
-0.928810
-0.929616
-0.930418
-0.931215
-0.932008
-0.932796
-0.933580
-0.934360
-0.935135
-0.935906
-0.936672
-0.937434
-0.938191
-0.938944
-0.939693
-0.940437
-0.941176
-0.941911
-0.942641
-0.943368
-0.944089
-0.944806
-0.945519
-0.946227
-0.946930
-0.947629
-0.948324
-0.949014
-0.949699
-0.950380
-0.951057
-0.951728
-0.952396
-0.953059
-0.953717
-0.954371
-0.955020
-0.955665
-0.956305
-0.956940
-0.957571
-0.958198
-0.958820
-0.959437
-0.960050
-0.960658
-0.961262
-0.961861
-0.962455
-0.963045
-0.963630
-0.964211
-0.964787
-0.965359
-0.965926
-0.966488
-0.967046
-0.967599
-0.968148
-0.968692
-0.969231
-0.969766
-0.970296
-0.970821
-0.971342
-0.971858
-0.972370
-0.972877
-0.973379
-0.973877
-0.974370
-0.974859
-0.975342
-0.975821
-0.976296
-0.976766
-0.977231
-0.977692
-0.978148
-0.978599
-0.979045
-0.979487
-0.979925
-0.980357
-0.980785
-0.981209
-0.981627
-0.982041
-0.982450
-0.982855
-0.983255
-0.983650
-0.984041
-0.984427
-0.984808
-0.985184
-0.985556
-0.985923
-0.986286
-0.986643
-0.986996
-0.987345
-0.987688
-0.988027
-0.988362
-0.988691
-0.989016
-0.989336
-0.989651
-0.989962
-0.990268
-0.990569
-0.990866
-0.991158
-0.991445
-0.991727
-0.992005
-0.992278
-0.992546
-0.992810
-0.993068
-0.993323
-0.993572
-0.993816
-0.994056
-0.994291
-0.994522
-0.994748
-0.994969
-0.995185
-0.995396
-0.995603
-0.995805
-0.996002
-0.996195
-0.996382
-0.996566
-0.996744
-0.996917
-0.997086
-0.997250
-0.997409
-0.997564
-0.997714
-0.997859
-0.997999
-0.998135
-0.998266
-0.998392
-0.998513
-0.998630
-0.998741
-0.998848
-0.998951
-0.999048
-0.999141
-0.999229
-0.999312
-0.999391
-0.999465
-0.999534
-0.999598
-0.999657
-0.999712
-0.999762
-0.999807
-0.999848
-0.999883
-0.999914
-0.999941
-0.999962
-0.999979
-0.999990
-0.999998
-1.000000
-0.999998
-0.999990
-0.999979
-0.999962
-0.999941
-0.999914
-0.999883
-0.999848
-0.999807
-0.999762
-0.999712
-0.999657
-0.999598
-0.999534
-0.999465
-0.999391
-0.999312
-0.999229
-0.999141
-0.999048
-0.998951
-0.998848
-0.998741
-0.998630
-0.998513
-0.998392
-0.998266
-0.998135
-0.997999
-0.997859
-0.997714
-0.997564
-0.997409
-0.997250
-0.997086
-0.996917
-0.996744
-0.996566
-0.996382
-0.996195
-0.996002
-0.995805
-0.995603
-0.995396
-0.995185
-0.994969
-0.994748
-0.994522
-0.994291
-0.994056
-0.993816
-0.993572
-0.993323
-0.993068
-0.992810
-0.992546
-0.992278
-0.992005
-0.991727
-0.991445
-0.991158
-0.990866
-0.990569
-0.990268
-0.989962
-0.989651
-0.989336
-0.989016
-0.988691
-0.988362
-0.988027
-0.987688
-0.987345
-0.986996
-0.986643
-0.986286
-0.985923
-0.985556
-0.985184
-0.984808
-0.984427
-0.984041
-0.983650
-0.983255
-0.982855
-0.982450
-0.982041
-0.981627
-0.981209
-0.980785
-0.980357
-0.979925
-0.979487
-0.979045
-0.978599
-0.978148
-0.977692
-0.977231
-0.976766
-0.976296
-0.975821
-0.975342
-0.974370
-0.973877
-0.973379
-0.972877
-0.972370
-0.971858
-0.971342
-0.970821
-0.970296
-0.969766
-0.969231
-0.968692
-0.968148
-0.967599
-0.967046
-0.966488
-0.965926
-0.965359
-0.964787
-0.964211
-0.963630
-0.963045
-0.962455
-0.961861
-0.961262
-0.960658
-0.960050
-0.959437
-0.958820
-0.958198
-0.957571
-0.956940
-0.956305
-0.955665
-0.955020
-0.954371
-0.953717
-0.953059
-0.952396
-0.951728
-0.951057
-0.950380
-0.949699
-0.949014
-0.948324
-0.947629
-0.946930
-0.946227
-0.945519
-0.944806
-0.944089
-0.943368
-0.942641
-0.941911
-0.941176
-0.940437
-0.939693
-0.938944
-0.938191
-0.937434
-0.936672
-0.935906
-0.935135
-0.934360
-0.933580
-0.932796
-0.932008
-0.931215
-0.930418
-0.929616
-0.928810
-0.927999
-0.927184
-0.926364
-0.925541
-0.924712
-0.923880
-0.923042
-0.922201
-0.921355
-0.920505
-0.919650
-0.918791
-0.917928
-0.917060
-0.916188
-0.915311
-0.914431
-0.913545
-0.912656
-0.911762
-0.910864
-0.909961
-0.909054
-0.908143
-0.907228
-0.906308
-0.905384
-0.904455
-0.903522
-0.902585
-0.901644
-0.900698
-0.899748
-0.898794
-0.897836
-0.896873
-0.895906
-0.894934
-0.893959
-0.892979
-0.891995
-0.891007
-0.890014
-0.889017
-0.888016
-0.887011
-0.886001
-0.884988
-0.883970
-0.882948
-0.881921
-0.880891
-0.879856
-0.878817
-0.877774
-0.876727
-0.875675
-0.874620
-0.873560
-0.872496
-0.871428
-0.870356
-0.869279
-0.868199
-0.867114
-0.866025
-0.864933
-0.863836
-0.862734
-0.861629
-0.860520
-0.859406
-0.858289
-0.857167
-0.856042
-0.854912
-0.853778
-0.852640
-0.851498
-0.850352
-0.849202
-0.846890
-0.845728
-0.844562
-0.843391
-0.842217
-0.841039
-0.839857
-0.838671
-0.837480
-0.836286
-0.835088
-0.833886
-0.832680
-0.831470
-0.830256
-0.829038
-0.827816
-0.826590
-0.825360
-0.824126
-0.822889
-0.821647
-0.820401
-0.819152
-0.817899
-0.816642
-0.815380
-0.814116
-0.812847
-0.811574
-0.810297
-0.809017
-0.807733
-0.806445
-0.805153
-0.803857
-0.802557
-0.801254
-0.799947
-0.798636
-0.797321
-0.796002
-0.794680
-0.793353
-0.792023
-0.790690
-0.789352
-0.788011
-0.786666
-0.785317
-0.783964
-0.782608
-0.781248
-0.779884
-0.778517
-0.777146
-0.775771
-0.774393
-0.773010
-0.771625
-0.770235
-0.768842
-0.767445
-0.766044
-0.764640
-0.763232
-0.761821
-0.760406
-0.758987
-0.757565
-0.756139
-0.754710
-0.753276
-0.751840
-0.750400
-0.748956
-0.747508
-0.746057
-0.744603
-0.743145
-0.741683
-0.740218
-0.738749
-0.737277
-0.735802
-0.734323
-0.732840
-0.731354
-0.729864
-0.728371
-0.726874
-0.725374
-0.723871
-0.722364
-0.720854
-0.719340
-0.717823
-0.716302
-0.714778
-0.713250
-0.711720
-0.710185
-0.708648
-0.707107
-0.705562
-0.704015
-0.702464
-0.700909
-0.699352
-0.697790
-0.696226
-0.694658
-0.693087
-0.691513
-0.689935
-0.688355
-0.686770
-0.685183
-0.683592
