33.599064
29.070356
25.296261
22.356476
20.077385
18.208932
16.579555
15.169539
14.076161
13.408005
13.244653
13.228345
11.543558
8.266270
5.256987
4.549544
7.084566
11.578220
14.434499
12.877509
8.138745
3.655034
1.250510
0.615462
0.920932
1.518138
1.825446
1.543924
0.920412
0.424767
0.395646
1.329027
4.243110
9.726108
15.763379
18.045448
14.584396
8.317446
3.345278
0.948341
0.189380
0.026625
0.002634
0.000183
0.000009
0.000000
0.000000
0.000000
0.000000
0.000000
0.000000
0.000000
0.000000
0.000000
0.000000
0.000000
0.000000
0.000000
0.000000
0.000000
0.000000
0.000000
0.000000
0.000000
0.000000
0.000000
0.000000
0.000000
0.000000
0.000000
0.000000
0.000000
0.000000
0.000000
0.000000
0.000000
0.000000
0.000000
0.000000
0.000000
0.000000
0.000000
0.000000
0.000000
0.000000
0.000000
0.000000
0.000000
0.000000
0.000000
0.000000
0.000000
0.000000
0.000000
0.000000
0.000000
0.000000
0.000000
0.000000
0.000000
0.000000
0.000000
0.000000
0.000000
0.000000
0.000000
0.000000
0.000000
0.000000
0.000000
0.000000
0.000000
0.000000
0.000000
0.000000
0.000000
0.000000
0.000000
0.000000
0.000000
0.000000
0.000000
0.000000
0.000000
0.000000
0.000000
0.000000
0.000000
0.000000
0.000000
0.000000
0.000000
0.000000
0.000000
0.000000
0.000000
0.000000
0.000000
0.000000
0.000000
0.000000
0.000000
0.000000
0.000000
0.000000
0.000000
0.000000
0.000000
0.000000
0.000000
0.000000
0.000000
0.000000
0.000000
0.000000
0.000000
0.000001
0.000016
0.000217
0.002075
0.014023
0.066974
0.226105
0.539566
0.910021
1.084469
0.912808
0.542426
0.227443
0.067256
0.014017
0.002058
0.000213
0.000015
0.000001
0.000000
0.000000
0.000000
0.000000
0.000000
0.000000
0.000000
0.000000
0.000000
0.000000
0.000000
0.000000
0.000000
0.000000
0.000000
0.000000
0.000004
0.000073
0.000953
0.008744
0.056382
0.255716
0.816183
1.834258
2.904102
3.241006
2.550935
1.416758
0.555488
0.153821
0.030093
0.004160
0.000406
0.000028
0.000001
0.000000
0.000000
0.000000
0.000000
0.000000
0.000004
0.000069
0.000750
0.005721
0.030618
0.114922
0.302524
0.558568
0.723372
0.657088
0.418657
0.187093
0.058641
0.012891
0.001987
0.000215
0.000016
0.000001
0.000000
0.000000
0.000000
0.000000
0.000000
0.000000
0.000000
0.000000
0.000000
0.000000
0.000000
0.000000
0.000000
0.000000
0.000000
0.000000
0.000010
0.000157
0.001735
0.013406
0.072638
0.276026
0.735647
1.375129
1.802957
1.658061
1.069516
0.483878
0.153543
0.034170
0.005333
0.000584
0.000053
0.000141
0.001634
0.013649
0.080570
0.336182
0.991580
2.067319
3.046006
3.170765
2.330938
1.209539
0.442787
0.114290
0.020787
0.002663
0.000240
0.000015
0.000001
0.000000
0.000000
0.000000
0.000000
0.000000
0.000000
0.000000
0.000000
0.000000
0.000000
0.000000
0.000000
0.000000
0.000000
0.000000
0.000000
0.000000
0.000000
0.000000
0.000000
0.000000
0.000000
0.000000
0.000000
0.000000
0.000000
0.000003
0.000056
0.000751
0.007089
0.046903
0.217620
0.708143
1.616188
2.587197
2.904980
2.287889
1.263863
0.489695
0.133074
0.025362
0.003390
0.000318
0.000022
0.000014
0.000180
0.001710
0.011382
0.053134
0.173966
0.399494
0.643466
0.726975
0.576097
0.320221
0.124844
0.034138
0.006547
0.000880
0.000083
0.000005
0.000000
0.000000
0.000000
0.000000
0.000000
0.000000
0.000000
0.000000
0.000000
0.000000
0.000000
0.000000
0.000000
0.000000
0.000000
0.000000
0.000000
0.000000
0.000000
0.000000
0.000000
0.000000
0.000000
0.000004
0.000077
0.001057
0.010186
0.068823
0.326097
1.083652
2.525729
4.129087
4.734804
3.808320
2.148541
0.850200
0.235964
0.045930
0.006270
0.000600
0.000040
0.000002
0.000000
0.000000
0.000000
0.000000
0.000000
0.000000
0.000000
0.000000
0.000000
0.000000
0.000000
0.000000
0.000000
0.000000
0.000000
0.000000
0.000000
0.000000
0.000000
0.000000
0.000000
0.000000
0.000000
0.000000
0.000000
0.000000
0.000000
0.000000
0.000000
0.000000
0.000000
0.000000
0.000000
0.000000
0.000000
0.000000
0.000000
0.000000
0.000000
0.000000
0.000000
0.000000
0.000000
0.000000
0.000000
0.000000
0.000000
0.000000
0.000000
0.000000
0.000000
0.000000
0.000000
0.000000
0.000000
0.000000
0.000000
0.000000
0.000000
0.000000
0.000000
0.000000
0.000000
0.000000
0.000000
0.000000
0.000000
0.000000
0.000000
0.000000
0.000000
0.000000
0.000000
0.000000
0.000000
0.000000
0.000000
0.000000
0.000000
0.000000
0.000000
0.000000
0.000000
0.000000
0.000000
0.000000
0.000000
0.000000
0.000000
0.000000
0.000000
0.000000
0.000000
0.000000
0.000000
0.000000
0.000000
0.000000
0.000000
0.000000
0.000000
0.000000
0.000000
0.000000
0.000000
0.000000
0.000000
0.000000
0.000000
0.000000
0.000000
0.000000
0.000000
0.000000
0.000000
0.000000
0.000000
0.000000
0.000000
0.000000
0.000000
0.000000
0.000000
0.000000
0.000000
0.000000
0.000000
0.000000
0.000000
0.000000
0.000000
0.000000
0.000000
0.000000
0.000000
0.000000
0.000000
0.000000
0.000000
0.000000
0.000000
0.000000
0.000000
0.000000
0.000000
0.000000
0.000000
0.000000
0.000002
0.000033
0.000480
0.004911
0.035257
0.177493
0.626667
1.551816
2.695319
3.283654
2.805989
1.681870
0.707077
0.208492
0.043116
0.006253
0.000636
0.000045
0.000002
0.000000
0.000000
0.000000
0.000000
0.000000
0.000000
0.000000
0.000000
0.000000
0.000000
0.000000
0.000000
0.000000
0.000000
0.000000
0.000000
0.000000
0.000000
0.000000
0.000000
0.000000
0.000000
0.000000
0.000000
0.000000
0.000000
0.000000
0.000000
0.000000
0.000000
0.000000
0.000000
0.000000
0.000000
0.000000
0.000000
0.000000
0.000000
0.000000
0.000000
0.000000
0.000000
0.000000
0.000000
0.000000
0.000000
0.000000
0.000000
0.000000
0.000000
0.000000
0.000000
0.000000
0.000000
0.000000
0.000000
0.000000
0.000000
0.000000
0.000000
0.000000
0.000000
0.000000
0.000000
0.000000
0.000000
0.000000
0.000000
0.000000
0.000000
0.000000
0.000000
0.000000
0.000000
0.000000
0.000000
0.000000
0.000000
0.000000
0.000000
0.000001
0.000013
0.000216
0.002562
0.021502
0.127401
0.532657
1.570755
3.265465
4.783440
4.934906
3.583854
1.831272
0.658104
0.166263
0.029518
0.003681
0.000322
0.000020
0.000001
0.000000
0.000000
0.000000
0.000000
0.000000
0.000000
0.000000
0.000000
0.000000
0.000000
0.000000
0.000000
0.000000
0.000000
0.000007
0.000114
0.001221
0.009195
0.048563
0.179871
0.467261
0.851374
1.088068
0.975374
0.613289
0.270493
0.083917
0.020434
0.017224
0.064508
0.199978
0.436731
0.669335
0.722151
0.563162
0.381891
0.404344
0.680235
1.006924
1.079560
0.816270
0.445157
0.251980
0.480898
1.495489
3.564777
6.034719
7.223356
6.110637
1.541522
0.459260
0.096524
0.014303
0.001493
0.000110
0.000006
0.000000
0.000000
0.000000
0.000000
0.000000
0.000000
0.000000
0.000000
0.000000
0.000000
0.000000
0.000000
0.000000
0.000000
0.000000
0.000000
0.000000
0.000000
0.000000
0.000000
0.000000
0.000000
0.000000
0.000000
0.000000
0.000000
0.000000
0.000000
0.000000
0.000000
0.000000
0.000000
0.000000
0.000000
0.000000
0.000000
0.000000
0.000000
0.000000
0.000000
0.000000
0.000000
0.000000
0.000000
0.000000
0.000000
0.000000
0.000000
0.000000
0.000000
0.000000
0.000000
0.000000
0.000000
0.000000
0.000000
0.000000
0.000000
0.000000
0.000000
0.000000
0.000003
0.000053
0.000703
0.006572
0.043052
0.197782
0.637233
1.439967
2.282267
2.537168
1.978349
1.081988
0.415045
0.111661
0.021068
0.002787
0.000259
0.000017
0.000001
0.000000
0.000000
0.000000
0.000000
0.000000
0.000000
0.000000
0.000000
0.000000
0.000000
0.000000
0.000000
0.000000
0.000000
0.000000
0.000000
0.000000
0.000000
0.000000
0.000000
0.000000
0.000000
0.000000
0.000000
0.000000
0.000000
0.000000
0.000000
0.000000
0.000000
0.000000
0.000000
0.000000
0.000000
0.000000
0.000000
0.000000
0.000000
0.000000
0.000000
0.000000
0.000000
0.000000
0.000000
0.000000
0.000000
0.000000
0.000001
0.000013
0.000171
0.001633
0.010957
0.051555
0.170132
0.393767
0.639238
0.728156
0.585062
0.356109
0.299797
0.714321
1.888556
3.658245
4.985920
4.767502
1.504249
0.496333
0.114857
0.018640
0.002121
0.000169
0.000009
0.000000
0.000001
0.000023
0.000319
0.003084
0.020894
0.099276
0.330816
0.773169
1.267441
1.457324
1.175337
0.664879
0.263806
0.073412
0.014327
0.001961
0.000188
0.000013
0.000001
0.000000
0.000000
0.000000
0.000001
0.000011
0.000151
0.001479
0.010174
0.049588
0.173619
0.449429
0.904850
1.505440
2.125726
2.461347
2.198163
1.443818
0.679489
0.226340
0.053080
0.008744
0.001011
0.000082
0.000005
0.000000
0.000000
0.000000
0.000000
0.000000
0.000000
0.000000
0.000000
0.000000
0.000000
0.000000
0.000000
0.000000
0.000000
0.000000
0.000000
0.000000
0.000000
0.000000
0.000000
0.000000
0.000000
0.000000
0.000000
0.000000
0.000000
0.000000
0.000000
0.000000
0.000000
0.000000
0.000000
0.000000
0.000000
0.000000
0.000000
0.000000
0.000000
0.000000
0.000000
0.000000
0.000000
0.000000
0.000000
0.000000
0.000000
0.000000
0.000000
0.000000
0.000000
0.000000
0.000000
0.000000
0.000000
0.000000
0.000000
0.000000
0.000000
0.000000
0.000000
0.000000
0.000000
0.000000
0.000000
0.000000
0.000000
0.000000
0.000000
