48.583423
38.486106
23.173405
10.799001
3.969150
1.155920
0.262774
0.045416
0.005814
0.000541
0.000036
0.000002
0.000001
0.000020
0.000345
0.004336
0.040009
0.270905
1.343542
4.865972
12.828152
24.542084
33.980678
33.966341
24.451988
12.646045
4.686705
1.242852
0.243941
0.071565
0.120424
0.241331
0.347299
0.350838
0.248596
0.123552
0.043068
0.010529
0.001805
0.000217
0.000018
0.000001
0.000000
0.000000
0.000000
0.000000
0.000000
0.000000
0.000000
0.000000
0.000000
0.000000
0.000000
0.000000
0.000000
0.000000
0.000000
0.000000
0.000000
0.000000
0.000000
0.000000
0.000000
0.000000
0.000000
0.000000
0.000000
0.000000
0.000000
0.000000
0.000000
0.000000
0.000000
0.000000
0.000000
0.000000
0.000000
0.000000
0.000000
0.000000
0.000000
0.000000
0.000000
0.000000
0.000000
0.000000
0.000000
0.000000
0.000000
0.000000
0.000000
0.000000
0.000000
0.000000
0.000000
0.000000
0.000000
0.000000
0.000000
0.000000
0.000000
0.000000
0.000000
0.000000
0.000000
0.000000
0.000000
0.000000
0.000000
0.000000
0.000000
0.000000
0.000000
0.000000
0.000000
0.000000
0.000000
0.000000
0.000000
0.000000
0.000000
0.000000
0.000000
0.000007
0.000098
0.001017
0.007473
0.038887
0.144708
0.391775
0.793493
1.248690
1.589673
1.696989
1.574420
1.309200
0.964440
0.589466
0.277553
0.095838
0.023666
0.004132
0.000508
0.000044
0.000003
0.000000
0.000000
0.000000
0.000000
0.000000
0.000000
0.000000
0.000000
0.000000
0.000000
0.000000
0.000000
0.000000
0.000000
0.000000
0.000000
0.000000
0.000000
0.000000
0.000000
0.000000
0.000000
0.000000
0.000000
0.000000
0.000000
0.000000
0.000001
0.000019
0.000338
0.004234
0.037216
0.229379
0.991466
3.005629
6.390940
9.533677
9.986694
7.378525
3.927372
1.649666
0.707795
0.380150
0.203878
0.085345
0.025665
0.005440
0.000809
0.000084
0.000006
0.000000
0.000000
0.000000
0.000000
0.000000
0.000000
0.000000
0.000000
0.000000
0.000000
0.000000
0.000000
0.000000
0.000000
0.000000
0.000000
0.000000
0.000000
0.000000
0.000000
0.000000
0.000000
0.000000
0.000000
0.000000
0.000000
0.000000
0.000000
0.000000
0.000000
0.000000
0.000000
0.000000
0.000000
0.000000
0.000000
0.000000
0.000000
0.000000
0.000000
0.000000
0.000000
0.000000
0.000000
0.000000
0.000000
0.000000
0.000000
0.000000
0.000000
0.000000
0.000000
0.000000
0.000000
0.000000
0.000000
0.000000
0.000000
0.000000
0.000000
0.000000
0.000000
0.000000
0.000000
0.000000
0.000000
0.000000
0.000000
0.000000
0.000000
0.000000
0.000000
0.000000
0.000000
0.000000
0.000000
0.000000
0.000009
0.000174
0.002505
0.025662
0.187241
0.974761
3.627300
9.668285
18.502419
25.503187
25.468569
18.759678
11.092904
7.789908
10.974904
19.848193
29.918430
34.147103
28.912328
17.981537
8.146037
2.667931
0.627673
0.105530
0.012628
0.001072
0.000064
0.000003
0.000000
0.000000
0.000000
0.000000
0.000000
0.000000
0.000000
0.000000
0.000000
0.000000
0.000000
0.000000
0.000000
0.000000
0.000000
0.000000
0.000000
0.000000
0.000000
0.000000
0.000000
0.000000
0.000000
0.000000
0.000000
0.000000
0.000000
0.000000
0.000000
0.000000
0.000000
0.000001
0.000020
0.000308
0.003354
0.025618
0.137237
0.515679
1.360255
2.528208
3.373273
3.528673
3.863431
5.870303
9.759877
13.746388
16.441528
20.537962
51.895851
70.987774
76.080390
63.551708
41.734195
21.590102
8.704499
2.691624
0.689841
0.388694
0.782841
1.507568
2.254736
2.909133
3.729450
4.750725
5.249073
4.500832
2.842927
1.294461
0.420781
0.097319
0.017783
0.019285
0.114023
0.522447
1.685154
3.823127
6.103386
6.859687
5.430443
3.029593
1.191713
0.330682
0.064759
0.008954
0.000874
0.000060
0.000003
0.000000
0.000000
0.000000
0.000000
0.000000
0.000000
0.000000
0.000000
0.000000
0.000012
0.000232
0.003101
0.029201
0.194080
0.912688
3.046223
7.242555
12.317056
15.046972
13.254568
8.441497
3.890855
1.296814
0.313302
0.072264
0.151982
0.805810
3.142652
8.665293
16.986162
23.984373
25.039760
20.205346
13.297842
7.376823
3.513431
1.730560
1.389550
1.521152
1.522929
1.733190
3.304518
7.033288
11.610224
13.725345
11.487971
6.798342
2.844131
0.841108
0.175804
0.025963
0.002708
0.000199
0.000010
0.000000
0.000000
0.000000
0.000000
0.000000
0.000000
0.000000
0.000000
0.000000
0.000000
0.000000
0.000000
0.000000
0.000002
0.000045
0.000721
0.008080
0.063531
0.350300
1.354581
3.673772
6.988458
9.324501
8.726719
5.728702
2.637744
0.851853
0.192943
0.030648
0.003414
0.000267
0.000015
0.000001
0.000000
0.000000
0.000000
0.000000
0.000000
0.000000
0.000000
0.000000
0.000000
0.000000
0.000000
0.000000
0.000000
0.000000
0.000000
0.000000
0.000000
0.000000
0.000000
0.000000
0.000000
0.000000
0.000000
0.000000
0.000000
0.000000
0.000000
0.000000
0.000000
0.000000
0.000000
0.000000
0.000000
0.000000
0.000000
0.000000
0.000000
0.000000
0.000000
0.000000
0.000000
0.000000
0.000000
0.000000
0.000000
0.000000
0.000000
0.000000
0.000000
0.000000
0.000000
0.000000
0.000000
0.000000
0.000000
0.000000
0.000000
0.000000
0.000000
0.000000
0.000000
0.000000
0.000000
0.000000
0.000000
0.000000
0.000000
0.000000
0.000000
0.000000
0.000000
0.000000
0.000000
0.000000
0.000000
0.000000
0.000000
0.000000
0.000000
0.000000
0.000000
0.000000
0.000000
0.000000
0.000005
0.000105
0.001629
0.017794
0.137136
0.745349
2.855604
7.708368
14.653787
19.609325
18.463403
12.226951
5.692640
1.862690
0.428205
0.069136
0.007838
0.000624
0.000035
0.000001
0.000000
0.000000
0.000000
0.000000
0.000000
0.000000
0.000000
0.000000
0.000000
0.000000
0.000000
0.000000
0.000000
0.000000
0.000000
0.000000
0.000000
0.000000
0.000000
0.000000
0.000000
0.000000
0.000000
0.000000
0.000000
0.000000
0.000000
0.000000
0.000000
0.000000
0.000000
0.000000
0.000000
0.000000
0.000000
0.000000
0.000000
0.000000
0.000000
0.000000
0.000000
0.000000
0.000000
0.000000
0.000000
0.000000
0.000000
0.000000
0.000000
0.000000
0.000000
0.000000
0.000000
0.000000
0.000000
0.000000
0.000000
0.000000
0.000000
0.000000
0.000000
0.000000
0.000007
0.000134
0.001871
0.018350
0.126213
0.608936
2.061918
4.907159
8.241189
9.876459
8.698841
6.017284
3.617767
2.000395
0.958529
0.359759
0.099097
0.019466
0.002697
0.000263
0.000018
0.000001
0.000000
0.000000
0.000000
0.000000
0.000000
0.000000
0.000000
0.000000
0.000000
0.000000
0.000000
0.000000
0.000000
0.000000
0.000000
0.000000
0.000000
0.000000
0.000000
0.000000
0.000000
0.000000
0.000001
0.000031
0.000480
0.005296
0.041259
0.226999
0.881634
2.416143
4.670019
6.362924
6.108196
4.129196
1.964709
0.657663
0.154805
0.025613
0.002977
0.000243
0.000014
0.000001
0.000000
0.000000
0.000000
0.000000
0.000000
0.000000
0.000000
0.000000
0.000000
0.000000
0.000000
0.000000
0.000000
0.000000
0.000000
0.000000
0.000000
0.000000
0.000000
0.000000
0.000000
0.000000
0.000000
0.000000
0.000000
0.000000
0.000000
0.000000
0.000000
0.000000
0.000000
0.000000
0.000000
0.000000
0.000000
0.000000
0.000000
0.000000
0.000000
