0.407801
0.378774
0.336206
0.317969
0.332473
0.341458
0.328440
0.320447
0.322218
0.318233
0.332014
0.322389
0.359511
0.509141
0.671589
0.766756
0.784610
0.783742
0.817520
0.887132
0.922014
0.936005
0.943642
0.950907
0.957907
0.965691
0.979083
0.993753
1.006571
1.016442
1.020026
1.026801
1.009092
0.915803
0.736223
0.503733
0.302485
0.196996
0.186653
0.135450
0.124204
0.122525
0.111669
0.098840
0.091248
0.082689
0.080525
0.075410
0.069969
0.079892
0.091518
0.100751
0.107403
0.109916
0.117885
0.122541
0.127206
0.134373
0.138323
0.141078
0.143939
0.154390
0.173412
0.193926
0.199215
0.197248
0.188352
0.176056
0.167913
0.164366
0.162202
0.160845
0.158857
0.155110
0.155138
0.152195
0.146537
0.140623
0.131545
0.119819
0.112992
0.117207
0.125427
0.128447
0.129099
0.130973
0.136925
0.132637
0.119054
0.098266
0.090490
0.107286
0.138569
0.158530
0.167409
0.168088
0.170024
0.172197
0.172111
0.172178
0.172754
0.171691
0.167794
0.164174
0.161951
0.159874
0.161122
0.156009
0.149814
0.150850
0.151996
0.146880
0.128129
0.109655
0.098090
0.097957
0.095882
0.091982
0.091665
0.094317
0.091877
0.094699
0.105855
0.146769
0.198829
0.233740
0.236235
0.227451
0.224578
0.224685
0.230982
0.240584
0.244728
0.247321
0.251576
0.259387
0.264723
0.266668
0.265131
0.261084
0.262333
0.264457
0.265354
0.255360
0.226851
0.194149
0.182649
0.197149
0.211852
0.218569
0.212537
0.200123
0.190836
0.182077
0.171974
0.155930
0.149801
0.145929
0.145542
0.142793
0.143086
0.144646
0.146868
0.141074
0.133699
0.133623
0.137038
0.137207
0.145653
0.189391
0.189614
0.210862
0.256894
0.305382
0.338909
0.347371
0.348441
0.359000
0.371477
0.395082
0.414053
0.421373
0.420681
0.416094
0.413342
0.411087
0.407584
0.402497
0.379248
0.297804
0.278196
0.277411
0.274410
0.265721
0.257954
0.256849
0.242856
0.178069
0.155032
0.151158
0.142638
0.136869
0.133166
0.135515
0.136394
0.136916
0.138037
0.142798
0.146012
0.143810
0.139852
0.139520
0.136442
0.128674
0.116565
0.112960
0.112210
0.104209
0.093371
0.091977
0.092317
0.093552
0.104336
0.116361
0.132428
0.142168
0.138324
0.124932
0.107844
0.104982
0.131892
0.177072
0.206506
0.215703
0.214718
0.211379
0.214364
0.218967
0.223478
0.223843
0.222922
0.224846
0.225191
0.225884
0.224683
0.224227
0.223306
0.219222
0.214975
0.215302
0.216248
0.202511
0.188294
0.179315
0.176520
0.175294
0.171909
0.168236
0.158837
0.149872
0.141356
0.136633
0.141045
0.161995
0.182636
0.198188
0.210646
0.216271
0.243324
0.298018
0.313666
0.394857
0.527891
0.620668
0.639332
0.652775
0.790939
0.912583
0.923376
0.942816
0.978770
1.014641
1.021968
1.028064
1.065019
1.099633
1.110089
1.117024
1.118086
1.110746
1.115071
1.094850
1.027406
0.944212
0.902569
0.897507
0.830524
0.739468
0.728527
0.673543
0.555540
0.367020
0.215676
0.195130
0.177814
0.153777
0.178679
0.196990
0.199565
0.196098
0.196762
0.200024
0.198103
0.194276
0.190598
0.186436
0.177832
0.171595
0.177087
0.181138
0.188933
0.202371
0.227091
0.272207
0.284513
0.274585
0.251689
0.234508
0.305106
0.432283
0.536058
0.579057
0.579453
0.580510
0.609941
0.665295
0.760008
1.108422
1.609909
2.064388
2.348891
2.461375
2.463915
2.395355
2.373082
2.392397
2.385166
2.377039
2.487155
2.552417
2.600107
2.639338
2.671072
2.711179
2.737687
2.749285
2.697799
2.492636
2.120374
1.660751
1.206415
0.753487
0.387615
0.361107
0.349370
0.356430
0.396968
0.474301
0.536732
0.552183
0.541434
0.526565
0.570082
0.637930
0.676548
0.704982
0.724123
0.740347
0.755362
0.765136
0.783776
0.793237
0.790385
0.783112
0.782889
0.772722
0.736386
0.649758
0.518934
0.381859
0.289344
0.273424
0.267121
0.281865
0.342554
0.398215
0.449671
0.475764
0.482629
0.481598
0.484395
0.477487
0.477168
0.481423
0.521775
0.533695
0.540714
0.572641
0.639500
0.722799
0.813313
0.831614
0.815159
0.818546
0.818246
0.821751
0.827087
0.842401
0.867479
0.865598
0.842406
0.846009
0.855332
0.848858
0.782592
0.747259
0.775654
0.785646
0.764619
0.706978
0.597666
0.525358
0.558667
0.605509
0.633024
0.636570
0.629028
0.645865
0.643861
0.651855
0.664494
0.661990
0.636492
0.608484
0.595270
0.595255
0.586425
0.591072
0.594135
0.599940
0.614679
0.592176
0.539479
0.477617
0.435343
0.421706
0.429188
0.405052
0.388733
0.385829
0.381423
0.379425
0.384394
0.387011
0.391311
0.397228
0.399266
0.394766
0.392032
0.374759
0.354017
0.359846
0.359291
0.334751
0.309785
0.304650
0.311988
0.314655
0.297212
0.290483
0.291152
0.298751
0.314237
0.349161
0.354601
0.324001
0.291247
0.275210
0.271270
0.266913
0.265597
0.265965
0.269813
0.274786
0.279081
0.276614
0.276666
0.275397
0.266468
0.268094
0.286797
0.299660
0.284459
0.232194
0.180294
0.175111
0.178808
0.177823
0.186065
0.213650
0.240744
0.254043
0.255878
0.259699
0.266432
0.266336
0.261580
0.257414
0.258915
0.259995
0.255476
0.254260
0.256364
0.257995
0.257536
0.251370
0.266096
0.286538
0.296890
0.283265
0.244995
0.203498
0.182613
0.192389
0.199054
0.198142
0.187398
0.182600
0.184229
0.193024
0.205372
0.216450
0.223333
0.224022
0.226752
0.236709
0.239330
0.232174
0.220402
0.202303
0.196217
0.199441
0.203044
0.200575
0.203187
0.209300
0.211387
0.216554
0.225249
0.234491
0.239842
0.239503
0.232037
0.228824
0.240144
0.252834
0.261601
0.274418
0.286400
0.297747
0.303188
0.304349
0.303494
0.309438
0.315164
0.319563
0.323583
0.318435
0.305990
0.287867
0.266888
0.239923
0.213330
0.195821
0.195654
0.194717
0.193424
0.193611
0.191599
0.188712
0.186764
0.186141
0.185932
0.182918
0.177923
0.168683
0.159785
0.158329
0.158147
0.152292
0.132900
0.108892
0.097446
0.090779
0.089571
0.086987
0.086584
0.080370
0.078186
0.078432
0.076764
0.073927
0.073925
0.072734
0.074581
0.081124
0.089057
0.090787
0.088297
0.088164
0.088219
0.089338
0.088895
0.088258
0.090639
0.091687
0.091757
0.091479
0.088946
0.081082
0.077754
0.080817
0.076339
0.073518
0.072866
0.077636
0.108255
0.154108
0.234657
0.299217
0.325462
0.322469
0.338426
0.410320
0.516660
0.567710
0.581781
0.595359
0.600072
0.601658
0.602189
0.603822
0.609019
0.615846
0.621228
0.622855
0.623690
0.595096
0.527067
0.427575
0.320485
0.262739
0.251568
0.246209
0.197153
0.167279
0.166887
0.167085
0.164183
0.154497
0.144352
0.142399
0.148530
0.152488
0.158789
0.173853
0.196481
0.214209
0.224075
0.220146
0.215138
0.196925
0.201787
0.229354
0.254099
0.263736
0.255823
0.257225
0.294056
0.310959
0.309022
0.306767
0.306994
0.305869
0.305909
0.305926
0.304769
0.303663
0.303491
0.299705
0.278971
0.277676
0.271012
0.251211
0.239841
0.246269
0.266919
0.282609
0.258515
0.239626
0.243522
0.247517
0.263862
0.284326
0.304328
0.312663
0.314769
0.306085
0.292378
0.280546
0.262031
0.233451
0.196255
0.161527
0.152586
0.150252
0.162429
0.201366
0.234400
0.245302
0.245126
0.248324
0.257917
0.271764
0.275487
0.277088
0.283718
0.291080
0.298441
0.301054
0.302106
0.301206
0.304864
