-0.000000
0.002027
0.004105
0.006184
0.008263
0.010342
0.012420
0.014499
0.016578
0.018657
0.020735
0.022814
0.024893
0.026965
0.029037
0.031109
0.033181
0.035253
0.037325
0.039397
0.041469
0.043541
0.045612
0.047684
0.049756
0.051821
0.053885
0.055949
0.058013
0.060076
0.062140
0.064204
0.066268
0.068332
0.070396
0.072459
0.074523
0.076579
0.078634
0.080688
0.082743
0.084798
0.086852
0.088907
0.090961
0.093016
0.095071
0.097125
0.099180
0.101226
0.103270
0.105314
0.107358
0.109403
0.111447
0.113491
0.115536
0.117580
0.119624
0.121669
0.123713
0.125747
0.127780
0.129813
0.131846
0.133879
0.135911
0.137944
0.139977
0.142010
0.144043
0.146076
0.148109
0.150131
0.152151
0.154171
0.156192
0.158212
0.160232
0.162253
0.164273
0.166293
0.168314
0.170334
0.172355
0.174363
0.176370
0.178377
0.180384
0.182391
0.184397
0.186404
0.188411
0.190418
0.192425
0.194431
0.196438
0.198433
0.200425
0.202417
0.204409
0.206402
0.208394
0.210386
0.212379
0.214371
0.216363
0.218356
0.220348
0.222327
0.224304
0.226280
0.228257
0.230234
0.232211
0.234188
0.236164
0.238141
0.240118
0.242095
0.244072
0.246034
0.247994
0.249955
0.251915
0.253875
0.255836
0.257796
0.259757
0.261717
0.263677
0.265638
0.267598
0.269543
0.271486
0.273429
0.275372
0.277315
0.279258
0.281201
0.283144
0.285087
0.287030
0.288973
0.290916
0.292843
0.294768
0.296693
0.298617
0.300542
0.302467
0.304391
0.306316
0.308241
0.310165
0.312090
0.314015
0.315923
0.317829
0.319734
0.321640
0.323545
0.325451
0.327356
0.329262
0.331168
0.333073
0.334979
0.336884
0.338773
0.340658
0.342544
0.344429
0.346315
0.348200
0.350086
0.351972
0.353857
0.355743
0.357628
0.359514
0.361381
0.363246
0.365111
0.366976
0.368840
0.370705
0.372570
0.374435
0.376299
0.378164
0.380029
0.381894
0.383740
0.385583
0.387426
0.389269
0.391112
0.392955
0.394798
0.396641
0.398484
0.400327
0.402171
0.404014
0.405837
0.407658
0.409479
0.411299
0.413120
0.414941
0.416761
0.418582
0.420403
0.422223
0.424044
0.425865
0.427665
0.429463
0.431260
0.433058
0.434855
0.436653
0.438450
0.440248
0.442045
0.443842
0.445640
0.447437
0.449214
0.450988
0.452761
0.454535
0.456308
0.458081
0.459855
0.461628
0.463402
0.465175
0.466949
0.468722
0.470474
0.472223
0.473972
0.475721
0.477470
0.479218
0.480967
0.482716
0.484465
0.486213
0.487962
0.489711
0.491438
0.493161
0.494884
0.496607
0.498331
0.500054
0.501777
0.503501
0.505224
0.506947
0.508671
0.510394
0.512095
0.513792
0.515489
0.517186
0.518883
0.520580
0.522277
0.523974
0.525672
0.527369
0.529066
0.530763
0.532437
0.534107
0.535777
0.537447
0.539118
0.540788
0.542458
0.544128
0.545799
0.547469
0.549139
0.550809
0.552456
0.554098
0.555741
0.557384
0.559026
0.560669
0.562311
0.563954
0.565597
0.567239
0.568882
0.570525
0.572143
0.573757
0.575372
0.576986
0.578600
0.580215
0.581829
0.583443
0.585058
0.586672
0.588286
0.589901
0.591490
0.593076
0.594661
0.596246
0.597832
0.599417
0.601003
0.602588
0.604173
0.605759
0.607344
0.608930
0.610489
0.612045
0.613601
0.615157
0.616712
0.618268
0.619824
0.621380
0.622935
0.624491
0.626047
0.627603
0.629132
0.630658
0.632183
0.633709
0.635234
0.636760
0.638285
0.639810
0.641336
0.642861
0.644387
0.647411
0.648905
0.650400
0.651894
0.653389
0.654883
0.656378
0.657872
0.659367
0.660861
0.662356
0.663850
0.665318
0.666780
0.668243
0.669706
0.671169
0.672632
0.674095
0.675558
0.677021
0.678484
0.679946
0.681409
0.682844
0.684275
0.685706
0.687136
0.688567
0.689997
0.691428
0.692859
0.694289
0.695720
0.697151
0.698581
0.699983
0.701381
0.702779
0.704177
0.705574
0.706972
0.708370
0.709767
0.711165
0.712563
0.713961
0.715358
0.716727
0.718091
0.719455
0.720820
0.722184
0.723548
0.724912
0.726276
0.727640
0.729005
0.730369
0.731733
0.733068
0.734398
0.735728
0.737058
0.738388
0.739718
0.741048
0.742378
0.743708
0.745038
0.746368
0.747698
0.748997
0.750293
0.751588
0.752883
0.754178
0.755473
0.756769
0.758064
0.759359
0.760654
0.761949
0.763245
0.764509
0.765769
0.767029
0.768288
0.769548
0.770808
0.772068
0.773327
0.774587
0.775847
0.777107
0.778367
0.779595
0.780819
0.782042
0.783266
0.784490
0.785714
0.786937
0.788161
0.789385
0.790608
0.791832
0.793056
0.794248
0.795435
0.796622
0.797809
0.798996
0.800183
0.801370
0.802557
0.803744
0.804931
0.806118
0.807305
0.808460
0.809609
0.810759
0.811909
0.813059
0.814208
0.815358
0.816508
0.817657
0.818807
0.819957
0.821107
0.822224
0.823335
0.824447
0.825559
0.826671
0.827783
0.828894
0.830006
0.831118
0.832230
0.833342
0.834453
0.835532
0.836605
0.837678
0.838752
0.839825
0.840898
0.841972
0.843045
0.844118
0.845191
0.846265
0.847338
0.848377
0.849412
0.850446
0.851480
0.852514
0.853548
0.854582
0.855616
0.856651
0.857685
0.858719
0.859753
0.860753
0.861747
0.862742
0.863736
0.864730
0.865725
0.866719
0.867714
0.868708
0.869702
0.870697
0.871691
0.872651
0.873605
0.874559
0.875513
0.876467
0.877421
0.878375
0.879329
0.880283
0.881237
0.882191
0.883145
0.884064
0.884977
0.885890
0.886803
0.887716
0.888629
0.889542
0.890455
0.891369
0.892282
0.893195
0.894108
0.894985
0.895857
0.896728
0.897600
0.898471
0.899343
0.900214
0.901086
0.901957
0.902829
0.903701
0.904572
0.905407
0.906237
0.907066
0.907895
0.908725
0.909554
0.910384
0.911213
0.912042
0.912872
0.913701
0.914531
0.915323
0.916110
0.916896
0.917683
0.918470
0.919256
0.920043
0.920830
0.921616
0.922403
0.923190
0.923977
0.924726
0.925469
0.926212
0.926956
0.927699
0.928442
0.929186
0.929929
0.930673
0.931416
0.932159
0.932903
0.933608
0.934307
0.935007
0.935706
0.936406
0.937105
0.937805
0.938504
0.939204
0.939903
0.940603
0.941302
0.941963
0.942618
0.943273
0.943928
0.944583
0.945238
0.945893
0.946548
0.947203
0.947858
0.948513
0.949168
0.949784
0.950394
0.951004
0.951614
0.952224
0.952834
0.953444
0.954054
0.954664
0.955274
0.955884
0.956494
0.957065
0.957629
0.958193
0.958758
0.959322
0.959887
0.960451
0.961016
0.961580
0.962144
0.962709
0.963273
0.963798
0.964316
0.964834
0.965352
0.965871
0.966389
0.966907
0.967426
0.967944
0.968462
0.968980
0.969499
0.969977
0.970448
0.970920
0.971391
0.971863
0.972335
0.972806
0.973278
0.973750
0.974221
0.974693
0.975165
0.975595
0.976020
0.976444
0.976869
0.977293
0.977718
0.978142
0.978566
0.978991
0.979415
0.979840
0.980264
0.980647
0.981024
0.981401
0.981778
0.982154
0.982531
0.982908
0.983285
0.983662
0.984038
0.984415
0.984792
0.985127
0.985455
0.985784
0.986113
0.986441
0.986770
0.987098
0.987427
0.987756
0.988084
0.988413
0.988741
0.989028
0.989308
0.989588
0.989868
0.990148
0.990428
0.990708
0.990988
0.991267
0.991547
0.991827
0.992107
0.992345
0.992576
0.992806
0.993037
0.993268
0.993499
0.993730
0.993961
0.994192
0.994422
0.994653
0.994884
0.995072
0.995253
0.995435
0.995616
0.995797
0.995979
0.996160
0.996341
0.996523
0.996704
0.996885
