12.976070
10.945005
6.557218
2.824769
1.100694
1.278418
3.233599
6.557558
9.397777
9.450600
6.666276
3.298232
1.144559
0.278569
0.047549
0.005691
0.000478
0.000028
0.000001
0.000000
0.000000
0.000000
0.000000
0.000000
0.000000
0.000000
0.000000
0.000000
0.000000
0.000000
0.000000
0.000000
0.000000
0.000000
0.000000
0.000000
0.000000
0.000000
0.000000
0.000000
0.000000
0.000000
0.000000
0.000000
0.000000
0.000000
0.000000
0.000000
0.000000
0.000000
0.000000
0.000000
0.000000
0.000000
0.000000
0.000000
0.000000
0.000000
0.000000
0.000004
0.000055
0.000558
0.003989
0.020009
0.070384
0.173650
0.300497
0.364738
0.310529
0.185439
0.077673
0.022818
0.004701
0.000679
0.000069
0.000005
0.000000
0.000000
0.000000
0.000000
0.000000
0.000000
0.000000
0.000000
0.000000
0.000000
0.000000
0.000000
0.000000
0.000000
0.000000
0.000000
0.000000
0.000000
0.000000
0.000000
0.000000
0.000000
0.000000
0.000000
0.000000
0.000000
0.000000
0.000000
0.000000
0.000000
0.000000
0.000000
0.000000
0.000000
0.000006
0.000111
0.001503
0.014334
0.096565
0.459575
1.544672
3.665104
6.136297
7.245660
6.030758
3.536356
1.460160
0.424308
0.086733
0.012465
0.001259
0.000089
0.000004
0.000000
0.000000
0.000000
0.000000
0.000000
0.000000
0.000000
0.000000
0.000000
0.000000
0.000000
0.000000
0.000000
0.000000
0.000000
0.000000
0.000000
0.000000
0.000001
0.000025
0.000406
0.004640
0.037436
0.213421
0.859416
2.443635
4.903964
6.942662
6.930231
4.875069
2.415422
0.842475
0.206754
0.035684
0.004329
0.000369
0.000022
0.000002
0.000018
0.000322
0.003999
0.034855
0.213005
0.912886
2.743887
5.784451
8.553021
8.870467
6.452735
3.292344
1.178194
0.295705
0.052048
0.006424
0.000556
0.000034
0.000001
0.000000
0.000000
0.000000
0.000002
0.000040
0.000599
0.006261
0.045884
0.235919
0.851755
2.164354
3.896223
5.058497
4.952338
3.988485
2.908741
1.956759
1.287262
1.438361
3.054733
6.008441
8.618257
8.740372
6.244268
3.139937
1.111062
0.278978
0.064757
0.076957
0.215634
0.457042
0.680986
0.711747
0.521785
0.268305
0.096766
0.024477
0.004342
0.000540
0.000047
0.000003
0.000000
0.000000
0.000000
0.000000
0.000000
0.000000
0.000000
0.000000
0.000000
0.000000
0.000000
0.000000
0.000000
0.000000
0.000000
0.000000
0.000000
0.000000
0.000000
0.000000
0.000000
0.000000
0.000000
0.000000
0.000000
0.000000
0.000000
0.000000
0.000000
0.000000
0.000000
0.000000
0.000000
0.000000
0.000000
0.000000
0.000000
0.000000
0.000000
0.000000
0.000000
0.000000
0.000000
0.000000
0.000000
0.000000
0.000000
0.000000
0.000000
0.000000
0.000000
0.000000
0.000000
0.000000
0.000000
0.000000
0.000000
0.000000
0.000000
0.000000
0.000000
0.000000
0.000000
0.000000
0.000000
0.000000
0.000000
0.000000
0.000000
0.000000
0.000000
0.000000
0.000000
0.000000
0.000002
0.000034
0.000517
0.005512
0.041235
0.216324
0.795889
2.053712
3.716930
4.718451
4.201360
2.623936
1.149423
0.353145
0.076094
0.011498
0.001218
0.000091
0.000005
0.000000
0.000000
0.000000
0.000000
0.000000
0.000000
0.000000
0.000000
0.000000
0.000000
0.000000
0.000000
0.000000
0.000000
0.000000
0.000000
0.000000
0.000000
0.000000
0.000000
0.000000
0.000000
0.000000
0.000000
0.000000
0.000000
0.000000
0.000000
0.000000
0.000000
0.000000
0.000000
0.000000
0.000000
0.000000
0.000000
0.000000
0.000000
0.000000
0.000000
0.000000
0.000000
0.000000
0.000000
0.000000
0.000000
0.000000
0.000000
0.000000
0.000000
0.000000
0.000000
0.000000
0.000000
0.000000
0.000000
0.000000
0.000000
0.000009
0.000144
0.001554
0.011787
0.062718
0.234042
0.612541
1.124449
1.447837
1.307616
0.828360
0.368067
0.114706
0.025071
0.003843
0.000413
0.000031
0.000002
0.000000
0.000000
0.000000
0.000000
0.000000
0.000000
0.000000
0.000000
0.000000
0.000000
0.000000
0.000000
0.000000
0.000000
0.000000
0.000000
0.000000
0.000000
0.000000
0.000000
0.000000
0.000000
0.000000
0.000000
0.000000
0.000000
0.000000
0.000000
0.000000
0.000000
0.000000
0.000000
0.000000
0.000000
0.000000
0.000000
0.000000
0.000000
0.000000
0.000000
0.000005
0.000097
0.001262
0.011566
0.074325
0.335400
1.066246
2.413827
4.027602
5.433103
6.914470
8.833621
9.998364
8.737288
5.531096
2.503563
0.874401
0.384321
0.357064
0.363704
0.276603
0.148511
0.055963
0.014792
0.002742
0.000356
0.000032
0.000002
0.000000
0.000000
0.000000
0.000000
0.000000
0.000000
0.000000
0.000000
0.000001
0.000014
0.000205
0.002056
0.014605
0.073330
0.260176
0.652153
1.154450
1.442630
1.271959
0.790856
0.346566
0.106978
0.023248
0.003555
0.000382
0.000029
0.000002
0.000000
0.000000
0.000000
0.000000
0.000000
0.000000
0.000000
0.000000
0.000000
0.000010
0.000154
0.001714
0.013518
0.075965
0.308539
0.927248
2.128243
3.842791
5.516639
6.209115
5.354150
3.501751
1.768634
0.723014
0.250530
0.073324
0.017168
0.003030
0.000388
0.000035
0.000002
0.000000
0.000000
0.000000
0.000000
0.000000
0.000000
0.000000
0.000000
0.000000
0.000000
0.000000
0.000000
0.000000
0.000000
0.000000
0.000000
0.000000
0.000000
0.000000
0.000000
0.000000
0.000000
0.000000
0.000000
0.000000
0.000000
0.000000
0.000000
0.000000
0.000001
0.000020
0.000321
0.003672
0.029527
0.167213
0.667201
1.876910
3.724626
5.216885
5.159915
3.605426
1.780291
0.621345
0.153290
0.026730
0.003294
0.000287
0.000019
0.000030
0.000389
0.003650
0.024032
0.111082
0.361466
0.837018
1.434414
2.048804
2.993016
4.686861
6.506615
6.874642
5.223845
2.809011
1.064109
0.283567
0.053122
0.006993
0.000647
0.000042
0.000002
0.000000
0.000001
0.000021
0.000283
0.002667
0.017634
0.081767
0.265901
0.606477
0.970228
1.088702
0.856884
0.473050
0.183170
0.049751
0.009580
0.002458
0.009558
0.052400
0.203930
0.556700
1.065888
1.431415
1.348307
0.890800
0.412792
0.134161
0.030580
0.004888
0.000548
0.000053
0.000173
0.002080
0.017909
0.109005
0.468946
1.425853
3.063515
4.649687
4.983226
3.769408
2.011318
0.756641
0.200562
0.037438
0.004918
0.000455
0.000030
0.000001
0.000000
0.000000
0.000000
0.000000
0.000000
0.000000
0.000000
0.000000
0.000000
0.000000
0.000000
0.000000
0.000000
0.000000
0.000000
0.000000
0.000000
0.000000
0.000000
0.000000
0.000000
0.000000
0.000000
0.000000
0.000000
0.000000
0.000000
0.000000
0.000000
0.000000
0.000000
0.000000
0.000000
0.000000
0.000000
0.000000
0.000000
0.000000
0.000000
0.000000
0.000000
0.000000
0.000000
0.000000
0.000000
0.000000
0.000000
0.000000
0.000000
0.000000
0.000000
0.000000
0.000006
0.000094
0.001085
0.008793
0.050372
0.205655
0.607774
1.334919
2.260760
3.055830
3.330016
2.861862
1.870014
0.900276
0.312999
0.077734
0.013715
0.001714
0.000152
0.000009
0.000000
0.000000
0.000000
0.000000
0.000000
0.000000
0.000000
0.000000
0.000000
0.000000
0.000000
0.000000
0.000000
0.000000
0.000000
0.000000
0.000000
0.000000
0.000000
0.000000
0.000000
0.000000
0.000000
0.000000
0.000000
0.000000
0.000000
0.000000
0.000000
0.000000
0.000000
0.000000
0.000000
0.000000
0.000000
0.000000
0.000000
0.000000
0.000000
0.000000
0.000000
0.000000
0.000000
0.000000
0.000000
0.000000
0.000000
0.000000
0.000000
0.000000
0.000000
0.000000
0.000000
0.000000
0.000000
0.000000
0.000000
0.000000
0.000000
0.000000
0.000000
0.000000
0.000000
0.000000
0.000003
0.000060
0.001004
0.011695
0.095537
0.547288
2.198730
6.195363
12.243936
16.972610
16.502745
11.254938
5.383976
1.806703
0.427953
0.089877
0.102948
0.320346
0.755909
1.253530
1.458121
1.189678
0.680830
0.273310
0.077369
0.019454
0.031401
0.141403
0.478052
1.142817
1.969202
2.633049
3.294543
4.596693
6.351472
7.043955
5.690890
3.255718
1.309412
0.369560
0.073158
0.010156
0.000989
0.000067
0.000003
0.000000
0.000000
0.000000
0.000000
0.000000
0.000000
0.000000
0.000000
0.000000
0.000000
0.000000
0.000000
0.000000
0.000000
0.000000
0.000000
0.000000
0.000000
0.000000
0.000000
0.000000
0.000000
0.000000
0.000000
0.000000
0.000000
0.000000
0.000000
0.000000
0.000000
0.000000
0.000000
0.000000
0.000005
0.000096
0.001351
0.013371
0.092790
0.451580
1.541301
3.689633
6.194980
7.295719
6.026582
3.491763
1.418985
0.404438
0.080843
0.011332
0.001118
0.000156
0.001128
0.011165
0.077713
0.379340
1.298619
3.117977
5.250747
6.202072
5.138353
2.985982
1.217643
0.352420
0.091912
0.085822
0.183779
0.308433
0.364841
0.302768
0.176236
0.071951
0.020603
0.004138
0.000583
0.000058
0.000004
0.000000
0.000000
0.000000
0.000000
0.000000
0.000000
0.000000
0.000000
0.000000
0.000000
0.000000
0.000000
0.000000
0.000000
0.000000
0.000000
0.000000
0.000000
0.000000
0.000000
0.000000
0.000000
0.000000
0.000000
0.000000
0.000000
0.000000
0.000000
0.000000
0.000000
0.000000
0.000000
0.000000
0.000000
0.000000
0.000000
0.000000
0.000000
0.000000
0.000000
