-0.000000
0.002618
0.005235
0.007851
0.010446
0.013042
0.015638
0.018234
0.020829
0.023425
0.026021
0.028617
0.031212
0.033808
0.036404
0.038997
0.041570
0.044142
0.046715
0.049288
0.051860
0.054433
0.057005
0.059578
0.062151
0.064723
0.067296
0.069866
0.072414
0.074962
0.077511
0.080059
0.082607
0.085155
0.087703
0.090252
0.092800
0.095348
0.097896
0.100442
0.102965
0.105487
0.108010
0.110533
0.113055
0.115578
0.118101
0.120624
0.123146
0.125669
0.128192
0.130712
0.133208
0.135704
0.138200
0.140696
0.143192
0.145688
0.148184
0.150680
0.153176
0.155672
0.158168
0.160661
0.163129
0.165597
0.168066
0.170534
0.173002
0.175470
0.177939
0.180407
0.182875
0.185343
0.187811
0.190277
0.192716
0.195155
0.197595
0.200034
0.202473
0.204913
0.207352
0.209791
0.212231
0.214670
0.217109
0.219545
0.221955
0.224364
0.226773
0.229183
0.231592
0.234002
0.236411
0.238820
0.241230
0.243639
0.246048
0.248454
0.250833
0.253211
0.255589
0.257968
0.260346
0.262724
0.265103
0.267481
0.269859
0.272238
0.274616
0.276991
0.279337
0.281684
0.284030
0.286376
0.288723
0.291069
0.293415
0.295761
0.298108
0.300454
0.302800
0.305143
0.307456
0.309770
0.312083
0.314396
0.316709
0.319022
0.321336
0.323649
0.325962
0.328275
0.330588
0.332898
0.335177
0.337457
0.339736
0.342015
0.344294
0.346573
0.348852
0.351132
0.353411
0.355690
0.357969
0.360245
0.362489
0.364733
0.366977
0.369221
0.371465
0.373710
0.375954
0.378198
0.380442
0.382686
0.384930
0.387171
0.389379
0.391587
0.393795
0.396003
0.398211
0.400420
0.402628
0.404836
0.407044
0.409252
0.411460
0.413665
0.415836
0.418007
0.420178
0.422350
0.424521
0.426692
0.428863
0.431034
0.433206
0.435377
0.437548
0.439716
0.441849
0.443982
0.446116
0.448249
0.450382
0.452516
0.454649
0.456782
0.458916
0.461049
0.463182
0.465312
0.467406
0.469501
0.471595
0.473690
0.475785
0.477879
0.479974
0.482068
0.484163
0.486257
0.488352
0.490442
0.492497
0.494552
0.496607
0.498662
0.500717
0.502772
0.504826
0.506881
0.508936
0.510991
0.513046
0.515097
0.517111
0.519125
0.521139
0.523154
0.525168
0.527182
0.529196
0.531211
0.533225
0.535239
0.537254
0.539264
0.541236
0.543209
0.545182
0.547155
0.549127
0.551100
0.553073
0.555046
0.557019
0.558991
0.560964
0.562933
0.564863
0.566793
0.568724
0.570654
0.572585
0.574515
0.576445
0.578376
0.580306
0.582237
0.584167
0.586093
0.587980
0.589867
0.591754
0.593642
0.595529
0.597416
0.599303
0.601190
0.603077
0.604964
0.606852
0.608734
0.610577
0.612420
0.614263
0.616106
0.617949
0.619793
0.621636
0.623479
0.625322
0.627165
0.629008
0.630846
0.632644
0.634442
0.636240
0.638038
0.639836
0.641635
0.643433
0.645231
0.647029
0.648827
0.650625
0.652418
0.654170
0.655923
0.657675
0.659427
0.661179
0.662932
0.664684
0.666436
0.668188
0.669940
0.671693
0.673440
0.675146
0.676851
0.678557
0.680262
0.681968
0.683673
0.685379
0.687084
0.688790
0.690496
0.692201
0.693902
0.695560
0.697218
0.698876
0.700534
0.702192
0.703850
0.705508
0.707166
0.708824
0.710482
0.712140
0.713793
0.715403
0.717012
0.718622
0.720232
0.721841
0.723451
0.725060
0.726670
0.728280
0.729889
0.731499
0.733104
0.734664
0.736224
0.737785
0.739345
0.740906
0.742466
0.744027
0.747147
0.748708
0.750268
0.751824
0.753334
0.754844
0.756355
0.757865
0.759375
0.760886
0.762396
0.763907
0.765417
0.766927
0.768438
0.769943
0.771403
0.772862
0.774322
0.775781
0.777241
0.778700
0.780160
0.781619
0.783079
0.784538
0.785998
0.787452
0.788860
0.790267
0.791675
0.793083
0.794491
0.795899
0.797307
0.798714
0.800122
0.801530
0.802938
0.804340
0.805696
0.807051
0.808406
0.809761
0.811117
0.812472
0.813827
0.815183
0.816538
0.817893
0.819248
0.820598
0.821900
0.823202
0.824504
0.825806
0.827108
0.828410
0.829712
0.831014
0.832316
0.833618
0.834920
0.836216
0.837464
0.838712
0.839960
0.841208
0.842455
0.843703
0.844951
0.846199
0.847447
0.848694
0.849942
0.851185
0.852377
0.853570
0.854763
0.855956
0.857149
0.858342
0.859535
0.860727
0.861920
0.863113
0.864306
0.865493
0.866630
0.867767
0.868905
0.870042
0.871179
0.872316
0.873453
0.874590
0.875727
0.876864
0.878001
0.879133
0.880213
0.881294
0.882375
0.883455
0.884536
0.885616
0.886697
0.887777
0.888858
0.889938
0.891019
0.892094
0.893117
0.894140
0.895163
0.896187
0.897210
0.898233
0.899256
0.900280
0.901303
0.902326
0.903349
0.904367
0.905332
0.906297
0.907262
0.908227
0.909192
0.910157
0.911122
0.912087
0.913053
0.914018
0.914983
0.915942
0.916848
0.917754
0.918661
0.919567
0.920473
0.921379
0.922286
0.923192
0.924098
0.925004
0.925910
0.926811
0.927657
0.928504
0.929350
0.930197
0.931044
0.931890
0.932737
0.933583
0.934430
0.935276
0.936123
0.936964
0.937750
0.938536
0.939322
0.940108
0.940895
0.941681
0.942467
0.943253
0.944039
0.944825
0.945612
0.946392
0.947117
0.947842
0.948567
0.949292
0.950017
0.950742
0.951467
0.952192
0.952917
0.953642
0.954367
0.955086
0.955749
0.956413
0.957076
0.957739
0.958402
0.959065
0.959729
0.960392
0.961055
0.961718
0.962381
0.963038
0.963639
0.964240
0.964840
0.965441
0.966042
0.966642
0.967243
0.967844
0.968444
0.969045
0.969645
0.970240
0.970777
0.971315
0.971852
0.972389
0.972927
0.973464
0.974002
0.974539
0.975076
0.975614
0.976151
0.976682
0.977156
0.977629
0.978103
0.978576
0.979050
0.979523
0.979997
0.980470
0.980944
0.981417
0.981891
0.982358
0.982767
0.983175
0.983584
0.983993
0.984402
0.984811
0.985220
0.985629
0.986038
0.986447
0.986856
0.987258
0.987602
0.987946
0.988290
0.988633
0.988977
0.989321
0.989665
0.990008
0.990352
0.990696
0.991040
0.991377
0.991655
0.991933
0.992211
0.992489
0.992767
0.993045
0.993323
0.993601
0.993879
0.994157
0.994435
0.994706
0.994917
0.995129
0.995341
0.995552
0.995764
0.995976
0.996187
0.996399
0.996611
0.996822
0.997034
0.997239
0.997384
0.997528
0.997673
0.997818
0.997963
0.998108
0.998252
0.998397
0.998542
0.998687
0.998831
0.998969
0.999047
0.999124
0.999202
0.999279
0.999357
0.999434
0.999511
0.999589
0.999666
0.999744
0.999821
0.999892
0.999901
0.999911
0.999920
0.999930
0.999940
0.999949
0.999959
0.999968
0.999978
0.999988
0.999997
1.000000
0.999941
0.999883
0.999824
0.999765
0.999707
0.999648
0.999590
0.999531
0.999472
0.999414
0.999355
0.999289
0.999162
0.999035
0.998908
0.998780
0.998653
0.998526
0.998399
0.998271
0.998144
0.998017
0.997890
0.997756
0.997559
0.997363
0.997167
0.996971
0.996775
0.996578
0.996382
0.996186
0.995990
0.995794
0.995598
0.995394
0.995129
0.994864
0.994598
0.994333
0.994068
0.993802
0.993537
0.993271
0.993006
0.992741
0.992475
0.992203
0.991868
0.991533
0.991199
0.990864
0.990529
0.990194
0.989859
0.989525
0.989190
0.988855
0.988520
0.988178
0.987774
0.987370
0.986965
0.986561
0.986157
0.985752
0.985348
0.984944
0.984539
0.984135
0.983730
0.983319
0.982845
0.982371
0.981897
0.981423
0.980949
0.980475
0.980001
0.979527
0.979053
0.978579
0.978105
0.977624
0.977080
0.976536
0.975992
0.975449
0.974905
0.974361
0.973817
0.973274
0.972730
0.972186
0.971643
0.971092
0.970478
0.969865
0.969252
0.968638
0.968025
0.967411
0.966798
0.966185
0.965571
0.964958
0.964345
0.963724
0.963041
0.962358
0.961675
0.960992
0.960309
0.959627
0.958944
0.958261
0.957578
0.956895
0.956212
0.955522
0.954770
0.954017
0.953265
0.952513
0.951760
0.951008
0.950256
0.949503
0.948751
0.947999
0.947247
0.946487
0.945666
0.944845
0.944023
0.943202
0.942380
0.941559
0.940738
0.939916
0.939095
0.938273
0.937452
0.936624
0.935734
0.934843
0.933953
0.933063
0.932173
0.931283
0.930393
0.929502
0.928612
0.927722
0.926832
0.925935
0.924977
0.924018
0.923060
0.922101
0.921143
0.920184
0.919226
0.918267
0.917309
0.916350
0.915392
0.914426
0.913400
0.912374
0.911348
0.910321
0.909295
0.908269
0.907242
0.906216
0.905190
0.904164
0.903137
0.902104
0.901011
0.899917
0.898824
0.897730
0.896637
0.895543
0.894450
0.893356
0.892263
0.891169
0.890076
0.888976
0.887815
0.886655
0.885495
0.884335
0.883175
0.882015
0.880855
0.879695
0.878535
0.877375
0.876215
0.875049
0.873823
0.872597
0.871371
0.870145
0.868920
0.867694
0.866468
0.865242
0.864016
0.862791
0.861565
0.860333
0.859042
0.857751
0.856461
0.855170
0.853879
0.852589
0.851298
0.850007
0.848717
0.847426
0.846135
0.844838
0.843483
0.842129
0.840774
0.839420
0.838065
0.836710
0.835356
0.834001
0.832647
0.831292
0.829937
0.828577
0.827159
0.825742
0.824324
0.822907
0.821489
0.820072
0.818654
0.817237
0.815819
0.814402
0.812984
0.811560
0.810081
0.808602
0.807123
0.805643
0.804164
0.802685
0.801206
0.799726
0.798247
0.796768
0.795288
0.793803
0.792263
0.790724
0.789184
0.787644
0.786104
0.784564
0.783025
0.781485
0.779945
0.778405
0.776865
