0.257117
0.269163
0.280639
0.293842
0.300466
0.307451
0.318904
0.329085
0.337156
0.326068
0.292705
0.245080
0.202806
0.183707
0.182251
0.178255
0.174045
0.144469
0.104796
0.079137
0.072464
0.074765
0.079177
0.082417
0.083482
0.083999
0.081739
0.078802
0.076672
0.073441
0.074296
0.074874
0.078193
0.079898
0.080814
0.078880
0.078248
0.080850
0.083026
0.088274
0.089031
0.083930
0.079730
0.086103
0.100046
0.109332
0.113440
0.113670
0.117096
0.119669
0.122572
0.124028
0.123019
0.122756
0.125366
0.137388
0.162932
0.179339
0.184977
0.184340
0.190029
0.205429
0.223885
0.225831
0.218379
0.211630
0.208220
0.208248
0.208598
0.210357
0.210965
0.212149
0.213691
0.213819
0.210471
0.206333
0.191072
0.176643
0.170653
0.172563
0.170049
0.153654
0.112083
0.082186
0.080442
0.074642
0.067716
0.064815
0.064949
0.065629
0.066714
0.067495
0.070389
0.075237
0.075356
0.073953
0.085560
0.121841
0.152334
0.173944
0.183197
0.182113
0.178113
0.174414
0.168662
0.174975
0.240412
0.247913
0.302232
0.455391
0.610604
0.705632
0.738248
0.741481
0.785168
0.838049
0.852528
0.854608
0.854187
0.853928
0.854861
0.854898
0.854683
0.855334
0.856103
0.854526
0.833670
0.831759
0.824473
0.759796
0.623503
0.452360
0.312593
0.276620
0.248468
0.184547
0.178892
0.179897
0.182591
0.195462
0.210154
0.211253
0.208638
0.212267
0.217505
0.295342
0.420111
0.507964
0.553925
0.559571
0.555711
0.561858
0.580308
0.571882
0.554323
0.533099
0.518956
0.516487
0.524494
0.534562
0.555485
0.590008
0.616257
0.618733
0.616732
0.594824
0.525724
0.435474
0.349178
0.330563
0.338135
0.343863
0.330902
0.323252
0.308662
0.290469
0.281830
0.277287
0.277010
0.278110
0.273031
0.253273
0.232569
0.228345
0.227943
0.240667
0.262592
0.254282
0.290894
0.451479
0.669176
0.829876
0.897185
0.898016
0.930261
0.950098
0.946226
0.948475
0.975377
1.000579
1.008348
1.004007
1.008179
1.016864
1.025206
1.020611
0.993394
0.986693
0.986593
0.962462
0.874583
0.745592
0.661984
0.665590
0.629084
0.599936
0.599522
0.584225
0.502756
0.380952
0.266183
0.234032
0.236117
0.232884
0.220431
0.187858
0.169145
0.171824
0.173921
0.171242
0.172749
0.176276
0.165350
0.121295
0.103872
0.101758
0.106395
0.107530
0.109408
0.107880
0.103265
0.097882
0.089776
0.083212
0.078900
0.075853
0.072425
0.072093
0.071258
0.070191
0.068924
0.064665
0.057486
0.048377
0.040008
0.039276
0.040680
0.042971
0.045537
0.046773
0.044064
0.038656
0.036187
0.036002
0.032859
0.028353
0.026528
0.024974
0.024055
0.025696
0.031049
0.035251
0.036584
0.033519
0.031891
0.031360
0.032747
0.038231
0.046795
0.051702
0.052222
0.052001
0.052018
0.052712
0.052307
0.049180
0.045571
0.044315
0.042717
0.042051
0.044269
0.046774
0.082443
0.227777
0.274610
0.301742
0.431368
0.522115
0.600908
0.731426
0.860362
0.928084
0.964018
1.001457
1.001811
1.013110
1.081288
1.122029
1.140426
1.143569
1.142982
1.142701
1.136424
1.093026
1.059171
1.058944
1.050414
1.039132
1.020675
0.957206
0.849810
0.752401
0.649457
0.472723
0.351204
0.343854
0.287266
0.248808
0.231580
0.229823
0.230122
0.233971
0.257547
0.283416
0.322308
0.322187
0.320820
0.326705
0.329959
0.330107
0.325410
0.324350
0.336102
0.339797
0.342075
0.344029
0.323574
0.285637
0.282493
0.294129
0.315673
0.315994
0.295460
0.250263
0.252659
0.280317
0.283002
0.278945
0.281214
0.281684
0.278593
0.271702
0.272889
0.281753
0.289523
0.291224
0.292514
0.292308
0.286197
0.266016
0.218889
0.171593
0.154265
0.149803
0.149354
0.150110
0.170766
0.194707
0.200582
0.197400
0.199961
0.202689
0.207060
0.203792
0.199045
0.200477
0.200693
0.201616
0.199143
0.201214
0.205098
0.201338
0.197380
0.196930
0.199605
0.203248
0.189042
0.152036
0.132066
0.129071
0.129624
0.130839
0.132742
0.132339
0.119510
0.095979
0.086876
0.099493
0.106146
0.107682
0.110709
0.118019
0.123545
0.125029
0.125572
0.126204
0.127140
0.128042
0.130376
0.137082
0.160741
0.174547
0.165232
0.149954
0.143093
0.141947
0.142983
0.142923
0.142631
0.142769
0.145220
0.210016
0.262863
0.280942
0.410229
0.596422
0.823271
1.002979
1.095368
1.107391
1.111255
1.139575
1.158367
1.167603
1.163326
1.153122
1.144029
1.134718
1.132521
1.153503
1.187452
1.169186
1.143532
1.149955
1.150165
1.109393
0.977916
0.766764
0.542868
0.438857
0.432998
0.417621
0.408399
0.405206
0.395159
0.345876
0.268591
0.204032
0.215419
0.225992
0.287940
0.416572
0.514704
0.569509
0.582381
0.579214
0.600085
0.607884
0.605813
0.604330
0.600711
0.594525
0.585936
0.578464
0.575915
0.572807
0.568746
0.555162
0.506785
0.502942
0.488181
0.436626
0.352021
0.265121
0.232660
0.237174
0.200609
0.178504
0.315092
0.544205
0.736840
0.832821
0.855987
0.851527
0.850537
0.868225
0.897386
0.897328
0.897336
0.903821
0.913720
0.914222
0.913018
0.909288
0.894365
0.877876
0.880029
0.879717
0.865050
0.792044
0.673051
0.577577
0.548595
0.553628
0.546277
0.505896
0.434828
0.423956
0.414645
0.395978
0.402272
0.444463
0.504829
0.569902
0.615013
0.660649
0.674188
0.668872
0.663523
0.678909
0.706855
0.720933
0.715896
0.709276
0.707602
0.705064
0.699044
0.685965
0.674115
0.691107
0.728185
0.753187
0.741379
0.706532
0.683954
0.693894
0.739748
0.739044
0.738459
0.712754
0.662651
0.654951
0.646370
0.644829
0.645272
0.657078
0.667009
0.659643
0.677979
0.720249
0.703256
0.642338
0.600153
0.585322
0.590595
0.591873
0.589021
0.592891
0.576781
0.556463
0.554924
0.556029
0.555820
0.542877
0.521665
0.508399
0.538326
0.594457
0.624515
0.621787
0.613417
0.611638
0.606404
0.607290
0.608240
0.603584
0.584925
0.570864
0.563346
0.549761
0.537295
0.528651
0.528097
0.531356
0.530613
0.501024
0.428290
0.352396
0.308140
0.263988
0.217585
0.184903
0.191709
0.203837
0.206222
0.196758
0.193851
0.192521
0.186242
0.187531
0.187014
0.184463
0.196355
0.210889
0.216726
0.212345
0.212085
0.205582
0.198483
0.191779
0.192261
0.188637
0.180034
0.162506
0.146841
0.151838
0.163894
0.184734
0.198230
0.207913
0.219162
0.224950
0.215503
0.198239
0.183634
0.182105
0.183990
0.188421
0.185249
0.172217
0.151320
0.131982
0.119972
0.098984
0.066389
0.055157
0.064418
0.075021
0.078976
0.080086
0.083612
0.082585
0.081429
0.080157
0.083731
0.090288
0.096077
0.099069
0.098945
0.099013
0.097697
0.098310
0.098357
0.098242
0.098251
0.096295
0.088217
0.078322
0.076453
0.076278
0.071022
0.070810
0.069646
0.067585
0.064550
0.059174
0.055261
0.062271
0.097913
0.164744
0.192151
0.227402
0.464712
0.778795
1.017816
1.163849
1.205715
1.201300
1.220879
1.254793
1.273415
1.282284
1.291759
1.297526
1.300003
1.307706
1.317661
1.328188
1.329728
1.320007
1.314063
1.321817
1.288955
1.143727
0.899922
0.570233
0.238691
0.140071
0.130961
0.079426
0.062238
0.071692
0.078980
0.083950
0.082104
0.085222
0.086358
0.088173
0.089496
0.091310
0.096689
0.111401
0.114053
0.113389
0.112204
0.113320
0.108831
0.099314
0.090463
0.078078
0.073232
0.072991
0.073152
0.074480
0.090468
0.097506
0.124528
0.147910
0.164666
0.179985
0.181940
0.193235
0.244540
0.390734
0.443837
0.451314
0.513516
0.627063
0.710490
0.732250
0.734475
0.742983
0.784644
0.788828
0.784268
0.786624
0.797320
0.815805
0.819573
0.815356
0.815744
0.815075
0.804455
0.745155
0.713081
0.719133
0.694832
0.610595
0.515040
0.491077
0.486672
0.483873
0.446756
0.443959
0.441158
0.445262
0.442515
0.411564
0.399362
0.399034
0.393636
0.398278
0.406047
0.391228
0.348181
0.299850
0.289307
0.330135
0.335666
0.324017
0.323751
0.334409
0.463761
0.666996
0.861654
0.961265
0.976146
0.995003
1.022834
1.046362
1.053497
1.050900
1.053193
1.060552
1.064736
1.066020
1.073051
1.074887
1.081728
1.075427
1.073757
1.084639
1.049420
0.926237
0.679609
0.384502
0.208233
0.195050
0.172975
0.150526
0.144523
0.141295
0.139106
0.135652
0.135672
0.136124
0.137779
0.137294
0.135163
0.132469
0.118802
0.093062
0.080594
0.072340
0.074960
0.069340
0.064337
0.064880
0.066259
0.076316
0.098021
0.149603
0.158227
0.206712
0.215638
0.235146
0.330474
0.464561
0.575033
0.620474
0.652076
0.673373
0.669553
0.661451
0.699687
0.751587
0.778745
0.762606
0.738536
0.725523
0.712464
0.681279
0.692611
0.692358
0.631776
0.606186
0.652492
0.665255
0.666997
0.664412
0.663248
0.662091
0.636422
0.624336
0.678217
0.691889
0.689450
0.688757
0.680369
0.679056
0.666877
0.625671
0.579748
0.545509
0.533609
0.532295
0.525634
0.552700
0.601248
0.632501
0.620998
0.584133
0.540836
0.533142
0.553807
0.561947
0.551441
0.517620
0.438984
0.337242
0.282978
0.271797
0.299387
0.316189
0.301623
0.277420
0.260516
0.256928
0.262645
0.303694
0.380789
0.474109
0.542961
0.593605
0.618316
0.617685
0.622434
0.630769
0.646277
0.663469
0.680247
0.688596
0.665455
0.636484
0.621952
0.574423
0.479953
0.361403
