0.234844
0.217779
0.205954
0.196831
0.198183
0.185661
0.178533
0.177396
0.176073
0.170801
0.161609
0.160661
0.159732
0.159551
0.159264
0.153981
0.136963
0.124557
0.147216
0.167947
0.182829
0.200926
0.212036
0.215496
0.215150
0.213366
0.210930
0.204248
0.195224
0.194854
0.201680
0.209716
0.199918
0.181600
0.168786
0.169814
0.176569
0.178906
0.178884
0.191666
0.215639
0.220821
0.221251
0.221493
0.220370
0.214850
0.213193
0.212872
0.219261
0.233764
0.247488
0.251887
0.260944
0.293215
0.344370
0.379715
0.394488
0.394105
0.395668
0.409249
0.410659
0.416832
0.422763
0.424408
0.424460
0.425621
0.425939
0.422859
0.417100
0.404697
0.390019
0.381589
0.380150
0.367611
0.341964
0.335261
0.357911
0.394843
0.409313
0.384265
0.359954
0.331957
0.303048
0.282518
0.272030
0.269751
0.273489
0.272269
0.261607
0.244821
0.224784
0.214626
0.211240
0.213009
0.211807
0.204885
0.188297
0.165710
0.156465
0.156691
0.158315
0.166400
0.177606
0.181643
0.179163
0.178892
0.179289
0.176919
0.173033
0.177977
0.187424
0.184748
0.172259
0.162042
0.162055
0.166168
0.174149
0.175529
0.167567
0.160980
0.163689
0.170928
0.180020
0.186884
0.188443
0.188462
0.196516
0.198136
0.198014
0.198211
0.196866
0.193530
0.201908
0.204556
0.214752
0.249034
0.285704
0.316610
0.334516
0.340588
0.350267
0.375946
0.383251
0.397661
0.405547
0.406631
0.395633
0.389589
0.388686
0.391830
0.405739
0.434230
0.456866
0.504871
0.545475
0.564804
0.571270
0.573169
0.572204
0.577163
0.564699
0.530003
0.506732
0.465999
0.430553
0.398862
0.389173
0.398207
0.397494
0.403857
0.410136
0.407010
0.394591
0.361301
0.330372
0.314364
0.304005
0.290021
0.284669
0.279299
0.284491
0.302639
0.340193
0.363290
0.369260
0.369311
0.372515
0.372703
0.357817
0.327269
0.323700
0.335624
0.324138
0.314639
0.315696
0.327435
0.340546
0.339808
0.333197
0.347032
0.410943
0.483930
0.519203
0.519327
0.519921
0.518757
0.520314
0.521968
0.538814
0.541003
0.522585
0.505973
0.512013
0.519773
0.525124
0.512655
0.497191
0.492799
0.483224
0.481513
0.449395
0.386590
0.319943
0.298982
0.297666
0.302554
0.305765
0.304416
0.295410
0.317919
0.357883
0.386006
0.400885
0.414085
0.411325
0.410548
0.413843
0.414563
0.408032
0.397150
0.372174
0.351537
0.322899
0.279502
0.232494
0.198743
0.174404
0.139440
0.115392
0.103937
0.104728
0.109559
0.114485
0.118593
0.171120
0.187654
0.205089
0.264955
0.310230
0.329470
0.331647
0.341357
0.390009
0.441081
0.443291
0.442735
0.441451
0.440467
0.440324
0.439993
0.440207
0.440115
0.439966
0.439366
0.423161
0.415935
0.407035
0.365101
0.316112
0.284843
0.280771
0.280685
0.229883
0.114557
0.102548
0.101756
0.100818
0.093932
0.083524
0.076986
0.071163
0.081356
0.101989
0.115443
0.127223
0.134360
0.138220
0.136332
0.130080
0.126488
0.128675
0.129906
0.132809
0.141604
0.142365
0.135519
0.126275
0.118125
0.120982
0.113844
0.117266
0.140361
0.158529
0.159239
0.171886
0.203162
0.234674
0.270673
0.324773
0.347077
0.342786
0.341545
0.337518
0.325528
0.315211
0.313658
0.328642
0.352877
0.350097
0.360516
0.371010
0.373656
0.369618
0.349380
0.342831
0.342452
0.342097
0.342538
0.339673
0.349887
0.375387
0.368407
0.339846
0.320771
0.295881
0.286237
0.303231
0.309974
0.327107
0.340840
0.366082
0.419538
0.453152
0.463307
0.464305
0.468069
0.475144
0.479845
0.485355
0.482026
0.456125
0.409520
0.364248
0.356141
0.364750
0.364488
0.372028
0.410891
0.458124
0.500749
0.508427
0.468404
0.441822
0.425559
0.421276
0.420285
0.416947
0.415096
0.410491
0.411324
0.408997
0.411314
0.409074
0.379892
0.339530
0.342438
0.355194
0.346442
0.316050
0.257981
0.211207
0.210281
0.198469
0.193961
0.186949
0.191613
0.191541
0.202186
0.237570
0.267003
0.272997
0.259292
0.285101
0.342142
0.403357
0.496445
0.555735
0.559104
0.592653
0.660283
0.722524
0.750634
0.752736
0.781537
0.856882
0.879106
0.889498
0.894401
0.885896
0.873305
0.862824
0.864360
0.872401
0.880809
0.884584
0.870179
0.854294
0.847974
0.800060
0.690622
0.531952
0.370352
0.292669
0.285298
0.236570
0.231055
0.230618
0.230454
0.231484
0.232756
0.239252
0.242649
0.241600
0.234409
0.228567
0.224738
0.224602
0.222888
0.208021
0.178601
0.146028
0.127725
0.128662
0.127995
0.127293
0.128861
0.140124
0.139562
0.143230
0.162034
0.163468
0.161709
0.166437
0.174839
0.186116
0.221095
0.250755
0.249474
0.244903
0.236456
0.259567
0.326693
0.381988
0.411190
0.415957
0.408299
0.399102
0.392318
0.390537
0.390646
0.386567
0.377485
0.374164
0.373703
0.373954
0.375558
0.374068
0.373297
0.371746
0.396411
0.454042
0.495156
0.532722
0.562725
0.587256
0.591867
0.559610
0.528563
0.507287
0.492754
0.479186
0.470399
0.463932
0.444979
0.419608
0.368588
0.319652
0.329234
0.342830
0.351036
0.345667
0.349983
0.347234
0.338232
0.330753
0.329876
0.333699
0.323050
0.305216
0.295025
0.287303
0.307048
0.374425
0.463095
0.513913
0.536331
0.531795
0.493436
0.456841
0.426102
0.417407
0.417165
0.418165
0.424602
0.431123
0.427160
0.410176
0.398722
0.392837
0.388345
0.382377
0.380962
0.355844
0.286523
0.219172
0.175996
0.173479
0.175486
0.178155
0.184231
0.202855
0.247993
0.288759
0.289132
0.273486
0.267416
0.288124
0.376657
0.495867
0.596474
0.637192
0.643094
0.641539
0.664235
0.685520
0.688502
0.695571
0.695786
0.695159
0.693563
0.687578
0.669225
0.648788
0.647731
0.661369
0.666007
0.668485
0.643128
0.561204
0.430505
0.316250
0.248367
0.237794
0.238462
0.252787
0.268222
0.270700
0.264897
0.255252
0.251207
0.243340
0.230197
0.229692
0.235461
0.234580
0.235548
0.244835
0.249003
0.249091
0.245000
0.230471
0.228255
0.233713
0.239469
0.229933
0.228947
0.241563
0.250535
0.241502
0.234570
0.236023
0.238865
0.235919
0.224810
0.219531
0.207713
0.181207
0.159437
0.146744
0.131769
0.128128
0.140827
0.151068
0.156601
0.160553
0.152125
0.133545
0.112975
0.110153
0.106267
0.112582
0.160039
0.165969
0.260187
0.401241
0.500992
0.546661
0.552731
0.563560
0.631170
0.675579
0.686524
0.694094
0.701053
0.709343
0.718200
0.726033
0.732942
0.737624
0.739593
0.739396
0.732376
0.730565
0.698287
0.602769
0.462535
0.312741
0.222363
0.212714
0.151606
0.076951
0.072603
0.071741
0.071246
0.068343
0.064031
0.061537
0.063049
0.066538
0.073419
0.080911
0.087240
0.096511
0.105371
0.107342
0.104384
0.100072
0.095445
0.093798
0.094893
0.095593
0.093948
0.087762
0.079257
0.071013
0.072473
0.074762
0.075758
0.076132
0.076796
0.078979
0.082330
0.080962
0.082899
0.088160
0.095609
0.103773
0.107855
0.107876
0.101906
0.093055
0.190943
0.203371
0.246871
0.327437
0.384249
0.397389
0.398540
0.400842
0.431388
0.458003
0.456105
0.455873
0.459420
0.473326
0.479882
0.482159
0.485404
0.485868
0.487772
0.490913
0.459307
0.452353
0.437016
0.384288
0.319318
0.287683
0.274896
0.277938
0.255728
0.219186
0.213886
0.260432
0.350225
0.413028
0.448050
0.463341
0.465700
0.467014
0.471541
0.499926
0.528370
0.551887
0.544714
0.530707
0.512562
0.497339
0.572823
0.711531
0.841497
0.915219
0.917227
0.907744
0.943670
0.967033
0.974968
0.983778
0.996964
1.000454
0.996901
0.999250
0.999862
1.000498
0.998265
0.967781
0.927037
0.927144
0.906709
0.829924
0.691573
0.483735
0.301400
0.293529
0.295445
0.327759
0.364850
0.387451
0.405230
0.414521
0.410283
0.399788
0.376929
0.354012
0.325823
0.287071
0.254234
0.220324
0.187399
0.169451
0.167849
0.175160
0.180822
0.198876
0.218365
0.211222
0.190134
0.182007
0.173380
0.168723
0.172497
0.171720
0.169307
0.172136
0.181322
0.184936
0.211028
0.239399
0.261877
0.259744
0.260854
0.275556
0.335721
0.386565
0.383119
0.380700
0.384151
0.390036
0.398748
0.449065
0.496800
0.499746
0.515930
0.555985
0.589423
0.601182
0.589705
0.590727
0.634014
0.652609
0.711375
0.728685
0.727539
0.748031
0.800862
0.846108
0.857653
0.857753
0.867113
0.853050
0.838549
0.858330
0.869680
0.850639
0.825686
0.812746
0.814022
0.808237
0.761326
0.725422
0.640898
0.609079
0.619956
0.625457
0.594985
0.545046
0.536218
0.542044
0.536704
0.532265
0.501219
0.418423
0.300587
0.205120
0.153890
0.140497
0.137660
0.137307
0.137843
0.137546
0.136767
0.140365
0.142438
0.140381
0.133633
0.129507
0.118226
0.115975
0.116972
0.109657
0.103149
0.088865
0.081262
0.082054
0.087330
0.100480
0.124220
0.146126
0.155560
0.160079
0.156429
0.144201
0.135501
0.131045
0.126392
0.123911
0.123364
0.123391
0.123446
0.121294
0.113880
0.108639
0.103960
0.103959
0.105608
0.107882
0.108126
0.102055
0.097991
0.095656
0.097734
0.102074
0.101862
0.100757
0.102636
0.103731
0.106387
0.107093
0.107533
0.107346
0.109951
0.114743
0.119009
0.120485
0.145194
0.172327
0.193064
0.278259
0.360701
0.396275
0.398755
0.406164
0.455583
0.540788
0.559306
0.559344
0.558686
0.559207
0.563735
0.572415
0.584754
0.592577
0.590873
0.595066
0.613571
0.625288
0.632898
0.606176
0.547745
0.500629
0.491830
0.507721
0.499062
0.413354
0.400225
