-0.000000
0.001942
0.003885
0.005827
0.007770
0.009712
0.011655
0.013597
0.015540
0.017482
0.019425
0.021367
0.023307
0.025248
0.027188
0.029128
0.031068
0.033008
0.034948
0.036888
0.038829
0.040769
0.042709
0.044649
0.046586
0.048523
0.050459
0.052396
0.054333
0.056269
0.058206
0.060142
0.062079
0.064016
0.065952
0.067889
0.069821
0.071753
0.073685
0.075617
0.077549
0.079480
0.081412
0.083344
0.085276
0.087208
0.089140
0.091072
0.092998
0.094924
0.096850
0.098776
0.100702
0.102628
0.104554
0.106480
0.108406
0.110332
0.112258
0.114184
0.116104
0.118023
0.119941
0.121860
0.123779
0.125698
0.127617
0.129536
0.131455
0.133374
0.135293
0.137212
0.139123
0.141034
0.142945
0.144856
0.146766
0.148677
0.150588
0.152499
0.154409
0.156320
0.158231
0.160142
0.162044
0.163946
0.165848
0.167749
0.169651
0.171552
0.173454
0.175355
0.177257
0.179158
0.181060
0.182961
0.184854
0.186745
0.188637
0.190528
0.192419
0.194311
0.196202
0.198093
0.199985
0.201876
0.203767
0.205658
0.207540
0.209420
0.211300
0.213180
0.215060
0.216940
0.218820
0.220700
0.222580
0.224460
0.226340
0.228220
0.230090
0.231958
0.233825
0.235693
0.237561
0.239429
0.241297
0.243164
0.245032
0.246900
0.248768
0.250636
0.252492
0.254347
0.256201
0.258056
0.259911
0.261765
0.263620
0.265474
0.267329
0.269184
0.271038
0.272893
0.274735
0.276576
0.278416
0.280257
0.282097
0.283938
0.285778
0.287619
0.289459
0.291300
0.293140
0.294981
0.296808
0.298634
0.300459
0.302285
0.304110
0.305936
0.307761
0.309587
0.311412
0.313238
0.315063
0.316889
0.318701
0.320510
0.322320
0.324130
0.325939
0.327749
0.329558
0.331368
0.333178
0.334987
0.336797
0.338607
0.340402
0.342195
0.343987
0.345780
0.347573
0.349366
0.351159
0.352952
0.354745
0.356538
0.358331
0.360123
0.361901
0.363676
0.365452
0.367227
0.369002
0.370778
0.372553
0.374328
0.376104
0.377879
0.379654
0.381430
0.383189
0.384946
0.386703
0.388460
0.390217
0.391974
0.393731
0.395487
0.397244
0.399001
0.400758
0.402515
0.404256
0.405993
0.407731
0.409469
0.411207
0.412944
0.414682
0.416420
0.418158
0.419895
0.421633
0.423371
0.425092
0.426809
0.428527
0.430245
0.431963
0.433681
0.435398
0.437116
0.438834
0.440552
0.442270
0.443988
0.445687
0.447385
0.449082
0.450779
0.452476
0.454173
0.455870
0.457567
0.459264
0.460962
0.462659
0.464356
0.466034
0.467710
0.469386
0.471061
0.472737
0.474413
0.476089
0.477764
0.479440
0.481116
0.482791
0.484467
0.486123
0.487777
0.489431
0.491084
0.492738
0.494391
0.496045
0.497698
0.499352
0.501005
0.502659
0.504312
0.505946
0.507577
0.509207
0.510838
0.512469
0.514099
0.515730
0.517360
0.518991
0.520622
0.522252
0.523883
0.525493
0.527100
0.528707
0.530314
0.531922
0.533529
0.535136
0.536743
0.538350
0.539957
0.541564
0.543171
0.544757
0.546340
0.547923
0.549505
0.551088
0.552671
0.554254
0.555837
0.557420
0.559002
0.560585
0.562168
0.563729
0.565287
0.566845
0.568403
0.569961
0.571519
0.573076
0.574634
0.576192
0.577750
0.579308
0.580866
0.582401
0.583934
0.585466
0.586998
0.588531
0.590063
0.591595
0.593127
0.594660
0.596192
0.597724
0.599256
0.600766
0.602272
0.603778
0.605284
0.606790
0.608296
0.609802
0.611308
0.612814
0.614320
0.615826
0.617332
0.618815
0.620294
0.621773
0.623252
0.624731
0.626210
0.627689
0.629168
0.630648
0.632127
0.633606
0.635085
0.636540
0.637992
0.639443
0.640895
0.642346
0.643798
0.645249
0.646701
0.648153
0.649604
0.651056
0.652507
0.653934
0.655358
0.656781
0.658204
0.659628
0.661051
0.662475
0.663898
0.665321
0.666745
0.668168
0.669591
0.670990
0.672384
0.673779
0.675174
0.676568
0.677963
0.679357
0.680752
0.682147
0.683541
0.684936
0.686330
0.687699
0.689064
0.690430
0.691795
0.693160
0.694525
0.695890
0.697255
0.698621
0.699986
0.701351
0.702716
0.704055
0.705390
0.706725
0.708060
0.709396
0.710731
0.712066
0.713401
0.714736
0.716071
0.717406
0.718741
0.720050
0.721354
0.722659
0.723963
0.725268
0.726572
0.727877
0.729181
0.730486
0.731790
0.733095
0.734399
0.735676
0.736950
0.738223
0.739496
0.740769
0.742043
0.743316
0.744589
0.745862
0.747135
0.748409
0.749682
0.750927
0.752169
0.753410
0.754652
0.755893
0.757134
0.758376
0.759617
0.760858
0.762100
0.763341
0.764582
0.765796
0.767005
0.768214
0.769422
0.770631
0.771840
0.773049
0.774258
0.775467
0.776676
0.777885
0.779094
0.780274
0.781450
0.782626
0.783802
0.784978
0.786154
0.787329
0.788505
0.789681
0.790857
0.792033
0.793209
0.794355
0.795498
0.796640
0.797782
0.798924
0.800067
0.801209
0.802351
0.803493
0.804636
0.805778
0.806920
0.808033
0.809141
0.810249
0.811357
0.812465
0.813573
0.814681
0.815789
0.816897
0.818005
0.819113
0.820221
0.821299
0.822372
0.823445
0.824519
0.825592
0.826665
0.827738
0.828812
0.829885
0.830958
0.832031
0.833104
0.834147
0.835185
0.836223
0.837261
0.838298
0.839336
0.840374
0.841412
0.842450
0.843488
0.844526
0.845563
0.846570
0.847572
0.848574
0.849576
0.850578
0.851579
0.852581
0.853583
0.854585
0.855587
0.856589
0.857591
0.858561
0.859526
0.860492
0.861457
0.862422
0.863388
0.864353
0.865318
0.866284
0.867249
0.868214
0.869180
0.870113
0.871041
0.871969
0.872898
0.873826
0.874754
0.875682
0.876611
0.877539
0.878467
0.879395
0.880324
0.881219
0.882110
0.883000
0.883891
0.884781
0.885672
0.886563
0.887453
0.888344
0.889234
0.890125
0.891015
0.891873
0.892725
0.893577
0.894430
0.895282
0.896134
0.896987
0.897839
0.898691
0.899544
0.900396
0.901248
0.902067
0.902880
0.903694
0.904507
0.905321
0.906134
0.906948
0.907761
0.908575
0.909389
0.910202
0.911016
0.911795
0.912569
0.913343
0.914117
0.914892
0.915666
0.916440
0.917214
0.917988
0.918762
0.919536
0.920311
0.921050
0.921784
0.922519
0.923253
0.923987
0.924721
0.925455
0.926190
0.926924
0.927658
0.928392
0.929127
0.929826
0.930520
0.931213
0.931907
0.932601
0.933295
0.933988
0.934682
0.935376
0.936070
0.936763
0.937457
0.938115
0.938768
0.939421
0.940074
0.940726
0.941379
0.942032
0.942685
0.943337
0.943990
0.944643
0.945296
0.945912
0.946524
0.947135
0.947746
0.948357
0.948969
0.949580
0.950191
0.950802
0.951413
0.952025
0.952636
0.953211
0.953780
0.954349
0.954918
0.955487
0.956056
0.956625
0.957195
0.957764
0.958333
0.958902
0.959471
0.960003
0.960530
0.961056
0.961583
0.962110
0.962636
0.963163
0.963689
0.964216
0.964742
0.965269
0.965795
0.966285
0.966768
0.967252
0.967735
0.968218
0.968702
0.969185
0.969669
0.970152
0.970636
0.971119
0.971603
0.972048
0.972488
0.972928
0.973368
0.973808
0.974248
0.974687
0.975127
0.975567
0.976007
0.976447
0.976887
0.977288
0.977684
0.978080
0.978476
0.978871
0.979267
0.979663
0.980059
0.980455
0.980850
0.981246
0.981642
0.981999
0.982350
0.982701
0.983053
0.983404
0.983755
0.984106
0.984457
0.984809
0.985160
0.985511
0.985862
0.986174
0.986481
0.986787
0.987093
0.987399
0.987705
0.988012
0.988318
0.988624
0.988930
0.989236
0.989543
0.989809
0.990070
0.990331
0.990592
0.990852
0.991113
0.991374
0.991634
0.991895
0.992156
0.992417
0.992677
0.992898
0.993113
0.993328
0.993543
0.993758
0.993973
0.994187
0.994402
0.994617
0.994832
0.995047
0.995262
0.995436
0.995605
0.995773
0.995942
0.996111
0.996279
0.996448
0.996616
0.996785
0.996953
0.997122
0.997290
0.997419
0.997540
0.997662
0.997784
0.997906
0.998028
0.998150
0.998272
0.998394
0.998516
0.998637
0.998759
0.998840
0.998915
0.998990
0.999065
0.999140
0.999215
0.999290
0.999364
0.999439
0.999514
0.999589
0.999664
0.999698
0.999725
0.999753
0.999780
0.999808
0.999835
0.999863
0.999890
0.999918
0.999945
0.999973
1.000000
0.999986
0.999966
0.999946
0.999926
0.999905
0.999885
0.999865
0.999845
0.999825
0.999805
0.999784
0.999764
0.999703
0.999634
0.999566
0.999498
0.999430
0.999362
0.999294
0.999226
0.999158
0.999089
0.999021
0.998953
0.998843
0.998727
0.998611
0.998494
0.998378
0.998262
0.998146
0.998029
0.997913
0.997797
0.997680
0.997564
0.997406
0.997241
0.997076
0.996912
0.996747
0.996582
0.996418
0.996253
0.996088
0.995924
0.995759
0.995594
0.995388
0.995174
0.994961
0.994748
0.994535
0.994321
0.994108
0.993895
0.993682
0.993468
0.993255
0.993042
0.992786
0.992525
0.992263
0.992001
0.991739
0.991477
0.991215
0.990953
0.990691
0.990429
0.990167
0.989905
0.989601
0.989290
0.988980
0.988669
0.988358
0.988048
0.987737
0.987426
0.987116
0.986805
0.986494
0.986184
0.985831
0.985471
0.985112
0.984752
0.984393
0.984033
0.983673
0.983314
0.982954
0.982595
0.982235
0.981876
0.981474
0.981066
0.980658
0.980249
0.979841
0.979433
0.979024
0.978616
0.978208
0.977799
0.977391
0.976983
0.976532
0.976075
0.975618
0.975161
0.974704
0.974247
0.973790
0.973333
0.972876
0.972419
0.971962
0.971505
0.971005
0.970500
0.969994
0.969488
0.968983
0.968477
0.967971
0.967466
0.966960
0.966454
0.965948
0.965443
0.964895
0.964341
0.963787
0.963233
0.962678
0.962124
