28.545209
19.842182
15.654546
17.032277
19.016055
16.665245
10.565323
4.758580
1.516776
0.341838
0.054452
0.006128
0.000487
0.000028
0.000017
0.000297
0.003831
0.034926
0.224948
1.023886
3.294254
7.492690
12.047677
13.700926
11.075562
6.642771
3.881561
4.002570
5.668440
6.550025
5.436028
3.183856
1.312658
0.380686
0.077634
0.011306
0.003362
0.019397
0.116729
0.494611
1.469911
3.063864
4.479339
4.593382
3.303892
1.666814
0.589797
0.146370
0.025475
0.003109
0.000266
0.000016
0.000001
0.000000
0.000001
0.000018
0.000318
0.003938
0.034192
0.208157
0.888718
2.661153
5.588980
8.233412
8.510469
6.192468
3.280734
1.682447
1.834740
3.116251
4.351236
4.434467
3.290151
1.919452
1.377775
2.006283
3.267069
4.012462
3.485592
2.125809
0.909458
0.272894
0.057429
0.008475
0.000877
0.000064
0.000003
0.000000
0.000000
0.000000
0.000000
0.000000
0.000000
0.000000
0.000010
0.000181
0.002312
0.020738
0.130834
0.580940
1.816480
4.001871
6.215488
6.809389
5.264898
2.874267
1.108396
0.302015
0.058159
0.007916
0.000761
0.000052
0.000002
0.000000
0.000000
0.000000
0.000000
0.000000
0.000000
0.000000
0.000000
0.000000
0.000000
0.000000
0.000000
0.000000
0.000000
0.000000
0.000000
0.000000
0.000000
0.000000
0.000000
0.000000
0.000000
0.000000
0.000007
0.000143
0.002173
0.023200
0.173713
0.912129
3.358911
8.675295
15.715666
19.969011
17.797564
11.126089
4.878574
1.500358
0.323612
0.048950
0.005192
0.000386
0.000020
0.000001
0.000000
0.000000
0.000000
0.000000
0.000000
0.000000
0.000000
0.000009
0.000157
0.002024
0.018276
0.115708
0.513739
1.599742
3.494221
5.357238
5.791721
4.554595
3.115310
3.010333
4.228373
5.441811
5.808314
6.111605
7.190859
8.004390
6.954167
4.362557
1.933901
0.606654
0.166316
0.205756
0.697074
1.825021
3.361214
4.342539
3.936036
2.509651
1.170878
0.610933
0.948051
2.061199
3.432239
4.198289
4.145273
4.185333
4.982279
5.706063
5.281030
4.407379
5.124921
8.245520
11.697652
12.242720
9.181665
4.954565
1.955604
0.580369
0.134511
0.030656
0.048577
0.237273
0.878056
2.289722
4.199287
5.414264
4.906136
3.123569
1.396875
0.438682
0.096722
0.014969
0.001626
0.000124
0.000007
0.000000
0.000000
0.000000
0.000000
0.000000
0.000000
0.000000
0.000000
0.000000
0.000000
0.000000
0.000000
0.000000
0.000000
0.000000
0.000000
0.000000
0.000000
0.000000
0.000000
0.000000
0.000000
0.000000
0.000000
0.000000
0.000000
0.000000
0.000000
0.000013
0.000248
0.003302
0.030868
0.202348
0.930189
2.998890
6.780955
10.754216
11.962828
9.333797
5.107957
1.960596
0.527791
0.099642
0.013192
0.001225
0.000080
0.000004
0.000000
0.000000
0.000000
0.000000
0.000000
0.000000
0.000000
0.000000
0.000000
0.000000
0.000000
0.000000
0.000000
0.000000
0.000000
0.000000
0.000000
0.000000
0.000000
0.000000
0.000000
0.000000
0.000000
0.000000
0.000000
0.000000
0.000000
0.000000
0.000000
0.000000
0.000000
0.000000
0.000000
0.000000
0.000000
0.000000
0.000000
0.000000
0.000000
0.000000
0.000005
0.000089
0.001211
0.011568
0.077455
0.363705
1.197768
2.766587
4.482100
5.093238
4.059609
2.269590
0.889962
0.244758
0.047209
0.006390
0.000676
0.000851
0.006521
0.036745
0.145255
0.402721
0.783134
1.068171
1.021940
0.685786
0.322792
0.106564
0.024674
0.004006
0.000456
0.000036
0.000002
0.000000
0.000000
0.000000
0.000000
0.000001
0.000016
0.000266
0.003075
0.024929
0.141700
0.564863
1.579234
3.096709
4.259105
4.108722
2.780128
1.319425
0.439226
0.103218
0.025532
0.080263
0.495952
2.217317
7.005096
15.628349
24.611384
27.346035
21.442244
11.963290
5.247587
3.435953
5.374366
8.519734
9.848029
8.010698
4.571799
1.830126
0.513837
0.101180
0.013972
0.001353
0.000092
0.000004
0.000000
0.000000
0.000000
0.000000
0.000005
0.000089
0.001074
0.009097
0.054477
0.232109
0.712579
1.615649
2.819430
3.979117
4.665513
4.457289
3.338106
2.050404
1.620675
2.589322
4.606594
6.515100
7.343311
7.306901
7.016929
6.210427
4.478627
2.415119
0.937566
0.258289
0.050225
0.006879
0.000663
0.000045
0.000002
0.000000
0.000000
0.000000
0.000000
0.000000
0.000000
0.000000
0.000000
0.000000
0.000000
0.000000
0.000000
0.000000
0.000000
0.000000
0.000000
0.000000
0.000000
0.000000
0.000000
0.000000
0.000000
0.000000
0.000000
0.000000
0.000000
0.000000
0.000000
0.000000
0.000000
0.000000
0.000004
0.000085
0.001212
0.012183
0.085877
0.424529
1.471910
3.580582
6.122139
7.433157
6.779540
5.874470
7.015344
9.874320
11.407624
9.550279
5.735255
2.755858
1.737864
1.960534
2.209747
1.847023
1.090368
0.451902
0.132034
0.033746
0.053344
0.247105
0.862201
2.113135
3.632633
4.380157
3.704547
2.197628
0.914400
0.266847
0.054615
0.007839
0.000789
0.000056
0.000003
0.000000
0.000000
0.000000
0.000000
0.000000
0.000000
0.000000
0.000000
0.000000
0.000000
0.000000
0.000000
0.000000
0.000000
0.000000
0.000000
0.000000
0.000000
0.000000
0.000000
0.000000
0.000000
0.000000
0.000000
0.000000
0.000000
0.000000
0.000000
0.000000
0.000000
0.000000
0.000000
0.000000
0.000000
0.000000
0.000000
0.000000
0.000000
0.000000
0.000000
0.000000
0.000000
0.000000
0.000000
0.000000
0.000000
0.000000
0.000000
0.000004
0.000075
0.001111
0.011531
0.083945
0.428546
1.534324
3.852812
6.785753
8.382800
7.263656
4.414632
1.882077
0.565028
0.138743
0.144413
0.547083
1.641344
3.464610
5.129920
5.327758
3.881114
1.983090
0.710941
0.181909
0.061831
0.202273
0.916642
2.991099
6.901799
11.258595
12.982998
10.581752
6.093986
2.478734
0.711753
0.144197
0.020599
0.002075
0.000174
0.000415
0.004336
0.032528
0.172952
0.657657
1.816650
3.734793
5.889314
7.297917
7.129222
5.379931
3.042749
1.256166
0.371873
0.078122
0.011580
0.001207
0.000088
0.000005
0.000000
0.000000
0.000000
0.000000
0.000000
0.000000
0.000000
0.000000
0.000000
0.000000
0.000000
0.000000
0.000000
0.000000
0.000000
0.000000
0.000000
0.000000
0.000000
0.000000
0.000000
0.000000
0.000000
0.000000
0.000000
0.000000
0.000000
0.000007
0.000150
0.002164
0.022080
0.159126
0.809598
2.907126
7.365426
13.163139
16.590361
14.744095
9.238557
4.081317
1.271224
0.279198
0.043245
0.004725
0.000364
0.000020
0.000001
0.000000
0.000000
0.000000
0.000000
0.000000
0.000000
0.000000
0.000000
0.000000
0.000000
0.000000
0.000000
0.000000
0.000000
0.000000
0.000000
0.000000
0.000000
0.000000
0.000000
0.000000
0.000000
0.000000
0.000000
0.000000
0.000000
0.000000
0.000000
0.000000
0.000000
0.000000
0.000000
0.000000
0.000000
0.000000
0.000000
0.000000
0.000000
0.000000
0.000000
0.000000
0.000000
0.000000
0.000000
0.000000
0.000000
0.000000
0.000000
0.000000
0.000000
0.000001
0.000015
0.000279
0.003587
0.032472
0.206611
0.923886
2.902908
6.410432
9.969614
11.052469
9.299330
7.541189
8.231031
10.213788
10.350870
7.620964
3.976564
1.463209
0.379163
0.069171
0.009190
0.003763
0.019292
0.087623
0.279836
0.626828
0.984829
1.085300
0.838915
0.454850
0.173144
0.048537
0.031577
0.155332
0.730207
2.437252
5.739634
9.540667
11.199499
9.288069
5.443747
2.255297
0.660502
0.136735
0.020005
0.002068
0.000151
0.000008
0.000000
0.000000
0.000000
0.000000
0.000000
0.000000
0.000000
0.000000
0.000000
0.000000
0.000000
0.000000
0.000000
0.000000
0.000000
0.000000
0.000006
0.000114
0.001525
0.014354
0.094763
0.438745
1.424672
3.244675
5.183206
5.807727
4.564537
2.516315
0.972968
0.263863
0.050185
0.006694
0.000626
0.000041
0.000002
0.000000
0.000000
0.000000
0.000002
0.000039
0.000658
0.007785
0.064943
0.382353
1.589724
4.669759
9.694630
14.227459
14.761144
10.826459
5.612357
2.055707
0.531805
0.097118
0.012517
0.001220
0.001200
0.010765
0.072035
0.338142
1.113224
2.570488
4.163142
4.730040
3.774907
2.143319
0.972411
0.632783
0.830382
1.075410
1.020553
0.683485
0.332080
0.186258
0.406352
1.268560
2.936434
4.780972
5.460708
4.374865
2.458478
0.969999
0.279850
0.150046
0.571582
2.285251
6.506263
13.046122
18.432060
18.387134
13.129986
7.445544
5.443301
7.400092
10.420670
11.013718
8.286788
4.408947
1.656809
0.439483
0.082242
0.010851
0.001009
0.000066
0.000003
0.000000
0.000000
0.000000
0.000000
0.000000
0.000000
0.000000
0.000000
0.000000
0.000000
0.000000
0.000000
0.000000
0.000000
0.000000
0.000000
0.000000
0.000000
0.000000
0.000000
0.000000
0.000000
0.000000
0.000000
0.000000
0.000000
0.000000
0.000000
0.000000
0.000000
0.000000
0.000000
0.000000
0.000000
0.000000
0.000000
0.000000
0.000000
0.000000
0.000000
0.000000
0.000000
0.000000
0.000000
0.000000
0.000000
0.000000
0.000000
0.000000
0.000000
0.000000
0.000000
0.000000
0.000000
0.000000
0.000000
0.000000
0.000000
0.000000
0.000000
0.000000
0.000000
0.000000
0.000000
0.000000
0.000000
0.000000
0.000000
0.000000
0.000000
0.000010
0.000178
0.002118
0.017680
0.103512
0.425033
1.224037
2.472451
3.502970
3.481193
2.426625
1.186458
0.406877
0.097862
0.016507
0.003572
0.001127
0.000326
0.000086
0.000000
0.000000
0.000000
0.000000
0.000000
0.000000
