0.706050
0.713036
0.725393
0.733679
0.742148
0.736485
0.721749
0.706968
0.690704
0.649161
0.470328
0.336370
0.254727
0.230968
0.224393
0.221945
0.222050
0.201681
0.184788
0.184481
0.185522
0.184567
0.174922
0.158914
0.125267
0.104859
0.102466
0.104037
0.113488
0.133387
0.155444
0.175266
0.185325
0.184922
0.181709
0.179508
0.179117
0.181631
0.187136
0.192871
0.191110
0.184153
0.174609
0.165631
0.187235
0.241554
0.291421
0.320225
0.323759
0.318865
0.333907
0.357669
0.361254
0.364363
0.367518
0.369848
0.369675
0.368611
0.368350
0.368657
0.368597
0.368457
0.359428
0.364812
0.366054
0.338269
0.282004
0.210670
0.155260
0.139629
0.127360
0.097184
0.098539
0.098942
0.099359
0.100027
0.100248
0.103781
0.115493
0.128722
0.130488
0.134041
0.137250
0.134160
0.126011
0.119072
0.115090
0.120027
0.129821
0.138166
0.139669
0.138199
0.135035
0.133732
0.163816
0.197624
0.201395
0.210079
0.239610
0.282254
0.327741
0.355159
0.361213
0.361479
0.362282
0.362819
0.362571
0.360398
0.359908
0.365370
0.368674
0.368239
0.368915
0.370613
0.353317
0.320216
0.314186
0.313870
0.305399
0.286380
0.254210
0.228285
0.246643
0.285051
0.343524
0.431639
0.521125
0.587036
0.613881
0.628365
0.654271
0.667853
0.662578
0.646674
0.633953
0.632921
0.646214
0.629989
0.603097
0.581540
0.551586
0.515160
0.497538
0.494161
0.493099
0.490736
0.476927
0.458980
0.448881
0.424527
0.376428
0.341569
0.325331
0.327340
0.339630
0.337747
0.327209
0.349275
0.385532
0.425574
0.430863
0.411743
0.390790
0.384634
0.367916
0.337780
0.321521
0.298672
0.293292
0.363664
0.454936
0.542606
0.567072
0.568159
0.574885
0.582283
0.582596
0.585908
0.580173
0.568622
0.564171
0.560878
0.558735
0.557624
0.552504
0.535284
0.514235
0.515604
0.547398
0.580098
0.570938
0.524973
0.500626
0.508167
0.523149
0.541293
0.545956
0.529037
0.505476
0.449803
0.406588
0.382723
0.361241
0.324963
0.257596
0.199561
0.172648
0.167770
0.167898
0.164012
0.166349
0.189704
0.262867
0.268201
0.283787
0.346445
0.442205
0.514419
0.545442
0.548256
0.545044
0.543583
0.543765
0.545163
0.545267
0.544740
0.544885
0.543965
0.537334
0.528310
0.517381
0.490185
0.397951
0.360313
0.360243
0.348450
0.294680
0.216182
0.160083
0.153621
0.117883
0.070666
0.072027
0.073148
0.078132
0.077479
0.078538
0.076186
0.073102
0.072376
0.075281
0.083347
0.089288
0.086824
0.080238
0.076268
0.072730
0.066333
0.061566
0.063953
0.071648
0.075135
0.075184
0.074015
0.074050
0.073522
0.073615
0.077229
0.081924
0.085058
0.086996
0.088476
0.101835
0.113386
0.116073
0.142162
0.175329
0.197285
0.201875
0.202385
0.229884
0.288056
0.313023
0.329109
0.340654
0.347544
0.349920
0.349033
0.346331
0.342593
0.339990
0.337873
0.337180
0.337429
0.334825
0.314400
0.274490
0.223838
0.183242
0.172926
0.180488
0.160024
0.154862
0.142771
0.133767
0.150993
0.191348
0.203898
0.208302
0.210174
0.212871
0.218207
0.226910
0.235783
0.242551
0.245514
0.242421
0.241745
0.240541
0.234755
0.216794
0.185634
0.144934
0.113588
0.106542
0.105866
0.093724
0.095019
0.099594
0.104050
0.106657
0.108774
0.108955
0.106997
0.106985
0.109500
0.111750
0.112817
0.109520
0.101513
0.094324
0.093886
0.092609
0.093054
0.094983
0.099148
0.109825
0.123477
0.130200
0.130517
0.130673
0.131200
0.131644
0.131239
0.127417
0.120090
0.112728
0.105516
0.100375
0.097686
0.094610
0.088622
0.084137
0.086021
0.091363
0.102207
0.179902
0.218001
0.237160
0.324683
0.431784
0.514282
0.547794
0.551186
0.598707
0.667973
0.676769
0.677565
0.678881
0.586561
0.578807
0.504886
0.435921
0.432483
0.400069
0.329116
0.289177
0.327261
0.421509
0.448609
0.462167
0.471239
0.482839
0.484873
0.484665
0.485530
0.479593
0.455360
0.426205
0.413308
0.412967
0.406670
0.392232
0.366687
0.341311
0.332508
0.337194
0.372535
0.458245
0.563077
0.616494
0.609960
0.595445
0.642100
0.708301
0.748804
0.752683
0.752994
0.753586
0.756011
0.754462
0.754284
0.761831
0.775061
0.798596
0.807090
0.801685
0.789170
0.726451
0.627778
0.540527
0.506963
0.513921
0.504406
0.462389
0.440685
0.475903
0.560562
0.653536
0.689097
0.698383
0.706740
0.710171
0.705779
0.672140
0.647537
0.652115
0.670869
0.693712
0.717479
0.742948
0.742233
