1.291716
0.719572
0.412166
0.241895
0.142012
0.080948
0.043728
0.022038
0.010268
0.004401
0.000624
0.000062
0.000004
0.000000
0.000000
0.000000
0.000000
0.000000
0.000000
0.000000
0.000000
0.000000
0.000000
0.000000
0.000000
0.000000
0.000000
0.000000
0.000000
0.000000
0.000000
0.000000
0.000000
0.000000
0.000000
0.000000
0.000000
0.000000
0.000000
0.000000
0.000000
0.000000
0.000000
0.000000
0.000000
0.000000
0.000003
0.000065
0.000954
0.009773
0.070218
0.353795
1.250185
3.098436
5.386109
6.567246
5.616566
3.369260
1.417633
0.418351
0.086585
0.012567
0.001279
0.000091
0.000005
0.000000
0.000000
0.000000
0.000000
0.000000
0.000000
0.000000
0.000000
0.000000
0.000000
0.000000
0.000000
0.000000
0.000000
0.000000
0.000000
0.000000
0.000000
0.000000
0.000000
0.000000
0.000000
0.000000
0.000000
0.000000
0.000000
0.000000
0.000000
0.000000
0.000000
0.000000
0.000000
0.000000
0.000000
0.000000
0.000000
0.000000
0.000000
0.000000
0.000000
0.000000
0.000000
0.000000
0.000000
0.000000
0.000000
0.000000
0.000000
0.000000
0.000000
0.000000
0.000000
0.000000
0.000000
0.000000
0.000000
0.000000
0.000000
0.000000
0.000000
0.000000
0.000000
0.000000
0.000000
0.000000
0.000000
0.000000
0.000002
0.000034
0.000506
0.005354
0.039723
0.206685
0.754221
1.930353
3.465306
4.363407
3.853840
2.387498
1.037442
0.316183
0.067584
0.010131
0.001065
0.000078
0.000004
0.000000
0.000000
0.000000
0.000000
0.000000
0.000003
0.000040
0.000423
0.003166
0.016616
0.061161
0.157893
0.285902
0.363116
0.323483
0.202132
0.088590
0.027233
0.005871
0.000888
0.000097
0.000064
0.000874
0.009377
0.070597
0.372743
1.380216
3.584508
6.529433
8.342518
7.476520
4.699809
2.072190
0.640812
0.138983
0.021139
0.002256
0.000198
0.000384
0.003394
0.021522
0.095715
0.298552
0.653149
1.002270
1.079100
0.817309
0.446886
0.218609
0.194767
0.288710
0.363086
0.327294
0.207394
0.092198
0.028748
0.006287
0.000964
0.000104
0.000008
0.000000
0.000000
0.000000
0.000000
0.000000
0.000012
0.000223
0.002906
0.026574
0.170371
0.766008
2.415442
5.342058
8.286771
9.016461
6.881176
3.683491
1.382975
0.364175
0.067313
0.009651
0.011121
0.079530
0.428844
1.622764
4.306842
8.017292
10.468261
9.587489
6.159094
2.775245
0.877086
0.194409
0.030220
0.003294
0.000252
0.000013
0.000000
0.000000
0.000000
0.000000
0.000000
0.000000
0.000000
0.000000
0.000000
0.000000
0.000000
0.000000
0.000000
0.000000
0.000000
0.000000
0.000000
0.000000
0.000000
0.000000
0.000000
0.000000
0.000000
0.000000
0.000000
0.000000
0.000000
0.000000
0.000001
0.000018
0.000287
0.003267
0.026197
0.147855
0.587786
1.646838
3.253745
4.535881
4.463865
3.102635
1.523643
0.528793
0.129719
0.022493
0.002756
0.000239
0.000015
0.000001
0.000000
0.000000
0.000000
0.000000
0.000000
0.000001
0.000019
0.000308
0.003567
0.029057
0.166778
0.674859
1.926309
3.880810
5.521066
5.548998
3.941320
1.978782
0.702297
0.176193
0.031241
0.003914
0.000346
0.000022
0.000001
0.000000
0.000000
0.000000
0.000000
0.000000
0.000000
0.000000
0.000000
0.000000
0.000000
0.000000
0.000000
0.000000
0.000000
0.000000
0.000000
0.000000
0.000000
0.000000
0.000000
0.000000
0.000000
0.000000
0.000000
0.000000
0.000000
0.000000
0.000000
0.000000
0.000000
0.000000
0.000000
0.000000
0.000000
0.000000
0.000000
0.000000
0.000000
0.000000
0.000000
0.000000
0.000000
0.000000
0.000000
0.000000
0.000000
0.000000
0.000000
0.000000
0.000000
0.000000
0.000000
0.000000
0.000000
0.000000
0.000000
0.000000
0.000000
0.000000
0.000000
0.000000
0.000000
0.000000
0.000008
0.000152
0.002138
0.021099
0.146136
0.710656
2.427257
5.825367
9.833198
11.708172
9.937758
6.250756
3.284200
1.777034
1.037685
0.537497
0.216207
0.091833
0.144336
0.379250
0.754484
1.058294
1.052086
0.792143
0.642710
0.928379
1.591161
2.128638
2.033946
1.372302
0.663207
0.291568
0.354814
0.878207
1.747341
2.459410
2.429252
1.683317
0.821301
0.307451
0.234251
0.697618
1.972926
3.971960
5.612247
5.562356
3.866910
1.886039
0.649948
0.190303
0.200840
0.604744
1.452644
2.459104
2.920422
2.432769
1.421497
0.583046
0.244555
0.127355
0.076571
0.080002
0.142515
0.288989
0.562428
1.016407
1.695372
2.609195
