-0.000000
0.001728
0.003455
0.005183
0.006943
0.008751
0.010559
0.012368
0.014176
0.015984
0.017793
0.019601
0.021409
0.023217
0.025026
0.026834
0.028643
0.030452
0.032262
0.034072
0.035882
0.037691
0.039501
0.041311
0.043121
0.044930
0.046740
0.048550
0.050360
0.052170
0.053980
0.055790
0.057600
0.059410
0.061220
0.063030
0.064840
0.066650
0.068460
0.070270
0.072079
0.073888
0.075697
0.077506
0.079315
0.081124
0.082933
0.084742
0.086551
0.088360
0.090169
0.091978
0.093787
0.095593
0.097400
0.099207
0.101014
0.102821
0.104628
0.106434
0.108241
0.110048
0.111855
0.113662
0.115467
0.117271
0.119074
0.120878
0.122682
0.124485
0.126289
0.128092
0.129896
0.131699
0.133503
0.135306
0.137108
0.138907
0.140706
0.142505
0.144304
0.146104
0.147903
0.149702
0.151501
0.153300
0.155099
0.156898
0.158695
0.160489
0.162282
0.164076
0.165869
0.167663
0.169456
0.171250
0.173044
0.174837
0.176631
0.178424
0.180215
0.182002
0.183789
0.185576
0.187363
0.189150
0.190937
0.192724
0.194511
0.196298
0.198085
0.199872
0.201656
0.203435
0.205215
0.206994
0.208774
0.210553
0.212332
0.214112
0.215891
0.217670
0.219450
0.221229
0.223005
0.224776
0.226547
0.228317
0.230088
0.231859
0.233630
0.235400
0.237171
0.238942
0.240713
0.242483
0.244250
0.246011
0.247773
0.249534
0.251295
0.253056
0.254817
0.256579
0.258340
0.260101
0.261862
0.263623
0.265380
0.267131
0.268881
0.270632
0.272383
0.274133
0.275884
0.277635
0.279385
0.281136
0.282887
0.284637
0.286383
0.288123
0.289862
0.291601
0.293340
0.295079
0.296819
0.298558
0.300297
0.302036
0.303775
0.305515
0.307249
0.308976
0.310703
0.312429
0.314156
0.315883
0.317610
0.319337
0.321064
0.322791
0.324517
0.326244
0.327966
0.329680
0.331393
0.333107
0.334821
0.336534
0.338248
0.339961
0.341675
0.343389
0.345102
0.346816
0.348524
0.350224
0.351923
0.353623
0.355323
0.357022
0.358722
0.360421
0.362121
0.363821
0.365520
0.367220
0.368913
0.370598
0.372283
0.373968
0.375652
0.377337
0.379022
0.380707
0.382391
0.384076
0.385761
0.387445
0.389124
0.390793
0.392462
0.394131
0.395800
0.397469
0.399138
0.400807
0.402476
0.404145
0.405814
0.407484
0.409146
0.410799
0.412451
0.414104
0.415756
0.417409
0.419062
0.420714
0.422367
0.424019
0.425672
0.427325
0.428970
0.430606
0.432241
0.433876
0.435512
0.437147
0.438783
0.440418
0.442053
0.443689
0.445324
0.446959
0.448588
0.450205
0.451822
0.453440
0.455057
0.456675
0.458292
0.459909
0.461527
0.463144
0.464762
0.466379
0.467989
0.469588
0.471186
0.472785
0.474384
0.475983
0.477581
0.479180
0.480779
0.482377
0.483976
0.485575
0.487166
0.488745
0.490324
0.491904
0.493483
0.495062
0.496642
0.498221
0.499800
0.501380
0.502959
0.504538
0.506109
0.507669
0.509228
0.510787
0.512346
0.513905
0.515465
0.517024
0.518583
0.520142
0.521701
0.523261
0.524812
0.526350
0.527888
0.529427
0.530965
0.532504
0.534042
0.535580
0.537119
0.538657
0.540196
0.541734
0.543264
0.544781
0.546298
0.547815
0.549332
0.550849
0.552366
0.553883
0.555400
0.556916
0.558433
0.559950
0.561458
0.562953
0.564448
0.565943
0.567438
0.568933
0.570427
0.571922
0.573417
0.574912
0.576407
0.577902
0.579387
0.580859
0.582331
0.583803
0.585276
0.586748
0.588220
0.589692
0.591164
0.592636
0.594108
0.595580
0.597043
0.598491
0.599940
0.601389
0.602837
0.604286
0.605735
0.607183
0.608632
0.610081
0.611529
0.612978
0.614417
0.615841
0.617266
0.618691
0.620115
0.621540
0.622965
0.624389
0.625814
0.627238
0.628663
0.630088
0.631502
0.632902
0.634302
0.664778
0.666127
0.667475
0.668824
0.670173
0.671522
0.672871
0.674220
0.675568
0.676917
0.678266
0.679615
0.680953
0.682276
0.683598
0.684920
0.686243
0.687565
0.688887
0.690210
0.691532
0.692854
0.694177
0.695499
0.696811
0.698106
0.699401
0.700697
0.701992
0.703287
0.704582
0.705878
0.707173
0.708468
0.709764
0.711059
0.712343
0.713611
0.714879
0.716146
0.717414
0.718682
0.719949
0.721217
0.722484
0.723752
0.725020
0.726287
0.727544
0.728783
0.730023
0.731262
0.732502
0.733741
0.734980
0.736220
0.737459
0.738699
0.739938
0.741178
0.742406
0.743616
0.744827
0.746037
0.747248
0.748459
0.749669
0.750880
0.752091
0.753301
0.754512
0.755723
0.756921
