40.949911
26.398165
13.450962
6.288792
3.896062
4.261030
5.368996
5.375557
3.869842
1.963595
0.699524
0.174820
0.030643
0.003767
0.000325
0.000020
0.000001
0.000001
0.000013
0.000194
0.002073
0.015574
0.082046
0.303151
0.785642
1.428150
1.821039
1.628792
1.021905
0.449722
0.138819
0.030054
0.004563
0.000486
0.000036
0.000002
0.000000
0.000000
0.000000
0.000000
0.000000
0.000000
0.000000
0.000000
0.000000
0.000000
0.000000
0.000000
0.000000
0.000000
0.000000
0.000000
0.000000
0.000002
0.000042
0.000689
0.007854
0.062795
0.352099
1.384622
3.819022
7.388360
10.026103
9.543566
6.372095
2.984270
0.980307
0.225856
0.036494
0.004135
0.000329
0.000031
0.000183
0.001865
0.013476
0.068721
0.247494
0.629769
1.132645
1.440130
1.294638
0.822840
0.369679
0.117366
0.026320
0.004167
0.000466
0.000037
0.000002
0.000000
0.000000
0.000000
0.000000
0.000000
0.000000
0.000000
0.000000
0.000000
0.000000
0.000000
0.000000
0.000000
0.000000
0.000000
0.000000
0.000000
0.000000
0.000000
0.000000
0.000000
0.000000
0.000000
0.000000
0.000000
0.000000
0.000000
0.000000
0.000000
