0.754734
0.752762
0.736219
0.670241
0.617347
0.599676
0.592784
0.567579
0.455140
0.319274
0.213509
0.202712
0.220264
0.290018
0.323068
0.323042
0.319111
0.320566
0.327498
0.332809
0.334540
0.336352
0.341850
0.345404
0.351081
0.365114
0.378766
0.379213
0.385107
0.384208
0.379085
0.383141
0.391661
0.388961
0.390043
0.396801
0.383723
0.354812
0.304333
0.245155
0.187943
0.156395
0.150357
0.137044
0.135964
0.146478
0.156654
0.158207
0.159819
0.168426
0.167746
0.224693
0.330479
0.408527
0.446124
0.453839
0.461365
0.504165
0.556505
0.559009
0.563768
0.580118
0.597282
0.611965
0.606691
0.594405
0.581210
0.572799
0.568049
0.552985
0.547874
0.552961
0.532989
0.498974
0.468103
0.458022
0.451733
0.399948
0.296742
0.289329
0.295525
0.277437
0.247373
0.205021
0.218154
0.259075
0.275187
0.276053
0.289018
0.312291
0.341185
0.353819
0.351333
0.344484
0.346470
0.347388
0.350168
0.351372
0.352055
0.352295
0.351010
0.351528
0.350972
0.347860
0.330910
0.301787
0.286354
0.286295
0.278762
0.255961
0.213706
0.175966
0.164336
0.176073
0.185922
0.196421
0.205585
0.215495
