-0.258819
-0.260926
-0.263031
-0.265135
-0.267238
-0.269340
-0.271440
-0.273540
-0.275637
-0.277734
-0.279829
-0.281923
-0.284015
-0.286106
-0.288196
-0.290285
-0.292372
-0.294457
-0.296542
-0.298624
-0.300706
-0.302786
-0.304864
-0.306941
-0.309017
-0.311091
-0.313164
-0.315235
-0.317305
-0.319373
-0.321439
-0.323505
-0.325568
-0.327630
-0.329691
-0.331750
-0.333807
-0.335863
-0.337917
-0.339969
-0.342020
-0.344069
-0.346117
-0.348163
-0.350207
-0.352250
-0.354291
-0.356330
-0.358368
-0.360404
-0.362438
-0.364470
-0.366501
-0.368530
-0.370557
-0.372583
-0.374607
-0.376629
-0.378649
-0.380667
-0.382683
-0.384698
-0.386711
-0.388722
-0.390731
-0.392738
-0.394744
-0.396747
-0.398749
-0.400749
-0.402747
-0.404743
-0.406737
-0.408729
-0.410719
-0.412707
-0.414693
-0.416677
-0.418660
-0.420640
-0.422618
-0.424595
-0.426569
-0.428541
-0.430511
-0.432479
-0.434445
-0.436409
-0.438371
-0.440331
-0.442289
-0.444244
-0.446198
-0.448149
-0.450098
-0.452046
-0.453990
-0.455933
-0.457874
-0.459812
-0.461749
-0.463683
-0.465615
-0.467544
-0.469472
-0.471397
-0.473320
-0.475240
-0.477159
-0.479075
-0.480989
-0.482900
-0.484810
-0.486717
-0.488621
-0.490524
-0.492424
-0.494321
