-0.000000
0.003165
0.006329
0.009494
0.012659
0.015824
0.018988
0.022111
0.025234
0.028357
0.031480
0.034603
0.037726
0.040848
0.043971
0.047094
0.050217
0.053340
0.056463
0.059543
0.062623
0.065702
0.068782
0.071862
0.074942
0.078022
0.081101
0.084181
0.087261
0.090341
0.093421
0.096456
0.099491
0.102527
0.105562
0.108598
0.111633
0.114669
0.117704
0.120739
0.123775
0.126810
0.129846
0.132835
0.135825
0.138815
0.141805
0.144795
0.147784
0.150774
0.153764
0.156754
0.159744
0.162733
0.165723
0.168666
0.171609
0.174552
0.177495
0.180438
0.183381
0.186324
0.189267
0.192210
0.195153
0.198096
0.201039
0.203933
0.206828
0.209723
0.212618
0.215513
0.218408
0.221303
0.224198
0.227092
0.229987
0.232882
0.235777
0.238623
0.241468
0.244314
0.247159
0.250005
0.252851
0.255696
0.258542
0.261387
0.264233
0.267079
0.269924
0.272719
0.275515
0.278310
0.281105
0.283900
0.286695
0.289490
0.292285
0.295081
0.297876
0.300671
0.303466
0.306210
0.308953
0.311697
0.314440
0.317184
0.319927
0.322671
0.325414
0.328158
0.330901
0.333645
0.336389
0.339079
0.341770
0.344461
