1.031790
1.028991
1.022575
1.007717
0.996829
0.979723
0.955598
0.931905
0.909686
0.873200
0.818719
0.808965
0.794482
0.707839
0.539559
0.401007
0.335655
0.371829
0.494061
0.578933
0.594579
0.591497
0.581113
0.575796
0.555379
0.530306
0.512535
0.492823
0.469073
0.453574
0.460098
0.459094
0.430941
0.372180
0.293766
0.229297
0.185106
0.178980
0.145936
0.101321
0.099268
0.094177
0.089964
0.096986
0.113610
0.131290
0.131862
0.126913
0.124659
0.124717
0.123827
0.123117
0.130095
0.155480
0.155683
0.156769
0.174631
0.199263
0.211539
0.212662
0.213521
0.229039
0.241950
0.242793
0.240161
0.234939
0.233674
0.233530
0.233144
0.234157
0.234304
0.234136
0.232411
0.219683
0.217824
0.214629
0.198086
0.213860
0.205599
0.224336
0.341531
0.480992
0.607619
0.704398
0.742385
0.741871
0.745010
0.739371
0.733949
0.731894
0.737097
0.740594
0.744624
0.749000
0.753153
0.758888
0.778942
0.764815
0.749862
0.793755
0.878580
0.946627
0.959886
0.926880
0.910671
0.936408
0.943880
0.948227
0.948552
0.944826
0.938228
0.934968
0.932543
0.929389
0.924424
0.915793
0.889349
0.866729
0.864825
0.831291
0.720979
0.541347
0.349411
0.248387
0.241390
0.183692
0.145330
0.135583
0.133200
0.133150
0.129190
0.125985
0.123599
0.118541
0.116627
0.120507
0.135601
0.155332
0.177764
0.193786
0.195519
0.195272
0.195415
0.194586
0.192690
0.192029
0.191534
0.195535
0.201814
0.202996
0.202843
0.204594
0.208353
0.222543
0.238394
0.248321
0.256135
0.258646
0.257087
0.255118
0.256064
0.257808
0.258221
0.259005
0.259081
0.260575
0.260762
0.252844
0.238181
0.227071
0.228914
0.240009
0.257850
0.319178
0.383948
0.419993
0.416567
0.403392
0.424146
0.498604
0.530619
0.539248
0.546619
0.550079
0.551333
0.551255
0.551016
0.551016
0.551194
0.551185
0.547684
0.537505
0.531892
0.494416
0.422041
0.345547
0.307723
0.307095
0.294999
0.202353
0.139516
0.200694
0.378100
0.415916
0.590737
0.947688
1.268420
1.458786
1.509879
1.514863
1.615672
1.728865
1.753119
1.759620
1.763754
1.766562
1.770067
1.777307
1.788211
1.800069
1.810264
1.824354
1.793338
1.779994
1.751135
1.608930
1.351805
1.059042
0.880607
0.870004
0.818969
0.691487
0.677349
0.682441
0.684919
0.685547
0.685210
0.684611
0.681001
0.675382
0.670232
0.636754
0.627570
0.608197
0.543585
0.444195
0.338766
0.274108
0.272018
0.244973
0.136465
0.149842
0.184156
0.183366
0.194367
0.229582
0.341700
0.449899
0.512808
0.546787
0.545016
0.573004
0.686435
0.725242
0.725226
0.723738
0.722054
0.722463
0.727044
0.735177
0.745829
0.759819
0.764754
0.768484
0.765978
0.755792
0.706696
0.621679
0.530277
0.460296
0.428972
0.422915
0.354744
0.424083
0.550512
0.611766
0.620969
0.632579
0.652966
0.652086
0.651290
0.642898
0.634470
0.632215
0.640968
0.652380
0.655729
0.655203
0.654283
0.621783
0.606816
0.604463
0.599822
0.541688
0.404935
0.263694
0.208561
0.199639
0.158163
0.157376
0.151796
0.147180
0.141357
0.139681
0.120601
0.094179
0.086387
0.108830
0.148604
0.183228
0.199563
0.203198
0.208899
0.209166
0.214310
0.240232
0.260849
0.265926
0.266249
0.281426
0.356406
0.512761
0.674413
0.749685
0.753505
0.743976
0.751190
0.773572
0.790078
0.809934
0.820439
0.817276
0.797083
0.780990
0.776217
0.780771
0.783493
0.787528
0.782499
0.784250
0.782106
0.727183
0.605655
0.497894
0.461174
0.481618
0.477119
0.446118
0.421395
0.386177
0.369925
0.366968
0.366827
0.378504
0.470401
0.610600
0.720958
0.752081
0.751770
0.763312
0.790067
0.818909
0.833124
0.833819
0.831172
0.806503
0.795549
0.798141
0.801252
0.804191
0.801882
0.804050
0.808947
0.806518
0.767097
0.668053
0.550364
0.475693
0.472763
0.469666
0.443031
0.404684
0.382232
0.381814
0.382102
0.386113
0.396140
0.402429
0.405879
0.407149
0.405179
0.397526
0.395270
0.403034
0.390372
0.352077
0.276041
0.194862
0.145056
0.129037
0.127604
0.124597
0.107542
0.093294
0.126486
0.277189
0.416780
0.448151
0.707584
1.341508
1.923116
2.294460
2.429588
2.429278
2.467214
2.566508
2.636759
2.653694
2.662322
2.669699
2.672111
2.671671
2.672085
2.674252
2.674421
2.655011
2.617270
2.603597
2.589552
2.389406
1.950499
1.348719
0.779608
0.577278
0.554269
0.380237
0.167379
0.145551
0.149540
0.150650
0.168257
0.161788
0.154174
0.184228
0.228846
0.239969
0.255740
0.308866
0.344091
0.347464
0.347881
0.402748
0.486862
0.529614
0.542913
0.546293
0.526245
0.517694
0.510480
0.509476
0.519433
0.522236
0.523765
0.537430
0.549521
0.557920
0.567778
0.575978
0.581523
0.590744
0.595887
0.561608
0.472426
0.390249
0.306521
0.198244
0.169412
0.200642
0.214367
0.298833
0.346036
0.348432
0.349144
0.350541
0.349977
0.349575
0.349325
0.349379
0.349983
0.348658
0.348407
0.347018
0.348913
0.336395
0.308039
0.268908
0.229818
0.213886
0.212656
0.190947
0.168009
0.196506
0.222356
0.236498
0.241048
0.245586
0.251552
0.255785
0.256036
0.256194
0.259720
0.263429
0.267120
0.265549
0.261365
0.246344
0.227409
0.207906
0.202882
0.205769
0.202112
0.192415
0.193364
0.222223
0.268301
0.303249
0.316558
0.317638
0.318579
0.333338
0.341542
0.328937
0.320398
0.321833
0.327207
0.329208
0.330301
0.344014
0.376166
0.392184
0.402694
0.418387
0.432902
0.425371
0.398059
0.364513
0.344084
0.341428
0.342349
0.333807
0.324498
0.320089
0.297300
0.266854
0.246236
0.237349
0.241756
0.243111
0.223414
0.210350
0.208783
0.203865
0.197185
0.198913
0.194903
0.188965
0.195829
0.206739
0.215663
0.214775
0.204067
0.193198
0.193085
0.193373
0.193324
0.193755
0.195367
0.195406
0.194156
0.194705
0.194964
0.193302
0.192546
0.189686
0.191537
0.189565
0.173853
0.148557
0.126811
0.140377
0.142143
0.142222
0.187515
0.203871
0.231532
0.305947
0.373496
0.408791
0.421112
0.423552
0.430781
0.455275
0.456513
0.459080
0.459902
0.459687
0.458446
0.454836
0.446236
0.428032
0.418881
0.415201
0.376574
0.349531
0.346774
0.316212
0.264957
0.224113
0.204722
0.200296
0.180444
0.076276
0.080292
0.085179
0.084363
0.085963
0.087591
0.097523
0.103462
0.107075
0.112246
0.118425
0.120357
0.116312
0.116227
0.109001
0.097856
0.088441
0.084494
0.081945
0.080345
0.079944
0.080881
0.079358
0.078317
0.078139
0.078366
0.077052
0.078434
0.123353
0.131759
0.132828
0.162255
0.237822
0.318656
0.374213
0.380426
0.381431
0.382017
0.385357
0.386917
0.387494
0.387263
0.402825
0.459402
0.532218
0.553783
0.564098
0.565438
0.552941
0.547783
0.554144
0.606224
0.710799
0.814063
0.907529
0.967503
0.982870
0.979195
0.988275
0.996528
1.001427
1.006044
0.998203
0.959541
0.894856
0.866247
0.849046
0.844814
0.855018
0.872930
0.896373
0.902441
0.848241
0.738772
0.570899
0.382967
0.216142
0.168550
0.170885
0.174711
0.182481
0.193669
0.200348
0.200502
0.196526
0.196387
0.198206
0.223008
0.255573
0.275601
0.270882
0.244233
0.215589
0.209142
0.221115
0.220693
0.217605
0.216825
0.218761
0.221776
0.223333
0.222654
0.222455
0.224505
0.225031
0.222099
0.219592
0.210937
0.191546
0.176776
0.189550
0.221431
0.245054
0.252790
0.249953
0.248931
0.247920
0.249412
0.250196
0.250305
0.250103
0.249340
0.245242
0.233986
0.223348
0.211146
0.198881
0.191014
0.191337
0.193196
0.183156
0.155162
0.124789
0.105496
0.101628
0.099715
0.097228
0.096278
0.103023
0.109040
0.110633
0.107678
0.101003
0.092105
0.082584
0.068653
0.057178
0.053753
0.059765
0.070774
0.074015
0.074189
0.076685
0.082740
0.083944
0.083926
0.127693
0.341564
0.521547
0.564166
0.935001
1.497599
1.969095
2.230064
2.295929
2.298926
2.383059
2.472882
2.490392
2.494718
2.501499
2.510558
2.521003
2.528869
2.533810
2.537811
2.536639
2.506242
2.454458
2.456049
2.400051
2.136630
1.655660
1.070888
0.615992
0.549834
0.447184
0.209236
0.171804
0.172262
0.175069
0.177896
0.178992
0.179729
0.178829
0.177315
0.176759
0.176033
0.176613
0.169984
0.157901
0.156823
0.160415
0.162607
0.165374
0.168257
0.158223
0.162989
0.165334
0.213965
0.263107
0.287512
0.292769
0.289648
0.302523
0.329705
0.342278
0.339769
0.330083
0.323273
0.321475
0.321403
0.322826
0.325456
0.326795
0.330855
0.337563
0.323893
0.322211
0.303817
0.265944
0.228539
0.203798
0.202794
0.194405
0.157875
0.132477
0.135129
0.136066
0.138278
0.142119
0.144454
0.144848
0.140855
0.138779
0.125334
0.089283
0.072647
0.074638
0.077760
0.111794
0.113095
0.144745
0.193859
0.237399
0.259134
0.261286
0.267127
0.296108
0.315374
0.316714
0.318138
0.335605
0.366858
0.369023
0.387444
0.424894
0.465057
0.482462
0.481018
0.473169
0.515533
0.523543
0.511078
0.492055
0.478360
0.475592
0.476456
0.469628
0.481069
0.519283
0.537605
0.533877
0.532827
0.600811
0.685067
0.735950
0.756698
0.756951
0.756052
0.756958
0.740620
0.741025
0.743943
0.743426
0.744683
0.747494
0.752133
0.744494
0.715046
0.655819
0.606927
0.589974
0.599470
0.595991
0.558446
0.508372
0.465050
0.445371
0.443593
0.439558
0.429932
0.421541
0.418741
0.423717
0.412879
0.394919
0.363361
0.330716
0.334045
0.388709
0.478894
0.569270
0.623711
0.630747
0.610999
0.594504
0.573796
0.566207
0.566772
0.565190
0.571364
0.590598
0.608057
0.620457
0.632760
0.637728
0.635066
0.641571
0.658969
0.652453
0.599427
0.493499
0.362219
0.260885
0.214270
