11.224373
14.766481
18.399146
21.813188
24.806757
27.350021
29.658896
32.171917
35.432220
39.903377
52.938605
68.792768
81.424409
85.004777
77.604688
63.772311
51.164413
43.040696
37.102974
31.062138
26.362034
26.531751
31.649341
35.414800
31.253139
20.352935
9.559021
3.206836
0.764482
0.129086
0.015406
0.001298
0.000077
0.000003
0.000000
0.000000
0.000000
0.000000
0.000000
0.000000
0.000001
0.000015
0.000262
0.003294
0.029257
0.183386
0.811619
2.537439
5.606073
8.754924
9.665634
7.543741
4.161566
1.622257
0.446690
0.086837
0.011919
0.001303
0.002302
0.023025
0.167832
0.862505
3.128542
8.021652
14.563939
18.760325
17.182401
11.214677
5.227609
1.743722
0.416819
0.071459
0.008786
0.000774
0.000049
0.000002
0.000000
0.000000
0.000000
0.000000
0.000000
0.000012
0.000210
0.002593
0.022506
0.137387
0.590065
1.783993
3.798919
5.700865
6.032188
4.502928
2.372568
0.882755
0.232017
0.043090
0.005656
0.000525
0.000034
0.000004
0.000046
0.000685
0.007096
0.051668
0.264496
0.952399
2.413406
4.306021
5.412347
4.795028
2.995868
1.320689
0.410987
0.090319
0.014022
0.001538
0.000119
0.000007
0.000000
0.000000
0.000000
0.000000
0.000000
0.000000
0.000000
0.000000
0.000000
0.000000
0.000000
0.000000
0.000000
0.000000
0.000000
0.000000
0.000000
0.000000
0.000000
0.000000
0.000000
0.000000
0.000000
0.000000
0.000000
0.000000
0.000001
0.000017
0.000252
0.002602
0.018822
0.095494
0.339787
0.847974
1.484312
1.822575
1.571615
0.965022
0.493886
0.472347
0.979646
1.829186
2.467969
2.357809
1.592172
0.759604
0.255922
0.060859
0.010209
0.001207
0.000101
0.000006
0.000000
0.000000
0.000000
0.000000
0.000000
0.000013
0.000227
0.002854
0.025209
0.156553
0.684049
2.104036
4.558221
6.959125
7.491536
5.689533
3.049926
1.154522
0.308727
0.058334
0.007790
0.000735
0.000049
0.000002
0.000000
0.000000
0.000000
0.000000
0.000000
0.000000
0.000000
0.000000
0.000000
0.000000
0.000005
0.000089
0.001110
0.009735
0.060021
0.260722
0.800418
1.745257
2.723015
3.072399
2.540485
1.560813
0.719651
0.249509
0.064595
0.012328
0.001710
0.000170
0.000012
0.000001
0.000000
0.000001
0.000027
0.000409
0.004283
0.031440
0.161867
0.584457
1.480103
2.629032
3.275491
2.862448
1.754595
0.754370
0.227480
0.048109
0.007135
0.000742
0.000054
0.000003
0.000000
0.000000
0.000000
0.000000
0.000000
0.000000
0.000000
0.000000
0.000000
0.000000
0.000003
0.000062
0.000786
0.007004
0.043842
0.192925
0.597292
1.303831
2.021372
2.285299
2.055737
1.780946
1.688207
1.513657
1.066181
0.544205
0.196507
0.049876
0.008883
0.001110
0.000097
0.000006
0.000000
0.000000
0.000002
0.000038
0.000578
0.006249
0.047562
0.254964
0.963132
2.565328
4.820585
6.394353
5.991345
3.976989
1.932983
0.956337
1.192826
2.274324
3.389260
3.584044
2.710636
1.621529
1.140455
1.280158
1.476221
1.288251
0.797623
0.346957
0.105878
0.022661
0.003401
0.000358
0.000026
0.000001
0.000000
0.000000
0.000000
0.000000
0.000000
0.000000
0.000000
0.000000
0.000000
0.000000
0.000000
0.000000
0.000000
0.000000
0.000000
0.000000
0.000000
0.000000
0.000000
0.000000
0.000000
0.000000
0.000000
0.000000
0.000010
0.000158
0.001688
0.012634
0.066335
0.244270
0.631040
1.144946
1.466671
1.359922
1.013289
0.797601
0.781738
0.739909
0.538676
0.280784
0.103753
0.034054
0.061341
0.300864
1.128264
3.025702
5.883525
8.510347
9.469966
8.344798
5.856538
3.203417
1.320918
0.399075
0.086725
0.013419
0.001471
0.000114
0.000006
0.000000
0.000000
0.000000
0.000001
0.000020
0.000258
0.002320
0.014645
0.064841
0.201351
0.438533
0.669909
0.717797
0.539463
0.284374
0.105141
0.027264
0.004958
0.000632
0.000057
0.000004
0.000000
0.000000
0.000000
0.000000
0.000000
0.000000
0.000000
0.000000
0.000000
0.000000
0.000001
0.000016
0.000253
0.002740
0.020761
0.110333
0.411246
1.075391
1.975251
2.563077
2.415318
1.861091
1.610012
1.916454
2.518558
3.093832
3.342735
2.998622
2.169114
1.310550
0.722321
0.400812
0.323674
0.637387
1.625552
3.526874
6.254020
9.163981
11.078686
10.858521
8.413056
5.028840
2.323089
1.030041
0.936855
1.429813
1.812087
1.639519
1.042561
0.467620
0.160712
0.089511
0.157176
0.287999
0.416873
0.599639
1.163682
2.489298
4.309843
5.474518
5.168461
4.184797
3.988263
4.709917
5.049527
4.112818
2.436780
1.043849
0.323596
0.073610
0.018599
0.032390
0.100873
0.245750
0.506017
1.030930
2.102082
3.732250
5.328338
6.540257
8.490675
12.813210
18.710248
22.495005
21.781562
18.578743
16.098137
14.318404
11.221422
6.788545
2.984551
0.932469
0.205357
0.031781
0.003453
0.000284
0.000339
0.003563
0.027431
1.533614
3.029316
4.618250
6.002264
7.204450
7.745877
6.804226
4.612728
2.396812
0.983102
0.402734
0.568064
1.879356
5.005386
9.476294
12.733291
12.276170
8.683545
4.687539
2.043276
0.806041
0.545273
1.095877
2.371715
3.857394
4.896213
5.976179
8.804050
13.739479
17.827667
17.454739
12.681097
6.875248
2.802491
0.859701
0.196993
0.033280
0.004087
0.000361
0.000023
0.000001
0.000000
0.000000
0.000000
0.000000
0.000001
0.000016
0.000308
0.004099
0.038399
0.253279
1.178165
3.873222
9.023668
14.948401
17.676865
14.984735
9.143773
4.035809
1.332494
0.525513
0.819152
1.830231
3.053699
3.610931
3.024220
1.823874
0.905204
0.652670
0.861920
1.085522
1.000918
0.650587
0.297438
0.101596
0.064845
0.202891
0.641664
1.445588
2.285498
2.534550
1.971508
1.075644
0.411622
0.110476
0.020795
0.002745
0.000256
0.000062
0.000601
0.005615
0.036800
0.169142
0.545221
1.232633
1.954564
2.173854
1.695812
0.927868
0.356077
0.095837
0.018089
0.002394
0.000222
0.000014
0.000001
0.000000
0.000000
0.000000
0.000003
0.000051
0.000682
0.006403
0.042130
0.194391
0.629057
1.427793
2.273496
2.543458
2.023808
1.258662
0.964688
1.376905
2.161236
2.804915
3.129860
3.208187
2.900692
2.089590
1.114527
0.425458
0.114731
0.021752
0.002895
0.000270
0.000018
0.000001
0.000001
0.000012
0.000188
0.002115
0.016704
0.092514
0.359338
0.978889
1.870346
2.506578
2.356228
1.553563
0.718479
0.233228
0.055102
0.024982
0.092655
0.357017
0.974354
1.865509
2.506102
2.369876
1.628097
1.045020
1.288041
2.464999
3.886274
4.410200
3.682667
2.694236
2.545647
3.102035
3.307092
2.588885
1.433022
0.557117
0.151942
0.029063
0.003898
0.000367
0.000026
0.000050
0.000789
0.008948
0.071177
0.397061
1.553406
4.262387
8.203163
11.073472
10.485000
6.964215
3.250594
1.104874
0.453485
0.730151
1.595017
2.568060
2.907426
2.309121
1.286364
0.502627
0.137744
0.026474
0.003568
0.000337
0.000022
0.000001
0.000000
0.000000
0.000000
0.000000
0.000000
0.000000
0.000000
0.000000
0.000000
0.000001
0.000024
0.000277
0.002217
0.012448
0.049022
0.135400
0.262297
0.356395
0.339657
0.227048
0.106452
0.035005
0.008073
0.001306
0.000148
0.000012
0.000001
0.000003
0.000061
0.000837
0.008031
0.054030
0.254920
0.843525
1.957667
3.186716
3.638493
2.913911
1.636828
0.644897
0.178205
0.034535
0.004693
0.000447
0.000030
0.000001
0.000000
0.000000
0.000010
0.000161
0.001853
0.014944
0.084502
0.335111
0.932071
1.818321
2.488093
2.388052
1.607684
0.759154
0.251429
0.058403
0.009514
0.001087
0.000087
0.000005
0.000000
0.000000
0.000000
0.000000
0.000000
0.000000
0.000000
0.000000
0.000000
0.000000
0.000000
0.000000
0.000000
0.000000
0.000000
0.000000
0.000000
0.000000
0.000000
0.000000
0.000000
0.000000
0.000000
0.000000
0.000000
0.000000
0.000000
0.000000
0.000000
0.000000
0.000000
0.000000
0.000000
0.000010
0.000173
0.002109
0.018136
0.110102
0.472219
1.431295
3.066581
4.644747
4.973194
3.763569
2.012457
0.760047
0.202641
0.038120
0.005056
0.000473
0.000031
0.000001
0.000000
0.000000
0.000000
0.000000
0.000000
0.000000
0.000000
0.000000
0.000000
0.000002
0.000041
0.000483
0.003952
0.022669
0.091194
0.257304
0.509195
0.706793
0.688141
0.469937
0.225097
0.075623
0.017819
0.002944
0.000341
0.000028
0.000002
0.000000
0.000000
0.000000
0.000001
0.000018
0.000301
0.003530
0.028996
0.167010
0.674606
1.911111
3.797262
5.291977
5.172914
3.546679
1.705573
0.575262
0.136077
0.022574
0.002626
0.000214
0.000012
0.000000
0.000000
0.000000
0.000000
0.000000
0.000000
0.000000
0.000000
0.000000
0.000000
0.000000
0.000000
0.000000
0.000000
0.000000
0.000000
0.000000
0.000000
0.000000
0.000000
0.000000
0.000000
0.000000
0.000000
0.000000
0.000006
0.000095
0.001120
0.009267
0.053786
0.218940
0.625050
1.251587
1.757834
1.731699
1.196586
0.579942
0.197147
0.047100
0.009281
0.015305
0.102388
0.512323
1.807025
4.492098
7.874912
9.740789
8.505836
5.245774
2.285758
0.703870
0.153199
0.023568
0.002562
0.000197
0.000011
0.000000
0.000000
0.000000
0.000000
0.000000
0.000000
0.000000
0.000000
0.000000
0.000000
0.000000
0.000000
0.000000
0.000000
0.000000
0.000000
0.000000
0.000000
0.000005
0.000080
0.000974
0.008342
0.050332
0.214276
0.646196
1.396287
2.235295
2.889319
3.503665
4.446721
5.833249
7.652115
9.467666
9.851052
7.811063
4.485814
1.827888
0.524518
0.105707
0.014947
0.001482
0.000103
0.000005
0.000000
0.000000
0.000001
0.000017
0.000206
0.001740
0.010488
0.032007
0.062825
0.116338
0.205963
0.353456
0.593923
0.979207
1.573206
2.432197
3.569882
