-0.000000
0.001143
0.002286
0.003430
0.004573
0.005803
0.007162
0.008522
0.009881
0.011241
0.012600
0.013960
0.015319
0.016678
0.018038
0.019397
0.020757
0.022138
0.023551
0.024964
0.026378
0.027791
0.029204
0.030618
0.032031
0.033444
0.034858
0.036271
0.037684
0.039102
0.040528
0.041953
0.043379
0.044804
0.046229
0.047655
0.049080
0.050506
0.051931
0.053356
0.054782
0.056212
0.057648
0.059084
0.060521
0.061957
0.063393
0.064829
0.066266
0.067702
0.069138
0.070575
0.072011
0.073451
0.074897
0.076343
0.077789
0.079235
0.080681
0.082127
0.083573
0.085018
0.086464
0.087910
0.089356
0.090806
0.092260
0.093714
0.095169
0.096623
0.098077
0.099532
0.100986
0.102441
0.103895
0.105349
0.106804
0.108261
0.109723
0.111184
0.112646
0.114107
0.115569
0.117031
0.118492
0.119954
0.121415
0.122877
0.124339
0.125803
0.127270
0.128738
0.130206
0.131673
0.133141
0.134609
0.136077
0.137544
0.139012
0.140480
0.141947
0.143417
0.144890
0.146362
0.147835
0.149308
0.150780
0.152253
0.153725
0.155198
0.156671
0.158143
0.159616
0.161090
0.162567
0.164043
0.165520
0.166996
0.168473
0.169949
0.171425
0.172902
0.174378
0.175855
0.177331
0.178809
0.180288
0.181767
0.183246
0.184726
0.186205
0.187684
0.189163
0.190642
0.192122
0.193601
0.195080
0.196560
0.198041
0.199522
0.201003
0.202483
0.203964
0.205445
0.206926
0.208407
0.209888
0.211369
0.212849
0.214331
0.215812
0.217294
0.218775
0.220257
0.221738
0.223220
0.224701
0.226183
0.227664
0.229146
0.230627
0.232109
0.233590
0.235071
0.236552
0.238033
0.239514
0.240995
0.242477
0.243958
0.245439
0.246920
0.248401
0.249882
0.251361
0.252841
0.254321
0.255801
0.257281
0.258760
0.260240
0.261720
0.263200
0.264680
0.266159
0.267638
0.269116
0.270593
0.272071
0.273548
0.275026
0.276503
0.277981
0.279458
0.280935
0.282413
0.283890
0.285367
0.286841
0.288315
0.289789
0.291264
0.292738
0.294212
0.295686
0.297161
0.298635
0.300109
0.301583
0.303056
0.304526
0.305996
0.307466
0.308936
0.310406
0.311876
0.313347
0.314817
0.316287
0.317757
0.319227
0.320695
0.322160
0.323625
0.325090
0.326555
0.328021
0.329486
0.330951
0.332416
0.333881
0.335346
0.336811
0.338274
0.339733
0.341192
0.342651
0.344111
0.345570
0.347029
0.348488
0.349948
0.351407
0.352866
0.354325
0.355782
0.357234
0.358687
0.360139
0.361592
0.363044
0.364497
0.365949
0.367402
0.368854
0.370307
0.371759
0.373209
0.374654
0.376099
0.377544
0.378989
0.380434
0.381879
0.383324
0.384769
0.386214
0.387659
0.389104
0.390546
0.391983
0.393419
0.394856
0.396293
0.397730
0.399166
0.400603
0.402040
0.403477
0.404913
0.406350
0.407783
0.409211
0.410639
0.412066
0.413494
0.414922
0.416350
0.417777
0.419205
0.420633
0.422060
0.423488
0.424912
0.426330
0.427748
0.429166
0.430584
0.432002
0.433419
0.434837
0.436255
0.437673
0.439091
0.440509
0.441923
0.443330
0.444738
0.446145
0.447553
0.448960
0.450367
0.451775
0.453182
0.454590
0.455997
0.457405
0.458808
0.460204
0.461600
0.462996
0.464393
0.465789
0.467185
0.468581
0.469978
0.471374
0.472770
0.474166
0.475558
0.476942
0.478326
0.479711
0.481095
0.482480
0.483864
0.485248
0.486633
0.488017
0.489401
0.490786
0.492165
0.493537
0.494909
0.496281
0.497653
0.499024
0.500396
0.501768
0.503140
0.504512
0.505884
0.507255
0.508622
0.509981
0.511339
0.512698
0.514057
0.515415
0.516774
0.518132
0.519491
0.520850
0.522208
0.523567
0.524920
0.526265
0.527610
0.528955
0.530300
0.531644
0.532989
0.534334
0.535679
0.537024
0.538369
0.539714
0.541053
0.542383
0.543713
0.545044
0.546374
0.547705
0.549035
0.550366
0.551696
0.553026
0.554357
0.555687
0.557012
0.558327
0.559642
0.560958
0.562273
0.563589
0.564904
0.566219
0.567535
0.568850
0.570166
0.571481
0.572790
0.574090
0.575390
0.576689
0.577989
0.579289
0.580589
0.581889
0.583188
0.584488
0.585788
0.587088
0.588381
0.589665
0.590948
0.592232
0.593515
0.594799
0.596082
0.597366
0.598650
0.599933
0.601217
0.602500
0.603777
0.605044
0.606311
0.607578
0.608845
0.610112
0.611378
0.612645
0.613912
0.615179
0.616446
0.617713
0.618972
0.620222
0.621472
0.622721
0.623971
0.625220
0.626470
0.627719
0.628969
0.630218
0.631468
0.632717
0.633960
0.635191
0.636423
0.637655
0.638887
0.640118
0.641350
0.642582
0.643813
0.645045
0.646277
0.647508
0.648733
0.649946
0.651159
0.652373
0.653586
0.654799
0.656013
0.657226
0.658439
0.659652
0.660866
0.662079
0.663285
0.664479
0.665674
0.666868
0.668062
0.669257
0.670451
0.671646
0.672840
0.674035
0.675229
0.676423
0.677610
0.678785
0.679960
0.681135
0.684660
0.685835
0.687010
0.688185
0.689360
0.690535
0.691702
0.692857
0.694012
0.695167
0.696322
0.697477
0.698632
0.699787
0.700942
0.702097
0.703252
0.704407
0.705554
0.706689
0.707824
0.708958
0.710093
0.711228
0.712362
0.713497
0.714631
0.715766
0.716901
0.718035
0.719162
0.720275
0.721389
0.722503
0.723616
0.724730
0.725844
0.726957
0.728071
0.729185
0.730299
0.731412
0.732517
0.733610
0.734702
0.735794
0.736887
0.737979
0.739071
0.740163
0.741256
0.742348
0.743440
0.744533
0.745616
0.746687
0.747757
0.748827
0.749898
0.750968
0.752038
0.753109
0.754179
0.755250
0.756320
0.757390
0.758452
0.759500
0.760548
0.761596
0.762644
0.763692
0.764740
0.765788
0.766836
0.767884
0.768932
0.769980
0.771019
0.772044
0.773069
0.774094
0.775119
0.776145
0.777170
0.778195
0.779220
0.780245
0.781270
0.782296
0.783311
0.784313
0.785315
0.786317
0.787319
0.788321
0.789322
0.790324
0.791326
0.792328
0.793330
0.794332
0.795324
0.796302
0.797280
0.798258
0.799236
0.800214
0.801192
0.802170
0.803148
0.804126
0.805104
0.806082
0.807051
0.808004
0.808958
0.809912
0.810866
0.811820
0.812773
0.813727
0.814681
0.815635
0.816589
0.817542
0.818486
0.819415
0.820344
0.821273
0.822203
0.823132
0.824061
0.824990
0.825919
0.826848
0.827777
0.828706
0.829625
0.830529
0.831433
0.832337
0.833241
0.834145
0.835048
0.835952
0.836856
0.837760
0.838664
0.839568
0.840462
0.841340
0.842218
0.843096
0.843975
0.844853
0.845731
0.846609
0.847488
0.848366
0.849244
0.850123
0.850990
0.851843
0.852695
0.853547
0.854399
0.855251
0.856103
0.856956
0.857808
0.858660
0.859512
0.860364
0.861206
0.862032
0.862857
0.863683
0.864509
0.865334
0.866160
0.866986
0.867811
0.868637
0.869463
0.870288
0.871103
0.871902
0.872700
0.873499
0.874298
0.875096
0.875895
0.876694
0.877492
0.878291
0.879090
0.879888
0.880676
0.881447
0.882219
0.882990
0.883761
0.884532
0.885304
0.886075
0.886846
0.887617
0.888389
0.889160
0.889920
0.890663
0.891407
0.892150
0.892894
0.893637
0.894380
0.895124
0.895867
0.896610
0.897354
0.898097
0.898829
0.899544
0.900259
0.900975
0.901690
0.902405
0.903120
0.903835
0.904550
0.905265
0.905980
0.906695
0.907399
0.908085
0.908771
0.909458
0.910144
0.910830
0.911517
0.912203
0.912889
0.913576
0.914262
0.914948
0.915623
0.916280
0.916937
0.917594
0.918251
0.918909
0.919566
0.920223
0.920880
0.921537
0.922194
0.922851
0.923497
0.924124
0.924752
0.925379
0.926007
0.926634
0.927262
0.927889
0.928517
0.929145
0.929772
0.930400
0.931015
0.931613
0.932210
0.932808
0.933405
0.934002
0.934600
0.935197
0.935795
0.936392
0.936990
0.937587
0.938173
0.938740
0.939307
0.939874
0.940441
0.941008
0.941575
0.942142
0.942709
0.943276
0.943843
0.944410
0.944964
0.945501
0.946037
0.946573
0.947109
0.947645
0.948181
0.948717
0.949253
0.949790
0.950326
0.950862
0.951385
0.951890
0.952395
0.952900
0.953405
0.953909
0.954414
0.954919
0.955424
0.955929
0.956433
0.956938
0.957430
0.957903
0.958377
0.958850
0.959323
0.959796
0.960269
0.960742
0.961215
0.961688
0.962161
0.962634
0.963095
0.963536
0.963977
0.964417
0.964858
0.965299
0.965740
0.966181
0.966622
0.967063
0.967504
0.967945
0.968373
0.968782
0.969190
0.969598
0.970007
0.970415
0.970824
0.971232
0.971641
0.972049
0.972457
0.972866
0.973261
0.973637
0.974012
0.974388
0.974763
0.975139
0.975514
0.975890
0.976265
0.976641
0.977016
0.977392
0.977754
0.978096
0.978438
0.978781
0.979123
0.979465
0.979807
0.980150
0.980492
0.980834
0.981176
0.981518
0.981847
0.982156
0.982464
0.982773
0.983081
0.983390
0.983698
0.984007
0.984315
0.984624
0.984933
0.985241
0.985536
0.985810
0.986085
0.986359
0.986634
0.986908
0.987183
0.987457
0.987732
0.988006
0.988281
0.988555
0.988816
0.989056
0.989296
0.989536
0.989777
0.990017
0.990257
0.990497
0.990737
0.990977
0.991217
0.991457
0.991683
0.991889
0.992094
0.992299
0.992505
0.992710
0.992916
0.993121
0.993326
0.993532
0.993737
0.993942
0.994134
0.994304
0.994474
0.994645
0.994815
0.994985
0.995155
0.995326
0.995496
0.995666
0.995837
0.996007
0.996163
0.996298
0.996433
0.996568
0.996703
0.996838
0.996973
0.997108
0.997242
0.997377
0.997512
0.997647
0.997768
0.997867
0.997966
0.998066
0.998165
0.998264
0.998363
0.998463
0.998562
0.998661
0.998760
0.998860
0.998944
0.999008
0.999071
0.999134
0.999198
0.999261
0.999324
0.999388
0.999451
0.999514
0.999577
0.999641
0.999690
0.999717
0.999744
0.999771
0.999798
0.999825
0.999852
0.999879
0.999906
0.999933
0.999960
0.999987
1.000000
0.999991
