-0.000000
0.002441
0.004883
0.007324
0.009766
0.012207
0.014649
0.017073
0.019498
0.021922
0.024346
0.026771
0.029195
0.031619
0.034044
0.036468
0.038892
0.041317
0.043741
0.046147
0.048553
0.050959
0.053365
0.055771
0.058177
0.060584
0.062990
0.065396
0.067802
0.070208
0.072614
0.075000
0.077387
0.079774
0.082160
0.084547
0.086933
0.089320
0.091706
0.094093
0.096480
0.098866
0.101253
0.103619
0.105985
0.108351
0.110716
0.113082
0.115448
0.117814
0.120180
0.122546
0.124912
0.127278
0.129644
0.131988
0.134333
0.136677
0.139021
0.141365
0.143710
0.146054
0.148398
0.150742
0.153087
0.155431
0.157775
0.160096
0.162418
0.164739
0.167061
0.169382
0.171704
0.174025
0.176347
0.178668
0.180990
0.183311
0.185632
0.187930
0.190228
0.192525
0.194823
0.197120
0.199418
0.201716
0.204013
0.206311
0.208609
0.210906
0.213204
0.215476
0.217749
0.220022
0.222295
0.224567
0.226840
0.229113
0.231386
0.233658
0.235931
0.238204
0.240477
0.242723
0.244970
0.247217
0.249464
0.253958
0.256205
0.258452
0.260699
0.262945
0.265192
0.267439
0.269659
0.271879
0.274099
0.276319
0.278539
0.280759
0.282979
0.285199
0.287419
0.289639
0.291860
0.294080
0.296272
0.298464
0.300656
0.302848
0.305041
0.307233
0.309425
0.311617
0.313810
0.316002
0.318194
0.320386
0.322550
0.324713
0.326877
0.329040
0.331204
0.333367
0.335531
0.337694
0.339858
0.342021
0.344185
0.346348
0.348482
0.350616
0.352750
0.354884
0.357018
0.359151
0.361285
0.363419
0.365553
0.367687
0.369821
0.371954
0.374058
0.376161
0.378264
0.380368
0.382471
0.384574
0.386677
0.388781
0.390884
0.392987
0.395091
0.397194
0.399266
0.401338
0.403409
0.405481
0.407553
0.409625
0.411697
0.413769
0.415841
0.417912
0.419984
0.422056
0.424096
0.426135
0.428175
0.430214
0.432254
0.434293
0.436333
0.438372
0.440412
0.442451
0.444491
0.446530
0.448537
0.450543
0.452549
0.454556
0.456562
0.458569
0.460575
0.462581
0.464588
0.466594
0.468600
0.470607
0.472579
0.474551
0.476524
0.478496
0.480468
0.482441
0.484413
0.486385
0.488358
0.490330
0.492302
0.494275
0.496212
0.498150
0.500087
0.502025
0.503962
0.505900
0.507837
0.509775
0.511712
0.513650
0.515587
0.517525
0.519426
0.521328
0.523230
0.525132
0.527034
0.528935
0.530837
0.532739
0.534641
0.536543
0.538444
0.540346
0.542211
0.544077
0.545942
0.547807
0.549673
0.551538
0.553403
0.555269
0.557134
0.558999
0.560865
0.562730
0.564558
0.566386
0.568214
0.570042
0.571870
0.573698
0.575526
0.577354
0.579182
0.581010
0.582838
0.584666
0.586456
0.588246
0.590036
0.591826
0.593616
0.595405
0.597195
0.598985
0.600775
0.602565
0.604355
0.606145
0.607896
0.609647
0.611398
0.613149
0.614900
0.616651
0.618402
0.620153
0.621904
0.623655
0.625406
0.627157
0.628868
0.630580
0.632291
0.634002
0.635714
0.637425
0.639136
0.640848
0.642559
0.644270
0.645982
0.647693
0.649364
0.651035
0.652706
0.654377
0.656048
0.657718
0.659389
0.661060
0.662731
0.664402
0.666073
0.667744
0.669373
0.671003
0.672633
0.674262
0.675892
0.677522
0.679151
0.680781
0.682411
0.684040
0.685670
0.687300
0.688887
0.690475
0.692062
0.693650
0.695238
0.696825
0.698413
0.700001
0.701588
0.703176
0.704764
0.706351
0.707896
0.709441
0.710986
0.712531
0.714076
0.715621
0.717165
0.718710
0.720255
0.721800
0.723345
0.724890
0.726391
0.727893
0.729394
0.730895
0.732397
0.733898
0.735399
0.736901
0.738402
0.739903
0.741405
0.742906
0.744363
0.745820
0.747277
0.748734
0.750191
0.751648
0.753105
0.754563
0.756020
0.757477
0.758934
0.760391
0.761803
0.763215
0.764627
0.766039
0.767451
0.768863
0.770275
0.771687
0.773099
0.774511
0.775923
0.777335
0.778701
0.780068
0.781434
0.782800
0.784166
0.785532
0.786899
0.788265
0.789631
0.790997
0.792364
0.793730
0.795049
0.796369
0.797689
0.799009
0.800328
0.801648
0.802968
0.804287
0.805607
0.806927
0.808246
0.809566
0.810838
0.812111
0.813383
0.814656
0.815928
0.817200
0.818473
0.819745
0.821018
0.822290
0.823562
0.824835
0.826059
0.827284
0.828508
0.829732
0.830957
0.832181
0.833406
0.834630
0.835854
0.837079
0.838303
0.839527
0.840703
0.841879
0.843054
0.844230
0.845405
0.846581
0.847757
0.848932
0.850108
0.851284
0.852459
0.853635
0.854761
0.855887
0.857013
0.858139
0.859265
0.860391
0.861518
0.862644
0.863770
0.864896
0.866022
0.867148
0.868224
0.869300
0.870376
0.871452
0.872528
0.873604
0.874679
0.875755
0.876831
0.877907
0.878983
0.880059
0.881084
0.882109
0.883134
0.884159
0.885184
0.886209
0.887233
0.888258
0.889283
0.890308
0.891333
0.892358
0.893331
0.894305
0.895278
0.896251
0.897225
0.898198
0.899171
0.900144
0.901118
0.902091
0.903064
0.904037
0.904958
0.905879
0.906800
0.907721
0.908642
0.909563
0.910484
0.911405
0.912326
0.913246
0.914167
0.915088
0.915956
0.916824
0.917692
0.918559
0.919427
0.920295
0.921163
0.922031
0.922899
0.923766
0.924634
0.925502
0.926316
0.927130
0.927944
0.928758
0.929572
0.930386
0.931200
0.932014
0.932828
0.933642
0.934456
0.935270
0.936030
0.936789
0.937549
0.938309
0.939068
0.939828
0.940587
0.941347
0.942106
0.942866
0.943625
0.944385
0.945089
0.945794
0.946498
0.947203
0.947907
0.948611
0.949316
0.950020
0.950725
0.951429
0.952134
0.952838
0.953487
0.954135
0.954784
0.955432
0.956081
0.956730
0.957378
0.958027
0.958675
0.959324
0.959973
0.960621
0.961213
0.961805
0.962398
0.962990
0.963582
0.964174
0.964766
0.965358
0.965950
0.966543
0.967135
0.967727
0.968262
0.968797
0.969332
0.969867
0.970402
0.970937
0.971472
0.972007
0.972542
0.973077
0.973612
0.974147
0.974625
0.975102
0.975579
0.976056
0.976534
0.977011
0.977488
0.977966
0.978443
0.978920
0.979398
0.979875
0.980294
0.980713
0.981132
0.981551
0.981970
0.982389
0.982808
0.983227
0.983646
0.984065
0.984484
0.984903
0.985263
0.985623
0.985983
0.986343
0.986703
0.987063
0.987423
0.987783
0.988143
0.988503
0.988863
0.989224
0.989524
0.989825
0.990125
0.990426
0.990727
0.991027
0.991328
0.991628
0.991929
0.992230
0.992530
0.992831
0.993071
0.993312
0.993553
0.993793
0.994034
0.994274
0.994515
0.994755
0.994996
0.995237
0.995477
0.995718
0.995898
0.996078
0.996258
0.996438
0.996618
0.996798
0.996978
0.997159
0.997339
0.997519
0.997699
0.997879
0.997998
0.998117
0.998236
0.998355
0.998474
0.998593
0.998713
0.998832
0.998951
0.999070
0.999189
0.999308
0.999366
0.999423
0.999481
0.999539
0.999596
0.999654
0.999712
0.999769
0.999827
0.999885
0.999942
1.000000
0.999996
0.999992
0.999987
0.999983
0.999979
0.999975
0.999971
0.999967
0.999962
0.999958
0.999954
0.999950
0.999883
0.999817
0.999751
0.999684
0.999618
0.999551
0.999485
0.999419
0.999352
0.999286
0.999220
0.999153
0.999024
0.998895
0.998766
0.998637
0.998508
0.998380
0.998251
0.998122
0.997993
0.997864
0.997735
0.997606
0.997414
0.997222
0.997031
0.996839
0.996647
0.996455
0.996264
0.996072
0.995880
0.995688
0.995497
0.995305
0.995050
0.994795
0.994540
0.994286
0.994031
0.993776
0.993521
0.993266
0.993011
0.992757
0.992502
0.992247
0.991929
0.991611
0.991293
0.990975
0.990657
0.990339
0.990020
0.989702
0.989384
0.989066
0.988049
0.987667
0.987286
0.986904
0.986523
0.986141
0.985760
0.985379
0.984997
0.984616
0.984234
0.983853
0.983408
0.982963
0.982518
0.982073
0.981628
0.981183
0.980739
0.980294
0.979849
0.979404
0.978959
0.978514
0.978006
0.977497
0.976989
0.976481
0.975972
0.975464
0.974955
0.971842
0.971270
0.970698
0.970127
0.969555
0.968983
0.968411
0.967839
0.967268
0.966696
0.966124
0.965552
0.964917
0.964282
0.963647
0.963012
0.962377
0.961742
0.961107
0.960472
0.959837
0.959202
0.958567
0.957931
0.957233
0.956535
0.955837
0.955139
0.954440
0.953742
0.953044
0.952346
0.951648
0.950950
0.950251
0.949553
0.948792
0.948031
0.947270
0.946509
0.945748
0.944987
0.944226
0.943465
0.942704
0.941943
0.941182
0.940421
0.939597
0.938774
0.937950
0.937126
0.936303
0.935479
0.934656
0.933832
0.933009
0.932185
0.931361
0.930538
0.929652
0.928767
0.927881
0.926995
0.926110
0.925224
0.924338
0.923452
0.922567
0.921681
0.920795
0.919910
0.918962
0.918015
0.917068
0.916121
0.915173
0.914226
0.913279
0.912331
0.911384
0.910437
0.909489
0.908542
0.907534
0.906525
0.905517
0.904509
0.903500
0.902492
0.901483
0.900475
0.899467
0.898458
0.897450
0.896442
0.895373
0.894304
0.893235
0.892167
0.891098
0.890029
0.888960
0.887891
0.886823
0.885754
0.884685
0.883616
0.882488
0.881359
0.880231
0.879102
0.877974
0.876845
0.875717
0.874588
0.873460
0.872331
0.871203
0.870075
0.868887
0.867700
0.866512
0.865325
0.864138
0.862950
0.861763
0.860576
0.859388
0.858201
0.857014
0.855826
0.854581
0.853336
0.852090
0.850845
0.849600
0.848354
0.847109
0.845864
0.844618
0.843373
0.842128
0.840882
0.839580
0.838278
0.836975
0.835673
0.834370
0.833068
0.831766
0.830463
0.829161
0.827859
0.826556
0.825254
0.823896
0.822537
0.821179
