0.465374
0.457676
0.451225
0.444603
0.439579
0.428576
0.402633
0.399200
0.363203
0.301086
0.262592
0.258992
0.248012
0.222768
0.215373
0.214939
0.232271
0.253102
0.273856
0.278621
0.277229
0.268795
0.257995
0.246222
0.244368
0.276947
0.285385
0.291807
0.291850
0.292634
0.290481
0.299525
0.294672
0.279769
0.265170
0.257108
0.256290
0.252945
0.247504
0.251176
0.252986
0.252425
0.247457
0.239362
0.233230
0.192229
0.182916
0.175004
0.175872
0.177271
0.183016
0.174865
0.178760
0.187253
0.199492
0.203516
0.220967
0.306261
0.333492
0.385216
0.448514
0.469724
0.509436
0.552347
0.559729
0.562351
0.600965
0.675010
0.689144
0.744931
0.782196
0.806121
0.839302
0.837283
0.897447
1.042209
1.157962
1.184015
1.210504
1.207132
1.163050
1.130521
1.127403
1.124824
1.123898
1.121541
1.117311
1.099015
1.071481
0.986768
0.895161
0.799208
0.646801
0.599269
0.588713
0.504437
0.391133
0.344951
0.286745
0.220118
0.197304
0.230736
0.307220
0.362050
0.385209
0.397793
0.396690
0.399462
0.425611
0.460111
0.480235
0.484669
0.489559
0.500069
0.510087
0.520695
0.530937
0.537623
0.543651
0.546715
0.534121
0.481587
0.404374
0.334097
0.248566
0.157835
0.089052
0.075856
0.074340
0.053374
0.032415
0.028685
0.027539
0.026346
0.028202
0.033200
0.033350
0.033172
0.033215
0.032998
0.033252
0.035130
0.037099
0.039765
0.040244
0.036889
0.033801
0.032502
0.033445
0.034865
0.038582
0.039305
0.041102
0.042362
0.042618
0.042655
0.042847
0.041980
0.040908
0.041374
0.051308
0.054762
0.056589
0.056136
0.055557
0.055576
0.055833
0.058023
0.061409
0.070157
0.074114
0.109529
0.146989
0.171479
0.173850
0.176770
0.189440
0.205430
0.230478
0.233299
0.232912
0.234905
0.236871
0.238498
0.263868
0.309960
0.341209
0.360176
0.365243
0.366306
0.383625
0.399561
0.422749
0.465077
0.479081
0.469667
0.454166
0.444822
0.401976
0.432455
0.461528
0.479063
0.465893
0.451888
0.504786
0.629985
0.669189
0.675246
0.688104
0.705390
0.715079
0.723403
0.719762
0.695136
0.681640
0.676432
0.671914
0.663889
0.654789
0.599185
0.510046
0.397638
0.312293
0.299955
0.296651
0.218688
0.203956
0.205205
0.252277
0.284227
0.294766
0.292402
0.292818
0.299971
0.312638
0.308335
0.307270
0.308341
0.308665
0.308944
0.309894
0.311103
0.311577
0.308054
0.301137
0.286684
0.271495
0.267680
0.242959
0.214295
0.199687
0.198408
0.197363
0.179574
0.118076
0.066090
0.059006
0.055767
0.053244
0.052467
0.053421
0.053075
0.056442
0.056126
0.057242
0.062527
0.069961
0.074316
0.085783
0.087967
0.117063
0.148323
0.251776
0.382673
0.466304
0.490174
0.496314
0.526280
0.580946
0.631413
0.649994
0.668111
0.685984
0.707267
0.728469
0.741253
0.742134
0.741410
0.752447
0.753377
0.761083
0.771557
0.751344
0.672718
0.568854
0.512679
0.533779
0.563423
0.552686
0.537796
0.542485
0.589386
0.612452
0.651387
0.789844
0.954322
1.059867
1.088887
1.081952
1.137507
1.202031
1.197525
1.183193
1.176563
1.175497
1.165560
1.144953
1.119437
1.118330
1.118175
1.110276
1.068202
1.042056
1.034524
0.952783
0.777748
0.568506
0.433638
0.419568
0.342549
0.128728
0.073500
0.076039
0.077604
0.074570
0.077463
0.095001
0.179371
0.240329
0.242598
0.246177
0.247655
0.245897
0.243761
0.241439
0.235504
0.251054
0.321040
0.376647
0.380351
0.381092
0.380972
0.380312
0.379973
0.379132
0.376645
0.374673
0.344360
0.297445
0.291410
0.280780
0.270167
0.261351
0.261107
0.259109
0.256049
0.251077
0.193743
0.088460
0.081393
0.079985
0.078635
0.086770
0.093975
0.096013
0.107888
0.112368
0.109657
0.116322
0.217637
0.232990
0.301736
0.423652
0.511083
0.555857
0.557347
0.578594
0.662160
0.721644
0.721572
0.721259
0.723267
0.725108
0.725189
0.729086
0.744944
0.774649
0.813521
0.829804
0.790124
0.776447
0.768953
0.740209
0.717577
0.711246
0.721037
0.696662
0.577897
0.436580
0.419999
0.401692
0.371911
0.335346
0.311418
0.301354
0.318519
0.355208
0.379856
0.394864
0.414943
0.419667
0.425763
0.441460
0.438703
0.417133
0.408377
0.414132
0.425871
0.428196
0.428078
0.424885
0.399622
0.361021
0.331613
0.322525
0.324211
0.328354
0.323450
0.317554
0.316353
0.334560
0.341170
0.335601
0.335670
0.351532
0.354497
0.339209
0.314299
0.304560
0.307065
0.316197
0.326864
0.328718
0.328997
0.330988
0.333568
0.333937
0.333815
0.343503
0.356289
0.359962
0.361333
0.355988
0.337928
0.304397
0.285634
0.275086
0.447640
0.647589
0.771867
0.811778
0.809178
0.855745
0.977693
1.035681
1.039600
1.041609
1.042630
1.041762
1.039827
1.037959
1.037746
1.037549
1.037588
1.033456
1.016875
1.010354
0.951649
0.824473
0.681520
0.601208
0.597379
0.567234
0.389951
0.246579
0.279046
0.321196
0.338188
0.341362
0.341916
0.341594
0.341358
0.341735
0.343964
0.349123
0.350074
0.354902
0.375429
0.392765
0.390201
0.377532
0.380844
0.406837
0.443416
0.469441
0.461606
0.443017
0.436293
0.436156
0.436092
0.438089
0.445887
0.455153
0.459036
0.456596
0.453260
0.443208
0.416605
0.389857
0.380806
0.383579
0.378761
0.352100
0.299052
0.227648
0.197334
0.174120
0.145990
0.119570
0.100179
0.097431
0.092585
0.078241
0.066531
0.061470
0.061715
0.060708
0.053286
0.092407
0.166388
0.187936
0.291333
0.422679
0.501318
0.528903
0.530835
0.563856
0.657011
0.703139
0.716843
0.729118
0.738989
0.756928
0.770421
0.778088
0.778205
0.778097
0.777820
0.776312
0.769841
0.765123
0.716963
0.602897
0.463796
0.352925
0.332023
0.335458
0.281516
0.259583
0.263551
0.258876
0.279929
0.292170
0.286135
0.262447
0.262364
0.314259
0.428662
0.550192
0.593021
0.598653
0.599007
0.599061
0.600200
0.601667
0.605435
0.605347
0.600155
0.591157
0.587502
0.586775
0.570285
0.537238
0.505949
0.496906
0.496324
0.492153
0.447075
0.372996
0.362917
0.385681
0.392234
0.392064
0.392850
0.393545
0.392142
0.392628
0.391640
0.390074
0.390864
0.393161
0.402567
0.403081
0.409603
0.404488
0.374016
0.337424
0.333606
0.337508
0.359045
0.376267
0.371714
0.369720
0.369768
0.370532
0.371999
0.372919
0.373433
0.374148
0.375417
0.376885
0.372372
0.371824
0.355481
0.318196
0.271737
0.225239
0.205846
0.205625
0.181345
0.142324
0.139884
0.137924
0.137740
0.151806
0.173230
0.185745
0.189049
0.190123
0.190357
0.181542
0.174053
0.175453
0.172657
0.169764
0.164769
0.160423
0.153556
0.166260
0.187078
0.179240
0.176821
0.226234
0.311283
0.393879
0.444553
0.447269
0.444708
0.443150
0.442020
0.441658
0.441116
0.437805
0.432247
0.427724
0.423387
0.421286
0.416563
0.386480
0.338418
0.305286
0.301055
0.311112
0.352568
0.373180
0.365912
0.374864
0.386355
0.451045
0.504757
0.517589
0.531605
0.547532
0.563745
0.575080
0.576027
0.592806
0.604735
0.611172
0.622452
0.639142
0.644337
0.652175
0.637453
0.598934
0.553166
0.516640
0.510784
0.485480
0.453754
0.448781
0.420876
0.367828
0.294457
0.207690
0.185648
0.184748
0.183902
0.189031
0.202717
0.198866
0.195266
0.193704
0.189643
0.202420
0.210881
0.243255
0.283066
0.296643
0.298324
0.293718
0.280985
0.284818
0.300534
0.337449
0.409038
0.461220
0.483240
0.491857
0.468920
0.446683
0.420992
0.408649
0.406144
0.404490
0.386471
0.383085
0.407510
0.415784
0.425187
0.378824
0.348240
0.330291
0.330546
0.359491
0.445945
0.566940
0.702069
0.761278
0.766323
0.774193
0.773363
0.773001
0.788238
0.828642
0.863722
0.864484
0.830436
0.751688
0.694981
0.682004
0.672818
0.668770
0.677326
0.690197
0.687066
0.662679
0.602415
0.573751
0.569665
0.521549
0.424883
0.397803
0.366917
0.351800
0.349538
0.354139
0.343469
0.320465
0.311509
0.294552
0.281668
0.279951
0.264905
0.232507
0.222081
0.219203
0.215229
0.211924
0.215195
0.199328
0.194543
0.193606
0.176963
0.166311
0.166070
0.167961
0.174525
0.182527
0.184957
0.176819
0.143615
0.093708
0.078218
0.070670
0.066404
0.064683
0.061643
0.060780
0.061922
0.067218
0.070832
0.067372
0.063366
0.061205
0.059625
0.059210
0.058419
0.058157
0.058657
0.054838
0.057333
0.066788
0.066978
0.063141
0.062606
0.064970
0.064819
0.058174
0.056765
0.057009
0.057668
0.064685
0.074215
0.089125
0.146898
0.197580
0.204197
0.240400
0.328755
0.411684
0.447713
0.449359
0.448538
0.449263
0.460766
0.492529
0.518228
0.529575
0.531344
0.559563
0.576840
0.577318
0.583194
0.588869
0.566103
0.521292
0.495057
0.496162
0.496636
0.495178
0.498287
0.505290
0.498300
0.497265
0.493274
0.472007
0.448064
0.431237
0.427767
0.408646
0.380541
0.446944
0.538568
0.573432
0.549885
0.541156
0.611891
0.711115
0.741796
0.734497
0.730032
0.729702
0.742241
0.756408
0.767339
0.772945
0.773320
0.769703
0.772776
0.770503
0.759787
0.702734
0.599988
0.504748
0.477719
0.477501
0.443833
0.375940
0.365221
0.372942
0.377670
0.376948
0.384104
0.440049
0.491103
0.503423
0.503437
0.509908
0.517524
0.536874
0.549675
0.549007
0.537309
0.534300
0.570443
0.634541
0.656521
0.670905
0.676789
0.678473
0.689238
0.704947
0.697367
0.622611
0.507008
0.428353
0.398780
0.405732
0.421194
