32.762344
26.821353
24.352714
24.074860
24.420267
24.079018
19.231553
11.070438
4.500373
1.286920
0.258607
0.036502
0.003618
0.000252
0.000012
0.000000
0.000000
0.000000
0.000000
0.000000
0.000001
0.000015
0.000259
0.003120
0.026381
0.156419
0.650421
1.896865
3.880046
5.566859
5.602271
3.954564
1.957972
0.679945
0.165607
0.028287
0.003388
0.000285
0.000017
0.000001
0.000000
0.000002
0.000043
0.000629
0.006372
0.045293
0.225760
0.789184
1.934866
3.327230
4.013146
3.395165
2.014685
0.838519
0.244771
0.050110
0.007194
0.000724
0.000051
0.000003
0.000000
0.000000
0.000005
0.000103
0.001502
0.015281
0.109033
0.545579
1.914670
4.713698
8.146287
9.909554
8.577152
5.507761
3.006363
1.856609
1.818231
3.253585
6.843079
11.496486
13.874550
11.793189
7.035939
2.944625
0.864360
0.177945
0.025690
0.002601
0.000185
0.000009
0.000000
0.000000
0.000000
0.000000
0.000000
0.000000
0.000000
0.000000
0.000000
0.000000
0.000000
0.000000
0.000000
0.000000
0.000000
0.000000
0.000000
0.000000
0.000000
0.000000
0.000000
0.000000
0.000000
0.000000
0.000000
0.000000
0.000000
0.000000
0.000000
0.000000
0.000000
0.000000
0.000000
0.000000
0.000000
0.000000
0.000000
0.000000
0.000000
0.000000
0.000000
0.000000
0.000000
0.000000
0.000000
0.000000
0.000000
0.000000
0.000000
0.000000
0.000000
0.000000
0.000000
0.000000
0.000000
0.000000
0.000000
0.000000
0.000000
0.000000
0.000000
0.000000
0.000000
0.000000
0.000000
0.000000
0.000000
0.000000
0.000000
0.000000
0.000000
0.000000
0.000000
0.000000
0.000000
0.000000
0.000000
0.000000
0.000000
0.000000
0.000000
0.000000
0.000000
0.000000
0.000000
0.000000
0.000000
0.000000
0.000000
0.000000
0.000000
0.000000
0.000000
0.000000
0.000000
0.000000
0.000000
0.000000
0.000000
0.000000
0.000000
0.000000
0.000000
0.000000
0.000000
0.000000
0.000000
0.000000
0.000000
0.000000
0.000000
0.000007
0.000126
0.001567
0.013700
0.083982
0.361037
1.088557
2.302002
3.414528
3.552504
2.592496
1.327012
0.476421
0.119963
0.021184
0.002623
0.000228
0.000014
0.000001
0.000000
0.000000
0.000000
0.000000
0.000000
0.000000
0.000000
0.000000
0.000000
0.000000
0.000000
0.000000
0.000000
0.000000
0.000000
0.000000
0.000000
0.000000
0.000000
0.000000
0.000000
0.000000
0.000000
0.000000
0.000000
0.000000
0.000000
0.000000
0.000000
0.000000
0.000000
0.000000
0.000000
0.000000
0.000000
0.000000
0.000000
0.000000
0.000000
0.000000
0.000000
0.000000
0.000000
0.000000
0.000000
0.000000
0.000000
0.000000
0.000000
0.000000
0.000000
0.000000
0.000000
0.000000
0.000001
0.000030
0.000467
0.005032
0.038161
0.203691
0.765654
2.027925
3.786867
4.988399
4.637943
3.044951
1.412215
0.462830
0.107208
0.017553
0.002031
0.000166
0.000010
0.000012
0.000176
0.001887
0.014254
0.075680
0.282613
0.742662
1.374040
1.790791
1.644976
1.065550
0.486979
0.157101
0.035839
0.006561
0.009590
0.070334
0.390313
1.531110
4.244214
8.315694
11.517806
11.277461
7.804842
3.816922
1.318544
0.321590
0.055348
0.006718
0.000575
0.000035
0.000001
0.000000
0.000000
0.000000
0.000000
0.000000
0.000000
0.000000
0.000000
0.000000
0.000000
0.000000
0.000000
0.000000
0.000000
0.000000
0.000000
0.000000
0.000000
0.000000
0.000000
0.000000
0.000000
0.000000
0.000000
0.000000
0.000000
0.000000
0.000000
0.000000
0.000000
0.000000
0.000000
0.000000
0.000000
0.000000
0.000000
0.000000
0.000000
0.000000
0.000000
0.000000
0.000000
0.000000
0.000000
0.000000
0.000000
0.000000
0.000000
0.000000
0.000000
0.000000
0.000000
0.000000
0.000000
0.000000
0.000000
0.000000
0.000000
0.000000
0.000002
0.000036
0.000394
0.002982
0.015830
0.058940
0.153912
0.281895
0.362139
0.326315
0.206240
0.091427
0.028426
0.006199
0.000948
0.000102
0.000008
0.000000
0.000000
0.000000
0.000000
0.000000
0.000000
0.000000
0.000000
0.000000
0.000000
0.000000
0.000000
0.000000
0.000000
0.000000
0.000000
0.000000
0.000000
0.000000
0.000000
0.000000
0.000000
0.000000
0.000000
0.000000
0.000000
0.000000
0.000000
0.000000
0.000000
0.000000
0.000000
0.000000
0.000000
0.000000
0.000000
0.000000
0.000000
0.000000
0.000000
0.000000
0.000000
0.000000
0.000000
0.000000
0.000000
0.000000
0.000000
0.000000
0.000000
0.000000
0.000000
0.000000
0.000000
0.000000
0.000000
0.000000
0.000000
0.000000
0.000000
0.000000
0.000000
0.000000
0.000000
0.000000
0.000000
0.000000
0.000000
0.000000
0.000002
0.000033
0.000357
0.002746
0.014808
0.056011
0.148587
0.276472
0.360826
0.330313
0.212096
0.095523
0.030175
0.006685
0.001039
0.000113
0.000009
0.000000
0.000000
0.000000
0.000000
0.000000
0.000000
0.000000
0.000000
0.000000
0.000000
0.000000
0.000000
0.000000
0.000000
0.000000
0.000000
0.000000
0.000000
0.000000
0.000000
0.000000
0.000000
0.000000
0.000000
0.000000
0.000000
0.000000
0.000000
0.000000
0.000000
0.000000
0.000000
0.000000
0.000000
0.000000
0.000000
0.000000
0.000000
0.000000
0.000000
0.000000
0.000000
0.000000
0.000000
0.000000
0.000000
0.000000
0.000000
0.000000
0.000000
0.000000
0.000000
0.000000
0.000000
0.000000
0.000000
0.000000
0.000000
0.000000
0.000000
0.000000
0.000000
0.000000
0.000000
0.000000
0.000000
0.000000
0.000000
0.000000
0.000000
0.000000
0.000000
0.000000
0.000000
0.000000
0.000000
0.000000
0.000000
0.000000
0.000000
0.000000
0.000000
0.000000
0.000000
0.000000
0.000000
0.000000
0.000000
0.000000
0.000000
0.000000
0.000000
0.000000
0.000000
0.000000
0.000000
0.000000
0.000000
0.000000
0.000000
0.000000
0.000000
0.000000
0.000000
0.000000
0.000000
0.000000
0.000000
0.000000
0.000000
0.000000
0.000000
0.000000
0.000000
0.000000
0.000000
0.000000
0.000000
0.000000
0.000000
0.000000
0.000000
0.000000
0.000000
0.000000
0.000000
0.000000
0.000000
0.000000
0.000000
0.000000
0.000000
0.000000
0.000000
0.000000
0.000000
0.000000
0.000000
0.000000
0.000000
0.000000
0.000000
0.000000
0.000000
0.000000
0.000000
0.000000
0.000000
0.000000
0.000000
0.000000
0.000000
0.000000
0.000000
0.000000
0.000000
0.000000
0.000000
0.000000
0.000000
0.000000
0.000000
0.000000
0.000000
0.000000
0.000000
0.000000
0.000000
0.000000
0.000000
0.000000
0.000000
0.000000
0.000000
0.000000
0.000000
0.000000
0.000000
0.000000
0.000000
0.000000
0.000000
0.000000
0.000000
0.000001
0.000012
0.000199
0.002260
0.018039
0.100969
0.396360
1.091262
2.107310
2.854309
2.711771
1.807105
0.844663
0.276910
0.063668
0.010266
0.001161
0.000092
0.000005
0.000000
0.000000
0.000000
0.000000
0.000000
0.000000
0.000003
0.000048
0.000549
0.004403
0.024755
0.097619
0.269992
0.523983
0.716006
0.708330
0.615209
0.845824
1.820617
3.414969
4.631681
4.422522
2.963226
1.392664
0.459070
0.106130
0.017207
0.001956
0.000156
0.000009
0.000000
0.000000
0.000000
0.000000
0.000000
0.000000
0.000000
0.000000
0.000000
0.000000
0.000000
0.000000
0.000000
0.000000
0.000000
0.000000
0.000000
0.000000
0.000000
0.000000
0.000000
0.000000
0.000000
0.000000
0.000000
0.000000
0.000000
0.000000
0.000000
0.000000
0.000000
0.000000
0.000000
0.000000
0.000000
0.000000
0.000000
0.000000
0.000000
0.000000
0.000000
0.000000
0.000000
0.000000
0.000000
0.000008
0.000131
0.001516
0.012313
0.070140
0.280207
0.785105
1.542998
2.128756
2.076933
1.536766
1.343894
2.501401
5.408460
8.835033
10.202340
8.270039
4.702430
1.875437
0.524597
0.102912
0.014158
0.001366
0.000092
0.000004
0.000000
0.000000
0.000000
0.000000
0.000000
0.000000
0.000000
0.000000
0.000000
0.000000
0.000000
0.000000
0.000000
0.000000
0.000000
0.000000
0.000000
0.000000
0.000000
0.000000
0.000000
0.000000
0.000000
0.000000
0.000000
0.000000
0.000000
0.000000
0.000000
0.000000
0.000000
0.000000
0.000000
0.000000
0.000000
0.000000
0.000000
0.000000
0.000000
0.000000
0.000000
0.000000
0.000000
0.000000
0.000000
0.000000
0.000000
0.000000
0.000000
0.000000
0.000000
0.000000
0.000000
0.000000
0.000000
0.000000
0.000000
0.000000
0.000000
0.000000
0.000000
0.000000
0.000000
0.000000
0.000000
0.000000
0.000000
0.000000
0.000000
0.000005
0.000068
0.000676
0.004684
0.022749
0.077498
0.185163
0.310304
0.364751
0.300736
0.173920
0.070547
0.020070
0.004004
0.000560
0.000055
0.000004
0.000000
0.000000
0.000000
0.000000
0.000000
0.000000
0.000000
0.000000
0.000000
0.000000
0.000000
0.000000
0.000000
0.000000
0.000000
0.000000
0.000000
0.000000
0.000000
0.000007
0.000127
0.001507
0.012552
0.073297
0.300171
0.862148
1.736803
2.454079
2.432222
1.690809
0.824432
0.281949
0.067627
0.011376
0.001342
0.000111
0.000006
0.000000
0.000000
0.000000
0.000000
0.000001
0.000032
0.000545
0.006496
0.054322
0.318542
1.310028
3.778964
7.648818
10.876634
10.921259
7.901034
4.429059
2.316608
1.350370
0.782252
0.370922
0.184228
0.398924
1.586873
4.780042
10.190892
15.345033
16.348506
13.824554
11.228762
8.649005
6.653466
5.612523
5.646885
6.631682
8.233986
9.981457
