-0.000000
0.003320
0.006640
0.009960
0.013234
0.016508
0.019782
0.023057
0.026331
0.029605
0.032879
0.036153
0.039427
0.042702
0.045976
0.049250
0.052477
0.055704
0.058931
0.062157
0.065384
0.068611
0.071838
0.075065
0.078292
0.081519
0.084746
0.087973
0.091151
0.094329
0.097507
0.100685
0.103864
0.107042
0.110220
0.113398
0.116576
0.119754
0.122933
0.126111
0.129239
0.132367
0.135495
0.138623
0.141751
0.144879
0.148008
0.151136
0.154264
0.157392
0.160520
0.163648
0.166725
0.169801
0.172878
0.175955
0.179031
0.182108
0.185184
0.188261
0.191338
0.194414
0.197491
0.200568
0.203591
0.206615
0.209639
0.212663
0.215687
0.218710
0.221734
0.224758
0.227782
0.230806
0.233829
0.236853
0.239823
0.242792
0.245762
0.248732
0.251701
0.254671
0.257641
0.260610
0.263580
0.266549
0.269519
0.272489
0.275403
0.278317
0.281231
0.284145
0.287059
0.289973
0.292888
0.295802
0.298716
0.301630
0.304544
0.307458
0.310316
0.313173
0.316030
0.318888
0.321745
0.324602
0.327460
0.330317
0.333174
0.336032
0.338889
0.341746
0.344546
0.347345
0.350144
0.352943
0.355743
0.358542
0.361341
0.364140
0.366940
0.369739
0.372538
0.375337
0.378077
0.380817
0.383557
0.386297
0.389037
0.391777
0.394516
0.397256
0.399996
0.402736
0.405476
0.408216
0.410895
0.413574
0.416254
0.418933
0.421612
0.424291
0.426971
0.429650
0.432329
0.435008
0.437687
0.440367
0.442984
0.445601
0.448219
0.450836
0.453453
0.456071
0.458688
0.461305
0.463923
0.466540
0.469157
0.471775
0.474329
0.476883
0.479437
0.481992
0.484546
0.487100
0.489654
0.492208
0.494763
0.497317
0.499871
0.502425
0.504915
0.507405
0.509895
0.512385
0.514874
0.517364
0.519854
0.522344
0.524834
0.527323
0.529813
0.532303
0.534727
0.537152
0.539576
0.542000
0.544424
0.546848
0.549273
0.551697
0.554121
0.556545
0.558969
0.561394
0.563751
0.566108
0.568466
0.570823
0.573181
0.575538
0.577895
0.580253
0.582610
0.584967
0.587325
0.589682
0.591972
0.594261
0.596550
0.598840
0.601129
0.603418
0.605708
0.607997
0.610286
0.612576
0.614865
0.617154
0.619374
0.621595
0.623815
0.626035
0.628255
0.630475
0.632695
0.634915
0.637135
0.639355
0.641575
0.643795
0.645945
0.648095
0.650244
0.652394
0.654544
0.656693
0.658843
0.660993
0.663142
0.665292
0.667442
0.669591
0.671669
0.673747
0.675825
0.677903
0.679981
0.682059
0.684137
0.686215
0.688293
0.690371
0.692449
0.694527
0.696532
0.698538
0.700543
0.702548
0.704553
0.706558
0.708564
0.710569
0.712574
0.714579
0.716584
0.718589
0.720521
0.722452
0.724383
0.726314
0.728245
0.730177
0.732108
0.734039
0.735970
0.737901
0.739832
0.741764
0.743620
0.745476
0.747332
0.749188
0.751044
0.752900
0.754756
0.756612
0.758468
0.760324
0.762180
0.764036
0.765815
0.767595
0.769375
0.771154
0.772934
0.774714
0.776493
0.778273
0.780053
0.781832
0.783612
0.785392
0.787094
0.788796
0.790498
0.792201
0.793903
0.795605
0.797307
0.799009
0.800711
0.802414
0.804116
0.805818
0.807442
0.809065
0.810689
0.812312
0.813936
0.815559
0.817183
0.818806
0.820430
0.822053
0.823677
0.825300
0.826844
0.828388
0.829932
0.831476
0.833019
0.834563
0.836107
0.837651
0.839194
0.840738
0.842282
0.843826
0.845288
0.846751
0.848214
0.849677
0.851140
0.852603
0.854066
0.855529
0.856991
0.858454
0.859917
0.861380
0.862761
0.864142
0.865523
0.866903
0.868284
0.869665
0.871046
0.872427
0.873808
0.875188
0.876569
0.877950
0.879248
0.880546
0.881843
0.883141
0.884439
0.885737
0.887034
0.888332
0.889630
0.890927
0.892225
0.893523
0.894736
0.895950
0.897163
0.898377
0.899591
0.900804
0.902018
0.903231
0.904445
0.905658
0.906872
0.908085
0.909213
0.910342
0.911470
0.912598
0.913726
0.914855
0.915983
0.917111
0.918239
0.919368
0.920496
0.921624
0.922666
0.923708
0.924750
0.925792
0.926834
0.927876
0.928918
0.929960
0.931002
0.932043
0.933085
0.934127
0.935082
0.936037
0.936991
0.937946
0.938900
0.939855
0.940809
0.941764
0.942719
0.943673
0.944628
0.945582
0.946448
0.947315
0.948181
0.949047
0.949913
0.950780
0.951646
0.952512
0.953378
0.954244
0.955111
0.955977
0.956754
0.957531
0.958307
0.959084
0.959861
0.960638
0.961415
0.962192
0.962969
0.963746
0.964522
0.965299
0.965986
0.966672
0.967359
0.968046
0.968732
0.969419
0.970105
0.970792
0.971478
0.972165
0.972852
0.973538
0.974134
0.974729
0.975324
0.975920
0.976515
0.977110
0.977706
0.978301
0.978896
0.979492
0.980087
0.980682
0.981186
0.981689
0.982192
0.982695
0.983199
0.983702
0.984205
0.984708
0.985212
0.985715
0.986218
0.986721
0.987132
0.987542
0.987952
0.988363
0.988773
0.989183
0.989594
0.990004
0.990414
0.990824
0.991235
0.991645
0.991962
0.992278
0.992595
0.992911
0.993228
0.993544
0.993861
0.994177
0.994494
0.994810
0.995127
0.995444
0.995666
0.995888
0.996110
0.996332
0.996554
0.996776
0.996998
0.997220
0.997442
0.997664
0.997886
0.998108
0.998235
0.998361
0.998488
0.998615
0.998742
0.998869
0.998995
0.999122
0.999249
0.999376
0.999502
0.999629
0.999660
0.999691
0.999722
0.999753
0.999784
0.999815
0.999846
0.999876
0.999907
0.999938
0.999969
1.000000
0.999934
0.999869
0.999803
0.999738
0.999672
0.999606
0.999541
0.999475
0.999410
0.999344
0.999278
0.999213
0.999050
0.998888
0.998725
0.998562
0.998400
0.998237
0.998075
0.997912
0.997749
0.997587
0.997424
0.997261
0.997001
0.996741
0.996481
0.996221
0.995961
0.995701
0.995441
0.995181
0.994920
0.994660
0.994400
0.994140
0.993782
0.993424
0.993066
0.992708
0.992350
0.991992
0.991634
0.991276
0.990918
0.990560
0.990202
0.989844
0.989388
0.988932
0.988475
0.988019
0.987563
0.987107
0.986650
0.986194
0.985738
0.985282
0.984825
0.984369
0.983815
0.983260
0.982705
0.982151
0.981596
0.981041
0.980487
0.979932
0.979377
0.978823
0.978268
0.977713
0.977060
0.976407
0.975753
0.975100
0.974447
0.973793
0.973140
0.972487
0.971834
0.971180
0.970527
0.969874
0.969122
0.968370
0.967618
0.966866
0.966114
0.965362
0.964610
0.963858
0.963106
0.962354
0.961602
0.960850
0.960000
0.959149
0.958299
0.957448
0.956598
0.955747
0.954896
0.954046
0.953195
0.952345
0.951494
0.950644
0.949694
0.948745
0.947796
0.946847
0.945898
0.944949
0.944000
0.943051
0.942102
0.941153
0.940204
0.939255
0.938207
0.937160
0.936113
0.935065
0.934018
0.932971
0.931923
0.930876
0.929829
0.928781
0.927734
0.926687
0.925542
0.924396
0.923251
0.922106
0.920961
0.919815
0.918670
0.917525
0.916380
0.915234
0.914089
0.912944
0.911701
0.910459
0.909216
0.907973
0.906730
0.905488
0.904245
0.903002
0.901760
0.900517
0.899274
0.898032
0.896692
0.895353
0.894013
0.892673
0.891334
0.889994
0.888655
0.887315
0.885976
0.884636
0.883297
0.881957
0.880521
0.879086
0.877650
0.876214
0.874778
0.873343
0.871907
0.870471
0.869035
0.867600
0.866164
0.864728
0.863197
0.861666
0.860135
0.858604
0.857073
0.855542
0.854011
0.852479
0.850948
0.849417
0.847886
0.846355
0.844729
0.843104
0.841478
0.839853
0.838227
0.836602
0.834976
0.833351
0.831725
0.830100
0.828474
0.826849
0.825130
0.823411
0.821692
0.819973
0.818254
0.816535
0.814817
0.813098
0.811379
0.809660
0.807941
0.806222
0.804411
0.802600
0.800789
0.798978
0.797167
0.795356
0.793545
0.791734
0.789923
0.788112
0.786301
0.784490
0.782588
0.780686
0.778784
0.776882
0.774980
0.773078
0.771176
0.769274
0.767372
0.765470
0.763568
0.761667
0.759675
0.757684
0.755693
0.753701
0.751710
0.749719
0.747727
0.745736
0.743745
0.741753
0.739762
0.737770
0.735691
0.733612
0.731533
0.729454
0.727374
0.725295
0.723216
0.721137
0.719058
0.716978
0.714899
0.712820
0.710655
0.708489
0.706324
0.704159
0.701993
0.699828
0.697662
0.695497
0.693332
0.691166
0.689001
0.686836
0.684586
0.682336
0.680086
0.677837
0.675587
0.673337
0.671087
0.668837
0.666588
0.664338
0.662088
0.659838
0.657506
0.655174
0.652842
0.650510
0.648177
0.645845
0.643513
0.641181
0.638848
0.636516
0.634184
0.631852
0.629439
0.627027
0.624614
0.622201
0.619789
0.617376
0.614963
0.612551
0.610138
0.607725
0.605313
0.602900
0.600409
0.597918
0.595427
0.592936
0.590445
0.587954
0.585463
0.582973
0.580482
0.577991
0.575500
0.573009
0.570442
0.567875
0.565308
0.562741
0.560174
0.557607
0.555040
0.552473
0.549906
0.547339
0.544772
0.542205
0.539564
0.536923
0.534283
0.531642
0.529001
0.526360
0.523720
0.521079
0.518438
0.515797
0.513157
0.510516
0.507804
0.505092
0.502380
0.499668
0.496956
0.494244
0.491532
0.488820
0.486108
0.483396
0.480684
0.477972
0.475191
0.472410
0.469629
0.466849
0.464068
0.461287
0.458506
0.455725
0.452944
0.450164
0.447383
0.444602
0.441755
0.438908
0.436061
0.433214
0.430367
0.427520
0.424673
0.421826
0.418979
0.416132
0.413285
0.410438
0.407527
0.404617
0.401706
0.398795
0.395885
0.392974
0.390064
0.387153
0.384243
0.381332
0.378421
0.375511
0.372540
0.369568
0.366597
0.363625
0.360654
0.357682
0.354711
0.351740
0.348768
0.345797
0.342825
0.339854
0.336825
0.333795
0.330766
