0.837146
0.861931
0.899941
0.935497
0.933817
0.876246
0.754122
0.586089
0.442094
0.383332
0.332443
0.308684
0.301746
0.300496
0.301985
0.310438
0.321251
0.336535
0.349019
0.353787
0.345607
0.338345
0.338778
0.347385
0.359262
0.369503
0.375845
0.377424
0.374709
0.368229
0.362358
0.359029
0.353087
0.351014
0.352949
0.350422
0.337159
0.314006
0.266220
0.197040
0.131419
0.091803
0.080733
0.079757
0.067324
0.050568
0.044441
0.045523
0.046022
0.044784
0.045745
0.056466
0.075845
0.088415
0.092787
0.092082
0.091871
0.092325
0.093091
0.093180
0.093343
0.094350
0.094224
0.094102
0.093238
0.093363
0.092195
0.087185
0.083192
0.091652
0.106703
0.121438
0.132390
0.144017
0.155259
0.160914
0.159808
0.154631
0.147986
0.141591
0.140599
0.144275
0.151608
0.159993
0.165795
0.162051
0.151788
0.136653
0.123731
0.118816
0.118783
0.119091
0.131255
0.149211
0.173949
0.191136
0.194503
0.189533
0.181461
0.180667
0.177246
0.183101
0.196371
0.207358
0.212615
0.213417
0.212737
0.212678
0.211532
0.208949
0.209658
0.222079
0.237595
0.244025
0.227930
0.198713
0.169062
0.148251
0.146509
0.148988
0.148581
0.149097
0.147561
0.147044
0.147342
0.147346
0.145382
0.143197
0.141349
0.138458
0.138133
0.133535
0.122240
0.106317
0.101363
0.104339
0.105795
0.104885
0.100931
0.100105
0.103460
0.108566
0.109421
0.104844
0.098929
0.090040
0.090709
0.095871
0.138375
0.191988
0.231627
0.244397
0.245517
0.251578
0.267474
0.274470
0.275831
0.277754
0.274394
0.269134
0.265880
0.267835
0.269850
0.271292
0.273643
0.272294
0.263149
0.275971
0.351877
0.444177
0.498418
0.511272
0.517149
0.537590
0.582594
0.640265
0.672911
0.684268
0.695600
0.709239
0.731637
0.752152
0.765200
0.774373
0.781577
0.785714
0.784374
0.766775
0.695635
0.587639
0.484416
0.427595
0.436886
0.464252
0.477345
0.488183
0.527288
0.590046
0.631272
0.639917
0.632713
0.619940
0.595840
0.556961
0.513306
0.457973
0.409943
0.411350
0.445688
0.493772
0.515609
0.499782
0.481830
0.465968
0.452036
0.468292
0.491385
0.508144
0.523195
0.521654
0.540476
0.581849
0.627434
0.649297
0.653129
0.664351
0.688174
0.706014
0.714599
0.701497
0.684704
0.683403
0.685098
0.682989
0.670644
0.613515
0.534770
0.441054
0.306354
0.235914
0.225264
0.226594
0.223413
0.223295
0.227426
0.229428
0.229286
0.218986
0.181874
0.156243
0.134854
0.123846
0.120993
0.122712
0.124451
0.124337
0.140076
0.186842
0.217940
0.228450
0.223278
0.226942
0.225069
0.221479
0.218921
0.213039
0.202196
0.197712
0.195778
0.198597
0.201424
0.199034
0.188876
0.164968
0.130187
0.095878
0.090637
0.081369
0.069428
0.066997
0.070719
0.080765
0.109966
0.118471
0.125073
0.125718
0.124280
0.134584
0.156738
0.179135
0.184884
0.187779
0.212506
0.251182
0.276903
0.286918
0.286257
0.283917
0.288224
0.298061
0.309287
0.315641
0.311715
0.308908
0.315958
0.340472
0.349715
0.341891
0.338277
0.361458
0.420101
0.497045
0.556491
0.578256
0.602410
0.620315
0.632409
0.640176
0.647471
0.654301
0.662457
0.667709
0.665120
0.648405
0.593015
0.485582
0.361937
0.247274
0.172596
0.136805
0.130784
0.138761
0.155630
0.178091
0.178620
0.173650
0.171744
0.169152
0.176598
0.187564
0.196556
0.202056
0.206148
0.206778
0.206020
0.206799
0.207736
0.206522
0.205170
0.205933
0.206618
0.204380
0.193063
0.172906
0.156004
0.138017
0.117333
0.118527
0.119545
0.113957
0.103537
0.091878
0.076863
0.065714
0.064641
0.063474
0.060415
0.059871
0.060750
0.060648
0.060930
0.062169
0.060542
0.054508
0.045016
0.039930
0.041319
0.041899
0.043865
0.049735
0.055909
0.058923
0.062312
0.061309
0.058723
0.058436
0.055408
0.054380
0.056146
0.058360
0.058788
0.061254
0.072015
0.087605
0.098341
0.106234
0.116527
0.120305
0.129833
0.147736
0.163345
0.216580
0.285900
0.338901
0.358448
0.370108
0.405509
0.444273
0.454638
0.462364
0.465356
0.460974
0.452966
0.441003
0.447393
0.464768
0.438710
0.393819
0.372964
0.351416
0.320306
0.309415
0.337769
0.384309
0.441240
0.484079
0.503552
0.507386
0.516209
0.523904
0.531858
0.539160
0.542768
0.541892
0.517589
0.463810
0.424170
0.400607
0.363335
0.323963
0.263392
0.236851
0.240853
0.240725
0.231937
0.228704
0.238191
0.235542
0.236656
0.237283
0.243442
0.240616
0.234025
0.224713
0.187343
0.150593
0.144872
0.148224
0.148084
0.148013
0.151826
0.156399
0.155653
0.143832
0.136458
0.134060
0.136379
0.138765
0.143608
0.146935
0.145608
0.146411
0.144726
0.142317
0.141545
0.130747
0.096427
0.070373
0.063526
0.061120
0.062225
0.065751
0.064283
0.067443
0.068216
0.067652
0.067781
0.069487
0.072226
0.072416
0.075461
0.080314
0.085379
0.088644
0.089264
0.087117
0.078142
0.069381
0.062511
0.057106
0.054716
0.057132
0.062582
0.073170
0.080420
0.078631
0.075191
0.077703
0.084338
0.086379
0.086623
0.087491
0.090225
0.095266
0.095932
0.095439
0.094718
0.091200
0.086476
0.083363
0.081825
0.083001
0.084024
0.086697
0.105680
0.130987
0.144909
0.144117
0.133062
0.125198
0.130087
0.141349
0.154304
0.168014
0.182011
0.194635
0.204614
0.211818
0.218052
0.230541
0.245406
0.246109
0.257546
0.263840
0.259695
0.246418
0.230722
0.217886
0.211443
0.212729
0.228386
0.234602
0.232943
0.231162
0.226103
0.219979
0.213138
0.206257
0.198345
0.177809
0.142624
0.136238
0.124708
0.114808
0.107340
0.103731
0.109050
0.110579
0.100885
0.097226
0.116491
0.111563
0.129937
0.172620
0.210245
0.232193
0.241055
0.240231
0.251468
0.279369
0.280601
0.280441
0.280391
0.280644
0.280628
0.282180
0.282376
0.286826
0.325615
0.327924
0.340989
0.393160
0.438650
0.455317
0.449130
0.446833
0.485321
0.526572
0.533704
0.536018
0.556141
0.577079
0.597747
0.615251
0.628460
0.639577
0.651323
0.664220
0.670946
0.675118
0.642003
0.558520
0.435708
0.293569
0.183312
0.120231
0.113828
0.103907
0.083392
0.063481
0.067495
0.094440
0.114942
0.116985
0.125693
0.161432
0.209901
0.245867
0.254350
0.257349
0.265626
0.275185
0.280129
0.281803
0.282533
0.282724
0.282725
0.282894
0.282660
0.282238
0.280398
0.271932
0.260265
0.258376
0.263386
0.256086
0.223377
0.169923
0.138255
0.139898
0.138089
0.131158
0.126480
0.125141
0.125265
0.125194
0.124897
0.125148
0.126630
0.125652
0.124959
0.126197
0.142621
0.163398
0.183184
0.190960
0.190133
0.189026
0.189165
0.185170
0.181214
0.179597
0.178708
0.179692
0.177993
0.181885
0.180237
0.174225
0.171713
0.182542
0.251520
0.352524
0.498116
0.632731
0.714661
0.759893
0.793021
0.818924
0.842901
0.847517
0.829873
0.801122
0.760354
0.705147
0.679283
0.698839
0.687025
0.614310
0.582608
0.645891
0.753989
0.823270
0.826848
0.825973
0.829906
0.829886
0.827426
0.821026
0.808438
0.798112
0.810307
0.852766
0.903131
0.937022
0.953843
0.936466
0.912316
0.910011
0.886325
0.798704
0.651211
0.506076
0.505389
0.568069
0.610539
0.620991
0.624062
0.616271
0.607034
0.605335
0.607602
0.588217
0.527413
0.456136
0.404024
0.377590
0.384406
0.399713
0.415197
0.406106
0.379723
0.362732
0.363363
0.354393
0.349137
0.350329
0.348746
0.323808
0.271887
0.235666
0.210870
0.206993
0.221052
0.251860
0.291559
0.315109
0.319661
0.320024
0.317892
0.316826
0.316009
0.313552
0.310869
0.302582
0.297011
0.294437
0.293099
0.285748
0.261665
0.230046
0.209245
0.206414
0.203258
0.177569
0.129981
0.082915
0.077050
0.080009
0.077539
0.078878
0.078731
0.073061
0.067456
0.066048
0.065509
0.065563
0.065809
0.068093
0.072550
0.080180
0.083164
0.082962
0.083559
0.083860
0.084224
0.085838
0.084805
0.084796
0.091609
0.097654
0.101901
0.101713
0.100363
0.098777
0.098125
0.104684
0.114873
0.118522
0.114785
0.105619
0.099911
0.100374
0.100638
0.095260
0.088963
0.074472
0.065409
0.063970
0.068028
0.071321
0.073421
0.070470
0.065998
0.057811
0.050940
0.050725
0.048696
0.047800
0.048967
0.051237
0.051473
0.059617
0.078336
0.089566
0.098060
0.101662
0.101167
0.100853
0.101652
0.103701
0.106794
0.103483
0.096857
0.097265
0.111240
0.121241
0.190249
0.260295
0.308415
0.322786
0.317594
0.333116
0.375844
0.406760
0.411025
0.413725
0.424392
0.434874
0.451815
0.470458
0.478387
0.481539
0.483905
0.487598
0.491784
0.494778
0.464956
0.398992
0.300132
0.191654
0.164035
0.234543
0.363488
0.475765
0.551518
0.598859
0.628413
0.637919
0.639237
0.648400
0.662039
0.663510
0.649785
0.628590
0.600939
0.567822
0.525221
0.488140
0.447430
0.385268
0.332566
0.312958
0.313175
0.310503
0.308899
0.311012
0.314482
0.317573
0.348676
0.401517
0.460774
0.509557
0.539785
0.556617
0.564899
0.568375
0.568251
0.555982
0.528662
0.490532
0.445745
0.401065
0.360304
0.314143
0.280178
0.276394
0.276570
0.278220
0.284186
0.291761
0.293902
0.292664
0.297483
0.298663
0.289892
0.268741
0.248488
0.235266
0.228448
0.227704
0.228640
0.232107
0.238092
0.238707
0.238468
0.225841
0.203290
0.176861
0.170993
0.170469
0.162013
0.164719
0.188419
0.219771
0.243135
0.259115
0.272601
0.279666
0.287530
0.295152
0.300096
0.301088
0.296281
0.300142
0.311025
