78.193218
37.410437
23.931946
31.375595
48.656965
63.463965
68.670865
70.142296
76.759686
82.797246
74.262809
50.476357
25.180708
9.132991
2.401607
0.457306
0.063204
0.009634
0.035306
0.253843
1.304264
4.740584
12.223881
22.441385
29.452424
27.750292
18.844276
9.249224
3.285434
0.844035
0.156444
0.020845
0.001988
0.000135
0.000006
0.000000
0.000000
0.000000
0.000000
0.000000
0.000000
0.000000
0.000000
0.000000
0.000000
0.000000
0.000000
0.000000
0.000000
0.000000
0.000000
0.000000
0.000000
0.000000
0.000000
0.000000
0.000000
0.000000
0.000000
0.000000
0.000000
0.000000
0.000000
0.000000
0.000000
0.000000
0.000000
0.000000
0.000000
0.000000
0.000000
0.000000
0.000000
0.000000
0.000000
0.000000
0.000000
0.000000
0.000000
0.000000
0.000000
0.000000
0.000000
0.000000
0.000000
0.000000
0.000000
0.000000
0.000000
0.000000
0.000000
0.000000
0.000000
0.000000
0.000000
0.000003
0.000059
0.000744
0.006557
0.040514
0.175554
0.533500
1.137107
1.699918
1.782472
1.310951
0.676259
0.244675
0.062086
0.011048
0.001379
0.000121
0.000007
0.000000
0.000000
0.000000
0.000000
0.000000
0.000000
0.000000
0.000000
0.000000
0.000000
0.000000
0.000000
0.000000
0.000000
0.000000
0.000000
0.000000
0.000000
0.000000
0.000000
0.000000
0.000000
0.000000
0.000000
0.000000
0.000000
0.000000
0.000000
0.000000
0.000000
0.000000
0.000000
0.000000
0.000000
0.000000
0.000000
0.000000
0.000000
0.000000
0.000000
0.000000
0.000000
0.000000
0.000000
0.000000
0.000000
0.000000
0.000000
0.000000
0.000000
0.000000
0.000000
0.000000
0.000000
0.000000
0.000000
0.000000
0.000001
0.000034
0.000641
0.008471
0.078730
0.515301
2.376474
7.727140
17.724457
28.696907
32.811080
26.503961
15.130188
6.105325
1.741547
0.351152
0.050038
0.005037
0.000358
0.000018
0.000001
0.000000
0.000000
0.000000
0.000000
0.000000
0.000000
0.000000
0.000000
0.000000
0.000000
0.000000
0.000000
0.000000
0.000000
0.000000
0.000000
0.000000
0.000000
0.000000
0.000000
0.000000
0.000000
0.000000
0.000000
0.000000
0.000000
0.000000
0.000000
0.000000
0.000000
0.000000
0.000000
0.000000
0.000000
0.000000
0.000000
0.000000
0.000000
0.000000
0.000000
0.000000
0.000000
0.000000
0.000000
0.000001
0.000020
0.000400
0.005560
0.054496
0.377218
1.844718
6.376386
15.587792
26.990005
33.268060
29.720368
20.392218
12.351481
7.690064
4.692391
2.360430
0.879799
0.233759
0.043759
0.005752
0.000530
0.000034
0.000002
0.000000
0.000000
0.000000
0.000000
0.000000
0.000000
0.000000
0.000000
0.000000
0.000000
0.000000
0.000000
0.000000
0.000000
0.000000
0.000000
0.000000
0.000000
0.000000
0.000000
0.000000
0.000000
0.000000
0.000000
0.000000
0.000000
0.000000
0.000000
0.000000
0.000000
0.000000
0.000002
0.000026
0.000298
0.002361
0.013105
0.051007
0.139241
0.266599
0.358027
0.337244
0.222815
0.103253
0.033559
0.007650
0.001223
0.000137
0.000011
0.000008
0.000169
0.002806
0.032731
0.268812
1.555542
6.346407
18.266085
37.108826
53.240395
53.966137
38.659612
19.576652
7.008028
1.773380
0.317154
0.040074
0.003576
0.000225
0.000010
0.000000
0.000000
0.000000
0.000000
0.000000
0.000000
0.000000
0.000000
0.000005
0.000103
0.001466
0.014652
0.103284
0.513808
1.805427
4.488037
7.929084
10.114702
9.822843
8.332198
7.340628
6.532550
4.884142
2.724800
1.087330
0.306630
0.060920
0.008523
0.000840
0.000058
0.000003
0.000000
0.000000
0.000000
0.000000
0.000000
0.000000
0.000000
0.000000
0.000000
0.000000
0.000000
0.000000
0.000000
0.000000
0.000000
0.000000
0.000000
0.000000
0.000000
0.000000
0.000000
0.000000
0.000000
0.000000
0.000000
0.000000
0.000000
0.000000
0.000000
0.000000
0.000000
0.000000
0.000000
0.000000
0.000000
0.000000
0.000000
0.000000
0.000000
0.000000
0.000000
0.000000
0.000000
0.000000
0.000000
0.000000
0.000000
0.000005
0.000109
0.001533
0.015108
0.104376
0.505708
1.718404
4.095460
6.846208
8.027455
6.602211
3.808734
1.541134
0.437371
0.087053
0.012151
0.001189
0.000082
0.000004
0.000000
0.000000
0.000000
0.000000
0.000000
0.000000
0.000000
0.000000
0.000000
0.000000
0.000000
0.000000
0.000000
0.000000
0.000000
0.000000
0.000000
0.000000
0.000000
0.000000
0.000000
0.000000
0.000000
0.000000
0.000000
0.000000
0.000000
0.000000
0.000000
0.000000
0.000000
0.000000
0.000000
0.000000
0.000000
0.000000
0.000000
0.000000
0.000000
0.000000
0.000000
0.000000
0.000000
0.000000
0.000000
0.000000
0.000000
0.000000
0.000000
0.000000
0.000000
0.000000
0.000000
0.000000
0.000000
0.000000
0.000000
0.000000
0.000000
0.000000
0.000000
0.000000
0.000000
0.000000
0.000000
0.000000
0.000000
0.000000
0.000000
0.000000
0.000000
0.000000
0.000000
0.000000
0.000000
0.000000
0.000000
0.000000
0.000000
0.000000
0.000000
0.000000
0.000000
0.000000
0.000000
0.000000
0.000000
0.000000
0.000000
0.000000
0.000000
0.000000
0.000000
0.000000
0.000000
0.000000
0.000000
0.000000
0.000000
0.000000
0.000000
0.000000
0.000000
0.000000
0.000000
0.000000
0.000000
0.000000
0.000000
0.000000
0.000000
0.000000
0.000000
0.000000
0.000000
0.000000
0.000000
0.000000
0.000000
0.000000
0.000017
0.000339
0.004722
0.046406
0.321868
1.574693
5.431608
13.202838
22.604953
27.247903
23.113150
13.790972
5.785808
1.706087
0.353469
0.051436
0.005256
0.000377
0.000019
0.000001
0.000000
0.000000
0.000000
0.000000
0.000000
0.000000
0.000000
0.000000
0.000000
0.000000
0.000000
0.000000
0.000000
0.000000
0.000000
0.000000
0.000000
0.000000
0.000000
0.000000
0.000000
0.000000
0.000000
0.000000
0.000000
0.000000
0.000002
0.000038
0.000567
0.005994
0.044618
0.235492
0.894908
2.530228
5.639132
10.586070
17.113275
22.771899
23.347117
17.610785
9.547705
3.683084
1.006853
0.194754
0.026638
0.002575
0.000176
0.000008
0.000000
0.000000
0.000000
0.000000
0.000000
0.000000
0.000000
0.000000
0.000000
0.000000
0.000000
0.000001
0.000038
0.000696
0.008861
0.079115
0.495314
2.174715
6.696535
14.462627
21.908333
23.277975
17.348270
9.068519
3.324854
0.854957
0.154179
0.019498
0.001729
0.000107
0.000005
0.000000
0.000000
0.000000
0.000000
0.000000
0.000000
0.000000
0.000000
0.000000
0.000000
0.000000
0.000000
0.000000
0.000000
0.000000
0.000000
0.000000
0.000000
0.000000
0.000000
0.000000
0.000000
0.000000
0.000000
0.000000
0.000000
0.000000
0.000000
0.000000
0.000000
0.000000
0.000000
0.000000
0.000000
0.000000
0.000000
0.000000
0.000000
0.000000
0.000000
0.000000
0.000000
0.000000
0.000000
0.000000
0.000000
0.000000
0.000000
0.000000
0.000000
0.000000
0.000000
0.000000
0.000000
0.000001
0.000026
0.000507
0.006874
0.065721
0.443280
2.110327
7.094968
16.852814
28.291937
33.574954
28.168708
16.706807
7.003459
2.074377
0.433945
0.064081
0.006676
0.000490
0.000025
0.000001
0.000000
0.000000
0.000000
0.000000
0.000000
0.000000
0.000000
0.000000
0.000000
0.000000
0.000000
0.000000
0.000000
0.000000
0.000000
0.000000
0.000002
0.000030
0.000333
0.002591
0.014128
0.054037
0.144954
0.272732
0.359932
0.333187
0.216341
0.098528
0.031473
0.007051
0.001108
0.000122
0.000010
0.000012
0.000210
0.002803
0.026204
0.171759
0.789509
2.545142
5.754503
9.125598
10.150372
7.919028
4.333373
1.663153
0.447683
0.084511
0.011188
0.001038
0.000068
0.000003
0.000000
0.000000
0.000000
0.000000
0.000000
0.000000
0.000000
0.000000
0.000000
0.000000
0.000000
0.000000
0.000000
0.000000
0.000000
0.000000
0.000000
0.000000
0.000000
0.000000
0.000000
0.000000
0.000000
0.000000
0.000000
0.000000
0.000000
0.000000
0.000000
0.000000
0.000000
0.000000
0.000000
0.000000
0.000000
0.000000
0.000000
0.000000
0.000000
0.000000
0.000000
0.000000
0.000000
0.000000
0.000000
0.000000
0.000000
0.000000
0.000000
0.000000
0.000000
0.000000
0.000000
0.000000
0.000000
0.000000
0.000000
0.000000
0.000000
0.000000
0.000000
0.000000
0.000000
0.000000
0.000000
0.000000
0.000000
0.000000
0.000000
0.000000
0.000000
0.000000
0.000000
0.000000
0.000000
0.000000
0.000000
0.000000
0.000001
0.000026
0.000525
0.007365
0.072608
0.503491
2.457027
8.442582
20.437764
34.876405
41.977208
35.654186
21.381291
9.056604
2.710489
0.573292
0.085702
0.009055
0.000676
0.000036
0.000001
0.000000
0.000000
0.000000
0.000000
0.000000
0.000000
0.000000
0.000000
0.000000
0.000000
0.000000
0.000000
0.000000
0.000000
0.000000
0.000000
0.000000
0.000000
0.000000
0.000000
0.000000
0.000000
0.000000
0.000000
0.000000
0.000000
0.000000
0.000000
0.000000
0.000000
0.000000
0.000004
0.000074
0.001046
0.010467
0.073607
0.364041
1.266917
3.104123
5.357434
6.516878
5.590152
3.383271
1.445408
0.436085
0.092946
0.013998
0.001492
0.000155
0.000725
0.008525
0.070832
0.412712
1.686418
4.833205
9.718390
13.732255
13.762089
10.294640
7.159926
6.776916
7.755127
7.476926
5.730736
5.058950
8.074418
14.431650
19.747735
19.221334
13.176062
6.351076
2.151543
0.512082
0.085603
0.010096
0.001560
0.007718
0.034401
0.085942
0.196838
0.413283
0.795518
1.403911
2.271667
3.370606
4.586864
