7.095475
4.313886
2.440357
1.293703
0.676234
0.426438
0.460588
0.780119
1.467858
2.669307
7.260245
14.999586
23.443911
27.476040
23.876439
15.226635
7.070061
2.376887
0.576314
0.100484
0.012622
0.001703
0.004190
0.020530
0.071761
0.175956
0.302645
0.365575
0.313615
0.211801
0.195635
0.372529
0.725533
1.041569
1.054167
0.748727
0.373014
0.130340
0.031942
0.005490
0.000662
0.000056
0.000003
0.000000
0.000000
0.000000
0.000007
0.000117
0.001425
0.012220
0.073470
0.309797
0.916429
1.904581
2.803448
3.057401
3.019091
3.976842
6.514436
9.062592
9.189790
6.580465
3.308824
1.167156
0.288756
0.050100
0.006099
0.000575
0.000710
0.005868
0.035530
0.150907
0.449524
0.939194
1.376354
1.414769
1.020053
0.515867
0.183031
0.046032
0.011643
0.019812
0.067352
0.168463
0.295896
0.364554
0.315042
0.190965
0.081191
0.024211
0.005063
0.000743
0.000076
0.000006
0.000000
0.000000
0.000000
0.000000
0.000000
0.000000
0.000000
0.000000
0.000000
0.000000
0.000000
0.000002
0.000043
0.000642
0.006728
0.049550
0.256612
0.936244
2.413800
4.418778
5.785930
5.475660
3.795131
1.953269
0.754255
0.219052
0.047530
0.007608
0.000886
0.000074
0.000005
0.000006
0.000087
0.000916
0.006766
0.035057
0.127392
0.324673
0.580374
0.727681
0.639956
0.394759
0.170796
0.051828
0.011030
0.001646
0.000172
0.000013
0.000001
0.000000
0.000000
0.000000
0.000000
0.000000
0.000000
0.000000
0.000000
0.000000
0.000000
0.000000
0.000000
0.000000
0.000000
0.000000
0.000000
0.000000
0.000000
0.000000
0.000000
0.000000
0.000000
0.000000
0.000000
0.000000
0.000000
0.000000
0.000000
0.000000
0.000000
0.000000
0.000000
0.000000
0.000000
0.000000
0.000000
0.000000
0.000000
0.000000
0.000000
0.000000
0.000000
0.000000
0.000000
0.000000
0.000000
0.000000
0.000000
0.000000
0.000000
0.000000
0.000000
0.000000
0.000000
0.000000
0.000000
0.000000
0.000000
0.000000
0.000000
0.000000
0.000000
0.000000
0.000000
0.000000
0.000000
0.000000
0.000000
0.000000
0.000000
0.000000
0.000000
0.000000
0.000000
0.000000
0.000000
0.000000
0.000000
0.000000
0.000000
0.000000
0.000000
0.000000
0.000000
0.000000
0.000000
0.000000
0.000000
0.000000
0.000000
0.000000
0.000000
0.000000
0.000000
0.000000
0.000000
0.000000
0.000000
0.000000
0.000000
0.000000
0.000000
0.000000
0.000000
0.000000
0.000000
0.000000
0.000000
0.000000
0.000000
0.000000
0.000000
0.000000
0.000000
0.000000
0.000000
0.000000
0.000000
0.000000
0.000000
0.000000
0.000000
0.000000
0.000000
0.000000
0.000000
0.000000
0.000000
0.000000
0.000000
0.000000
0.000000
0.000000
0.000000
0.000000
0.000000
0.000000
0.000000
0.000000
0.000000
0.000000
0.000000
0.000000
0.000000
0.000000
0.000000
0.000000
0.000000
0.000000
0.000000
0.000000
0.000000
0.000000
0.000000
0.000000
0.000000
0.000000
0.000002
0.000027
0.000308
0.002424
0.013387
0.051846
0.140833
0.268324
0.358584
0.336129
0.221006
0.101924
0.032969
0.007479
0.001190
0.000133
0.000010
0.000001
0.000000
0.000000
0.000000
0.000000
0.000000
0.000000
0.000000
0.000000
0.000000
0.000000
0.000000
0.000000
0.000000
0.000000
0.000000
0.000000
0.000000
0.000000
0.000000
0.000000
0.000000
0.000000
0.000000
0.000000
0.000000
0.000000
0.000000
0.000000
0.000000
0.000000
0.000000
0.000000
0.000000
0.000000
0.000000
0.000000
0.000000
0.000000
0.000000
0.000000
0.000000
0.000000
0.000000
0.000000
0.000000
0.000000
0.000000
0.000000
0.000000
0.000000
0.000000
0.000000
0.000000
0.000000
0.000000
0.000000
0.000000
0.000000
0.000000
0.000000
0.000000
0.000000
0.000000
0.000000
0.000000
0.000000
0.000000
0.000000
0.000000
0.000000
0.000000
0.000000
0.000000
0.000000
0.000000
0.000000
0.000000
0.000000
0.000000
0.000000
0.000000
0.000000
0.000000
0.000000
0.000000
0.000000
0.000000
0.000000
0.000000
0.000000
0.000000
0.000000
0.000000
0.000000
0.000000
0.000000
0.000000
0.000000
0.000000
0.000000
0.000000
0.000000
0.000000
0.000000
0.000000
0.000000
0.000000
0.000000
0.000000
0.000000
0.000000
0.000000
0.000000
0.000000
0.000000
0.000000
0.000000
0.000000
0.000000
0.000000
0.000005
0.000069
0.000691
0.004931
0.025337
0.095854
0.275233
0.618588
1.103314
1.540903
1.634274
1.276694
0.718824
0.287941
0.081483
0.016230
0.002271
0.000223
0.000015
0.000001
0.000000
0.000000
0.000009
0.000130
0.001299
0.009168
0.045672
0.161328
0.407007
0.742214
0.999047
1.032864
0.884141
0.695185
0.525505
0.353929
0.193164
0.096260
0.095725
0.184754
0.307110
0.365121
0.304994
0.178950
0.075941
0.039048
0.095685
0.339326
0.933292
1.978649
3.333494
4.516592
4.858798
4.058322
2.599218
1.315339
0.679311
0.663322
0.950032
1.158684
1.170184
1.276958
1.754705
2.333833
2.434763
1.947128
1.452315
1.656697
2.719354
3.982528
4.478684
3.870018
2.631909
1.419974
0.597391
0.195558
0.088906
0.232034
0.790341
1.952535
3.414026
4.265082
3.908361
2.831584
2.014641
1.962290
2.421150
2.661467
2.198234
1.298617
0.541262
0.158521
0.032580
0.004697
0.000475
0.000034
0.000002
0.000000
0.000000
0.000000
0.000000
0.000000
0.000000
0.000000
0.000000
0.000000
0.000000
0.000000
0.000000
0.000000
0.000000
0.000000
0.000000
0.000000
0.000000
0.000000
0.000000
0.000000
0.000000
0.000000
0.000000
0.000000
0.000000
0.000000
0.000000
0.000000
0.000000
0.000000
0.000000
0.000000
0.000000
0.000000
0.000000
0.000000
0.000000
0.000000
0.000000
0.000000
0.000000
0.000000
0.000000
0.000000
0.000000
0.000000
0.000000
0.000000
0.000000
0.000000
0.000000
0.000000
0.000000
0.000000
0.000000
0.000000
0.000000
0.000000
0.000000
0.000000
0.000000
0.000000
0.000000
0.000000
0.000000
0.000000
0.000000
0.000000
0.000000
0.000000
0.000000
0.000000
0.000000
0.000000
0.000000
0.000000
0.000000
0.000000
0.000000
0.000000
0.000000
0.000000
0.000000
0.000000
0.000000
0.000000
0.000000
0.000000
0.000000
0.000000
0.000000
0.000000
0.000000
0.000000
0.000000
0.000000
0.000000
0.000000
0.000000
0.000000
0.000000
0.000000
0.000000
0.000000
0.000000
0.000000
0.000000
0.000000
0.000000
0.000000
0.000000
0.000000
0.000000
0.000000
0.000000
0.000000
0.000000
0.000000
0.000000
0.000000
0.000000
0.000000
0.000000
0.000000
0.000000
0.000000
0.000000
0.000010
0.000153
0.001653
0.012552
0.067223
0.254939
0.688825
1.337856
1.890419
1.970859
1.537167
0.920504
0.538076
0.804235
2.285625
5.326740
8.878460
10.470531
8.729200
5.143235
2.140956
0.629377
0.130829
0.021356
0.016224
0.063617
0.198270
0.434356
0.667455
0.719414
0.543899
0.288426
0.107279
0.027986
0.005120
0.000657
0.000059
0.000004
0.000000
0.000000
0.000000
0.000000
0.000000
0.000001
0.000020
0.000314
0.003494
0.027644
0.156657
0.642927
1.937113
4.343591
7.315459
9.261418
8.743557
6.075264
3.066426
1.123585
0.341895
0.201393
0.284036
0.361805
0.329984
0.211408
0.095009
0.029948
0.006621
0.001026
0.000112
0.000009
0.000000
0.000000
0.000000
0.000000
0.000000
0.000008
0.000108
0.001002
0.006489
0.029480
0.093923
0.209874
0.328930
0.361588
0.278801
0.150778
0.057192
0.015215
0.002839
0.000371
0.000034
0.000002
0.000000
0.000000
0.000000
0.000000
0.000000
0.000000
0.000000
0.000000
0.000000
0.000000
0.000000
0.000000
0.000000
0.000000
0.000000
0.000000
0.000000
0.000000
0.000000
0.000000
0.000000
0.000000
0.000000
0.000000
0.000000
0.000000
0.000000
0.000000
0.000000
0.000000
0.000000
0.000000
0.000000
0.000000
0.000000
0.000000
0.000000
0.000000
0.000000
0.000000
0.000000
0.000000
0.000000
0.000000
0.000000
0.000000
0.000000
0.000000
0.000000
0.000000
0.000000
0.000000
0.000000
0.000000
0.000000
0.000000
0.000000
0.000000
0.000000
0.000000
0.000000
0.000000
0.000000
0.000000
0.000000
0.000000
0.000000
0.000000
0.000000
0.000000
0.000000
0.000000
0.000000
0.000000
0.000000
0.000000
0.000000
0.000000
0.000000
0.000000
0.000000
0.000000
0.000000
0.000000
0.000000
0.000000
0.000000
0.000000
0.000000
0.000000
0.000000
0.000000
0.000000
0.000000
0.000000
0.000001
0.000012
0.000164
0.001577
0.010649
0.050487
0.168535
0.399970
0.696002
0.967161
1.250001
1.627782
1.907922
1.743651
1.157523
0.544686
0.180325
0.041907
0.006832
0.000781
0.000063
0.000004
0.000000
0.000000
0.000000
0.000000
0.000000
0.000000
0.000000
0.000000
0.000000
0.000000
0.000000
0.000000
0.000000
0.000000
0.000000
0.000000
0.000000
0.000000
0.000000
0.000000
0.000000
0.000000
0.000003
0.000054
0.000753
0.007409
0.051138
0.247813
0.843381
2.016354
3.387573
4.000692
3.322472
1.941035
0.798046
0.231010
0.047102
0.006768
0.000686
0.000049
0.000007
0.000070
0.000691
0.004770
0.023086
0.078360
0.186554
0.311516
0.364869
0.299761
0.172740
0.069820
0.019793
0.003935
0.000549
0.000054
0.000004
0.000000
0.000003
0.000057
0.000803
0.007956
0.055295
0.269508
0.921237
2.208621
3.714600
4.389098
3.687100
2.414053
1.923373
2.809702
4.372212
5.117061
4.237433
2.463826
1.004922
0.287478
0.057676
0.008115
0.000801
0.000057
0.000034
0.000442
0.004416
0.030944
0.152076
0.524165
1.036712
1.479486
1.932220
2.309386
2.525996
2.528528
2.316383
1.942165
1.490625
1.047714
