-0.000000
0.001891
0.003782
0.005672
0.007563
0.009454
0.011345
0.013235
0.015126
0.017017
0.018908
0.020799
0.022689
0.024579
0.026469
0.028359
0.030250
0.032140
0.034030
0.035920
0.037811
0.039701
0.041591
0.043481
0.045369
0.047258
0.049146
0.051035
0.052923
0.054812
0.056700
0.058589
0.060477
0.062365
0.064254
0.066142
0.068027
0.069913
0.071798
0.073683
0.075569
0.077454
0.079340
0.081225
0.083110
0.084996
0.086881
0.088766
0.090647
0.092528
0.094410
0.096291
0.098172
0.100053
0.101935
0.103816
0.105697
0.107578
0.109459
0.111340
0.113216
0.115091
0.116967
0.118843
0.120719
0.122595
0.124471
0.126347
0.128222
0.130098
0.131974
0.133849
0.135718
0.137588
0.139457
0.141327
0.143196
0.145065
0.146935
0.148804
0.150674
0.152543
0.154412
0.156280
0.158142
0.160004
0.161866
0.163728
0.165590
0.167452
0.169313
0.171175
0.173037
0.174899
0.176761
0.178621
0.180474
0.182328
0.184181
0.186034
0.187887
0.189741
0.191594
0.193447
0.195300
0.197154
0.199007
0.200858
0.202702
0.204546
0.206389
0.208233
0.210076
0.211920
0.213764
0.215607
0.217451
0.219294
0.221138
0.222980
0.224813
0.226646
0.228479
0.230312
0.232145
0.233978
0.235811
0.237644
0.239477
0.241310
0.243143
0.244974
0.246795
0.248616
0.250438
0.252259
0.254081
0.255902
0.257723
0.259545
0.261366
0.263188
0.265009
0.266828
0.268637
0.270446
0.272255
0.274064
0.275873
0.277681
0.279490
0.281299
0.283108
0.284917
0.286726
0.288532
0.290328
0.292123
0.293918
0.295714
0.297509
0.299305
0.301100
0.302896
0.304691
0.306486
0.308282
0.310075
0.311856
0.313637
0.315418
0.317199
0.318980
0.320761
0.322542
0.324323
0.326104
0.327885
0.329667
0.331445
0.333211
0.334977
0.336743
0.338509
0.340274
0.342040
0.343806
0.345572
0.347338
0.349104
0.350870
0.352633
0.354383
0.356132
0.357882
0.359632
0.361382
0.363132
0.364882
0.366631
0.368381
0.370131
0.371881
0.373628
0.375361
0.377094
0.378827
0.380560
0.382293
0.384026
0.385759
0.387491
0.389224
0.390957
0.392690
0.394420
0.396136
0.397851
0.399566
0.401281
0.402997
0.404712
0.406427
0.408143
0.409858
0.411573
0.413288
0.415001
0.416697
0.418394
0.420091
0.421788
0.423485
0.425182
0.426878
0.428575
0.430272
0.431969
0.433666
0.435359
0.437037
0.438715
0.440392
0.442070
0.443747
0.445425
0.447103
0.448780
0.450458
0.452135
0.453813
0.455487
0.457145
0.458803
0.460460
0.462118
0.463776
0.465433
0.467091
0.468748
0.470406
0.472064
0.473721
0.475376
0.477013
0.478649
0.480286
0.481923
0.483560
0.485197
0.486834
0.488471
0.490108
0.491745
0.493382
0.495015
0.496631
0.498246
0.499862
0.501477
0.503093
0.504708
0.506324
0.507939
0.509555
0.511171
0.512786
0.514398
0.515991
0.517585
0.519178
0.520771
0.522365
0.523958
0.525552
0.527145
0.528738
0.530332
0.531925
0.533515
0.535085
0.536656
0.538227
0.539797
0.541368
0.542938
0.544509
0.546080
0.547650
0.549221
0.550791
0.552358
0.553905
0.555452
0.556999
0.558546
0.560093
0.561640
0.563188
0.564735
0.566282
0.567829
0.569376
0.570919
0.572442
0.573965
0.575488
0.577011
0.578534
0.580057
0.581579
0.583102
0.584625
0.586148
0.587671
0.589190
0.590688
0.592186
0.593684
0.595182
0.596681
0.598179
0.599677
0.601175
0.602673
0.604171
0.605669
0.607163
0.608636
0.610108
0.611581
0.613054
0.614526
0.615999
0.617472
0.618944
0.620417
0.621889
0.623362
0.624830
0.626277
0.627723
0.629170
0.630617
0.632063
0.633510
0.634956
0.636403
0.637849
0.639296
0.640742
0.642184
0.643604
0.645024
0.646444
0.647864
0.649283
0.650703
0.652123
0.653543
0.654963
0.656382
0.657802
0.659217
0.660610
0.662002
0.663395
0.664787
0.666180
0.667572
0.668964
0.670357
0.671749
0.673142
0.674534
0.675922
0.677286
0.678651
0.680015
0.681380
0.682744
0.684109
0.685473
0.686838
0.688202
0.689566
0.690931
0.692291
0.693627
0.694962
0.696298
0.697634
0.698970
0.700306
0.701642
0.702978
0.704313
0.705649
0.706985
0.708316
0.709623
0.710929
0.712236
0.713543
0.714849
0.716156
0.717463
0.718769
0.720076
0.721383
0.722689
0.723991
0.725268
0.726545
0.727822
0.729099
0.730376
0.731652
0.732929
0.734206
0.735483
0.736760
0.738037
0.739309
0.740555
0.741801
0.743048
0.744294
0.745541
0.746787
0.748034
0.749280
0.750527
0.751773
0.753020
0.754261
0.755477
0.756692
0.757908
0.759123
0.760339
0.761554
0.762770
0.763985
0.765200
0.766416
0.767631
0.768842
0.770026
0.771210
0.772393
0.773577
0.774761
0.775945
0.777129
0.778313
0.779497
0.780681
0.781865
0.783043
0.784195
0.785347
0.786499
0.787650
0.788802
0.789954
0.791106
0.792257
0.793409
0.794561
0.795713
0.796859
0.797978
0.799097
0.800216
0.801335
0.802454
0.803573
0.804692
0.805811
0.806930
0.808049
0.809168
0.810282
0.811368
0.812453
0.813539
0.814625
0.815710
0.816796
0.817882
0.818968
0.820053
0.821139
0.822225
0.823305
0.824357
0.825408
0.826460
0.827512
0.828564
0.829616
0.830668
0.831719
0.832771
0.833823
0.834875
0.835921
0.836938
0.837956
0.838973
0.839990
0.841008
0.842025
0.843042
0.844060
0.845077
0.846095
0.847112
0.848123
0.849106
0.850088
0.851070
0.852053
0.853035
0.854017
0.855000
0.855982
0.856964
0.857947
0.858929
0.859906
0.860852
0.861799
0.862746
0.863693
0.864639
0.865586
0.866533
0.867480
0.868426
0.869373
0.870320
0.871260
0.872171
0.873082
0.873992
0.874903
0.875813
0.876724
0.877635
0.878545
0.879456
0.880366
0.881277
0.882181
0.883055
0.883929
0.884803
0.885677
0.886551
0.887425
0.888299
0.889172
0.890046
0.890920
0.891794
0.892662
0.893498
0.894335
0.895172
0.896008
0.896845
0.897681
0.898518
0.899355
0.900191
0.901028
0.901864
0.902695
0.903493
0.904292
0.905091
0.905890
0.906689
0.907487
0.908286
0.909085
0.909884
0.910683
0.911481
0.912274
0.913034
0.913795
0.914555
0.915315
0.916076
0.916836
0.917597
0.918357
0.919117
0.919878
0.920638
0.921392
0.922114
0.922835
0.923557
0.924278
0.925000
0.925721
0.926443
0.927164
0.927886
0.928607
0.929329
0.930044
0.930726
0.931408
0.932090
0.932772
0.933454
0.934136
0.934818
0.935500
0.936182
0.936864
0.937546
0.938222
0.938864
0.939506
0.940148
0.940790
0.941432
0.942074
0.942716
0.943358
0.944000
0.944642
0.945284
0.945920
0.946521
0.947123
0.947724
0.948326
0.948928
0.949529
0.950131
0.950732
0.951334
0.951935
0.952537
0.953132
0.953692
0.954253
0.954813
0.955374
0.955934
0.956495
0.957055
0.957616
0.958177
0.958737
0.959298
0.959851
0.960370
0.960889
0.961408
0.961927
0.962446
0.962965
0.963484
0.964003
0.964522
0.965041
0.965560
0.966072
0.966549
0.967026
0.967503
0.967980
0.968457
0.968934
0.969411
0.969888
0.970365
0.970842
0.971319
0.971789
0.972223
0.972658
0.973092
0.973527
0.973961
0.974396
0.974830
0.975265
0.975699
0.976133
0.976568
0.976995
0.977387
0.977778
0.978170
0.978561
0.978952
0.979344
0.979735
0.980127
0.980518
0.980910
0.981301
0.981685
0.982033
0.982381
0.982729
0.983077
0.983425
0.983773
0.984121
0.984469
0.984817
0.985165
0.985513
0.985854
0.986158
0.986462
0.986766
0.987070
0.987374
0.987678
0.987982
0.988286
0.988590
0.988895
0.989199
0.989495
0.989755
0.990015
0.990274
0.990534
0.990794
0.991054
0.991313
0.991573
0.991833
0.992092
0.992352
0.992604
0.992819
0.993034
0.993249
0.993464
0.993679
0.993894
0.994109
0.994324
0.994539
0.994754
0.994969
0.995176
0.995346
0.995516
0.995686
0.995856
0.996025
0.996195
0.996365
0.996535
0.996704
0.996874
0.997044
0.997206
0.997330
0.997455
0.997579
0.997703
0.997827
0.997952
0.998076
0.998200
0.998324
0.998449
0.998573
0.998690
0.998768
0.998846
0.998925
0.999003
0.999081
0.999160
0.999238
0.999316
0.999395
0.999473
0.999551
0.999622
0.999654
0.999686
0.999719
0.999751
0.999783
0.999815
0.999847
0.999879
0.999911
0.999943
0.999976
1.000000
0.999986
0.999971
0.999957
0.999942
0.999928
0.999914
0.999899
0.999885
0.999871
0.999856
0.999842
0.999820
0.999758
0.999697
0.999636
0.999575
0.999514
0.999453
0.999391
0.999330
0.999269
0.999208
0.999147
0.999078
0.998969
0.998861
0.998753
0.998645
0.998537
0.998428
0.998320
0.998212
0.998104
0.997996
0.997887
0.997771
0.997616
0.997460
0.997305
0.997149
0.996994
0.996839
0.996683
0.996528
0.996372
0.996217
0.996061
0.995898
0.995695
0.995492
0.995289
0.995087
0.994884
0.994681
0.994478
0.994275
0.994072
0.993869
0.993667
0.993456
0.993205
0.992955
0.992705
0.992454
0.992204
0.991954
0.991703
0.991453
0.991202
0.990952
0.990702
0.990443
0.990145
0.989847
0.989549
0.989251
0.988953
0.988655
0.988357
0.988059
0.987761
0.987463
0.987165
0.986859
0.986514
0.986168
0.985822
0.985477
0.985131
0.984785
0.984440
0.984094
0.983748
0.983403
0.983057
0.982703
0.982310
0.981917
0.981523
0.981130
0.980737
0.980343
0.979950
0.979556
0.979163
0.978770
0.978376
0.977975
0.977534
0.977093
0.976652
0.976211
0.975770
0.975329
0.974888
0.974447
0.974006
0.973565
0.973125
0.972676
0.972187
0.971699
0.971210
0.970722
0.970233
0.969745
0.969256
0.968768
0.968279
0.967791
0.967302
0.966806
0.966270
0.965734
0.965198
0.964662
0.964127
0.963591
0.963055
0.962519
0.961983
0.961447
