0.291602
0.344962
0.354181
0.345916
0.349409
0.354333
0.359338
0.353849
0.346296
0.359253
0.374881
0.373047
0.365321
0.365594
0.365894
0.365101
0.374412
0.384481
0.389812
0.392121
0.392301
0.382286
0.379714
0.372260
0.351635
0.322412
0.260202
0.195600
0.160345
0.156634
0.155144
0.148121
0.147493
0.147786
0.146802
0.142610
0.145791
0.147268
0.147773
0.144556
0.140340
0.131188
0.120168
0.115071
0.114082
0.096197
0.092837
0.095309
0.136684
0.177293
0.205977
0.226648
0.228600
0.229069
0.241346
0.250213
0.250152
0.250031
0.250523
0.250961
0.249985
0.248926
0.247112
0.247676
0.249328
0.250054
0.246373
0.247975
0.235903
0.213047
0.187302
0.142146
0.110286
0.107453
0.102676
0.103561
0.106207
0.111213
0.124850
0.135437
0.136667
0.135383
0.133757
0.128398
0.121115
0.113302
0.105579
0.100772
0.097260
0.096385
0.096302
0.094797
0.092014
0.087732
0.085009
0.084827
0.087320
0.088288
0.086837
0.085943
0.090592
0.093997
0.118543
0.144870
0.157753
0.165739
0.167565
0.160836
0.152116
0.150077
0.145670
0.139886
0.138059
0.137653
0.135563
0.131882
0.128441
0.127091
0.130571
0.136060
0.147852
0.168477
0.176995
0.175430
0.174665
0.174764
0.179865
0.196903
0.223536
0.241946
0.238143
0.235744
0.238489
0.250456
0.253200
0.249614
0.262779
0.291861
0.324724
0.353770
0.377930
0.397256
0.413752
0.424917
0.429121
0.426332
0.422273
0.422773
0.426875
0.432553
0.437654
0.416105
0.362798
0.270987
0.188801
0.182266
0.207263
0.221859
0.230490
0.238478
0.254330
0.265753
0.264608
0.258389
0.247679
0.239731
0.237439
0.238574
0.234404
0.215702
0.171624
0.141138
0.161251
0.204949
0.257336
0.301205
0.331031
0.351537
0.363695
0.365190
0.355021
0.345181
0.338680
0.330346
0.330049
0.336964
0.340529
0.332292
0.315823
0.296310
0.283684
0.282229
0.290208
0.300638
0.299407
0.281664
0.257537
0.240190
0.233173
0.228698
0.226018
0.215552
0.207242
0.209454
0.217923
0.220885
0.217324
0.215868
0.209755
0.208496
0.210122
0.214067
0.210670
0.202206
0.187488
0.179154
0.184558
0.193316
0.185535
0.184884
0.192428
0.196424
0.205264
0.228688
0.255081
0.282022
0.308939
0.326717
0.341440
0.359468
0.378902
0.415443
0.439803
0.439078
0.423752
0.404117
0.373359
0.321005
0.288327
0.261486
0.240498
0.213152
0.186473
0.183986
0.187978
0.195155
0.224781
0.249878
0.254011
0.254308
0.250531
0.263455
0.275984
0.281670
0.277644
0.270104
0.267446
0.270564
0.293754
0.315166
0.320787
0.321729
0.321830
0.320140
0.317442
0.321296
0.328432
0.337867
0.318174
0.291633
0.281164
0.288508
0.321705
0.415515
0.526552
0.629706
0.699112
0.738179
0.754485
0.751351
0.734567
0.710552
0.700938
0.702575
0.697343
0.698038
0.705656
0.707446
0.706088
0.705002
0.698719
0.690419
0.689040
0.681756
0.651231
0.597677
0.539467
0.489089
0.459895
0.452866
0.463845
0.480124
0.471051
0.422553
0.363938
0.306776
0.249384
0.225422
0.225442
0.226902
0.241022
0.248797
0.258251
0.267078
0.271946
0.270024
0.270677
0.264982
0.247066
0.250913
0.263811
0.258836
0.245202
0.227220
0.221616
0.221693
0.221719
0.222055
0.225616
0.237099
0.238258
0.238854
0.229454
0.209837
0.190517
0.174873
0.160502
0.157436
0.162831
0.174715
0.187038
0.198754
0.205098
0.207890
0.201287
0.187564
0.163964
0.149588
0.145659
0.146640
0.147949
0.148542
0.147174
0.137794
0.109499
0.098778
0.142591
0.270811
0.437787
0.561253
0.619238
0.629283
0.623044
0.621088
0.627401
0.629938
0.623993
0.619534
0.619188
0.620998
0.618673
0.613737
0.611254
0.606094
0.600837
0.599222
0.598531
0.582190
0.510618
0.393684
0.281630
0.235509
0.248166
0.252733
0.232157
0.210588
0.207560
0.204946
0.188487
0.157515
0.133997
0.117478
0.105779
0.103869
0.103593
0.102190
0.102890
0.103722
0.105557
0.111965
0.120319
0.117639
0.110311
0.109148
0.107024
0.107305
0.108316
0.108309
0.108883
0.110757
0.114452
0.115148
0.110181
0.100278
0.091475
0.084208
0.081433
0.080011
0.080054
0.080139
0.085858
0.097635
0.118379
0.137333
0.148310
0.151077
0.150526
0.150889
0.162094
0.171535
0.177289
0.181320
0.177982
0.170409
0.166452
0.170460
0.175567
0.189138
0.193135
0.184891
0.178863
0.231138
0.357079
0.506057
0.629835
0.708537
0.740660
0.759891
0.775016
0.790818
0.810852
0.823977
0.828283
0.818109
0.795078
0.758987
0.706905
0.627851
0.524045
0.399093
0.312859
0.315201
0.339115
0.346408
0.349734
0.348260
0.383100
0.424852
0.458838
0.479692
0.499884
0.503030
0.499674
0.500777
0.496168
0.494367
0.497276
0.502256
0.505798
0.507672
0.501622
0.461300
0.417671
0.425051
0.461453
0.545842
0.641071
0.706592
0.763352
0.779469
0.789482
0.829740
0.882541
0.931844
0.944988
0.947971
0.991884
1.053149
1.069138
1.068348
1.049058
1.025147
1.013420
1.012831
1.016757
1.024876
1.030917
1.041921
1.040510
1.049946
1.051755
1.024428
0.968968
0.895421
0.864595
0.861531
0.828390
0.759367
0.738637
0.733653
0.716399
0.686423
0.669164
0.663999
0.664197
0.649132
0.610948
0.543493
0.451921
0.343210
0.277009
0.281525
0.298290
0.309148
0.306604
0.305809
0.295609
0.285203
0.287655
0.271026
0.252315
0.254047
0.254275
0.244371
0.240488
0.223653
0.198264
0.183844
0.170022
0.161588
0.158714
0.158039
0.154089
0.151831
0.143140
0.127483
0.113746
0.110460
0.118117
0.126623
0.135985
0.139744
0.140234
0.143852
0.145725
0.148605
0.148107
0.140790
0.121928
0.101670
0.087726
0.084053
0.087748
0.091441
0.102282
0.113567
0.111204
0.112758
0.115740
0.115348
0.116057
0.114876
0.114624
0.113386
0.109551
0.108084
0.109502
0.112034
0.119144
0.123440
0.122427
0.123680
0.123715
0.124221
0.124053
0.117960
0.111135
0.108276
0.106199
0.106322
0.107854
0.111417
0.111913
0.117863
0.128071
0.130471
0.125343
0.128994
0.135241
0.143978
0.158265
0.160988
0.161726
0.162010
0.161862
0.161346
0.162210
0.173252
0.193704
0.222228
0.231917
0.228580
0.226485
0.213469
0.192094
0.174919
0.167126
0.167395
0.172994
0.189244
0.203370
0.220345
0.245208
0.274012
0.286407
0.286866
0.286687
0.282222
0.278008
0.267737
0.267702
0.279453
0.272199
0.255177
0.247664
0.242077
0.230907
0.217487
0.210726
0.210846
0.220204
0.245725
0.258222
0.258228
0.260741
0.262273
0.258720
0.257964
0.263186
0.274992
0.265169
0.224252
0.177767
0.174655
0.176814
0.177366
0.223469
0.375134
0.505158
0.555155
0.572479
0.576952
0.577165
0.583737
0.590250
0.594328
0.592065
0.565659
0.552754
0.549802
0.542372
0.519519
0.486630
0.427492
0.364142
0.319438
0.311757
0.283096
0.212920
0.182390
0.178641
0.184689
0.194564
0.215009
0.231223
0.237038
0.235763
0.236893
0.231503
0.242019
0.242272
0.234239
0.240237
0.232569
0.226611
0.225230
0.223038
0.218006
0.221713
0.214260
0.234160
0.241235
0.239679
0.240872
0.256123
0.263943
0.284701
0.292006
0.317632
0.347721
0.401373
0.411095
0.402426
0.432187
0.563117
0.686380
0.719785
0.751246
0.789813
0.847835
0.898198
0.913033
0.917516
0.904572
0.876150
0.855385
0.856167
0.848043
0.800626
0.730174
0.617498
0.540164
0.492400
0.515926
0.532460
0.511702
0.513504
0.536781
0.584593
0.629262
0.646607
0.667089
0.673942
0.684072
0.693626
0.701397
0.704844
0.714739
0.739105
0.779747
0.826419
0.835391
0.796150
0.689718
0.577398
0.561519
0.619173
0.679242
0.709156
0.706634
0.697591
0.691562
0.688763
0.686846
0.687942
0.690440
0.697251
0.706750
0.699968
0.667169
0.588509
0.501141
0.449346
0.434204
0.445261
0.452282
0.453399
0.459987
0.467591
0.464519
0.446509
0.397365
0.330917
0.266076
0.220334
0.172009
0.123453
0.098972
0.078559
0.075048
0.067578
0.065809
0.065883
0.063806
0.063655
0.060803
0.056493
0.061800
0.061754
0.064758
0.078739
0.096287
0.105638
0.108597
0.107586
0.105647
0.105077
0.104693
0.103644
0.102530
0.103156
0.104106
0.104113
0.104281
0.104640
0.104831
0.102826
0.091065
0.094384
0.097823
0.093046
0.083449
0.080172
0.101622
0.130060
0.152507
0.176188
0.195459
0.195045
0.189194
0.181036
0.171727
0.167722
0.164686
0.161953
0.159677
0.159502
0.154221
0.155407
0.155882
0.149709
0.138465
0.136658
0.138881
0.136890
0.131750
0.129898
0.137180
0.146070
0.160515
0.171992
0.177268
0.181766
0.184271
0.185097
0.183918
0.177580
0.182067
0.190720
0.197838
0.190934
0.189128
0.189292
0.191882
0.190399
0.187220
0.188833
0.193534
0.204169
0.215618
0.225399
0.229372
0.241040
0.281928
0.366652
0.471500
0.542283
0.565652
0.569394
0.569628
0.598782
0.615516
0.628577
0.639341
0.643892
0.635747
0.613241
0.583714
0.552149
0.492916
0.398046
0.295845
0.234729
0.207016
0.204249
0.198088
0.221875
0.261977
0.286420
0.300715
0.307437
0.307943
0.322497
0.339033
0.347333
0.341980
0.334280
0.334621
0.328930
0.324272
0.324562
0.323967
0.325087
0.323402
0.320475
0.334537
0.329793
0.309269
0.318484
0.368302
0.386548
0.404071
0.448514
0.488812
0.509224
0.512548
0.556027
0.597835
0.602602
0.640594
0.689105
0.702473
0.709450
0.708493
0.710799
0.712643
0.713028
0.710110
0.692483
0.651545
0.629388
0.623572
0.594622
0.557462
0.532000
0.527166
0.476186
0.403914
0.389867
0.347813
0.260887
0.220811
0.172574
0.151057
0.149069
0.141499
0.141675
0.144178
0.131667
0.094252
