2.172934
0.589691
0.113098
0.015325
0.001466
0.000100
0.000019
0.000210
0.002158
0.015536
0.078574
0.280076
0.710093
1.312355
1.873164
2.277491
2.541483
2.504894
1.969526
1.147300
0.478446
0.140994
0.029706
0.008646
0.027085
0.113225
0.337177
0.704444
1.032309
1.061093
0.765031
0.386883
0.137227
0.034138
0.005956
0.000729
0.000063
0.000004
0.000000
0.000000
0.000000
0.000000
0.000000
0.000000
0.000000
0.000000
0.000000
0.000000
0.000007
0.000127
0.001585
0.013833
0.084659
0.363360
1.093784
2.309296
3.419770
3.552153
2.588005
1.322545
0.474039
0.119167
0.021010
0.002606
0.000361
0.001435
0.010440
0.053794
0.194402
0.492733
0.875970
1.092305
0.955390
0.586134
0.252222
0.076124
0.016113
0.002392
0.000249
0.000018
0.000001
0.000000
0.000000
0.000009
0.000129
0.001363
0.010175
0.054163
0.211830
0.653904
1.788076
4.631089
10.618993
19.301203
26.041539
25.426575
17.837721
8.986821
3.256933
0.850882
0.160543
0.021902
0.002161
0.000154
0.000008
0.000000
0.000000
0.000000
0.000000
0.000000
0.000000
0.000000
0.000000
0.000000
0.000000
0.000000
0.000000
0.000000
0.000000
0.000014
0.000276
0.003772
0.036445
0.248830
1.200869
4.096920
9.882051
16.863093
20.413655
17.715205
11.422061
6.044406
3.095477
1.617550
0.746867
0.264621
0.067637
0.012224
0.001553
0.000138
0.000009
0.000000
0.000000
0.000000
0.000000
0.000000
0.000000
0.000000
0.000000
0.000008
0.000143
0.001849
0.016756
0.106495
0.474664
1.483809
3.253316
5.003193
5.396967
4.083528
2.167199
0.806727
0.210620
0.038565
0.004952
0.000446
0.000028
0.000001
0.000000
0.000000
0.000000
0.000000
0.000000
0.000000
0.000000
0.000000
0.000000
0.000000
0.000000
0.000000
0.000000
0.000000
0.000000
0.000000
0.000000
0.000000
0.000000
0.000000
0.000000
0.000003
0.000061
0.000976
0.011067
0.089770
0.526728
2.267939
7.277562
17.614096
32.269856
44.464811
45.484938
34.048699
18.426650
7.147017
1.975546
0.387836
0.053969
0.005317
0.000371
0.000018
0.000000
0.000000
0.000000
0.000000
0.000000
0.000000
0.000000
0.000000
0.000000
0.000000
0.000000
0.000000
0.000000
0.000000
0.000000
0.000000
0.000000
0.000000
0.000000
0.000000
0.000000
0.000000
0.000000
0.000000
0.000000
0.000000
0.000000
0.000000
0.000000
0.000003
0.000053
0.000715
0.006753
0.044795
0.208710
0.683318
1.572617
2.545162
2.897890
2.322283
1.310438
0.520948
0.145969
0.028842
0.004021
0.000396
0.000027
0.000001
0.000000
0.000000
0.000002
0.000045
0.000688
0.007428
0.056522
0.303167
1.145683
3.049053
5.712036
7.529358
6.980582
4.550179
2.084564
0.670979
0.151697
0.024082
0.002684
0.000210
0.000012
0.000000
0.000000
0.000000
0.000000
0.000000
0.000000
0.000000
0.000009
0.000189
0.002799
0.029417
0.219251
1.159833
4.357960
11.639109
22.111671
29.903077
28.810235
19.791451
9.702556
3.397437
0.850416
0.152276
0.019515
0.001790
0.000118
0.000005
0.000000
0.000000
0.000000
0.000000
0.000000
0.000000
0.000000
0.000000
0.000000
0.000000
0.000000
0.000000
0.000000
0.000000
0.000000
0.000000
0.000000
0.000000
0.000000
0.000000
0.000000
0.000000
0.000000
0.000000
0.000000
0.000000
0.000000
0.000000
0.000000
0.000000
0.000000
0.000000
0.000000
0.000000
0.000000
0.000000
0.000000
0.000000
0.000013
0.000252
0.003542
0.034948
0.242624
1.186365
4.091308
9.967823
17.192414
21.045325
18.336041
11.406359
5.082147
1.626398
0.374612
0.062162
0.007429
0.000638
0.000039
0.000002
0.000000
0.000000
0.000000
0.000000
0.000000
0.000000
0.000000
0.000000
0.000000
0.000000
0.000000
0.000000
0.000000
0.000000
0.000000
0.000000
0.000000
0.000000
0.000000
0.000000
0.000000
0.000000
0.000000
0.000000
0.000000
0.000000
0.000000
0.000000
0.000000
0.000000
0.000000
0.000000
0.000000
0.000000
0.000000
0.000000
0.000000
0.000000
0.000000
0.000000
0.000000
0.000000
0.000004
0.000092
0.001565
0.018778
0.158320
0.938867
3.923367
11.589404
24.331949
36.647465
40.194647
32.799349
20.410225
9.865979
3.711091
1.068911
0.230084
0.036193
0.004094
0.000330
0.000019
0.000001
0.000000
0.000000
0.000000
0.000000
0.000000
0.000000
0.000000
0.000000
0.000001
0.000019
0.000333
0.004108
0.035690
0.218374
0.941657
2.863405
6.143590
9.305601
9.955322
7.525305
4.020445
1.518363
0.405360
0.076493
0.010200
0.000961
0.000064
0.000003
0.000000
0.000000
0.000000
0.000000
0.000000
0.000000
0.000000
0.000000
0.000000
0.000000
0.000000
0.000000
0.000007
0.000114
0.001280
0.010173
0.057121
0.226563
0.634524
1.254260
1.749020
1.719668
1.191529
0.581491
0.199771
0.048290
0.008209
0.000981
0.000082
0.000005
0.000000
0.000000
0.000000
0.000000
0.000000
0.000000
0.000000
0.000000
0.000000
0.000000
0.000000
0.000000
0.000000
0.000000
0.000000
0.000000
0.000000
0.000000
0.000000
0.000000
0.000000
0.000000
0.000000
0.000000
0.000000
0.000000
0.000000
0.000000
0.000000
0.000000
0.000000
0.000000
0.000000
0.000000
0.000000
0.000000
0.000000
0.000000
0.000000
0.000000
0.000000
0.000000
0.000000
0.000000
0.000000
0.000000
0.000000
0.000000
0.000000
0.000000
0.000000
0.000000
0.000000
0.000000
0.000000
0.000000
0.000000
0.000000
0.000000
0.000000
0.000000
0.000000
0.000000
0.000000
0.000000
0.000000
0.000000
0.000000
0.000000
0.000000
0.000000
0.000000
0.000000
0.000001
0.000023
0.000290
0.002562
0.015896
0.069161
0.211048
0.451707
0.678117
0.714059
0.527407
0.273233
0.099285
0.025303
0.004523
0.000567
0.000050
0.000003
0.000000
0.000000
0.000000
0.000000
0.000000
0.000000
0.000000
0.000000
0.000000
0.000000
0.000000
0.000000
0.000000
0.000000
0.000000
0.000000
0.000000
0.000000
0.000000
0.000004
0.000083
0.001324
0.014898
0.118770
0.672811
2.717073
7.853440
16.321968
24.513730
26.735206
21.257919
12.351082
5.243636
1.622896
0.364649
0.059175
0.006899
0.000575
0.000034
0.000001
0.000000
0.000006
0.000117
0.001661
0.016841
0.121800
0.629051
2.321987
6.128853
11.568127
15.607954
15.041957
10.344160
5.069931
1.768852
0.439446
0.083882
0.051765
0.189014
0.589816
1.297993
2.017441
2.293334
2.295926
3.273919
6.972446
14.557853
26.071357
40.656833
56.971083
74.003535
91.233059
106.608527
116.128166
115.568862
101.262420
74.045442
43.212804
20.279004
9.479633
7.221725
7.559889
6.688632
4.436289
2.565779
2.094585
2.505826
2.773240
2.549940
2.265055
2.376472
3.149253
4.754620
6.683667
7.759851
7.550662
6.648333
5.351767
3.611611
1.918795
1.023664
1.300274
2.728378
4.845566
6.705447
7.340358
6.359609
4.275862
2.255875
1.265799
1.515456
2.501542
3.248799
3.008378
2.038597
1.342707
1.762780
3.391610
5.252801
5.794849
4.505473
2.536975
1.305666
1.258994
1.951271
2.524427
2.336059
1.519295
0.693212
0.222108
0.053560
0.045127
0.261747
1.291994
4.532837
11.277676
19.912956
24.970323
22.250497
14.095441
6.349991
2.034638
0.463677
0.075142
0.008657
0.000709
0.000041
0.000002
0.000000
0.000000
0.000000
0.000000
0.000000
0.000000
0.000000
0.000000
0.000000
0.000000
0.000000
0.000000
0.000000
0.000000
0.000000
0.000000
0.000000
0.000000
0.000000
0.000000
0.000000
0.000000
0.000000
0.000000
0.000000
0.000000
0.000000
0.000000
0.000000
0.000000
0.000000
0.000000
0.000000
0.000000
0.000000
0.000000
0.000000
0.000000
0.000000
0.000000
0.000000
0.000000
0.000000
0.000000
0.000000
0.000000
0.000000
0.000000
0.000000
0.000000
0.000000
0.000000
0.000000
0.000000
0.000000
0.000000
0.000000
0.000000
0.000000
0.000000
0.000000
0.000000
0.000000
0.000000
0.000000
0.000000
0.000000
0.000000
0.000000
0.000000
0.000000
0.000000
0.000000
0.000000
0.000000
0.000000
0.000000
0.000000
0.000000
0.000000
0.000000
0.000000
0.000000
0.000000
0.000000
0.000000
0.000000
0.000000
0.000000
0.000000
0.000000
0.000000
0.000000
0.000000
0.000000
0.000000
0.000000
0.000000
0.000000
0.000000
0.000000
0.000000
0.000000
0.000000
0.000000
0.000000
0.000000
0.000000
0.000000
0.000000
0.000000
0.000000
0.000000
0.000000
0.000000
0.000000
0.000000
0.000002
0.000047
0.000698
0.007393
0.055327
0.292657
1.094226
2.891686
5.400123
7.124056
6.636569
4.363567
2.023895
0.661813
0.152486
0.024741
0.002825
0.000227
0.000013
0.000000
0.000000
0.000000
0.000000
0.000000
0.000000
0.000000
0.000000
0.000000
0.000000
0.000000
0.000000
0.000000
0.000000
0.000000
0.000000
0.000000
0.000000
0.000000
0.000000
0.000000
0.000000
0.000007
0.000140
0.002104
0.022453
0.169988
0.914732
3.507805
9.621658
18.994874
27.325630
29.602631
28.850120
26.598249
