-0.000000
0.002369
0.004738
0.007106
0.009475
0.011844
0.014213
0.016581
0.018950
0.021319
0.023688
0.026042
0.028396
0.030750
0.033104
0.035458
0.037812
0.040166
0.042521
0.044875
0.047229
0.049583
0.051937
0.054275
0.056613
0.058952
0.061290
0.063628
0.065966
0.068305
0.070643
0.072981
0.075319
0.077658
0.079996
0.082317
0.084638
0.086959
0.089281
0.091602
0.093923
0.096244
0.098565
0.100886
0.103208
0.105529
0.107850
0.110153
0.112456
0.114759
0.117061
0.119364
0.121667
0.123970
0.126273
0.128576
0.130879
0.133182
0.135485
0.137768
0.140052
0.142335
0.144619
0.146902
0.149186
0.151469
0.153753
0.156036
0.158320
0.160604
0.162887
0.165150
0.167413
0.169676
0.171939
0.174202
0.176465
0.178728
0.180991
0.183254
0.185517
0.187780
0.190043
0.192285
0.194526
0.196768
0.199009
0.201251
0.203492
0.205733
0.207975
0.210216
0.212458
0.214699
0.216941
0.219159
0.221378
0.223597
0.225816
0.228035
0.230253
0.232472
0.234691
0.236910
0.239129
0.241347
0.243566
0.245761
0.247957
0.250152
0.252347
0.254542
0.256737
0.258932
0.261127
0.263322
0.265518
0.267713
0.269908
0.272078
0.274249
0.276419
0.278590
0.280760
0.282930
0.285101
0.287271
0.289442
0.291612
0.293783
0.295953
0.298098
0.300243
0.302388
0.304532
0.306677
0.308822
0.310967
0.313111
0.315256
0.317401
0.319546
0.321691
0.323809
0.325927
0.328045
0.330163
0.332281
0.334399
0.336518
0.338636
0.340754
0.342872
0.344990
0.347108
0.349199
0.351289
0.353380
0.355470
0.357561
0.359652
0.361742
0.363833
0.365923
0.368014
0.370104
0.372195
0.374257
0.376319
0.378381
0.380443
0.382505
0.384567
0.386629
0.388691
0.390753
0.392815
0.394878
0.396940
0.398972
0.401005
0.403037
0.405070
0.407103
0.409135
0.411168
0.413201
0.415233
0.417266
0.419298
0.421331
0.423333
0.425336
0.427338
0.429340
0.431343
0.433345
0.435347
0.437350
0.439352
0.441354
0.443357
0.445359
0.447330
0.449301
0.451272
0.453243
0.455214
0.457185
0.459157
0.461128
0.463099
0.465070
0.467041
0.469012
0.470951
0.472890
0.474829
0.476768
0.478707
0.480646
0.482585
0.484524
0.486463
0.488403
0.490342
0.492281
0.494187
0.496093
0.497999
0.499905
0.501811
0.503717
0.505623
0.507530
0.509436
0.511342
0.513248
0.515154
0.517026
0.518899
0.520771
0.522643
0.524516
0.526388
0.528261
0.530133
0.532005
0.533878
0.535750
0.537622
0.539460
0.541298
0.543136
0.544973
0.546811
0.548649
0.550487
0.552324
0.554162
0.556000
0.557838
0.559675
0.561478
0.563280
0.565082
0.566885
0.568687
0.570489
0.572292
0.574094
0.575896
0.577699
0.579501
0.581303
0.583069
0.584836
0.586602
0.588368
0.590134
0.591900
0.593666
0.595432
0.597198
0.598964
0.600730
0.602497
0.604226
0.605955
0.607684
0.609413
0.611142
0.612871
0.614600
0.616329
0.618058
0.619787
0.621516
0.623245
0.624936
0.626628
0.628319
0.630010
0.631701
0.633393
0.635084
0.636775
0.638466
0.640157
0.641849
0.643540
0.645193
0.646845
0.648498
0.650150
0.651803
0.653456
0.655108
0.656761
0.658413
0.660066
0.661719
0.663371
0.664984
0.666597
0.668211
0.669824
0.671437
0.673050
0.674663
0.676277
0.677890
0.679503
0.681116
0.682729
0.684302
0.685875
0.687448
0.689021
0.690594
0.692167
0.693740
0.695313
0.696886
0.698459
0.700032
0.701605
0.703137
0.704669
0.706201
0.707734
0.709266
0.710798
0.712330
0.713862
0.715394
0.716926
0.718458
0.719990
0.721480
0.722970
0.724461
0.725951
0.727441
0.728932
0.730422
0.731912
0.733403
0.734893
0.736383
0.737874
0.739321
0.740769
0.742217
0.743665
0.745113
0.746561
0.748008
0.749456
0.750904
0.752352
0.753800
0.755247
0.756652
0.758057
0.759461
0.760866
0.762270
0.763675
0.765079
0.766484
0.767889
0.769293
0.770698
0.772102
0.773463
0.774824
0.776184
0.777545
0.778905
0.780266
0.781626
0.782987
0.784348
0.785708
0.787069
0.788429
0.789745
0.791061
0.792377
0.793693
0.795008
0.796324
0.797640
0.798956
0.800272
0.801588
0.802903
0.804219
0.805489
0.806760
0.808030
0.809300
0.810571
0.811841
0.813111
0.814382
0.815652
0.816922
0.818193
0.819463
0.820687
0.821911
0.823135
0.824360
0.825584
0.826808
0.828032
0.829256
0.830480
0.831704
0.832928
0.834152
0.835329
0.836507
0.837684
0.838861
0.840038
0.841215
0.842392
0.843569
0.844746
0.845924
0.847101
0.848278
0.849407
0.850537
0.851666
0.852796
0.853925
0.855054
0.856184
0.857313
0.858443
0.859572
0.860701
0.861831
0.862912
0.863993
0.865074
0.866155
0.867236
0.868317
0.869398
0.870479
0.871560
0.872641
0.873722
0.874803
0.875835
0.876867
0.877898
0.878930
0.879962
0.880994
0.882026
0.883058
0.884090
0.885121
0.886153
0.887185
0.888167
0.889149
0.890131
0.891113
0.892095
0.893077
0.894059
0.895041
0.896023
0.897005
0.897987
0.898969
0.899900
0.900832
0.901763
0.902695
0.903626
0.904557
0.905489
0.906420
0.907352
0.908283
0.909214
0.910146
0.911026
0.911906
0.912786
0.913666
0.914546
0.915427
0.916307
0.917187
0.918067
0.918947
0.919827
0.920707
0.921536
0.922364
0.923192
0.924020
0.924848
0.925676
0.926505
0.927333
0.928161
0.928989
0.929817
0.930646
0.931421
0.932197
0.932972
0.933748
0.934523
0.935299
0.936074
0.936850
0.937625
0.938401
0.939176
0.939952
0.940674
0.941396
0.942118
0.942841
0.943563
0.944285
0.945007
0.945729
0.946452
0.947174
0.947896
0.948618
0.949286
0.949955
0.950623
0.951291
0.951959
0.952627
0.953296
0.953964
0.954632
0.955300
0.955968
0.956637
0.957250
0.957864
0.958477
0.959091
0.959705
0.960318
0.960932
0.961545
0.962159
0.962772
0.963386
0.964000
0.964558
0.965116
0.965674
0.966233
0.966791
0.967349
0.967908
0.968466
0.969024
0.969583
0.970141
0.970699
0.971202
0.971704
0.972206
0.972709
0.973211
0.973714
0.974216
0.974718
0.975221
0.975723
0.976226
0.976728
0.977174
0.977620
0.978066
0.978512
0.978958
0.979404
0.979849
0.980295
0.980741
0.981187
0.981633
0.982079
0.982468
0.982857
0.983245
0.983634
0.984023
0.984412
0.984801
0.985190
0.985578
0.985967
0.986356
0.986745
0.987076
0.987407
0.987739
0.988070
0.988401
0.988732
0.989063
0.989394
0.989726
0.990057
0.990388
0.990719
0.990992
0.991265
0.991538
0.991811
0.992084
0.992357
0.992630
0.992903
0.993176
0.993449
0.993722
0.993995
0.994210
0.994424
0.994638
0.994853
0.995067
0.995281
0.995496
0.995710
0.995924
0.996138
0.996353
0.996567
0.996722
0.996877
0.997033
0.997188
0.997343
0.997498
0.997653
0.997808
0.997963
0.998118
0.998274
0.998429
0.998524
0.998620
0.998715
0.998811
0.998906
0.999002
0.999097
0.999193
0.999288
0.999384
0.999479
0.999575
0.999610
0.999646
0.999681
0.999716
0.999752
0.999787
0.999823
0.999858
0.999894
0.999929
0.999965
1.000000
0.999975
0.999950
0.999925
0.999900
0.999875
0.999850
0.999825
0.999800
0.999775
0.999750
0.999725
0.999700
0.999614
0.999528
0.999443
0.999357
0.999271
0.999185
0.999099
0.999014
0.998928
0.998842
0.998756
0.998670
0.998524
0.998377
0.998230
0.998083
0.997936
0.997789
0.997642
0.997495
0.997348
0.997202
0.997055
0.996908
0.996700
0.996491
0.996283
0.996075
0.995867
0.995658
0.995450
0.995242
0.995034
0.994825
0.994617
0.994409
0.994139
0.993869
0.993599
0.993330
0.993060
0.992790
0.992520
0.992250
0.991980
0.991711
0.991441
0.991171
0.990839
0.990508
0.990176
0.989845
0.989513
0.989182
0.988850
0.988519
0.988187
0.987855
0.987524
0.987192
0.986799
0.986406
0.986012
0.985619
0.985225
0.984832
0.984439
0.984045
0.983652
0.983258
0.982865
0.982472
0.982016
0.981561
0.981106
0.980650
0.980195
0.979740
0.979284
0.978829
0.978374
0.977919
0.977463
0.977008
0.976491
0.975974
0.975456
0.974939
0.974422
0.973905
0.973388
0.972870
0.972353
0.971836
0.971319
0.970802
0.970223
0.969644
0.969064
0.968485
0.967906
0.967327
0.966748
0.966169
0.965590
0.965011
0.964432
0.963853
0.963213
0.962572
0.961931
0.961290
0.960650
0.960009
0.959368
0.958728
0.958087
0.957446
0.956805
0.956165
0.955462
0.954760
0.954058
0.953356
0.952654
0.951951
0.951249
0.950547
0.949845
0.949143
0.948440
0.947738
0.946975
0.946211
0.945448
0.944684
0.943921
0.943157
0.942394
0.941631
0.940867
0.940104
0.939340
0.938577
0.937753
0.936928
0.936104
0.935280
0.934455
0.933631
0.932807
0.931982
0.931158
0.930334
0.929509
0.928685
0.927800
0.926915
0.926031
0.925146
0.924261
0.923376
0.922492
0.921607
0.920722
0.919837
0.918952
0.918068
0.917123
0.916178
0.915233
0.914289
0.913344
0.912399
0.911454
0.910509
0.909565
