0.290849
0.294422
0.294980
0.294427
0.294575
0.284518
0.258114
0.251298
0.262688
0.266174
0.256999
0.251718
0.251305
0.251279
0.251138
0.251218
0.251827
0.249580
0.239233
0.230289
0.227902
0.228461
0.220112
0.211709
0.201337
0.194296
0.194215
0.177774
0.139961
0.104605
0.106078
0.135390
0.169903
0.173222
0.177083
0.182651
0.187916
0.189221
0.187274
0.181700
0.167835
0.149027
0.134851
0.149482
0.155788
0.161891
0.187178
0.236019
0.287276
0.316510
0.322675
0.319092
0.323449
0.326696
0.330238
0.329704
0.332025
0.346676
0.352556
0.370055
0.436347
0.530590
0.615555
0.653154
0.663785
0.662933
0.662737
0.661419
0.658076
0.658253
0.661501
0.661818
0.646790
0.637375
0.625700
0.623046
0.614966
0.589191
0.577279
0.582026
0.562505
0.503944
0.422503
0.394383
0.417152
0.458990
0.477142
0.479177
0.479229
0.479684
0.478490
0.469482
0.457398
0.455716
0.462622
0.468600
0.477102
0.487121
0.493971
0.511068
0.528879
0.539664
0.534721
0.483690
0.398800
0.313298
0.268221
0.275622
0.296753
0.325944
0.355091
0.378655
0.393203
0.405737
0.411512
0.404924
0.399503
0.402176
0.395191
0.364996
0.321653
0.273430
0.218072
0.177155
0.162070
0.156445
0.174959
0.213464
0.240102
0.259720
0.272791
0.271531
0.269170
0.266379
0.262513
0.262304
0.258889
0.239966
0.220091
0.192756
0.168974
0.160176
0.171785
0.188347
0.194387
0.196059
0.221796
0.254948
0.282413
0.309255
0.316335
0.321069
0.321077
0.333039
0.333815
0.331614
0.328521
0.319691
0.307507
0.299306
0.298574
0.308205
0.310584
0.310202
0.308784
0.310888
0.321458
0.312804
0.293414
0.255515
0.231794
0.190711
0.177051
0.175856
0.174727
0.177672
0.178611
0.181027
0.194075
0.205884
0.203985
0.204522
0.204173
0.194738
0.183475
0.186750
0.186231
0.193067
0.237088
0.349425
0.491349
0.618771
0.702838
0.747730
0.779863
0.806016
0.821184
0.818098
0.789661
0.748969
0.719772
0.693301
0.670678
0.647182
0.603545
0.523414
0.444955
0.395506
0.382056
0.388594
0.369442
0.321649
0.274966
0.246420
0.216891
0.179978
0.134807
0.092934
0.071410
0.081975
0.107017
0.116482
0.114906
0.112663
0.116497
0.138560
0.157170
0.157689
0.157192
0.156360
0.156349
0.156846
0.157118
0.157284
0.158527
0.165394
0.168803
0.187551
0.220134
0.245920
0.246654
0.237439
0.234525
0.271492
0.312527
0.322236
0.327144
0.329086
0.329644
0.332032
0.333766
0.333922
0.334194
0.334543
0.334878
0.327787
0.326736
0.323421
0.322280
0.332359
0.340715
0.343825
0.342848
0.320037
0.299728
0.298509
0.282191
0.271807
0.271073
0.271066
0.271080
0.271209
0.271315
0.271726
0.271806
0.271884
0.268616
0.268136
0.258196
0.230390
0.202307
0.188810
0.191670
0.188493
0.165342
0.171146
0.227422
0.287288
0.340978
0.392760
0.421889
0.421374
0.415219
0.413573
0.412986
0.417017
0.422412
0.432132
0.439422
0.440793
0.438500
0.440889
0.442728
0.441805
0.441754
0.437621
0.423392
0.396244
0.355213
0.286952
0.214855
0.186964
0.183836
0.183656
0.184000
0.183077
0.181011
0.171127
0.156433
0.131603
0.112975
0.153289
0.207682
0.236298
0.239905
0.236970
0.238915
0.251280
0.259048
0.257263
0.252198
0.248238
0.247203
0.259358
0.268614
0.272644
0.270450
0.272595
0.271722
0.273251
0.280677
0.270953
0.253933
0.272461
0.317320
0.363318
0.380706
0.378783
0.382276
0.387354
0.388058
0.391630
0.395453
0.395310
0.400049
0.402532
0.409412
0.414482
0.425608
0.436350
0.431339
0.434277
0.438849
0.424840
0.386669
0.328633
0.301508
0.323217
0.329060
0.327300
0.330784
0.335441
0.337154
0.336173
0.333411
0.332618
0.332300
0.335851
0.332693
0.324882
0.314735
0.293816
0.260667
0.219818
0.194840
0.193585
0.187691
0.140467
0.126209
0.127533
0.120772
0.113477
0.113269
0.113556
0.115777
0.116561
0.117923
0.117714
0.118843
0.119851
0.123596
0.127179
0.134578
0.147172
0.147476
0.214418
0.384062
0.569191
0.718004
0.799541
0.813821
0.808926
0.806738
0.809363
0.814362
0.817161
0.819086
0.821204
0.825987
0.832610
0.839727
0.847807
0.844377
0.837369
0.845474
0.857337
0.833264
0.739475
0.571076
0.359157
0.204178
0.181663
0.199477
0.213996
0.210717
0.228657
0.257436
0.269350
0.271079
0.273230
0.296496
0.365919
0.402825
0.417301
0.428601
0.436694
0.443088
0.446378
0.454411
0.472052
0.498862
0.514594
0.530055
0.544864
0.540388
0.495543
0.416550
0.331152
0.249603
0.192851
0.180061
0.183358
0.186681
0.183751
0.171891
0.159861
0.158695
0.150324
0.145503
0.144601
0.152838
0.178672
0.188035
0.187988
0.188164
0.190903
0.195570
0.199947
0.203106
0.202521
0.200071
0.200849
0.203924
0.202683
0.203741
0.201644
0.188708
0.174646
0.171229
0.175720
0.170199
0.143505
0.130054
0.132826
0.133966
0.132130
0.126177
0.116492
0.111167
0.115914
0.115024
0.138845
0.188552
0.229798
0.250460
0.255284
0.255270
0.263224
0.263936
0.259868
0.259842
0.276632
0.303203
0.308265
0.310167
0.319033
0.331399
0.341530
0.340038
0.334439
0.353388
0.359246
0.342652
0.315561
0.294358
0.284056
0.282602
0.280805
0.281692
0.282776
0.285116
0.276555
0.255344
0.251533
0.248450
0.230891
0.194450
0.141457
0.098465
0.111493
0.115235
0.114055
0.113251
0.110961
0.111594
0.115408
0.140493
0.172231
0.208289
0.255387
0.283237
0.292477
0.292313
0.292318
0.296697
0.294371
0.291843
0.297363
0.293191
0.273347
0.247675
0.245589
0.279408
0.298712
0.295411
0.295844
0.295348
0.293381
0.286608
0.272383
0.256052
0.248134
0.250267
0.250642
0.247276
0.250041
0.248170
0.233801
0.229126
0.220564
0.217445
0.232239
0.227159
0.212014
0.235995
0.283301
0.340782
0.394167
0.419021
0.415832
0.412514
0.423151
0.456271
0.476306
0.473945
0.495315
0.548213
0.590106
0.600698
0.600729
0.591750
0.569687
0.538827
0.530864
0.531680
0.527090
0.516516
0.501544
0.493930
0.499578
0.510701
0.512188
0.470603
0.439227
0.443598
0.434096
0.419232
0.441220
0.504349
0.547429
0.564229
0.556437
0.574041
0.585420
0.595095
0.620617
0.639248
0.651036
0.652221
0.657807
0.659551
0.668004
0.701251
0.716314
0.734315
0.788806
0.862074
0.954581
1.040097
1.142717
1.273600
1.355706
1.350456
1.302906
1.250645
1.205373
1.194874
1.185643
1.182495
1.204373
1.227292
1.252611
1.287352
1.318705
1.332931
1.337139
1.330822
1.305608
1.263756
1.183639
1.015892
0.781697
0.532877
0.360972
0.312486
0.310513
0.293680
0.286756
0.295336
0.295696
0.291678
0.286219
0.286834
0.286353
0.272215
0.254577
0.247232
0.251776
0.254380
0.242514
0.206744
0.211232
0.208508
0.188200
0.179812
0.178405
0.176572
0.180732
0.195067
0.214224
0.220929
0.224308
0.223706
0.224635
0.231620
0.245532
0.258011
0.266524
0.269324
0.268841
0.274012
0.245869
0.234092
0.332031
0.505051
0.659534
0.763365
0.810354
0.812390
0.803332
0.796730
0.792816
0.794224
0.794385
0.793612
0.788457
0.783243
0.781661
0.780908
0.782598
0.772508
0.759702
0.769084
0.765017
0.706950
0.596164
0.466717
0.335832
0.252165
0.237068
0.216243
0.221026
0.228882
0.222993
0.224958
0.234254
0.236514
0.236757
0.236847
0.238583
0.237087
0.237399
0.244895
0.246514
0.247869
0.253386
0.253919
0.249556
0.249073
0.249558
0.248024
0.237535
0.222391
0.221521
0.220526
0.224659
0.232152
0.232640
0.234122
0.244568
0.254902
0.271399
0.271701
0.267668
0.268288
0.265954
0.251100
0.235853
0.232065
0.234510
0.233168
0.221417
0.220032
0.218845
0.215123
0.189856
0.161199
0.155536
0.167507
0.169331
0.160610
0.137450
0.111218
0.115099
0.140153
0.174619
0.227588
0.274965
0.299824
0.301110
0.305986
0.323226
0.352646
0.372366
0.377465
0.378074
0.378771
0.378274
0.373679
0.368539
0.367258
0.366179
0.365808
0.365522
0.362054
0.355332
0.338707
0.315207
0.314733
0.320045
0.318280
0.317938
0.300527
0.284557
0.275051
0.272312
0.276241
0.278638
0.278366
0.278635
0.278545
0.283548
0.301341
0.339159
0.361638
0.366289
0.364354
0.362724
0.354970
0.354407
0.351952
0.323967
0.289952
0.256749
0.244618
0.240142
0.244610
0.256476
0.264427
0.264965
0.264916
0.265763
0.256740
0.213886
0.164205
0.154797
0.161821
0.160583
0.158391
0.159669
0.163083
0.159768
0.158574
0.159136
0.160352
0.161930
0.164208
0.152801
0.141738
0.142578
0.149147
0.180429
0.225823
0.270601
0.301185
0.293976
0.275016
0.270966
0.270770
0.272510
0.274215
0.270653
0.269355
0.271981
0.271222
0.268538
0.272148
0.267600
0.256520
0.248940
0.250239
0.270816
0.287683
0.298568
0.297473
0.299394
0.299820
0.293725
0.286516
0.298248
0.327047
0.373086
0.425968
0.448373
0.456840
0.459933
