-0.000000
0.002068
0.004136
0.006204
0.008271
0.010339
0.012407
0.014475
0.016543
0.018605
0.020667
0.022729
0.024791
0.026853
0.028915
0.030977
0.033039
0.035101
0.037163
0.039225
0.041287
0.043342
0.045397
0.047452
0.049507
0.051562
0.053616
0.055671
0.057726
0.059781
0.061836
0.063891
0.065945
0.067993
0.070039
0.072086
0.074132
0.076179
0.078225
0.080272
0.082318
0.084365
0.086411
0.088458
0.090504
0.092542
0.094579
0.096617
0.098654
0.100691
0.102728
0.104765
0.106802
0.108839
0.110876
0.112913
0.114950
0.116978
0.119004
0.121031
0.123057
0.125083
0.127110
0.129136
0.131163
0.133189
0.135216
0.137242
0.139269
0.141285
0.143300
0.145314
0.147329
0.149344
0.151359
0.153374
0.155389
0.157403
0.159418
0.161433
0.163448
0.165451
0.167453
0.169456
0.171458
0.173460
0.175462
0.177464
0.179466
0.181468
0.183470
0.185473
0.187475
0.189464
0.201395
0.203383
0.205372
0.207360
0.209348
0.211337
0.213312
0.215286
0.217259
0.219233
0.221207
0.223180
0.225154
0.227128
0.229101
0.231075
0.233049
0.235022
0.236982
0.238940
0.240898
0.242856
0.244814
0.246772
0.248730
0.250688
0.252646
0.254604
0.256562
0.258520
0.260463
0.262404
0.264345
0.266287
0.268228
0.270170
0.272111
0.274052
0.275994
0.277935
0.279876
0.281818
0.283743
0.285667
0.287591
0.289515
0.291439
0.293362
0.297210
0.299134
0.301058
0.302982
0.304905
0.306813
0.308718
0.310623
0.312529
0.314434
0.316340
0.318245
0.320151
0.322056
0.323961
0.325867
0.327772
0.329660
0.331546
0.333432
0.335319
0.337205
0.339091
0.340977
0.342863
0.344749
0.346635
0.348521
0.350407
0.352275
0.354141
0.356007
0.357873
0.359739
0.361605
0.363471
0.365337
0.367203
0.369069
0.370935
0.372801
0.374648
0.378338
0.380183
0.382028
0.383873
0.385718
0.387563
0.389408
0.391253
0.393098
0.394943
0.396769
0.398592
0.400415
0.402239
0.404062
0.405885
0.407708
0.409531
0.411355
0.413178
0.415001
0.416824
0.418627
0.420428
0.422229
0.424029
0.427631
0.429431
0.431232
0.433033
0.434833
0.436634
0.438435
0.440214
0.441992
0.443769
0.445546
0.447324
0.449101
0.450879
0.452656
0.454433
0.456211
0.457988
0.459765
0.461521
0.463274
0.465027
0.466781
0.468534
0.470287
0.472040
0.473794
0.475547
0.477300
0.479053
0.480807
0.482537
0.484266
0.485994
0.487723
0.489451
0.491179
0.492908
0.494636
0.496365
0.498093
0.499822
0.501550
0.503255
0.504958
0.506661
0.508364
0.510067
0.511769
0.513472
0.515175
0.516878
0.518581
0.520284
0.521986
0.523666
0.525342
0.527019
0.528695
0.530372
0.532048
0.533725
0.535401
0.537078
0.538755
0.540431
0.542108
0.543760
0.545409
0.547059
0.548709
0.574882
0.576504
0.578126
0.579748
0.581370
0.582966
0.584560
0.586153
0.587747
0.589340
0.590933
0.592527
0.594120
0.595714
0.597307
0.598901
0.600494
0.602062
0.603626
0.605190
0.606755
0.608319
0.609884
0.611448
0.613012
0.614577
0.616141
0.617706
0.619270
0.620808
0.622342
0.623877
0.625412
0.626946
0.628481
0.630016
0.631550
0.633085
0.634620
0.636154
0.637689
0.639196
0.640700
0.642205
0.643709
0.645213
0.646717
0.648222
0.649726
0.651230
0.652735
0.654239
0.655743
0.657219
0.658693
0.660166
0.661639
0.663112
0.664585
0.666059
0.667532
0.669005
0.670478
0.671951
0.673425
0.674869
0.676311
0.677752
0.679194
0.680635
0.682077
0.683518
0.684960
0.686401
0.687843
0.689284
0.690726
0.692138
0.693547
0.694956
0.696365
0.697775
0.699184
0.700593
0.702002
0.703411
0.704820
0.706229
0.707639
0.709018
0.710394
0.711770
0.713146
0.714522
0.715899
0.717275
0.718651
0.720027
0.721403
0.722779
0.724155
0.725501
0.726844
0.728186
0.729529
0.730871
0.732214
0.733556
0.734899
0.736241
0.737584
0.738926
0.740269
0.741580
0.742889
0.744197
0.745505
0.746813
0.748122
0.749430
0.750738
0.752046
0.753354
0.754663
0.759794
0.761068
0.762341
0.763614
0.764888
0.766161
0.767434
0.768708
0.769981
0.771254
0.772496
0.773733
0.774971
0.776209
0.777447
0.778685
0.779922
0.781160
0.782398
0.783636
0.784874
0.786111
0.787317
0.788518
0.789720
0.790922
0.792123
0.793325
0.794527
0.795728
0.796930
0.798132
0.799333
0.800535
0.801703
0.802868
0.804033
0.805198
0.806363
0.807528
0.808693
0.809858
0.811022
0.812187
0.813352
0.814517
0.815648
0.816776
0.817903
0.819031
0.820158
0.821286
0.822413
0.823541
0.824668
0.825796
0.826923
0.828051
0.829144
0.830234
0.831323
0.832413
0.833502
0.834592
0.835681
0.836771
0.837860
0.838950
0.840039
0.841128
0.842183
0.843234
0.844285
0.845336
0.846387
0.847438
0.848489
0.849539
0.850590
0.851641
0.852692
0.853743
0.854758
0.855770
0.856782
0.857793
0.858805
0.859817
0.860828
0.861840
0.862852
0.863863
0.864875
0.865887
0.866863
0.867834
0.868806
0.869778
0.870750
0.871722
0.872693
0.873665
0.874637
0.875609
0.876581
0.877553
0.878488
0.879419
0.880351
0.881282
0.882214
0.883145
0.884076
0.885008
0.885939
0.886871
0.887802
0.888733
0.889628
0.890518
0.891409
0.892299
0.893189
0.894080
0.894970
0.895860
0.896751
0.897641
0.906216
0.907065
0.907914
0.908762
0.909611
0.910422
0.911228
0.912035
0.912841
0.913648
0.914454
0.915261
0.916067
0.916874
0.917681
0.918487
0.919294
0.920062
0.920825
0.921589
0.922353
0.923117
0.923880
0.924644
0.925408
0.926171
0.926935
0.927699
0.928463
0.929187
0.929908
0.930628
0.931348
0.932069
0.932789
0.933509
0.934230
0.934950
0.935670
0.936391
0.937111
0.937792
0.938468
0.939145
0.939821
0.940498
0.941174
0.941850
0.942527
0.943203
0.943880
0.944556
0.945232
0.945869
0.946501
0.947132
0.947764
0.948396
0.949028
0.949660
0.950292
0.950924
0.951556
0.952187
0.952819
0.953411
0.953997
0.954584
0.955171
0.955758
0.956345
0.956931
0.957518
0.958105
0.958692
0.959279
0.959865
0.960411
0.960952
0.961494
0.962035
0.968349
0.968844
0.969339
0.969834
0.970329
0.970824
0.971319
0.971814
0.972309
0.972762
0.973210
0.973659
0.974107
0.974555
0.975004
0.975452
0.975900
0.976349
0.976797
0.977245
0.977694
0.978099
0.978501
0.978902
0.979303
0.979704
0.980105
0.980506
0.980907
0.981308
0.981710
0.982111
0.982512
0.982870
0.983224
0.983577
0.983930
0.984284
0.984637
0.984991
0.985344
0.985698
0.986051
0.986404
0.986758
0.987068
0.987373
0.987678
0.987984
0.988289
0.988594
0.988899
0.989205
0.989510
0.989815
0.990120
0.990426
0.990687
0.990944
0.991200
0.991457
0.991714
0.991970
0.992227
0.992483
0.992740
0.992997
0.993253
0.993510
0.993722
0.993930
0.994137
0.994345
0.994552
0.994760
0.994968
0.995383
0.995590
0.995798
0.996005
0.996168
0.996326
0.996484
0.996642
0.996800
0.996958
0.997116
0.997274
0.997432
0.997590
0.997748
0.997906
0.998020
0.998128
0.998236
0.998344
0.998452
0.998560
0.998668
0.998776
0.998884
0.998993
0.999101
0.999209
0.999272
0.999330
0.999387
0.999445
0.999503
0.999561
0.999619
0.999677
0.999735
0.999792
0.999850
0.999908
0.999920
0.999928
0.999935
0.999942
0.999949
0.999957
0.999964
0.999971
0.999978
0.999986
0.999993
1.000000
0.999961
0.999568
0.999525
0.999481
0.999391
0.999106
0.999012
0.998917
0.998822
0.998727
0.998632
0.998537
0.998442
0.998347
0.998206
0.998060
0.997914
0.997767
0.997621
0.997475
0.997328
0.997182
0.997036
0.996889
0.996743
0.996597
0.996404
0.996206
0.996008
0.995810
0.995612
0.995414
0.995216
0.995018
0.994820
0.994622
0.994424
0.994226
0.993982
0.993732
0.993482
0.993232
0.992982
0.992733
0.992483
0.992233
0.991983
0.991734
0.991484
0.991234
0.990938
0.990636
0.990334
0.990032
0.989731
0.989429
0.989127
0.988826
0.988524
0.988222
0.987921
0.987619
0.987270
0.986917
0.986563
0.986209
0.985856
0.985502
0.985148
0.984795
0.984441
0.984087
0.983734
0.983380
0.982979
0.982574
0.982168
0.981762
0.981357
0.980951
0.980545
0.980140
0.979734
0.979328
0.978922
0.978517
0.978064
0.977607
0.977149
0.976691
0.976234
0.975776
0.975318
0.974861
0.974403
0.973945
0.973487
0.973030
0.972525
0.972016
0.971506
0.970997
0.970487
0.969978
0.969468
0.968958
0.968449
0.967939
0.967430
0.966920
0.966364
0.965803
0.965241
0.964680
0.964119
0.963557
0.962996
0.962435
0.961873
0.961312
0.960751
0.960189
0.959581
0.958969
0.958356
0.957743
0.957130
0.956517
0.955904
0.955291
0.954678
0.951516
0.950852
0.950188
0.949524
0.948859
0.948195
0.947531
0.946867
0.946203
0.945538
0.944874
0.944164
0.943449
0.942734
0.942019
