53.634244
53.226258
38.468781
20.110736
7.607178
2.267379
1.349806
3.040200
6.880237
11.906915
15.868749
16.515279
13.414523
8.385330
3.956430
1.386669
0.380323
0.234649
0.774449
2.473184
5.776998
10.098540
14.066516
16.866329
17.873416
15.838977
10.862367
5.478387
1.983318
0.510331
0.092987
0.011982
0.001091
0.000070
0.000003
0.000000
0.000000
0.000000
0.000000
0.000000
0.000000
0.000000
0.000000
0.000000
0.000000
0.000000
0.000000
0.000000
0.000000
0.000000
0.000000
0.000000
0.000000
0.000000
0.000000
0.000000
0.000000
0.000000
0.000003
0.000045
0.000552
0.004711
0.028179
0.118213
0.347812
0.717761
1.038926
1.054792
0.751151
0.375196
0.131446
0.032298
0.005565
0.000673
0.000057
0.000003
0.000000
0.000000
0.000000
0.000000
0.000000
0.000000
0.000000
0.000000
0.000000
0.000000
0.000000
0.000000
0.000000
0.000000
0.000000
0.000000
0.000000
0.000000
0.638869
2.795288
8.630599
18.823796
29.042878
31.797971
25.004004
14.926512
8.315537
5.935850
4.873799
3.338126
1.706771
0.817721
0.969384
2.075602
3.579361
4.375303
3.754063
2.259350
0.953725
0.282359
0.058626
0.008536
0.000872
0.000062
0.000003
0.000000
0.000001
0.000021
0.000302
0.003121
0.022581
0.114572
0.407689
1.017475
1.781081
2.186852
1.883369
1.137704
0.482065
0.143589
0.034315
0.045972
0.274862
1.279285
4.215584
9.820925
18.945398
16.061471
10.780582
7.600163
7.479698
8.308615
7.920837
5.861808
3.238742
1.304822
0.377340
0.077560
0.011264
0.001152
0.000083
0.000004
0.000000
0.000000
0.000000
0.000000
0.000000
0.000000
0.000000
0.000000
0.000000
0.000000
0.000000
0.000000
0.000000
0.000000
0.000000
0.000000
0.000000
0.000000
0.000000
0.000000
0.000000
0.000000
0.000000
0.000000
0.000000
0.000000
0.000000
0.000000
0.000000
0.000000
0.000000
0.000000
0.000000
0.000000
0.000000
0.000002
0.000043
0.000788
0.010240
0.094024
0.610947
2.813798
9.201751
21.409116
35.542147
42.433726
37.650437
28.411711
24.924531
27.714982
28.565561
22.339772
5.004241
1.412242
0.281754
0.039708
0.003950
0.000277
0.000014
0.000000
0.000000
0.000000
0.000000
0.000000
0.000000
0.000000
0.000000
0.000000
0.000000
0.000000
0.000000
0.000000
0.000000
0.000000
0.000000
0.000000
0.000000
0.000000
0.000000
0.000000
0.000000
0.000000
0.000000
0.000000
0.000000
0.000000
0.000000
0.000000
0.000000
0.000003
0.000075
0.001132
0.012004
0.089331
0.466618
1.711153
4.406477
7.970427
10.129283
9.047128
5.680875
2.508651
0.779372
0.170413
0.026265
0.003306
0.005096
0.036240
0.188673
0.689102
1.765242
3.171681
3.997159
3.533413
2.190867
0.952810
0.290635
0.062175
0.009328
0.000981
0.000072
0.000004
0.000000
0.010395
0.070331
0.337162
1.150056
2.820678
5.101318
7.169417
8.467688
8.866836
8.031218
6.049705
4.375117
4.642319
6.617265
8.080545
7.221754
4.664032
2.282358
0.955964
0.396081
0.159358
0.053422
0.013378
0.002396
0.000303
0.000027
0.000002
0.000000
0.000000
0.000000
0.000000
0.000000
0.000000
0.000000
0.000000
0.000000
0.000000
0.000000
0.000000
0.000000
0.000000
0.000000
0.000000
0.000000
0.000000
0.000000
0.000000
0.000000
0.000000
0.000000
0.000000
0.000000
0.000001
0.000017
0.000308
0.003965
0.035738
0.225881
1.001193
3.112271
6.785488
10.376356
11.129545
8.373000
4.418545
1.638749
0.451457
0.220527
0.542583
1.390214
2.542110
3.270519
3.019946
2.371522
3.105230
7.653919
17.860504
32.060614
43.258921
43.675149
32.842916
18.329415
7.593786
2.348845
0.548165
0.097614
0.013334
0.001389
0.000109
0.000006
0.000000
0.000000
0.000000
0.000000
0.000000
0.000000
0.000000
0.000004
0.000086
0.001185
0.011569
0.079850
0.389528
1.343192
3.273776
5.638857
6.861727
5.896602
3.576747
1.530595
0.461817
0.098189
0.014702
0.001549
0.000115
0.000006
0.000000
0.000000
0.000000
0.000000
0.000000
0.000000
0.000000
0.000000
0.000000
0.000000
0.000000
0.000000
0.000000
0.000000
0.000000
0.000000
0.000000
0.000010
0.000193
0.002703
0.027022
0.193606
0.999054
3.734116
10.172613
20.343128
30.145771
33.654442
29.382473
21.797630
15.506109
11.019566
7.141950
4.030337
2.360604
1.770101
1.379375
0.853334
0.380842
0.120368
0.030997
0.033513
0.135667
0.437578
0.997409
1.607985
1.863367
1.660533
1.400546
1.424771
1.532580
1.339857
0.852897
0.391360
0.181364
0.342191
1.168226
3.031522
5.569991
7.237381
6.689735
4.475361
2.271849
1.008233
0.625250
0.854045
1.408400
1.809307
1.657551
1.067965
0.482843
0.153176
0.034812
0.012304
0.045893
0.205976
0.656367
1.467265
2.300536
2.529975
1.951515
1.055822
0.400646
0.106626
0.019901
0.002605
0.000239
0.000015
0.000001
0.000000
0.000000
0.000000
0.000000
0.000000
0.000000
0.000004
0.000060
0.000669
0.005203
0.028458
0.109878
0.303074
0.616186
0.989670
1.390192
1.795046
1.995439
1.727898
1.095216
0.494594
0.157526
0.035282
0.005979
0.005529
0.038398
0.209659
0.803858
2.162207
4.084356
5.447679
5.278134
4.240251
4.031760
5.239560
6.559213
6.333127
4.457283
2.255880
0.816233
0.210227
0.038404
0.004961
0.000452
0.000029
0.000001
0.000000
0.914554
2.869672
6.340652
9.861031
10.790011
8.305740
4.513938
1.829867
0.927692
1.362278
2.435648
3.230124
3.016925
1.978847
0.927727
0.418960
0.648207
1.894829
4.280268
6.815890
7.614817
5.967358
3.280051
1.264568
0.341939
0.064844
0.008623
0.000804
0.000053
0.000002
0.000000
0.000000
0.000000
0.000000
0.000000
0.000000
0.000000
0.000000
0.000000
0.000000
0.000000
0.000000
0.000000
0.000000
0.000000
0.000000
0.000000
0.000000
0.000000
0.000000
0.000000
0.000000
0.000000
0.000000
0.000000
0.000000
0.000000
0.000000
0.000000
0.000000
0.000000
0.000000
0.000000
0.000000
0.000000
0.000000
0.000000
0.000000
0.000000
0.000000
0.000000
0.000000
0.000000
0.000000
0.000000
0.000000
0.000000
0.000000
0.000000
0.000000
0.000000
0.000000
0.000000
0.000000
0.000000
0.000000
0.000000
0.000000
0.000000
0.000000
0.000000
0.000000
0.000000
0.000000
0.000000
0.000000
0.000000
0.000000
0.000000
0.000001
0.000024
0.000420
0.005269
0.046730
0.293393
1.304104
4.104125
9.144910
14.426979
16.113355
12.740524
7.131159
2.825492
0.792589
0.158703
0.033071
0.063870
0.243532
0.673633
1.307703
1.780593
1.700562
1.139176
0.535244
0.176385
0.040766
0.006607
0.000751
0.000060
0.000003
0.000000
0.000000
0.000000
0.000000
0.000001
0.000014
0.000231
0.002660
0.021432
0.121103
0.479910
1.333846
2.600231
3.555435
3.410001
2.294015
1.082455
0.358245
0.083154
0.013536
0.001546
0.000132
0.000143
0.001566
0.012656
0.071728
0.285090
1.553805
2.130860
2.049706
1.382947
0.654468
0.217233
0.050570
0.008256
0.000945
0.000076
0.000004
0.000000
0.000000
0.000000
0.000000
0.000000
0.000000
0.000000
0.000000
0.000004
0.000083
0.001194
0.012076
0.086137
0.433660
1.541751
3.872388
6.873739
8.624889
7.650673
4.797453
2.126217
0.665819
0.147257
0.022990
0.002532
0.000197
0.000011
0.000000
0.000000
0.000000
0.000000
0.000001
0.000032
0.000529
0.006153
0.050185
0.287032
1.151337
3.239018
6.391235
8.845662
8.587303
0.000001
0.000000
0.000000
0.000000
0.000000
0.000000
0.000000
0.000000
0.000003
0.000062
0.000873
0.008545
0.058674
0.282542
0.954182
2.260058
3.754607
4.374982
3.575676
2.049773
0.824153
0.232405
0.045961
0.006374
0.000620
0.000042
0.000002
0.000000
0.000000
0.000000
0.000000
0.000000
0.000000
0.000004
0.000075
0.001057
0.010397
0.071712
0.346885
1.176795
2.800036
4.672967
5.470206
4.492521
2.597718
1.121581
0.672717
1.381143
3.408458
6.717049
10.902532
15.247878
18.017741
16.872352
11.835657
6.024532
2.192665
0.567021
0.103900
0.013473
0.001267
0.000611
0.006272
0.051886
0.301166
1.225951
3.500060
7.008649
9.843820
9.697738
6.701226
3.247936
1.104117
0.263242
0.044015
0.005161
0.000424
0.000024
0.000001
0.000000
0.000000
0.000000
0.000000
0.000000
0.000000
0.000000
0.000000
0.000000
0.000000
0.000000
0.000000
0.000000
0.000000
0.000000
0.000000
0.000000
0.000000
0.000000
0.000000
0.000000
0.000000
0.000005
0.000090
0.001066
0.008892
0.052001
0.213278
0.613519
1.238126
1.755853
1.774031
1.417520
1.441018
2.649793
4.991655
7.010943
6.959634
4.850341
2.371431
0.815001
0.208868
0.098670
0.233209
0.579103
1.123998
1.922374
3.304738
5.434223
7.335765
7.390721
3.296203
5.520937
6.568405
5.487074
3.219740
1.755323
1.072513
0.665978
0.508848
0.567594
0.814497
1.221713
1.744405
2.318743
2.857416
