0.600555
0.599169
0.596102
0.595949
0.594941
0.594694
0.586585
0.525425
0.449514
0.433536
0.434081
0.402489
0.332444
0.273516
0.294735
0.330052
0.314375
0.300774
0.299281
0.311991
0.363602
0.400998
0.423283
0.441099
0.450774
0.454285
0.456907
0.461394
0.468034
0.473517
0.477176
0.478837
0.478554
0.457325
0.406186
0.331798
0.242348
0.178188
0.139016
0.132714
0.113106
0.090691
0.080405
0.069715
0.067405
0.067928
0.067201
0.066881
0.061722
0.056225
0.055214
0.055525
0.055671
0.055987
0.054646
0.046495
0.036945
0.037800
0.038875
0.039103
0.039383
0.039802
0.040014
0.042855
0.044089
0.044484
0.048404
0.052197
0.052564
0.054050
0.057811
0.061718
0.061429
0.058207
0.059682
0.063187
0.064386
0.061816
0.060876
0.061356
0.062275
0.062706
0.062694
0.061516
0.062137
0.062485
0.059599
0.055835
0.054963
0.054767
0.053250
0.094722
0.104001
0.140125
0.429348
0.484897
0.496597
0.500048
0.500786
0.500209
0.499652
0.501279
0.504742
0.506416
0.506118
0.507178
0.501152
0.504289
0.509752
0.488001
0.428281
0.359276
0.321525
0.316744
0.297832
0.240068
0.236339
0.240943
0.244084
0.289701
0.360663
0.449657
0.540217
0.605094
0.659093
0.688243
0.694566
0.693760
0.676946
0.660047
0.651168
0.642953
0.632998
0.617651
0.580615
0.524552
0.470378
0.446978
0.515640
0.599062
0.644830
0.675456
0.669966
0.641918
0.614325
0.593570
0.563804
0.546613
0.539520
0.537249
0.513995
0.452248
0.363722
0.278593
0.216719
0.190379
0.187325
0.165104
0.133075
0.126519
0.112849
0.097526
0.090780
0.095803
0.090931
0.093501
0.108791
0.119217
0.123792
0.120433
0.118965
0.130419
0.137139
0.137610
0.137720
0.137394
0.137872
0.138496
0.138193
0.137997
0.142144
0.148225
0.154858
0.153376
0.150329
0.138342
0.123453
0.111725
0.109500
0.111153
0.133961
0.147050
0.158153
0.206518
0.236233
0.258408
0.313204
0.363004
0.385102
0.392652
0.399176
0.398742
0.405537
0.415184
0.411010
0.413043
0.418589
0.427739
0.425641
0.418399
0.331666
0.323956
0.325428
0.328719
0.330812
0.316371
0.290432
0.275548
0.271099
0.265545
0.264540
0.241916
0.196743
0.188948
0.175794
0.150869
0.107180
0.086067
0.085385
0.084211
0.083781
0.090036
0.098127
0.106186
0.120380
0.138453
0.146635
0.144804
0.147305
0.152767
0.149905
0.144496
0.138495
0.153296
0.155114
0.168542
0.213624
0.261335
0.276085
0.268533
0.264286
0.302959
0.345006
0.352620
0.357545
0.360057
0.365957
0.378431
0.378932
0.376654
0.376571
0.376512
0.376989
0.376441
0.390848
0.406182
0.385067
0.327786
0.310998
0.310045
0.306566
0.350768
0.426944
0.502435
0.536814
0.539609
0.573984
0.646837
0.680985
0.682717
0.679559
0.807957
0.787868
0.727938
0.692114
0.697344
0.743709
0.787777
0.800993
0.804447
0.828198
0.839101
0.838534
0.840239
0.840790
0.823538
0.800016
0.789651
0.788955
0.788654
0.785293
0.749169
0.653920
0.629628
0.629186
0.604519
0.535579
0.439305
0.372170
0.364003
0.351947
0.357828
0.383575
0.389767
0.386324
0.386660
0.375065
0.364582
0.363111
0.366099
0.366276
0.342836
0.326253
0.341193
0.346888
0.356413
0.363151
0.359156
0.359604
0.382158
0.398294
0.371479
0.307000
0.298119
0.359860
0.424487
0.466457
0.472469
0.474320
0.474121
0.474685
0.481788
0.483386
0.497853
0.496685
0.479460
0.488235
0.503549
0.505130
0.495863
0.528905
0.633920
0.694509
0.707993
0.703959
0.704784
0.704057
0.708854
0.709872
0.728386
0.743131
0.737156
0.749451
0.756975
0.758010
0.759491
0.744600
0.731690
0.743316
0.744992
0.686949
0.528930
0.415603
0.438443
0.473433
0.510101
0.525090
0.541338
0.584779
0.604325
0.603255
0.588732
0.579278
0.580770
0.582534
0.601311
0.611665
0.624067
0.621994
0.622105
0.636172
0.665238
0.662813
0.625497
0.605440
0.579465
0.565546
0.544543
0.465079
0.368145
0.269700
0.201973
0.195815
0.195813
0.197661
0.198051
0.197623
0.201034
0.205746
0.204894
0.206793
0.223353
0.342507
0.524563
0.677465
0.780468
0.849281
0.863472
0.853030
0.837799
0.819152
0.797273
0.775050
0.758405
0.735111
0.708045
0.691539
0.700522
0.724964
0.760686
0.824456
0.886083
0.902677
0.854393
0.780587
0.718492
0.639151
0.588701
0.593702
0.606653
0.617895
0.615639
0.618112
0.637370
0.646996
0.646846
0.693582
0.780116
0.842441
0.830106
0.770552
0.735372
0.727572
0.732986
0.737017
0.727503
0.730828
0.757721
0.775223
0.768774
0.759716
0.764927
0.763110
0.741509
0.733121
0.749816
0.732005
0.623118
0.470284
0.374348
0.371555
0.382093
0.387201
0.411400
0.427525
0.429665
0.434517
0.428088
0.429690
0.464928
0.508455
0.539075
0.579980
0.618573
0.636122
0.629146
0.617911
0.618381
0.628046
0.643202
0.636404
0.617397
0.604163
0.556567
0.500255
0.461952
0.416956
0.391523
0.424486
0.467528
0.461571
0.440310
0.424813
0.426289
0.431344
0.434967
0.435433
0.446860
0.435992
0.417788
0.435690
0.428145
0.403687
0.391180
0.389992
0.404120
0.420291
0.420861
0.416251
0.416816
0.492322
0.592684
0.667874
0.689561
0.677404
0.664792
0.662528
0.643290
0.627938
0.632448
0.631087
0.633210
0.644190
0.418853
0.379886
0.367618
0.366017
0.363971
0.411070
0.521233
0.580357
0.582929
0.584983
0.584325
0.584298
0.589700
0.610622
0.643355
0.665106
0.674043
0.680528
0.692037
0.683729
0.628427
0.540183
0.453194
0.382944
0.348439
0.345912
0.324007
0.301435
0.298214
0.280378
0.220672
0.143929
0.105663
0.110153
0.106003
0.099886
0.103884
0.110812
0.115407
0.119648
0.111864
0.103519
0.094768
0.090099
0.083818
0.074849
0.063285
0.054713
0.054004
0.053001
0.051448
0.050915
0.054745
0.058000
0.060744
0.061877
0.061772
0.059187
0.055112
0.049828
0.046663
0.040148
0.039322
0.040164
0.040507
0.039651
0.039882
0.042766
0.044797
0.047195
0.047003
0.051220
0.053181
0.053432
0.056319
0.064065
0.070619
0.072513
0.074133
0.075205
0.079457
0.089022
0.094156
0.097160
0.096054
0.091912
0.090489
0.092503
0.096387
0.094496
0.088249
0.085443
0.083932
0.083900
0.089062
0.147203
0.185839
0.210305
0.320052
0.439394
0.510652
0.532145
0.536014
0.582579
0.657365
0.683432
0.690100
0.696227
0.695892
0.696678
0.700069
0.701563
0.702215
0.707137
0.721333
0.734801
0.739963
0.734523
0.687235
0.591334
0.483588
0.409808
0.397153
0.379759
0.324082
0.347699
0.401466
0.433141
0.445819
0.441225
0.430566
0.456873
0.536006
0.626567
0.670337
0.648345
0.616576
0.613191
0.618668
0.612906
0.590428
0.564382
0.540227
0.519907
0.510679
0.511946
0.509510
0.515867
0.559077
0.596902
0.609360
0.623980
0.612662
0.586389
0.572323
0.568292
0.567613
0.523497
0.507776
0.506399
0.504049
0.501889
0.503208
0.510256
0.516332
0.528326
0.537318
0.500611
0.420592
0.327018
0.228176
0.180461
0.199030
0.256539
0.318384
0.355167
0.362522
0.363506
0.381035
0.394648
0.397797
0.404962
0.411526
0.411586
0.408431
0.403808
0.405056
0.400172
0.397846
0.397969
0.400910
0.413606
0.430942
0.415362
0.367127
0.312189
0.284573
0.278409
0.272193
0.265867
0.264505
0.235966
0.192650
0.158446
0.149358
0.152177
0.153629
0.152214
0.146846
0.141057
0.110093
0.111625
0.110214
0.104188
0.083052
0.088135
0.104225
0.111640
0.115217
0.110534
0.105942
0.109433
0.113578
0.113943
0.113131
0.112392
0.111207
0.122544
0.126817
0.128152
0.127502
0.130364
0.137862
0.138971
0.141012
0.140131
0.133143
0.127129
0.122324
0.125386
0.215360
0.351592
0.451725
0.507563
0.526485
0.523404
0.537776
0.575771
0.593137
0.601666
0.605937
0.602284
0.594904
0.588773
0.584305
0.585356
0.587139
0.592681
0.597062
0.594734
0.587439
0.547915
0.490869
0.452296
0.440732
0.445385
0.442619
0.409190
0.407840
0.464418
0.520670
0.546052
0.548477
0.541922
0.526559
0.499304
0.468269
0.415613
0.351787
0.316663
0.307928
0.307633
0.310674
0.347920
0.412507
0.455326
0.468400
0.483381
0.560816
0.645754
0.694594
0.717253
0.724185
0.720892
0.725843
0.734358
0.740320
0.746582
0.754291
0.759898
0.763585
0.764195
0.763478
0.747242
0.708433
0.665605
0.651279
0.677197
0.692355
0.706713
0.760887
0.785981
0.785393
0.786586
0.787114
0.780098
0.771744
0.759172
0.736143
0.729428
0.798668
0.897884
0.940586
0.941709
0.941883
0.942760
0.940815
0.926801
0.891052
0.823499
0.725252
0.714539
0.723933
0.739289
0.752172
0.751228
0.755721
0.758629
0.758849
0.762112
0.983819
0.981317
0.964477
0.944811
0.929205
0.926907
0.915296
0.845057
0.816802
0.839739
0.866670
0.881795
0.864540
0.841233
0.832966
