34.705968
14.677937
5.289833
2.729276
2.655055
2.651051
2.018549
1.108000
0.437084
0.148276
0.143601
0.355411
0.723694
1.042148
1.053194
0.748045
0.383192
0.190231
0.245404
0.536073
0.965326
1.515556
3.021679
7.906712
18.505163
32.232450
40.199884
35.745676
22.761668
10.688277
4.697555
4.334935
7.757864
15.016176
28.655407
48.827542
66.357591
67.829558
51.135906
28.325266
11.542655
3.471191
0.799224
0.281610
0.567739
1.373492
2.389525
2.918461
2.500250
1.502393
0.633203
0.187173
0.038803
0.005641
0.000575
0.000041
0.000002
0.000000
0.000000
0.000000
0.000000
0.000000
0.000000
0.000000
0.000000
0.000000
0.000000
0.000000
0.000000
0.000000
0.000000
0.000000
0.000000
0.000000
0.000000
0.000000
0.000000
0.000000
0.000000
0.000000
0.000000
0.000000
0.000000
0.000000
0.000000
0.000000
0.000000
0.000000
0.000000
0.000000
0.000000
0.000000
0.000000
0.000000
0.000000
0.000000
0.000000
0.000000
0.000000
0.000000
0.000000
0.000000
0.000000
0.000000
0.000000
0.000000
0.000000
0.000000
0.000000
0.000000
0.000000
0.000000
0.000000
0.000000
0.000000
0.000000
0.000000
0.000000
0.000000
0.000000
0.000000
0.000000
0.000000
0.000000
0.000000
0.000000
0.000000
0.000000
0.000000
0.000000
0.000000
0.000000
0.000000
0.000000
0.000000
0.000002
0.000044
0.000709
0.008079
0.065070
0.370392
1.490273
4.238324
8.518991
12.098638
12.136160
8.594625
4.294864
1.513582
0.375961
0.065782
0.008103
0.000702
0.000043
0.000002
0.000000
0.000000
0.000000
0.000000
0.000000
0.000000
0.000000
0.000000
0.000000
0.000000
0.000000
0.000000
0.000000
0.000000
0.000000
0.000000
0.000000
0.000000
0.000000
0.000000
0.000000
0.000000
0.000000
0.000000
0.000000
0.000000
0.000000
0.000000
0.000000
0.000000
0.000000
0.000000
0.000000
0.000000
0.000000
0.000000
0.000000
0.000000
0.000000
0.000000
0.000000
0.000000
0.000000
0.000000
0.000000
0.000000
0.000000
0.000000
0.000000
0.000000
0.000000
0.000000
0.000000
0.000000
0.000000
0.000000
0.000000
0.000000
0.000000
0.000000
0.000000
0.000000
0.000000
0.000000
0.000000
0.000000
0.000000
0.000000
0.000000
0.000000
0.000000
0.000000
0.000000
0.000000
0.000000
0.000000
0.000000
0.000000
0.000000
0.000000
0.000000
0.000000
0.000000
0.000000
0.000000
0.000000
0.000000
0.000000
0.000000
0.000000
0.000000
0.000002
0.000042
0.000704
0.008393
0.070752
0.421555
1.775347
5.284412
11.114916
16.514844
17.327010
12.830514
6.701993
2.468075
0.640408
0.117019
0.015078
0.001687
0.002626
0.013906
0.053374
0.143717
0.271425
0.359555
0.334087
0.217736
0.099534
0.031912
0.007176
0.001132
0.000125
0.000010
0.000001
0.000000
0.000000
0.000000
0.000000
0.000013
0.000252
0.003374
0.031708
0.208983
0.965941
3.131279
7.119477
11.353930
12.700644
9.965269
5.484424
2.117091
0.573185
0.108836
0.014492
0.001353
0.000089
0.000004
0.000000
0.000005
0.000102
0.001375
0.013017
0.086433
0.402481
1.314407
3.010647
4.836725
5.450226
4.307763
2.388133
0.928587
0.253236
0.048433
0.006496
0.000611
0.000040
0.000002
0.000000
0.000000
0.000001
0.000032
0.000530
0.006065
0.048736
0.274918
1.088935
3.029443
5.921262
8.133788
7.854970
5.334896
2.549203
0.857349
0.203036
0.033872
0.003983
0.000330
0.000019
0.000001
0.000000
0.000000
0.000000
0.000000
0.000000
0.000000
0.000001
0.000023
0.000267
0.002188
0.012801
0.054912
0.180728
0.485227
1.104889
2.088512
3.087358
3.386680
2.673788
1.497188
0.590785
0.164065
0.033961
0.016173
0.047525
0.131703
0.258144
0.354976
0.342670
0.236049
0.154041
0.349464
1.599261
5.839023
15.608221
30.806977
45.675787
51.979254
46.646176
34.257564
21.732211
13.024871
8.830164
7.835744
7.461342
5.838561
3.355922
1.373090
0.396842
0.080885
0.011626
0.001179
0.000084
0.000004
0.000000
0.000000
0.000000
0.000000
0.000000
0.000000
0.000001
0.000025
0.000416
0.004885
0.040195
0.231946
0.938669
2.664244
5.303880
7.406030
7.253643
4.983170
2.401189
0.811527
0.192360
0.031977
0.003728
0.000305
0.000017
0.000001
0.000000
0.000000
0.000000
0.000000
0.000000
0.000000
0.000000
0.000000
0.000000
0.000000
0.000000
0.000000
0.000000
0.000000
0.000000
0.000000
0.000000
0.000000
0.000000
0.000000
0.000000
0.000000
0.000000
0.000000
0.000000
0.000000
0.000000
0.000000
0.000000
0.000000
0.000000
0.000000
0.000000
0.000000
0.000000
0.000000
0.000000
0.000000
0.000000
0.000000
0.000000
0.000000
0.000000
0.000000
0.000000
0.000000
0.000000
0.000000
0.000000
0.000000
0.000000
0.000000
0.000000
0.000000
0.000000
0.000000
0.000000
0.000000
0.000000
0.000000
0.000000
0.000000
0.000000
0.000000
0.000000
0.000000
0.000000
0.000000
0.000000
0.000000
0.000000
0.000000
0.000000
0.000000
0.000000
0.000000
0.000000
0.000000
0.000000
0.000000
0.000000
0.000000
0.000000
0.000000
0.000000
0.000000
0.000000
0.000000
0.000001
0.000028
0.000487
0.005939
0.050842
0.305197
1.284831
3.793582
7.856208
11.411720
11.627106
8.309500
4.165373
1.464517
0.361140
0.062455
0.007574
0.000644
0.000038
0.000002
0.000000
0.000000
0.000000
0.000000
0.000000
0.000000
0.000000
0.000000
0.000000
0.000000
0.000000
0.000000
0.000000
0.000000
0.000000
0.000000
0.000000
0.000000
0.000000
0.000000
0.000000
0.000000
0.000000
0.000007
0.000097
0.001004
0.007306
0.037290
0.133487
0.335143
0.590174
0.728957
0.631538
0.383769
0.163569
0.048897
0.010251
0.001507
0.000155
0.000011
0.000001
0.000000
0.000000
0.000000
0.000000
0.000000
0.000000
0.000000
0.000000
0.000000
0.000000
0.000000
0.000000
0.000000
0.000000
0.000000
0.000000
0.000000
0.000000
0.000000
0.000000
0.000000
0.000000
0.000000
0.000000
0.000000
0.000000
0.000000
0.000000
0.000000
0.000000
0.000000
0.000000
0.000000
0.000000
0.000000
0.000000
0.000000
0.000000
0.000000
0.000000
0.000000
0.000000
0.000000
0.000000
0.000000
0.000000
0.000000
0.000000
0.000000
0.000000
0.000000
0.000000
0.000000
0.000000
0.000000
0.000000
0.000000
0.000000
0.000000
0.000000
0.000000
0.000000
0.000000
0.000000
0.000000
0.000000
0.000000
0.000000
0.000000
0.000000
0.000000
0.000000
0.000000
0.000000
0.000000
0.000000
0.000000
0.000000
0.000000
0.000000
0.000000
0.000000
0.000000
0.000000
0.000000
0.000000
0.000000
0.000000
0.000000
0.000000
0.000000
0.000000
0.000000
0.000000
0.000000
0.000000
0.000000
0.000000
0.000000
0.000000
0.000000
0.000000
0.000000
0.000000
0.000000
0.000000
0.000000
0.000000
0.000000
0.000000
0.000000
0.000000
0.000000
0.000000
0.000000
0.000000
0.000000
0.000000
0.000000
0.000000
0.000000
0.000000
0.000000
0.000000
0.000000
0.000000
0.000001
0.000017
0.000264
0.002895
0.022216
0.119570
0.451325
1.194817
2.218591
2.889549
2.639764
1.691534
0.760270
0.239670
0.053028
0.008789
0.006798
0.043042
0.220799
0.800568
2.047500
3.691925
4.690997
4.197991
2.644645
1.172294
0.365471
0.080103
0.012402
0.002191
0.008028
0.051447
0.234129
0.747345
1.673156
2.627345
2.893829
2.235660
1.211464
0.460442
0.122738
0.022946
0.003008
0.000277
0.000018
0.000001
0.000000
0.000000
0.000000
0.000000
0.000000
0.000000
0.000000
0.000000
0.000000
0.000000
0.000000
0.000000
0.000000
0.000000
0.000000
0.000000
0.000000
0.000000
0.000000
0.000000
0.000000
0.000000
0.000000
0.000000
0.000000
0.000000
0.000000
0.000000
0.000000
0.000000
0.000000
0.000000
0.000000
0.000000
0.000000
0.000000
0.000000
0.000000
0.000000
0.000000
0.000000
0.000000
0.000000
0.000000
0.000000
0.000000
0.000000
0.000000
0.000000
0.000000
0.000000
0.000000
0.000000
0.000000
0.000000
0.000000
0.000000
0.000000
0.000000
0.000000
0.000000
0.000000
0.000000
0.000000
0.000000
0.000000
0.000001
0.000013
0.000173
0.001654
0.011073
0.051988
0.171183
0.395338
0.640386
0.727599
0.579875
0.324409
0.129788
0.053482
0.096074
0.303984
0.724292
1.219587
1.448226
1.213312
0.717528
0.299660
0.088410
0.018432
0.002716
0.000283
0.000021
0.000001
0.000000
0.000000
0.000000
0.000000
0.000000
0.000000
0.000000
0.000000
0.000000
0.000000
0.000000
0.000000
0.000000
0.000000
0.000000
0.000000
0.000000
0.000000
0.000005
0.000095
0.001311
0.012733
0.086691
0.413926
1.386097
3.255464
5.362879
6.196684
5.022304
2.855588
1.143541
0.353489
0.230715
0.573917
1.332926
2.201671
2.552276
2.075377
1.183713
0.473548
0.132871
0.026147
0.003608
0.000349
0.000024
0.000001
0.000000
0.000000
0.000000
0.000000
0.000000
0.000000
0.000000
0.000000
0.000000
0.000000
0.000000
0.000000
0.000000
0.000000
0.000000
0.000000
0.000000
0.000000
0.000000
0.000000
0.000000
0.000000
0.000000
0.000000
0.000000
0.000000
0.000000
0.000000
0.000000
0.000000
0.000000
0.000000
0.000000
0.000000
0.000000
0.000000
0.000000
0.000000
0.000000
0.000000
0.000000
0.000000
0.000000
0.000000
0.000000
0.000000
0.000000
0.000000
0.000000
0.000000
0.000000
0.000000
0.000000
0.000000
0.000000
0.000000
0.000000
0.000000
0.000000
0.000000
0.000000
0.000000
0.000000
0.000000
0.000000
0.000000
0.000000
0.000000
0.000000
0.000000
