-0.000000
0.002194
0.004387
0.006572
0.008757
0.010942
0.013126
0.015311
0.017496
0.019680
0.021865
0.024050
0.026234
0.028419
0.030604
0.032778
0.034952
0.037127
0.039301
0.041475
0.043650
0.045824
0.047999
0.050173
0.052347
0.054522
0.056696
0.058859
0.061022
0.063185
0.065348
0.067511
0.069674
0.071837
0.073999
0.076162
0.078325
0.080488
0.082651
0.084801
0.086952
0.089102
0.091252
0.093403
0.095553
0.097703
0.099854
0.102004
0.104154
0.106304
0.108455
0.110591
0.112728
0.114864
0.117001
0.119138
0.121274
0.123411
0.125547
0.127684
0.129820
0.131957
0.134093
0.136215
0.138337
0.140459
0.142580
0.144702
0.146824
0.148946
0.151067
0.153189
0.155311
0.157433
0.159554
0.161660
0.163766
0.165872
0.167978
0.170084
0.172190
0.174296
0.176402
0.178507
0.180613
0.182719
0.184825
0.186914
0.189003
0.191092
0.193181
0.195270
0.197359
0.199448
0.201537
0.203626
0.205715
0.207804
0.209893
0.211964
0.214035
0.216106
0.218178
0.220249
0.222320
0.224391
0.226462
0.228533
0.230604
0.232675
0.234747
0.236799
0.238851
0.240903
0.242956
0.245008
0.247060
0.249113
0.251165
0.253217
0.255269
0.257322
0.259374
0.261406
0.263439
0.265471
0.267504
0.269536
0.271569
0.273601
0.275634
0.277666
0.279699
0.281731
0.283764
0.285776
0.287787
0.289799
0.291811
0.293823
0.295835
0.297846
0.299858
0.301870
0.303882
0.305894
0.307905
0.309896
0.311886
0.313876
0.315866
0.317856
0.319847
0.321837
0.323827
0.325817
0.327807
0.329797
0.331788
0.333755
0.335723
0.337691
0.339659
0.341626
0.343594
0.345562
0.347529
0.349497
0.351465
0.353433
0.355400
0.357345
0.359289
0.361233
0.363178
0.365122
0.367067
0.369011
0.370955
0.372900
0.374844
0.376789
0.378733
0.380653
0.382573
0.384494
0.386414
0.388334
0.390254
0.392174
0.394095
0.396015
0.397935
0.399855
0.401776
0.403671
0.405566
0.407461
0.409357
0.411252
0.413147
0.415042
0.416937
0.418833
0.420728
0.422623
0.424518
0.426388
0.428257
0.430127
0.431996
0.433866
0.435735
0.437605
0.439474
0.441343
0.443213
0.445082
0.446952
0.448795
0.450638
0.452480
0.454323
0.456166
0.458009
0.459852
0.461695
0.463538
0.465381
0.467223
0.469066
0.470882
0.472697
0.474513
0.476328
0.478144
0.479960
0.481775
0.483591
0.485406
0.487222
0.489037
0.490853
0.492640
0.494428
0.496215
0.498002
0.499790
0.501577
0.503365
0.505152
0.506939
0.508727
0.510514
0.512302
0.514060
0.515819
0.517577
0.519336
0.521094
0.522853
0.524612
0.526370
0.528129
0.529887
0.531646
0.533404
0.535133
0.536862
0.538591
0.540320
0.542049
0.543778
0.545507
0.547236
0.548965
0.550694
0.552423
0.554152
0.555851
0.557549
0.559248
0.560946
0.562645
0.564344
0.566042
0.567741
0.569440
0.571138
0.572837
0.574535
0.576203
0.577871
0.579538
0.581206
0.582873
0.584541
0.586208
0.587876
0.589544
0.591211
0.592879
0.594546
0.596182
0.597818
0.599454
0.601090
0.602726
0.604361
0.605997
0.607633
0.609269
0.610905
0.612540
0.614176
0.615780
0.617383
0.618986
0.620590
0.622193
0.623796
0.625400
0.627003
0.628606
0.630210
0.631813
0.633417
0.634987
0.636557
0.638127
0.639697
0.641268
0.642838
0.644408
0.645978
0.647548
0.649119
0.650689
0.652259
0.653795
0.655332
0.656868
0.658404
0.659941
0.661477
0.663013
0.664550
0.666086
0.667622
0.669159
0.670695
0.672197
0.673699
0.675200
0.676702
0.678204
0.679706
0.681208
0.682709
0.684211
0.685713
0.687215
0.688717
0.690183
0.691650
0.693116
0.694583
0.696050
0.697516
0.698983
0.700449
0.701916
0.703383
0.704849
0.706316
0.707746
0.709177
0.710608
0.712039
0.713469
0.714900
0.716331
0.717761
0.719192
0.720623
0.722053
0.723484
0.724878
0.726272
0.727666
0.729061
0.730455
0.731849
0.733243
0.734637
0.736031
0.737425
0.738820
0.740214
0.741571
0.742927
0.744284
0.745641
0.746998
0.748355
0.749712
0.751069
0.752426
0.753783
0.755139
0.756496
0.757815
0.759134
0.760453
0.761772
0.763091
0.764410
0.765729
0.767048
0.768367
0.769686
0.771005
0.772324
0.773605
0.774885
0.776166
0.777446
0.778727
0.780007
0.781287
0.782568
0.783848
0.785129
0.786409
0.787690
0.788931
0.790172
0.791413
0.792654
0.793896
0.795137
0.796378
0.797619
0.798861
0.800102
0.801343
0.802584
0.803786
0.804987
0.806188
0.807390
0.808591
0.809792
0.810994
0.812195
0.813396
0.814598
0.815799
0.817000
0.818161
0.819322
0.820483
0.821644
0.822804
0.823965
0.825126
0.826287
0.827448
0.828609
0.829769
0.830930
0.832050
0.833169
0.834289
0.835409
0.836528
0.837648
0.838768
0.839887
0.841007
0.842127
0.843246
0.844366
0.845444
0.846522
0.847599
0.848677
0.849755
0.850833
0.851911
0.852988
0.854066
0.855144
0.856222
0.857300
0.858335
0.859370
0.860406
0.861441
0.862477
0.863512
0.864547
0.865583
0.866618
0.867653
0.868689
0.869724
0.870716
0.871709
0.872701
0.873693
0.874685
0.875678
0.876670
0.877662
0.878654
0.879647
0.880639
0.881631
0.882580
0.883528
0.884477
0.885425
0.886374
0.887322
0.888271
0.889219
0.890168
0.891116
0.892065
0.893013
0.893917
0.894821
0.895725
0.896630
0.897534
0.898438
0.899342
0.900246
0.901150
0.902054
0.902959
0.903863
0.904722
0.905581
0.906440
0.907299
0.908158
0.909017
0.909877
0.910736
0.911595
0.912454
0.913313
0.914172
0.914986
0.915799
0.916613
0.917426
0.918240
0.919053
0.919867
0.920680
0.921494
0.922307
0.923121
0.923934
0.924701
0.925469
0.926236
0.927003
0.927771
0.928538
0.929305
0.930072
0.930840
0.931607
0.932374
0.933141
0.933862
0.934582
0.935303
0.936023
0.936743
0.937464
0.938184
0.938905
0.939625
0.940345
0.941066
0.941786
0.942459
0.943132
0.943805
0.944478
0.945151
0.945824
0.946497
0.947170
0.947843
0.948516
0.949189
0.949862
0.950487
0.951112
0.951736
0.952361
0.952986
0.953611
0.954236
0.954861
0.955486
0.956111
0.956736
0.957361
0.957937
0.958513
0.959089
0.959666
0.960242
0.960818
0.961395
0.961971
0.962547
0.963123
0.963700
0.964276
0.964803
0.965330
0.965857
0.966384
0.966911
0.967438
0.967966
0.968493
0.969020
0.969547
0.970074
0.970601
0.971078
0.971556
0.972033
0.972510
0.972987
0.973465
0.973942
0.974419
0.974897
0.975374
0.975851
0.976329
0.976756
0.977183
0.977610
0.978037
0.978464
0.978891
0.979318
0.979745
0.980172
0.980599
0.981026
0.981453
0.981829
0.982205
0.982581
0.982957
0.983334
0.983710
0.984086
0.984462
0.984838
0.985214
0.985591
0.985967
0.986292
0.986616
0.986941
0.987266
0.987591
0.987916
0.988241
0.988565
0.988890
0.989215
0.989540
0.989865
0.990138
0.990411
0.990684
0.990957
0.991230
0.991503
0.991776
0.992048
0.992321
0.992594
0.992867
0.993140
0.993361
0.993582
0.993802
0.994023
0.994244
0.994464
0.994685
0.994906
0.995126
0.995347
0.995568
0.995788
0.995956
0.996124
0.996292
0.996460
0.996628
0.996796
0.996964
0.997132
0.997300
0.997467
0.997635
0.997803
0.997918
0.998033
0.998147
0.998262
0.998377
0.998492
0.998606
0.998721
0.998836
0.998950
0.999065
0.999180
0.999241
0.999302
0.999363
0.999424
0.999486
0.999547
0.999608
0.999669
0.999730
0.999791
0.999852
0.999914
0.999921
0.999928
0.999935
0.999942
0.999950
0.999957
0.999964
0.999971
0.999978
0.999986
0.999993
1.000000
0.999953
0.999906
0.999859
0.999812
0.999765
0.999718
0.999670
0.999623
0.999576
0.999529
0.999482
0.999435
0.999334
0.999232
0.999130
0.999029
0.998927
0.998825
0.998724
0.998622
0.998520
0.998419
0.998317
0.998215
0.998059
0.997903
0.997746
0.997590
0.997433
0.997277
0.997120
0.996964
0.996807
0.996651
0.996494
0.996338
0.996126
0.995915
0.995703
0.995492
0.995280
0.995069
0.994857
0.994646
0.994434
0.994223
0.994011
0.993800
0.993533
0.993267
0.993000
0.992733
0.992466
0.992200
0.991933
0.991666
0.991400
0.991133
0.990866
0.990599
0.990277
0.989955
0.989633
0.989311
0.988989
0.988667
0.988345
0.988023
0.987701
0.987379
0.987057
0.986735
0.986358
0.985980
0.985603
0.985225
0.984848
0.984470
0.984093
0.983715
0.983338
0.982961
0.982583
0.982206
0.981773
0.981340
0.980907
0.980474
0.980041
0.979608
0.979176
0.978743
0.978310
0.977877
0.977444
0.977011
0.976523
0.976035
0.975546
0.975058
0.974570
0.974082
0.973593
0.973105
0.972617
0.972128
0.971640
0.971152
0.970608
0.970065
0.969521
0.968978
0.968434
0.967890
0.967347
0.966803
0.966260
0.965716
0.965173
0.964629
0.964030
0.963431
0.962833
0.962234
0.961635
0.961037
0.960438
0.959839
0.959240
0.958642
0.958043
0.957444
0.956790
0.956137
0.955483
0.954829
0.954176
0.953522
0.952868
0.952215
0.951561
0.950907
0.950254
0.949600
0.948892
0.948183
0.947475
0.946767
0.946058
0.945350
0.944642
0.943933
0.943225
0.942517
0.941808
0.941100
0.940337
0.939575
0.938812
0.938049
0.937287
0.936524
0.935761
0.934999
0.934236
0.933473
0.932711
0.931948
0.931131
0.930315
0.929498
0.928682
0.927865
0.927048
0.926232
0.925415
0.924599
0.923782
0.922965
0.922149
0.921279
0.920409
0.919539
0.918669
0.917799
0.916929
0.916059
0.915189
0.914319
0.913449
0.912579
0.911709
0.910786
0.909863
0.908940
0.908017
