1.155996
1.169051
1.136187
1.063358
1.013941
1.003843
0.994492
0.936069
0.775509
0.574925
0.428367
0.349618
0.347434
0.296257
0.311981
0.315678
0.340047
0.400824
0.471354
0.521741
0.528914
0.523691
0.567242
0.717378
0.920700
1.037299
1.071277
1.356375
1.799102
2.148455
2.298884
2.310459
2.381410
2.521506
2.607549
2.637917
2.656647
2.665584
2.663874
2.657632
2.657306
2.661073
2.657383
2.621500
2.546912
2.486004
2.485136
2.368719
2.026501
1.494268
0.961621
0.740536
0.693286
0.481255
0.233444
0.194862
0.213738
0.247683
0.269805
0.267846
0.260318
0.254816
0.251275
0.249212
0.234934
0.220450
0.215395
0.215264
0.221449
0.232151
0.242378
0.249145
0.252728
0.253523
0.256506
0.267351
0.267498
0.245063
0.203586
0.168152
0.146759
0.134323
0.131156
0.133679
0.141435
0.141189
0.138517
0.139780
0.143238
0.145350
0.145110
0.143679
0.139290
0.134519
0.136980
0.135602
0.130165
0.127635
0.129054
0.122998
0.107819
0.093359
0.087312
0.086057
0.084214
0.085971
0.089477
0.089869
0.089413
0.088426
0.089564
0.087724
0.083249
0.086376
0.090855
0.106146
0.121249
0.131737
0.133589
0.132731
0.132289
0.131583
0.128998
0.125114
0.123862
0.127283
0.130761
0.139770
0.149563
0.153955
0.166826
0.279183
0.328807
0.417998
0.654330
0.869205
1.000073
1.045953
1.047947
1.074919
1.122665
1.125919
1.124959
1.122966
1.119600
1.115000
1.110872
1.105258
1.099022
1.092079
1.079849
1.026184
0.985328
0.977037
0.892114
0.726208
0.533403
0.406783
0.384969
0.329722
0.154747
0.148653
0.157400
0.151170
0.146243
0.148932
0.156933
0.158959
0.159159
0.161747
0.163150
0.162305
0.161797
0.167857
0.181071
0.191953
0.207398
0.223213
0.231888
0.232907
0.222880
0.207644
0.183159
0.157246
0.141573
0.142372
0.146768
0.143386
0.141372
0.141779
0.148355
0.140996
0.133864
0.133690
0.152838
0.176227
0.182076
0.244236
0.341331
0.404193
0.428773
0.430616
0.440886
0.480048
0.499750
0.499408
0.494889
0.495473
0.495472
0.496312
0.496286
0.496910
0.495983
0.493023
0.482241
0.465296
0.465770
0.453432
0.419805
0.386917
0.362998
0.378664
0.389943
0.350508
0.356969
0.413968
0.467541
0.479914
0.477291
0.521897
0.590105
0.596490
0.595351
0.593921
0.593686
0.593422
0.593610
0.593145
0.589600
0.602446
0.624213
0.611824
0.592590
0.607251
0.614599
0.598503
0.548061
0.523873
0.556571
0.541406
0.488445
0.484413
0.488946
0.497406
0.500511
0.500858
0.524608
0.528223
0.560675
0.586540
0.603220
0.628349
0.630705
0.628724
0.633945
0.633507
0.640296
0.624005
0.563248
0.539579
0.534758
0.536879
0.543129
0.556936
0.562972
0.560905
0.513178
0.503022
0.492638
0.462538
0.413488
0.371687
0.394403
0.414655
0.424769
0.456766
0.470646
0.479861
0.469329
0.444298
0.429338
0.427189
0.425366
0.427703
0.430006
0.411786
0.389014
0.346073
0.288616
0.266387
0.287823
0.323196
0.350598
0.374932
0.379081
0.348738
0.353587
0.379651
0.374314
0.373813
0.373842
0.375906
0.382529
0.381378
0.371251
0.366615
0.377499
0.378450
0.372810
0.371019
0.371728
0.361409
0.345890
0.324208
0.312407
0.323427
0.303471
0.301242
0.366822
0.389447
0.393032
0.392540
0.374065
0.351936
0.335404
0.325415
0.326160
0.324384
0.323393
0.320438
0.318763
0.283333
0.236038
0.199970
0.193719
0.198771
0.201404
0.197252
0.166161
0.163796
0.167610
0.165913
0.187574
0.207471
0.225855
0.223134
0.232683
0.233401
0.255705
0.283792
0.290562
0.295564
0.303490
0.315199
0.340459
0.363509
0.375726
0.375306
0.399296
0.419560
0.454813
0.610922
0.895285
1.140496
1.286270
1.334355
1.318643
1.307943
1.275138
1.233152
1.208860
1.204905
1.211790
1.218157
1.224149
1.226632
1.226325
1.214624
1.168161
1.110238
1.112659
1.109265
1.008751
0.801783
0.524421
0.286991
0.232058
0.229747
0.173831
0.152436
0.220493
0.247084
0.265796
0.329284
0.390742
0.411824
0.412129
0.439337
0.520051
0.608086
0.620493
0.624119
0.628095
0.633396
0.637208
0.635986
0.632234
0.628755
0.626582
0.626271
0.617411
0.612824
0.594036
0.532053
0.437651
0.362839
0.336688
0.336638
0.301188
0.207227
0.192324
0.192297
0.193062
0.190865
0.189113
0.195732
0.197100
0.194354
0.191367
0.186139
0.184730
0.197337
0.225438
0.242758
0.240111
0.235534
0.236337
0.235978
0.239049
0.254052
0.263820
0.260252
0.248731
0.237558
0.241268
0.254603
0.256925
0.270334
0.269987
0.260395
0.268573
0.283288
0.281189
0.272179
0.272459
0.272126
0.277473
0.299705
0.300789
0.305053
0.331508
0.350092
0.354183
0.354602
0.353783
0.353032
0.352333
0.339432
0.326427
0.324861
0.320814
0.308785
0.303018
0.302621
0.301417
0.300803
0.286993
0.251927
0.247121
0.247192
0.221244
0.217592
0.242386
0.271401
0.295426
0.289774
0.288461
0.303954
0.307845
0.314695
0.335713
0.370529
0.413913
0.433187
0.428115
0.410505
0.385456
0.343982
0.308761
0.328451
0.361439
0.371294
0.362902
0.353894
0.355790
0.355526
0.346807
0.346729
0.341014
0.340667
0.345359
0.345113
0.340767
0.340346
0.343611
0.359780
0.379319
0.384941
0.393256
0.383619
0.340635
0.305226
0.292709
0.296577
0.298772
0.297885
0.296439
0.306831
0.275805
0.244861
0.209289
0.179313
0.167990
0.158151
0.173619
0.190617
0.202491
0.200748
0.202053
0.205360
0.206978
0.213895
0.229848
0.236464
0.237036
0.239220
0.266322
0.300412
0.352531
0.355250
0.341745
0.336037
0.336675
0.336443
0.336129
0.337332
0.338942
0.339453
0.334433
0.330161
0.323296
0.297823
0.244215
0.200072
0.166618
0.149642
0.146784
0.141154
0.113340
0.126486
0.144647
0.151494
0.152309
0.145345
0.142402
0.150053
0.160060
0.167516
0.174862
0.184364
0.187500
0.179905
0.164427
0.151301
0.126684
0.108385
0.094666
0.100348
0.105757
0.107451
0.107597
0.106336
0.098117
0.087672
0.089916
0.103635
0.114124
0.118437
0.119638
0.119512
0.119532
0.117038
0.111990
0.106199
0.095973
0.082619
0.074458
0.074206
0.075660
0.076282
0.071005
0.063509
0.058126
0.058872
0.059739
0.055513
0.053036
0.053332
0.052983
0.051686
0.050238
0.052369
0.052771
0.053401
0.058404
0.068548
0.083749
0.085315
0.089777
0.099315
0.115535
0.126845
0.130752
0.130965
0.134854
0.136870
0.136208
0.136168
0.136437
0.136221
0.135599
0.134599
0.134374
0.134243
0.132074
0.125290
0.110032
0.105697
0.104591
0.098792
0.081278
0.057890
0.043668
0.044876
0.048386
0.058577
0.068323
0.077597
0.080136
0.080004
0.080764
0.082207
0.083549
0.085115
0.121930
0.130823
0.153938
0.209722
0.280552
0.332994
0.339302
0.334019
0.353100
0.392751
0.407344
0.432014
0.448597
0.455990
0.467474
0.482152
0.486919
0.498576
0.515354
0.541926
0.568970
0.605344
0.624738
0.606924
0.535949
0.424450
0.343190
0.297304
0.309138
0.334644
0.351290
0.369535
0.372104
0.368997
0.379694
0.389627
0.387681
0.387216
0.387386
0.385074
0.375943
0.353828
0.339731
0.342046
0.359988
0.387406
0.406182
0.404616
0.417509
0.428413
0.420220
0.391371
0.365996
0.356129
0.403944
0.472658
0.510965
0.529213
0.549978
0.561350
0.570334
0.587840
0.614068
0.644965
0.658253
0.658407
0.651655
0.647374
0.608281
0.536416
0.445801
0.332706
0.233791
0.152120
0.142684
0.139351
0.136186
0.127796
0.134024
0.129302
0.112105
0.112528
0.116822
0.098464
0.098786
0.115665
0.138868
0.217315
0.247701
0.250990
0.267768
0.301578
0.332439
0.351204
0.356024
0.355531
0.358836
0.360115
0.358569
0.360708
0.365320
0.368241
0.368363
0.367755
0.363740
0.352972
0.335706
0.259715
0.189762
0.187737
0.187597
0.217556
0.200692
0.237504
0.306587
0.367587
0.374224
0.374373
0.384285
0.438088
0.470513
0.470607
0.470486
0.470692
0.470251
0.468806
0.468423
0.469924
0.471464
0.473032
0.473135
0.447975
0.445823
0.430136
0.395932
0.350523
0.329050
0.336380
0.330716
0.269777
0.208781
0.210555
0.222189
0.303232
0.377607
0.419856
0.446218
0.460133
0.445465
0.429233
0.421849
0.409445
0.402045
0.402102
0.426695
0.474236
0.486823
0.480096
0.464420
0.457459
0.458577
0.435547
0.425144
0.426865
0.433835
0.425078
0.428995
0.457292
0.476080
0.453134
0.425167
0.466592
0.501072
0.508787
0.490996
0.454617
0.442563
0.443829
0.477017
0.495593
0.493431
0.492513
0.492883
0.492093
0.483315
0.495389
0.517628
0.498556
0.453242
0.437013
0.437199
0.431260
0.418547
0.427048
0.443701
0.426958
0.388268
0.384080
0.374658
0.376690
0.371447
0.365372
0.358991
0.344503
0.338564
0.336471
0.312672
0.281034
0.279876
0.278389
0.265601
0.237604
0.232470
0.224035
0.185716
0.159451
0.156336
0.159330
0.155622
0.119017
0.096656
0.096034
0.086534
0.079565
0.080294
0.086680
0.112409
0.124965
0.138368
0.147314
0.145858
0.147929
0.164869
0.188036
0.208989
0.228991
0.231177
0.234310
0.267359
0.310733
0.357086
0.380757
0.381629
0.389740
0.431761
0.460307
0.454377
0.447266
0.435380
0.424151
0.417033
0.415921
0.417095
0.415289
0.412016
0.408700
0.405745
0.405806
0.400913
0.382953
0.342916
0.311014
0.310109
0.312601
0.257378
0.182017
0.169032
0.158481
0.152971
0.146863
0.145802
0.146091
0.127368
0.108841
0.100271
0.099171
0.100347
0.099620
0.095086
0.090210
0.082063
