0.370269
0.308924
0.302677
0.284527
0.282227
0.292832
0.303589
0.308423
0.302266
0.284105
0.244573
0.196593
0.186042
0.189665
0.203691
0.234381
0.264153
0.278369
0.276948
0.254117
0.233376
0.224744
0.217624
0.214837
0.214649
0.212640
0.210659
0.205478
0.193901
0.174166
0.147016
0.125747
0.125308
0.123873
0.126011
0.119390
0.107351
0.099534
0.085007
0.066035
0.059881
0.071107
0.075090
0.076060
0.078583
0.087863
0.100602
0.104705
0.105006
0.114305
0.127976
0.134173
0.134543
0.134549
0.132540
0.133933
0.134809
0.134666
0.134862
0.133964
0.136661
0.140928
0.152839
0.166487
0.169163
0.171147
0.180312
0.206621
0.225823
0.225924
0.224326
0.242247
0.273077
0.303454
0.319603
0.324041
0.324116
0.323707
0.324988
0.326223
0.326900
0.327233
0.323406
0.317372
0.317695
0.317558
0.308810
0.276404
0.238993
0.226922
0.231907
0.233873
0.218176
0.185590
0.157459
0.145223
0.145223
0.146052
0.142827
0.143256
0.156708
0.171070
0.180350
0.184262
0.184585
0.185673
0.186770
0.185073
0.182883
0.182470
0.178392
0.171645
0.164602
0.158341
0.155748
0.151692
0.148759
0.148778
0.155600
0.170460
0.199724
0.207217
0.203861
0.216240
0.238709
0.292868
0.339377
0.367284
0.369688
0.362728
0.364976
0.354612
0.346158
0.348892
0.354316
0.356088
0.351284
0.344526
0.347557
0.358744
0.358838
0.352003
0.331517
0.338421
0.340585
0.381411
0.413720
0.425697
0.426655
0.442390
0.472321
0.590227
0.664533
0.677228
0.679853
0.675979
0.669781
0.664521
0.656289
0.646066
0.649585
0.646210
0.640539
0.638579
0.625011
0.566870
0.494528
0.435986
0.424935
0.442899
0.435892
0.355142
0.268148
0.254610
0.256041
0.267763
0.264609
0.267412
0.285146
0.295864
0.292040
0.288092
0.287950
0.287531
0.284786
0.286298
0.290566
0.305769
0.313292
0.299254
0.274851
0.234796
0.189677
0.158138
0.150707
0.150650
0.149401
0.149383
0.146882
0.154164
0.159033
0.158940
0.148468
0.124098
0.094151
0.083917
0.083119
0.079961
0.078403
0.076694
0.076414
0.077689
0.085376
0.087657
0.090784
0.089955
0.089475
0.094402
0.107633
0.106130
0.104969
0.111153
0.116674
0.120120
0.121080
0.131241
0.156085
0.180272
0.194277
0.197402
0.197556
0.197619
0.198503
0.203207
0.208023
0.207972
0.208024
0.206519
0.200793
0.198545
0.198097
0.193924
0.187196
0.182539
0.183068
0.179695
0.164636
0.142118
0.119741
0.109980
0.107638
0.110321
0.113752
0.111575
0.108794
0.109266
0.109581
0.111633
0.115675
0.123867
0.132548
0.139885
0.141340
0.136406
0.155873
0.180559
0.188251
0.216304
0.343246
0.530256
0.681018
0.773485
0.802266
0.796827
0.786262
0.775274
0.764314
0.753397
0.745220
0.738551
0.730669
0.721416
0.706243
0.685426
0.632795
0.572053
0.539763
0.546626
0.550257
0.505030
0.414792
0.310285
0.268857
0.266576
0.250630
0.228209
0.216066
0.207369
0.210698
0.231775
0.268430
0.294600
0.283066
0.258505
0.257696
0.339812
0.458037
0.552668
0.604012
0.615472
0.616969
0.624142
0.630663
0.642606
0.644037
0.644401
0.648442
0.663117
0.675618
0.668488
0.638760
0.612053
0.597213
0.591196
0.604887
0.604492
0.557124
0.482351
0.415808
0.393234
0.395078
0.388764
0.378363
0.353273
0.361934
0.395780
0.416108
0.401369
0.376102
0.388426
0.471068
0.500687
0.505384
0.506373
0.503396
0.499100
0.508583
0.521423
0.521307
0.519769
0.521599
0.526922
0.522841
0.534119
0.574328
0.612249
0.577966
0.551737
0.548447
0.546586
0.520196
0.511272
0.513231
0.515588
0.510300
0.507502
0.515431
0.518356
0.506786
0.481319
0.426937
0.347926
0.294465
0.302806
0.296176
0.232126
0.274218
0.351651
0.418300
0.455699
0.459728
0.470551
0.496385
0.497690
0.495960
0.490960
0.480242
0.476134
0.475396
0.474619
0.474359
0.473502
0.469016
0.441839
0.421804
0.430537
0.430284
0.403989
0.356457
0.322628
0.325210
0.315012
0.270988
0.291221
0.295192
0.296902
0.300631
0.318726
0.350375
0.367848
0.368358
0.368744
0.369825
0.369707
0.365793
0.353330
0.339125
0.329923
0.329618
0.323603
0.311554
0.299644
0.291796
0.256132
0.259151
0.274832
0.285340
0.270494
0.221693
0.166506
0.149259
0.149272
0.147646
0.131866
0.129899
0.124066
0.126963
0.126521
0.124340
0.117577
0.111586
0.112165
0.133797
0.166037
0.193489
0.203268
0.205339
0.205362
0.222194
0.254228
0.270737
0.291052
0.294066
0.295640
0.296128
0.296895
0.308863
0.318688
0.319145
0.328481
0.343413
0.351770
0.345429
0.334968
0.359565
0.414011
0.413938
0.413382
0.414352
0.410752
0.409757
0.407085
0.408648
0.414582
0.413944
0.408805
0.407703
0.406437
0.399097
0.372103
0.328790
0.294987
0.287985
0.296088
0.282073
0.210451
0.186445
0.177821
0.184617
0.210178
0.234015
0.262802
0.281497
0.278224
0.262181
0.244241
0.227320
0.218641
0.209537
0.203549
0.221011
0.224912
0.226136
0.231796
0.233187
0.230058
0.221002
0.220159
0.233128
0.241037
0.241212
0.242233
0.247752
0.255030
0.259930
0.252883
0.250031
0.261520
0.294603
0.329858
0.363838
0.369510
0.369411
0.365011
0.360553
0.359816
0.359890
0.360284
0.359668
0.369984
0.383976
0.375770
0.362887
0.355480
0.347601
0.340629
0.339805
0.340090
0.330944
0.317502
0.299548
0.307914
0.303908
0.277328
0.245033
0.212497
0.191880
0.203849
0.193769
0.238711
0.326025
0.398514
0.430627
0.432015
0.426917
0.431654
0.437356
0.438201
0.438523
0.449353
0.472741
0.498614
0.530578
0.549328
0.547048
0.562536
0.628120
0.638202
0.645531
0.647993
0.723635
0.943652
1.316363
1.817708
2.245753
2.532324
2.622424
2.609929
2.576890
2.619409
2.720003
2.792991
2.835615
2.871353
2.897321
2.897878
2.875289
2.877433
2.909786
2.964574
3.023024
3.043106
2.969827
2.714402
2.278665
1.677399
1.081894
0.606492
0.346353
0.327094
0.310043
0.311157
0.301253
0.277443
0.243895
0.210627
0.188866
0.219133
0.245700
0.247091
0.276787
0.349577
0.419599
0.460083
0.469799
0.470158
0.487441
0.490089
0.490302
0.489429
0.489794
0.491764
0.505238
0.530351
0.549754
0.559290
0.555913
0.514592
0.491629
0.488219
0.487426
0.470807
0.442514
0.427212
0.429812
0.424927
0.375229
0.348606
0.345434
0.330097
0.304142
0.303273
0.304768
0.291863
0.269044
0.241970
0.216710
0.217649
0.169588
0.147182
0.145919
0.150460
0.154317
0.146586
0.133067
0.118738
0.126561
0.150119
0.156729
0.157004
0.157767
0.163797
0.165963
0.161606
0.160828
0.162859
0.163745
0.159560
0.153547
0.155472
0.156029
0.152167
0.149088
0.144106
0.141519
0.141634
0.135533
0.125616
0.135874
0.142140
0.141028
0.134181
0.127866
0.121765
0.143176
0.164487
0.178351
0.209685
0.247095
0.283512
0.302568
0.301800
0.295270
0.310019
0.317983
0.323740
0.329142
0.337620
0.343027
0.346194
0.346272
0.349681
0.353419
0.357326
0.345289
0.326972
0.325476
0.313928
0.289680
0.256916
0.228558
0.220861
0.218818
0.206768
0.217163
0.223432
0.214743
0.194728
0.171640
0.151831
0.148457
0.168516
0.212512
0.227931
0.229061
0.235427
0.234014
0.237038
0.243085
0.249476
0.248940
0.243084
0.237934
0.238573
0.233277
0.227760
0.225762
0.225241
0.225554
0.225528
0.224710
0.209213
0.156997
0.122162
0.132701
0.144898
0.148505
0.145625
0.149591
0.160163
0.186213
0.198470
0.196024
0.192331
0.214239
0.253114
0.269348
0.280811
0.281978
0.285924
0.304236
0.328612
0.340627
0.342526
0.345042
0.365398
0.404587
0.422801
0.428749
0.422744
0.407474
0.393899
0.387172
0.387955
0.384032
0.370677
0.371792
0.367092
0.365434
0.360300
0.339979
0.304497
0.268906
0.248984
0.246393
0.240062
0.213825
0.201281
0.197864
0.197648
0.194767
0.193283
0.194438
0.196721
0.199304
0.194966
0.156054
0.131150
0.114856
0.112658
0.116785
0.116292
0.119501
0.117359
0.110540
0.110696
0.110557
0.110338
0.110542
0.112055
0.110203
0.108796
0.113897
0.123039
0.125143
0.125562
0.125410
0.123821
0.117487
0.106804
0.104276
0.108868
0.107181
0.098541
0.091923
0.092564
0.095875
0.100841
0.099639
0.092759
0.094559
0.096762
0.094265
0.082641
0.083094
0.097931
0.102023
0.114570
0.163086
0.199672
0.210824
0.206711
0.209560
0.232522
0.248876
0.250792
0.258899
0.301652
0.311425
0.395223
0.548472
0.695491
0.775862
0.797792
0.792685
0.819625
0.859201
0.862828
0.862013
0.860573
0.860940
0.860288
0.851817
0.839109
0.837055
0.844361
0.839553
0.812686
0.815942
0.806576
0.741183
0.605185
0.465832
0.396690
0.402159
0.368708
0.296126
0.317761
0.359705
0.369949
0.356650
0.339000
0.328218
0.330118
0.330637
0.323848
0.324069
0.324784
0.326038
0.326551
0.321536
0.320085
0.313451
0.292162
0.265641
0.253621
0.266935
0.254895
0.193966
0.146336
0.131083
0.137839
0.136936
0.243306
0.553378
0.898805
1.192808
1.383047
1.461179
1.459129
1.447847
1.440474
1.432552
1.420067
1.406998
1.405330
1.412123
1.412592
1.408013
1.405283
1.392198
1.368604
1.357887
1.371690
1.356972
1.255270
1.040942
0.729906
0.368600
0.161684
0.130491
0.134184
0.138695
0.142484
0.148858
