8.398088
4.365320
1.617359
0.425643
0.079407
0.010518
0.001348
0.003205
0.018790
0.078820
0.231931
0.478672
0.692929
0.703590
0.501108
0.250332
0.087712
0.021555
0.003715
0.000449
0.000038
0.000002
0.000000
0.000000
0.000000
0.000000
0.000000
0.000000
0.000000
0.000000
0.000000
0.000000
0.000000
0.000000
0.000000
0.000000
0.000000
0.000000
0.000000
0.000000
0.000000
0.000000
0.000000
0.000000
0.000000
0.000000
0.000000
0.000000
0.000000
0.000000
0.000000
0.000000
0.000000
0.000000
0.000000
0.000000
0.000000
0.000000
0.000000
0.000000
0.000000
0.000000
0.000000
0.000000
0.000000
0.000000
0.000000
0.000000
0.000000
0.000000
0.000000
0.000000
0.000000
0.000000
0.000000
0.000000
0.000000
0.000000
0.000000
0.000000
0.000000
0.000000
0.000000
0.000000
0.000000
0.000000
0.000000
0.000000
0.000000
0.000000
0.000000
0.000000
0.000000
0.000000
0.000000
0.000000
0.000000
0.000000
0.000000
0.000000
0.000000
0.000000
0.000000
0.000000
0.000000
0.000000
0.000000
0.000000
0.000000
0.000000
0.000000
0.000000
0.000000
0.000000
0.000000
0.000000
0.000000
0.000000
0.000000
0.000000
0.000000
0.000000
0.000000
0.000000
0.000000
0.000000
0.000000
0.000000
0.000000
0.000000
0.000000
0.000000
0.000000
0.000000
0.000000
0.000000
0.000000
0.000000
0.000000
0.000000
0.000000
0.000000
0.000000
0.000000
0.000000
0.000000
0.000000
0.000001
0.000022
0.000341
0.003662
0.027579
0.145660
0.539532
1.401644
2.554001
3.264219
2.926289
1.840063
0.811551
0.251044
0.054464
0.008286
0.000884
0.000066
0.000003
0.000000
0.000000
0.000000
0.000000
0.000000
0.000000
0.000002
0.000036
0.000385
0.002927
0.015595
0.058277
0.152737
0.280773
0.362032
0.327433
0.207721
0.092429
0.028847
0.006314
0.000969
0.000104
0.000008
0.000000
0.000000
0.000000
0.000000
0.000000
0.000000
0.000000
0.000000
0.000000
0.000000
0.000000
0.000000
0.000000
0.000000
0.000000
0.000000
0.000000
0.000000
0.000000
0.000000
0.000000
0.000000
0.000000
0.000000
0.000000
0.000000
0.000000
0.000000
0.000000
0.000000
0.000000
0.000000
0.000000
0.000000
0.000000
0.000000
0.000000
0.000000
0.000000
0.000000
0.000000
0.000000
0.000000
0.000000
0.000000
0.000000
0.000000
0.000000
0.000000
0.000000
0.000000
0.000000
0.000000
0.000000
0.000000
0.000000
0.000000
0.000000
0.000000
0.000000
0.000000
0.000000
0.000000
0.000000
0.000000
0.000000
0.000000
0.000000
0.000000
0.000000
0.000000
0.000000
0.000000
0.000000
0.000000
0.000000
0.000000
0.000000
0.000000
0.000000
0.000000
0.000001
0.000021
0.000287
0.002702
0.017826
0.082478
0.267638
0.609131
0.972401
1.088833
0.855187
0.471128
0.182047
0.049337
0.009377
0.001250
0.000117
0.000008
0.000000
0.000000
0.000000
0.000000
0.000000
0.000000
0.000000
0.000000
0.000000
0.000000
0.000001
0.000020
0.000268
0.002544
0.016960
0.079284
0.259939
0.597735
0.964089
1.090703
0.865525
0.481761
0.188084
0.051501
0.009890
0.001332
0.000126
0.000008
0.000000
0.000000
0.000000
0.000000
0.000000
0.000000
0.000000
0.000000
0.000000
0.000000
0.000000
0.000000
0.000000
0.000000
0.000000
0.000000
0.000000
0.000000
0.000000
0.000000
0.000001
0.000023
0.000263
0.002126
0.012031
0.047753
0.132937
0.259571
0.355503
0.341518
0.230132
0.108876
0.037341
0.018800
0.060547
0.235943
0.658888
1.291566
1.778036
1.732007
1.255443
0.876694
0.951010
1.306342
1.464829
1.180444
0.669574
0.266518
0.074409
0.014569
0.002000
0.000193
0.000013
0.000001
0.000000
0.000000
0.000000
0.000000
0.000000
0.000000
0.000000
0.000000
0.000001
0.000021
0.000291
0.002852
0.019579
0.094270
0.318324
0.753889
1.252292
1.459060
1.192377
0.683475
0.274782
0.077481
0.015322
0.002125
0.000207
0.000014
0.000001
0.000000
0.000000
0.000000
0.000000
0.000000
0.000000
0.000000
0.000000
0.000000
0.000000
0.000000
0.000000
0.000000
0.000000
0.000000
0.000000
0.000000
0.000000
0.000000
0.000000
0.000000
0.000000
0.000000
0.000000
0.000000
0.000000
0.000000
0.000000
0.000000
0.000000
0.000000
0.000000
0.000000
0.000000
0.000000
0.000000
0.000000
0.000000
0.000000
0.000000
0.000000
0.000000
0.000000
0.000000
0.000000
0.000000
0.000000
0.000000
0.000000
0.000000
0.000000
0.000000
0.000000
0.000000
0.000000
0.000000
0.000000
0.000000
0.000000
0.000000
0.000000
0.000000
0.000000
0.000000
0.000002
0.000041
0.000509
0.004497
0.028020
0.123245
0.382886
0.840522
1.304176
1.430557
1.109360
0.608127
0.235597
0.064483
0.012463
0.001700
0.000164
0.000011
0.000001
0.000000
0.000000
0.000000
0.000000
0.000000
0.000000
0.000000
0.000000
0.000000
0.000000
0.000000
0.000000
0.000000
0.000000
0.000000
0.000000
0.000000
0.000000
0.000000
0.000000
0.000000
0.000000
0.000000
0.000000
0.000000
0.000000
0.000000
0.000000
0.000000
0.000000
0.000000
0.000000
0.000000
0.000000
0.000000
0.000000
0.000000
0.000000
0.000000
0.000000
0.000000
0.000000
0.000000
0.000000
0.000000
0.000000
0.000008
0.000136
0.001674
0.014487
0.087932
0.374293
1.117414
2.339784
3.436467
3.540228
2.558194
1.296619
0.460950
0.114931
0.020097
0.002464
0.000212
0.000013
0.000001
0.000000
0.000000
0.000000
0.000000
0.000000
0.000000
0.000006
0.000135
0.002125
0.023554
0.184401
1.020079
3.988396
11.023510
21.537931
29.743832
29.026198
20.009072
9.739019
3.346640
0.824615
0.233311
0.464082
1.492138
3.510658
5.842477
6.871859
5.736839
3.609592
2.905486
6.715437
19.176071
42.391053
69.719301
86.939236
86.787783
78.516519
76.711098
83.472231
86.953564
77.154483
57.027363
36.369832
21.621273
13.839954
11.209516
10.634185
9.220315
6.250402
3.115623
1.119302
0.313613
0.205504
0.570264
1.444995
2.595775
3.271974
2.892955
1.794133
0.780438
0.238109
0.050950
0.007646
0.000805
0.000059
0.000003
0.000000
0.000000
0.000000
0.000000
0.000000
0.000000
0.000000
0.000000
0.000000
0.000000
0.000011
0.000197
0.002525
0.022667
0.143122
0.638825
2.043363
4.847122
9.162097
15.208654
23.029079
29.713436
29.766035
21.881403
11.518480
4.302351
1.136674
0.212210
0.027991
0.002609
0.000172
0.000008
0.000000
0.000000
0.000000
0.000000
0.000000
0.000000
0.000000
0.000000
0.000000
0.000000
0.000000
0.000000
0.000000
0.000000
0.000000
0.000000
0.000000
0.000000
0.000000
0.000000
0.000000
0.000000
0.000000
0.000000
0.000000
0.000000
0.000000
0.000000
0.000000
0.000000
0.000000
0.000000
0.000000
0.000000
0.000007
0.000111
0.001310
0.010894
0.064050
0.266176
0.781805
1.622613
2.378922
2.462720
1.799322
0.927319
0.336925
0.086298
0.016292
0.010142
0.063061
0.339468
1.285109
3.412244
6.354848
8.301333
7.606300
4.888553
2.203734
0.696777
0.154511
0.024029
0.002620
0.000200
0.000011
0.000000
0.000000
0.000000
0.000000
0.000000
0.000000
0.000000
0.000000
0.000000
0.000000
0.000000
0.000000
0.000000
0.000000
0.000000
0.000000
0.000000
0.000000
0.000000
0.000000
0.000000
0.000000
0.000000
0.000000
0.000000
0.000000
0.000000
0.000000
0.000000
0.000000
0.000000
0.000000
0.000000
0.000000
0.000000
0.000000
0.000000
0.000000
0.000000
0.000000
0.000000
0.000000
0.000000
0.000000
0.000000
0.000000
0.000000
0.000000
0.000000
0.000000
0.000000
0.000000
0.000000
0.000000
0.000000
0.000000
0.000000
0.000000
0.000000
0.000000
0.000000
0.000000
0.000000
0.000000
0.000000
0.000000
0.000000
0.000000
0.000000
0.000000
0.000000
0.000000
0.000000
0.000000
0.000000
0.000000
0.000000
0.000000
0.000000
0.000000
0.000000
0.000000
0.000000
0.000000
0.000000
0.000000
0.000000
0.000000
0.000000
0.000000
0.000000
0.000000
0.000000
0.000000
0.000000
0.000000
0.000000
0.000000
0.000000
0.000000
0.000000
0.000000
0.000000
0.000000
0.000000
0.000000
0.000000
0.000000
0.000000
0.000000
0.000000
0.000000
0.000000
0.000000
0.000000
0.000000
0.000000
0.000000
0.000000
0.000000
0.000000
0.000000
0.000000
0.000000
0.000000
0.000000
0.000000
0.000000
0.000000
0.000000
0.000000
0.000000
0.000000
0.000000
0.000000
0.000000
0.000000
0.000000
0.000000
0.000000
0.000000
0.000000
0.000000
0.000001
0.000018
0.000293
0.003408
0.027848
0.159562
0.641168
1.806983
3.571889
4.952418
4.816360
3.285565
1.572805
0.534132
0.162752
0.179884
0.466027
0.950428
1.372814
1.398833
1.005847
0.510641
0.183103
0.046389
0.008305
0.001051
0.000094
0.000006
0.000000
0.000000
0.000000
0.000000
0.000000
0.000000
0.000000
0.000000
0.000000
0.000000
0.000000
0.000000
0.000000
0.000000
0.000000
0.000000
0.000000
0.000000
0.000000
0.000000
0.000000
0.000000
0.000000
0.000000
0.000000
0.000000
0.000000
0.000000
0.000000
0.000000
0.000000
0.000000
0.000000
0.000000
0.000000
0.000000
0.000000
0.000000
0.000000
0.000000
0.000000
0.000000
0.000000
0.000000
0.000000
0.000000
0.000000
0.000000
0.000000
0.000000
0.000000
0.000000
0.000000
0.000000
0.000000
0.000000
