-0.000000
0.001881
0.003762
0.005644
0.007525
0.009406
0.011287
0.013169
0.015050
0.016931
0.018813
0.020694
0.022575
0.024456
0.026337
0.028218
0.030099
0.031980
0.033861
0.035742
0.037623
0.039504
0.041384
0.043265
0.045146
0.047026
0.048905
0.050785
0.052664
0.054543
0.056423
0.058302
0.060181
0.062060
0.063940
0.065819
0.067698
0.069576
0.071452
0.073329
0.075205
0.077082
0.078958
0.080834
0.082711
0.084587
0.086464
0.088340
0.090217
0.092090
0.093963
0.095835
0.097708
0.099580
0.101453
0.103325
0.105198
0.107070
0.108943
0.110815
0.112688
0.114556
0.116423
0.118291
0.120158
0.122025
0.123893
0.125760
0.127627
0.129495
0.131362
0.133229
0.135097
0.136959
0.138820
0.140681
0.142542
0.144403
0.146264
0.148125
0.149986
0.151847
0.153708
0.155569
0.157430
0.159286
0.161140
0.162993
0.164847
0.166701
0.168554
0.170408
0.172262
0.174115
0.175969
0.177823
0.179676
0.181524
0.183369
0.185214
0.187060
0.188905
0.190750
0.192595
0.194441
0.196286
0.198131
0.199976
0.201822
0.203660
0.205496
0.207331
0.209167
0.211003
0.212839
0.214675
0.216510
0.218346
0.220182
0.222018
0.223854
0.225682
0.227507
0.229333
0.231158
0.232983
0.234809
0.236634
0.238459
0.240285
0.242110
0.243935
0.245761
0.247578
0.249392
0.251206
0.253020
0.254834
0.256648
0.258462
0.260276
0.262089
0.263903
0.265717
0.267531
0.269336
0.271138
0.272939
0.274741
0.276543
0.278344
0.280146
0.281948
0.283749
0.285551
0.287352
0.289154
0.290946
0.292734
0.294523
0.296311
0.298099
0.299888
0.301676
0.303464
0.305253
0.307041
0.308829
0.310618
0.312396
0.314170
0.315944
0.317718
0.319492
0.321267
0.323041
0.324815
0.326589
0.328363
0.330138
0.331912
0.333675
0.335434
0.337193
0.338953
0.340712
0.342471
0.344230
0.345989
0.347748
0.349508
0.351267
0.353026
0.354774
0.356517
0.358260
0.360004
0.361747
0.363490
0.365233
0.366977
0.368720
0.370463
0.372207
0.373950
0.375681
0.377408
0.379134
0.380861
0.382588
0.384314
0.386041
0.387768
0.389494
0.391221
0.392947
0.394674
0.396388
0.398097
0.399806
0.401515
0.403224
0.404934
0.406643
0.408352
0.410061
0.411770
0.413479
0.415188
0.416884
0.418575
0.420266
0.421957
0.423648
0.425338
0.427029
0.428720
0.430411
0.432102
0.433793
0.435484
0.437161
0.438832
0.440504
0.442176
0.443848
0.445520
0.447191
0.448863
0.450535
0.452207
0.453879
0.455551
0.457208
0.458860
0.460512
0.462164
0.463816
0.465468
0.467120
0.468772
0.470424
0.472076
0.473728
0.475380
0.477017
0.478649
0.480280
0.481912
0.483543
0.485175
0.486806
0.488438
0.490069
0.491701
0.493332
0.494964
0.496580
0.498190
0.499800
0.501411
0.503021
0.504631
0.506242
0.507852
0.509462
0.511072
0.512683
0.514293
0.515887
0.517475
0.519064
0.520652
0.522240
0.523829
0.525417
0.527005
0.528594
0.530182
0.531770
0.533359
0.534930
0.536496
0.538062
0.539627
0.541193
0.542759
0.544325
0.545890
0.547456
0.549022
0.550587
0.552153
0.553702
0.555244
0.556786
0.558329
0.559871
0.561413
0.562956
0.564498
0.566041
0.567583
0.569125
0.570668
0.572192
0.573711
0.575229
0.576748
0.578266
0.579784
0.581303
0.582821
0.584340
0.585858
0.587376
0.588895
0.590395
0.591889
0.593382
0.594876
0.596370
0.597864
0.599357
0.600851
0.602345
0.603839
0.605332
0.606826
0.608301
0.609770
0.611238
0.612707
0.614175
0.615644
0.617112
0.618581
0.620049
0.621517
0.622986
0.624454
0.625904
0.627346
0.628789
0.630231
0.631674
0.633116
0.634559
0.636001
0.637444
0.638886
0.640329
0.641771
0.643195
0.644610
0.646026
0.647442
0.648858
0.650274
0.651690
0.653106
0.654522
0.655938
0.657354
0.658770
0.660166
0.661555
0.662944
0.664332
0.665721
0.667110
0.668499
0.669887
0.671276
0.672665
0.674054
0.675443
0.676811
0.678172
0.679533
0.680894
0.682255
0.683616
0.684977
0.686338
0.687699
0.689060
0.690421
0.691782
0.693122
0.694454
0.695787
0.697119
0.698452
0.699784
0.701117
0.702449
0.703782
0.705115
0.706447
0.707780
0.709091
0.710394
0.711698
0.713002
0.714305
0.715609
0.716912
0.718216
0.719519
0.720823
0.722126
0.723430
0.724712
0.725985
0.727259
0.728533
0.729807
0.731081
0.732355
0.733629
0.734903
0.736177
0.737451
0.738725
0.739976
0.741220
0.742464
0.743707
0.744951
0.746195
0.747438
0.748682
0.749926
0.751170
0.752413
0.753657
0.754878
0.756091
0.757304
0.758517
0.759730
0.760942
0.762155
0.763368
0.764581
0.765794
0.767007
0.768220
0.769410
0.770591
0.771773
0.772954
0.774136
0.775317
0.776499
0.777680
0.778862
0.780043
0.781225
0.782406
0.783564
0.784714
0.785863
0.787013
0.788162
0.789312
0.790461
0.791611
0.792760
0.793910
0.795059
0.796209
0.797334
0.798451
0.799568
0.800685
0.801802
0.802919
0.804036
0.805153
0.806270
0.807387
0.808504
0.809621
0.810714
0.811797
0.812881
0.813965
0.815049
0.816133
0.817217
0.818300
0.819384
0.820468
0.821552
0.822636
0.823695
0.824745
0.825795
0.826845
0.827895
0.828945
0.829995
0.831046
0.832096
0.833146
0.834196
0.835246
0.836271
0.837287
0.838303
0.839319
0.840334
0.841350
0.842366
0.843382
0.844398
0.845414
0.846429
0.847445
0.848436
0.849417
0.850398
0.851379
0.852360
0.853341
0.854322
0.855303
0.856284
0.857265
0.858246
0.859227
0.860182
0.861127
0.862073
0.863018
0.863964
0.864910
0.865855
0.866801
0.867746
0.868692
0.869637
0.870583
0.871502
0.872412
0.873321
0.874231
0.875141
0.876050
0.876960
0.877870
0.878779
0.879689
0.880598
0.881508
0.882391
0.883264
0.884137
0.885010
0.885883
0.886756
0.887629
0.888502
0.889376
0.890249
0.891122
0.891995
0.892841
0.893677
0.894513
0.895349
0.896185
0.897021
0.897857
0.898693
0.899529
0.900365
0.901201
0.902037
0.902845
0.903644
0.904442
0.905240
0.906039
0.906837
0.907635
0.908434
0.909232
0.910031
0.910829
0.911627
0.912398
0.913158
0.913918
0.914678
0.915438
0.916199
0.916959
0.917719
0.918479
0.919239
0.920000
0.920760
0.921492
0.922213
0.922935
0.923656
0.924378
0.925099
0.925821
0.926542
0.927263
0.927985
0.928706
0.929428
0.930121
0.930803
0.931485
0.932167
0.932849
0.933532
0.934214
0.934896
0.935578
0.936261
0.936943
0.937625
0.938278
0.938920
0.939563
0.940205
0.940848
0.941490
0.942133
0.942775
0.943417
0.944060
0.944702
0.945345
0.945958
0.946560
0.947162
0.947764
0.948366
0.948968
0.949570
0.950172
0.950774
0.951377
0.951979
0.952581
0.953153
0.953714
0.954276
0.954837
0.955398
0.955959
0.956521
0.957082
0.957643
0.958205
0.958766
0.959327
0.959858
0.960378
0.960898
0.961418
0.961938
0.962458
0.962978
0.963498
0.964018
0.964538
0.965058
0.965578
0.966067
0.966545
0.967023
0.967501
0.967979
0.968457
0.968936
0.969414
0.969892
0.970370
0.970848
0.971326
0.971773
0.972209
0.972645
0.973081
0.973516
0.973952
0.974388
0.974824
0.975260
0.975695
0.976131
0.976567
0.976971
0.977364
0.977757
0.978150
0.978543
0.978936
0.979329
0.979722
0.980115
0.980508
0.980901
0.981294
0.981655
0.982005
0.982355
0.982705
0.983054
0.983404
0.983754
0.984104
0.984453
0.984803
0.985153
0.985502
0.985820
0.986126
0.986432
0.986738
0.987044
0.987350
0.987656
0.987962
0.988268
0.988574
0.988880
0.989186
0.989460
0.989722
0.989983
0.990245
0.990507
0.990769
0.991031
0.991293
0.991555
0.991816
0.992078
0.992340
0.992569
0.992787
0.993004
0.993221
0.993439
0.993656
0.993873
0.994090
0.994308
0.994525
0.994742
0.994960
0.995144
0.995316
0.995489
0.995661
0.995833
0.996006
0.996178
0.996350
0.996522
0.996695
0.996867
0.997039
0.997179
0.997306
0.997433
0.997560
0.997687
0.997813
0.997940
0.998067
0.998194
0.998321
0.998448
0.998575
0.998669
0.998750
0.998831
0.998913
0.998994
0.999075
0.999157
0.999238
0.999319
0.999401
0.999482
0.999563
0.999611
0.999646
0.999681
0.999717
0.999752
0.999787
0.999822
0.999858
0.999893
0.999928
0.999963
0.999999
1.000000
0.999989
0.999978
0.999967
0.999956
0.999945
0.999934
0.999923
0.999912
0.999901
0.999890
0.999878
0.999833
0.999776
0.999718
0.999660
0.999603
0.999545
0.999487
0.999430
0.999372
0.999314
0.999257
0.999199
0.999107
0.999003
0.998898
0.998794
0.998689
0.998585
0.998480
0.998376
0.998271
0.998167
0.998062
0.997958
0.997819
0.997667
0.997516
0.997364
0.997213
0.997061
0.996910
0.996758
0.996607
0.996455
0.996304
0.996152
0.995966
0.995767
0.995569
0.995370
0.995171
0.994972
0.994774
0.994575
0.994376
0.994178
0.993979
0.993780
0.993547
0.993301
0.993054
0.992808
0.992562
0.992316
0.992070
0.991824
0.991578
0.991332
0.991086
0.990840
0.990559
0.990265
0.989972
0.989678
0.989385
0.989091
0.988798
0.988504
0.988211
0.987917
0.987624
0.987330
0.987002
0.986661
0.986320
0.985979
0.985638
0.985297
0.984956
0.984615
0.984274
0.983933
0.983592
0.983251
0.982875
0.982487
0.982098
0.981710
0.981321
0.980933
0.980544
0.980156
0.979767
0.979379
