0.379543
0.392662
0.393423
0.399344
0.416846
0.438916
0.466431
0.479256
0.472819
0.447466
0.393964
0.334330
0.300008
0.288016
0.281624
0.251229
0.220176
0.209683
0.201346
0.185051
0.160925
0.132885
0.100326
0.079657
0.069146
0.061311
0.061583
0.069121
0.077016
0.091727
0.108587
0.129373
0.143136
0.153745
0.159102
0.152826
0.148590
0.136608
0.131756
0.128846
0.126583
0.124245
0.139947
0.166169
0.203065
0.237013
0.246881
0.246573
0.241357
0.240427
0.239012
0.239611
0.245285
0.255999
0.262939
0.265718
0.262200
0.253377
0.238528
0.222924
0.191637
0.176871
0.190038
0.213744
0.231248
0.245636
0.264353
0.280548
0.277447
0.256990
0.240568
0.227913
0.218967
0.233342
0.248299
0.252745
0.309729
0.432714
0.570777
0.687041
0.757307
0.772841
0.764975
0.759344
0.752498
0.747327
0.745703
0.746184
0.744506
0.744675
0.748290
0.752098
0.755464
0.730791
0.697639
0.694604
0.699506
0.677333
0.606387
0.484968
0.328968
0.212438
0.188666
0.170013
0.177728
0.203169
0.227585
0.245675
0.258362
0.271467
0.282181
0.283227
0.276207
0.269341
0.264256
0.260345
0.254467
0.249112
0.240030
0.208676
0.151924
0.110647
0.089570
0.093331
0.096791
0.097882
0.096180
0.099564
0.111226
0.115455
0.112721
0.113414
0.119027
0.138516
0.152268
0.159727
0.158757
0.151245
0.160073
0.161832
0.161454
0.169604
0.174862
0.165569
0.157918
0.150149
0.148716
0.154099
0.173962
0.197136
0.218761
0.232052
0.240315
0.245715
0.246325
0.246327
0.247635
0.239328
0.211803
0.204110
0.202880
0.201868
0.200331
0.194883
0.194050
0.195055
0.184026
0.189598
0.204457
0.205584
0.194886
0.182124
0.171495
0.166499
0.165706
0.165980
0.163867
0.164162
0.167248
0.172642
0.175705
0.177349
0.182436
0.183416
0.182209
0.189077
0.224495
0.286824
0.324722
0.344761
0.346957
0.345101
0.340895
0.341067
0.340301
0.326427
0.308236
0.298769
0.295106
0.295108
0.292558
0.285946
0.279902
0.267446
0.263252
0.269267
0.267215
0.247962
0.220296
0.193586
0.177678
0.181146
0.202413
0.240798
0.248369
0.260690
0.267382
0.269720
0.267761
0.260474
0.256119
0.254468
0.265936
0.284545
0.299549
0.308077
0.302737
0.278293
0.251147
0.228723
0.202114
0.203931
0.209109
0.207585
0.226355
0.233754
0.235067
0.245714
0.268395
0.283445
0.291175
0.290901
0.295116
0.290238
0.282904
0.276707
0.273025
0.272487
0.271123
0.267538
0.266425
0.254717
0.255274
0.266152
0.272296
0.287586
0.307268
0.314744
0.303989
0.288481
0.274300
0.264456
0.251593
0.237453
0.219332
0.204518
0.195095
0.188672
0.183099
0.179608
0.177863
0.182565
0.186762
0.178537
0.159975
0.140587
0.124230
0.121980
0.121646
0.123834
0.123850
0.125829
0.126502
0.124402
0.121275
0.113214
0.098802
0.091302
0.086905
0.089816
0.096414
0.103462
0.108898
0.104531
0.102182
0.101905
0.104930
0.121650
0.149181
0.169774
0.170348
0.155814
0.168671
0.178398
0.187275
0.196304
0.196116
0.195586
0.196114
0.200400
0.204639
0.209994
0.214610
0.220655
0.221251
0.220335
0.218199
0.203706
0.173497
0.133211
0.103466
0.095272
0.091288
0.088351
0.086458
0.082848
0.082022
0.078246
0.083744
0.099692
0.110354
0.111015
0.104741
0.096797
0.103056
0.111777
0.113664
0.114907
0.115183
0.117261
0.118209
0.119884
0.122568
0.123132
0.123558
0.125747
0.131733
0.135672
0.131567
0.122310
0.113336
0.102623
0.100756
0.104453
0.110183
0.112170
0.112254
0.112215
0.111641
0.110085
0.109929
0.106297
0.101046
0.120559
0.133362
0.133892
0.156420
0.199582
0.233157
0.240044
0.232687
0.243993
0.279385
0.293473
0.300938
0.304271
0.309345
0.316676
0.325890
0.335338
0.341292
0.345246
0.345359
0.342846
0.341174
0.339253
0.318744
0.273560
0.211835
0.162357
0.145952
0.146424
0.132430
0.136523
0.147257
0.160634
0.170339
0.182032
0.204750
0.246497
0.322443
0.420651
0.524749
0.605293
0.655670
0.693500
0.715435
0.728489
0.728295
0.717500
0.690372
0.649959
0.595283
0.550994
0.504008
0.450882
0.380819
0.299546
0.219682
0.158839
0.132833
0.147834
0.180001
0.213133
0.244243
0.276996
0.300617
0.316391
0.325508
0.328206
0.320563
0.307328
0.296197
0.289015
0.293081
0.310435
0.320342
0.311369
0.291226
0.232428
0.182319
0.160066
0.156574
0.161798
0.187208
0.224495
0.264740
0.315850
0.364435
0.387129
0.391823
0.377238
0.353080
0.340151
0.341978
0.359772
0.383087
0.383909
0.368655
0.339845
0.306450
0.258450
0.212616
0.169217
0.147457
0.139757
0.137633
0.148815
0.166812
0.185591
0.196387
0.182762
0.167889
0.162681
0.159047
0.158812
0.160150
0.175399
0.203344
0.250636
0.281204
0.295870
0.290197
0.283938
0.272084
0.258892
0.256694
0.263610
0.268096
0.268669
0.274650
0.287403
0.309150
0.306466
0.289802
0.277862
0.279940
0.307878
0.330817
0.336046
0.331388
0.319747
0.330667
0.337032
0.339423
0.366679
0.399280
0.430607
0.450656
0.453800
0.453601
0.451796
0.419663
0.392160
0.383725
0.381712
0.383199
0.385588
0.389553
0.392654
0.390888
0.392031
0.375904
0.364808
0.363129
0.339090
0.294989
0.230196
0.159531
0.127556
0.116633
0.090540
0.094765
0.109764
0.121942
0.134143
0.142781
0.142342
0.132730
0.117280
0.113927
0.116985
0.126892
0.142204
0.158787
0.162953
0.193781
0.261093
0.299576
0.307705
0.307515
0.338536
0.410828
0.478827
0.490846
0.490940
0.491566
0.493582
0.497493
0.501067
0.505270
0.510336
0.510363
0.510208
0.509783
0.506475
0.480021
0.408228
0.333062
0.259636
0.239477
0.279833
0.292043
0.267340
0.265001
0.267040
0.281990
0.297041
0.298451
0.299191
0.300624
0.303958
0.311153
0.320676
0.321139
0.321322
0.322636
0.323576
0.312853
0.311008
0.305516
0.275666
0.234539
0.201811
0.192222
0.191645
0.182275
0.167547
0.167962
0.169176
0.168195
0.162935
0.150402
0.119136
0.109672
0.113572
0.126505
0.126750
0.117307
0.107972
0.109901
0.111191
0.110949
0.113778
0.114078
0.121403
0.128752
0.135785
0.137804
0.135198
0.135127
0.144978
0.145715
0.145800
0.143906
0.142523
0.131375
0.126310
0.128034
0.129635
0.128872
0.129298
0.128819
0.116622
0.113386
0.112752
0.109421
0.103842
0.097095
0.091675
0.091717
0.088235
0.087508
0.090008
0.091807
0.089907
0.097590
0.131070
0.195094
0.245005
0.295810
0.345440
0.376585
0.411818
0.460064
0.516582
0.562863
0.590476
0.605138
0.602137
0.593288
0.560842
0.525375
0.475779
0.413688
0.349280
0.288289
0.244612
0.231364
0.255469
0.264861
0.265981
0.259978
0.249441
0.251242
0.265854
0.262386
0.261075
0.262268
0.263869
0.268633
0.271124
0.268725
0.277989
0.280678
0.282691
0.279628
0.288564
0.319780
0.349450
0.382301
0.416054
0.413076
0.398173
0.393207
0.393590
0.390766
0.370104
0.349514
0.342024
0.340161
0.336922
0.334508
0.334984
0.326292
0.290276
0.258362
0.252165
0.259266
0.254655
0.243284
0.210828
0.193837
0.191454
0.189812
0.191243
0.193247
0.194821
0.191181
0.198830
0.205156
0.211549
0.211315
0.203238
0.187226
0.181809
0.182183
0.183395
0.188201
0.197592
0.200063
0.203287
0.202926
0.202447
0.200939
0.191743
0.185076
0.169379
0.180410
0.203043
0.208718
0.206689
0.206199
0.216168
0.234831
0.240838
0.240538
0.241636
0.239501
0.233022
0.229165
0.227822
0.227410
0.224128
0.225080
0.222992
0.218754
0.217951
0.204336
0.171481
0.144688
0.135384
0.144376
0.150603
0.142071
0.137782
0.137437
0.137393
0.138392
0.136937
0.134656
0.127576
0.117044
0.115832
0.118771
0.116590
0.114869
0.111244
0.109016
0.110183
0.122722
0.123427
0.135677
0.148805
0.170562
0.192053
0.207423
0.222588
0.236742
0.254923
0.270531
0.285656
0.292646
0.300418
0.301676
0.297970
0.290962
0.278888
0.254413
0.224315
0.203522
0.179998
0.166363
0.153904
0.144745
0.143040
0.156267
0.174458
0.194756
0.197719
0.197480
0.192481
0.192628
0.200749
0.209297
0.210570
0.215771
0.244283
0.299273
0.338156
0.348308
0.365450
0.387278
0.411580
0.434049
0.459787
0.453491
0.433279
0.400880
0.380394
0.383299
0.378528
0.360449
0.346272
0.294338
0.240530
0.227148
0.246786
0.256315
0.259725
0.258766
0.264372
0.280427
0.289941
0.302658
0.299651
0.301780
0.301457
0.294920
0.290471
0.291007
0.298148
0.306843
0.290096
0.287574
0.285237
0.278317
0.251109
0.229659
0.226360
0.245199
0.247901
0.257112
0.279735
0.289956
0.315787
0.348641
0.353516
0.334066
0.310526
0.286460
0.284639
0.286266
0.286493
0.281890
0.278544
0.257873
0.236110
0.223568
0.225834
0.229904
0.220996
0.219651
0.217269
0.213385
0.204913
0.172573
0.151354
0.150760
0.160548
0.169037
0.172585
0.173727
0.179778
0.216050
0.273054
0.318789
0.342634
0.358668
0.366650
0.375680
0.381810
0.380936
0.393037
0.394262
0.374443
0.370161
0.393402
0.395983
0.372908
0.342774
0.314926
0.310476
0.308922
0.311881
0.306904
0.291881
0.286468
0.288375
0.298189
0.332200
0.373074
0.401060
0.402680
0.400684
0.425160
0.469319
0.497290
0.514264
0.519898
0.520719
0.524521
0.544446
0.557554
0.560090
0.559479
0.558609
0.559160
0.560381
0.557788
0.539444
0.509232
0.481288
0.481520
0.504976
0.502319
0.450453
0.375760
0.302277
0.264213
0.254191
0.259316
0.246892
0.243638
0.249875
0.255622
0.264257
0.263897
0.243248
0.222345
