0.788150
0.150408
0.020516
0.001988
0.000136
0.000007
0.000000
0.000000
0.000000
0.000000
0.000000
0.000000
0.000000
0.000000
0.000000
0.000000
0.000000
0.000000
0.000000
0.000000
0.000000
0.000000
0.000000
0.000000
0.000000
0.000000
0.000000
0.000000
0.000000
0.000000
0.000000
0.000000
0.000000
0.000000
0.000000
0.000000
0.000000
0.000000
0.000000
0.000000
0.000000
0.000000
0.000000
0.000000
0.000000
0.000000
0.000000
0.000000
0.000000
0.000000
0.000000
0.000000
0.000000
0.000000
0.000000
0.000000
0.000000
0.000000
0.000000
0.000000
0.000000
0.000000
0.000000
0.000000
0.000000
0.000000
0.000000
0.000000
0.000000
0.000000
0.000000
0.000000
0.000000
0.000000
0.000000
0.000000
0.000000
0.000011
0.000195
0.002470
0.022278
0.143707
0.667035
2.243537
5.508827
9.945569
13.281255
13.170406
9.711225
5.316072
2.151522
0.639854
0.138823
0.021810
0.002464
0.000199
0.000011
0.000000
0.000000
0.000000
0.000000
0.000000
0.000000
0.000000
0.000006
0.000119
0.001624
0.015685
0.107671
0.526626
1.840769
4.615187
8.335200
10.891438
10.336205
7.141676
3.593797
1.314546
0.348166
0.066436
0.009085
0.000886
0.000061
0.000004
0.000024
0.000356
0.003671
0.026526
0.134432
0.478065
1.195083
2.114937
2.723897
2.807229
2.852051
3.233589
3.446923
2.860698
1.729650
0.831443
0.654547
1.404861
3.318616
6.391953
9.576517
10.789220
8.885444
5.249261
2.200581
0.650846
0.135399
0.019782
0.002028
0.000146
0.000007
0.000000
0.000000
0.000000
0.000000
0.000000
0.000000
0.000001
0.000026
0.000327
0.002837
0.017283
0.073842
0.221264
0.465019
0.685485
0.708818
0.514815
0.268496
0.136198
0.206971
0.555158
1.160357
1.712290
1.772957
1.287649
0.655933
0.234353
0.058723
0.010319
0.001272
0.000110
0.000007
0.000000
0.000000
0.000000
0.000000
0.000001
0.000013
0.000158
0.001376
0.008428
0.036203
0.109072
0.230483
0.341612
0.355144
0.258973
0.132458
0.047518
0.011956
0.002110
0.000261
0.000023
0.000002
0.000011
0.000197
0.002466
0.021614
0.132827
0.572451
1.730309
3.668340
5.455291
5.693514
4.186487
2.245962
1.165913
1.327687
2.531881
4.115933
4.926293
4.222123
2.564306
1.098104
0.331947
0.081829
0.083953
0.319262
0.965026
2.052491
3.062118
3.204326
2.351935
1.210832
0.437363
0.113002
0.043653
0.179472
0.916275
3.324499
8.461673
15.105623
18.914012
16.611014
10.232392
4.422101
1.351180
0.360051
0.390767
1.152668
2.715174
4.638231
5.783205
5.361213
3.917844
2.730032
2.382369
2.354549
1.954841
1.191400
0.514601
0.156262
0.033296
0.004976
0.000521
0.000038
0.000002
0.000000
0.000000
0.000000
0.000000
0.000000
0.000000
0.000000
0.000000
0.000000
0.000000
0.000000
0.000000
0.000000
0.000000
0.000000
0.000000
0.000000
0.000000
0.000000
0.000000
0.000000
0.000000
0.000000
0.000000
0.000000
0.000000
0.000000
0.000000
0.000000
0.000011
0.000195
0.002481
0.022115
0.138218
0.605821
1.862264
4.014953
6.071238
6.439321
4.790381
2.499546
0.914744
0.234783
0.042260
0.005334
0.000472
0.000029
0.000001
0.000000
0.000000
0.000000
0.000000
0.000000
0.000000
0.000000
0.000000
0.000000
0.000000
0.000005
0.000104
0.001588
0.017054
0.128532
0.679909
2.524920
6.584227
12.059582
15.518408
14.033785
8.921746
3.988571
1.254392
0.277629
0.043260
0.004748
0.000367
0.000020
0.000001
0.000000
0.000000
0.000000
0.000000
0.000000
0.000000
0.000000
0.000000
0.000000
0.000000
0.000000
0.000000
0.000000
0.000000
0.000000
0.000000
0.000000
0.000000
0.000001
0.000020
0.000254
0.002292
0.014504
0.064354
0.200252
0.437036
0.668983
0.718253
0.540888
0.285691
0.105836
0.027498
0.005010
0.000640
0.000057
0.000004
0.000000
0.000000
0.000000
0.000000
0.000000
0.000000
0.000000
0.000000
0.000000
0.000000
0.000000
0.000000
0.000000
0.000000
0.000000
0.000000
0.000000
0.000000
0.000000
0.000000
0.000000
0.000000
0.000000
0.000000
0.000000
0.000000
0.000000
0.000000
0.000000
0.000000
0.000000
0.000000
0.000000
0.000000
0.000000
0.000000
0.000000
0.000000
0.000000
0.000000
0.000000
0.000000
0.000000
0.000000
0.000000
0.000000
0.000000
0.000000
0.000000
0.000000
0.000000
0.000000
0.000000
0.000000
0.000000
0.000000
0.000000
0.000000
0.000000
0.000000
0.000002
0.000033
0.000366
0.002802
0.015074
0.057104
0.154227
0.311270
0.541198
1.008234
2.006087
3.424956
4.362970
3.961140
2.532438
1.136681
0.357923
0.079048
0.012243
0.001330
0.000101
0.000005
0.000000
0.000000
0.000000
0.000000
0.000000
0.000000
0.000000
0.000000
0.000000
0.000000
0.000000
0.000000
0.000008
0.000111
0.001021
0.006594
0.029854
0.094860
0.212073
0.337698
0.404924
0.443808
0.592201
0.882735
1.096624
0.996024
0.640097
0.289042
0.091576
0.020350
0.003171
0.000347
0.000027
0.000001
0.000000
0.000000
0.000000
0.000000
0.000000
0.000008
0.000123
0.001364
0.010567
0.057413
0.218762
0.584614
1.095772
1.440586
1.328409
0.859203
0.389783
0.124022
0.027676
0.004331
0.000475
0.000037
0.000002
0.000000
0.000000
0.000000
0.000000
0.000000
0.000000
0.000000
0.000000
0.000000
0.000000
0.000000
0.000000
0.000000
0.000000
0.000000
0.000000
0.000000
0.000000
0.000000
0.000000
0.000000
0.000000
0.000000
0.000000
0.000002
0.000031
0.000407
0.003796
0.024820
0.113858
0.366901
0.834668
1.367256
1.732154
2.040183
2.675759
3.497353
3.685072
2.832729
1.542539
0.590574
0.158673
0.029902
0.003952
0.000366
0.000024
0.000001
0.000001
0.000012
0.000198
0.002213
0.017355
0.095430
0.368012
0.995343
1.888159
2.512306
2.344664
1.534834
0.704703
0.226934
0.051253
0.008118
0.000902
0.000070
0.000004
0.000000
0.000000
0.000000
0.000000
0.000000
0.000000
0.000000
0.000000
0.000000
0.000000
0.000000
0.000000
0.000000
0.000000
0.000000
0.000000
0.000000
0.000000
0.000000
0.000000
0.000000
0.000000
0.000000
0.000000
0.000000
0.000000
0.000001
0.000018
0.000293
0.003303
0.026124
0.144970
0.565216
1.553677
3.040344
4.346271
4.819878
4.578556
3.995247
3.063154
1.863721
0.837801
0.269310
0.061132
0.009755
0.001092
0.000086
0.000005
0.000000
0.000000
0.000000
0.000000
0.000001
0.000016
0.000257
0.002914
0.023147
0.128930
0.503652
1.379886
2.651635
3.574005
3.378889
2.240624
1.042154
0.339975
0.077784
0.012481
0.001404
0.000111
0.000006
0.000000
0.000000
0.000000
0.000000
0.000000
0.000000
0.000000
0.000000
0.000000
0.000000
0.000000
0.000000
0.000000
0.000000
0.000000
0.000000
0.000000
0.000000
0.000000
0.000000
0.000000
0.000000
0.000000
0.000000
0.000000
0.000003
0.000079
0.001298
0.014911
0.120205
0.680347
2.704410
7.552383
14.822077
20.450416
19.843951
13.547611
6.510159
2.202974
0.525191
0.088250
0.010457
0.000874
0.000052
0.000002
0.000000
0.000000
0.000000
0.000000
0.000000
0.000000
0.000000
0.000000
0.000000
0.000000
0.000000
0.000000
0.000000
0.000000
0.000000
0.000000
0.000000
0.000000
0.000000
0.000000
0.000000
0.000000
0.000000
0.000000
0.000000
0.000000
0.000000
0.000000
0.000000
0.000000
0.000000
0.000000
0.000000
0.000004
0.000087
0.001203
0.011618
0.078646
0.373352
1.243034
2.902656
4.754153
5.461678
4.401058
2.487492
0.986116
0.274181
0.053464
0.007311
0.000701
0.000047
0.000002
0.000000
0.000000
0.000000
0.000000
0.000000
0.000000
0.000000
0.000000
0.000000
0.000000
0.000000
0.000000
0.000000
0.000000
0.000000
0.000000
0.000000
0.000000
0.000000
0.000000
0.000000
0.000000
0.000000
0.000000
0.000000
0.000000
0.000000
0.000000
0.000000
0.000000
0.000000
0.000000
0.000000
0.000000
0.000000
0.000000
0.000000
0.000000
0.000000
0.000000
0.000000
0.000000
0.000000
0.000000
0.000000
0.000000
0.000000
0.000000
0.000000
0.000000
0.000000
0.000000
0.000000
0.000000
0.000000
0.000000
0.000006
0.000102
0.001194
0.009786
0.056238
0.226640
0.640584
1.269893
1.765725
1.722072
1.178015
0.565215
0.190206
0.044891
0.007431
0.000873
0.000250
0.002116
0.017355
0.100006
0.404133
1.145393
2.276854
3.174539
3.104544
2.129543
1.024563
0.345732
0.081822
0.013580
0.001580
0.000129
0.000007
0.000000
0.000000
0.000000
0.000000
0.000000
0.000000
0.000001
0.000015
0.000209
0.002055
0.014204
0.068840
0.233996
0.557859
0.932840
1.094128
0.900141
0.519435
0.210244
0.059740
0.012558
0.007243
0.032546
0.131728
0.375745
0.751797
1.055070
1.038582
0.717099
0.347287
0.117965
0.028103
0.004695
0.000550
0.000045
0.000003
0.000012
0.000250
0.003649
0.037525
0.272084
1.391757
5.025150
12.813889
23.085704
29.395012
26.458018
16.835298
7.572354
2.407111
0.540594
0.085736
0.009597
0.000758
0.000042
0.000002
0.000000
0.000000
0.000000
0.000000
0.000000
0.000000
0.000002
0.000045
0.000602
0.005649
0.037420
0.174930
0.576860
1.341277
2.197822
2.536742
2.061380
1.178783
0.474142
0.134090
0.026652
0.003722
0.000366
0.000052
0.000382
0.003801
0.026617
0.130705
0.450143
1.087318
1.842170
2.189173
1.824784
1.066919
0.438034
0.132505
0.086014
0.393383
1.771621
5.688573
12.909196
20.693762
23.423132
18.711432
10.543752
4.188571
1.703800
0.828192
0.368765
0.150400
0.056181
0.019220
0.003838
0.000000
0.000000
0.000000
