-0.000000
0.002568
0.005136
0.007700
0.010248
0.012796
0.015343
0.017891
0.020439
0.022987
0.025535
0.028082
0.030630
0.033178
0.035726
0.038269
0.040796
0.043322
0.045848
0.048375
0.050901
0.053427
0.055954
0.058480
0.061006
0.063533
0.066059
0.068581
0.071085
0.073588
0.076092
0.078596
0.081099
0.083603
0.086107
0.088610
0.091114
0.093618
0.096122
0.098620
0.101100
0.103580
0.106060
0.108540
0.111020
0.113500
0.115980
0.118459
0.120939
0.123419
0.125899
0.128374
0.130829
0.133284
0.135738
0.138193
0.140648
0.143103
0.145558
0.148013
0.150468
0.152923
0.155377
0.157827
0.160256
0.162685
0.165113
0.167542
0.169971
0.172400
0.174829
0.177257
0.179686
0.182115
0.184544
0.186967
0.189369
0.191770
0.194172
0.196573
0.198975
0.201376
0.203778
0.206180
0.208581
0.210983
0.213384
0.215780
0.218153
0.220527
0.222900
0.225273
0.227647
0.230020
0.232393
0.234767
0.237140
0.239513
0.241886
0.244254
0.246598
0.248942
0.251286
0.253630
0.255974
0.258318
0.260662
0.263006
0.265350
0.267694
0.270038
0.272376
0.274689
0.277003
0.279316
0.281630
0.283944
0.286257
0.288571
0.290885
0.293198
0.295512
0.297825
0.300133
0.302415
0.304697
0.306980
0.309262
0.311544
0.313826
0.316109
0.318391
0.320673
0.322956
0.325238
0.327514
0.329764
0.332014
0.334263
0.336513
0.338763
0.341013
0.343263
0.345513
0.347763
0.350013
0.352263
0.354506
0.356723
0.358939
0.361156
0.363373
0.365589
0.367806
0.370022
0.372239
0.374456
0.376672
0.378889
0.381099
0.383281
0.385463
0.387646
0.389828
0.392010
0.394193
0.396375
0.398557
0.400740
0.402922
0.405104
0.407280
0.409427
0.411574
0.413721
0.415868
0.418015
0.420163
0.422310
0.424457
0.426604
0.428751
0.430898
0.433038
0.435149
0.437260
0.439371
0.441482
0.443593
0.445704
0.447815
0.449926
0.452037
0.454148
0.456259
0.458363
0.460437
0.462511
0.464585
0.466659
0.468733
0.470807
0.472880
0.474954
0.477028
0.479102
0.481176
0.483243
0.485279
0.487315
0.489351
0.491387
0.493423
0.495459
0.497495
0.499531
0.501567
0.503603
0.505639
0.507667
0.509664
0.511661
0.513658
0.515656
0.517653
0.519650
0.521647
0.523644
0.525641
0.527638
0.529636
0.531625
0.533582
0.535540
0.537497
0.539455
0.541412
0.543369
0.545327
0.547284
0.549242
0.551199
0.553157
0.555106
0.557023
0.558940
0.560856
0.562773
0.564690
0.566607
0.568524
0.570441
0.572357
0.574274
0.576191
0.578100
0.579975
0.581850
0.583726
0.585601
0.587477
0.589352
0.591227
0.593103
0.594978
0.596853
0.598729
0.600596
0.602429
0.604262
0.606095
0.607928
0.609761
0.611594
0.613427
0.615260
0.617093
0.618926
0.620759
0.622584
0.624374
0.626164
0.627953
0.629743
0.631533
0.633323
0.635113
0.636903
0.638693
0.640483
0.642273
0.644054
0.645800
0.647545
0.649291
0.651037
0.652783
0.654529
0.656275
0.658021
0.659767
0.661512
0.663258
0.664995
0.666696
0.668397
0.670098
0.671799
0.673500
0.675201
0.676902
0.678603
0.680304
0.682005
0.683707
0.685398
0.687054
0.688709
0.690364
0.692020
0.693675
0.695330
0.696986
0.698641
0.700296
0.701952
0.703607
0.705253
0.706862
0.708471
0.710080
0.711689
0.713297
0.714906
0.716515
0.718124
0.719733
0.721342
0.722950
0.724550
0.726111
0.727673
0.729234
0.730796
0.732357
0.733919
0.735480
0.737042
0.738603
0.740165
0.741726
0.743278
0.744791
0.746305
0.747818
0.749331
0.750845
0.752358
0.753872
0.755385
0.756898
0.758412
0.759925
0.761428
0.762893
0.764357
0.765822
0.767286
0.768750
0.770215
0.771679
0.773143
0.774608
0.776072
0.777537
0.778991
0.780406
0.781820
0.783235
0.784649
0.786064
0.787479
0.788893
0.790308
0.791722
0.793137
0.794552
0.795956
0.797320
0.798684
0.800048
0.801412
0.802776
0.804140
0.805504
0.806868
0.808232
0.809596
0.810960
0.812314
0.813626
0.814939
0.816252
0.817564
0.818877
0.820189
0.821502
0.822815
0.824127
0.825440
0.826753
0.828055
0.829315
0.830576
0.831836
0.833096
0.834357
0.835617
0.836878
0.838138
0.839399
0.840659
0.841919
0.843169
0.844377
0.845584
0.846792
0.847999
0.849207
0.850414
0.851621
0.852829
0.854036
0.855244
0.856451
0.857648
0.858802
0.859955
0.861109
0.862263
0.863416
0.864570
0.865724
0.866877
0.868031
0.869185
0.870338
0.871481
0.872580
0.873679
0.874779
0.875878
0.876977
0.878076
0.879175
0.880274
0.881373
0.882473
0.883572
0.884660
0.885703
0.886747
0.887791
0.888835
0.889879
0.890923
0.891966
0.893010
0.894054
0.895098
0.896142
0.897174
0.898162
0.899150
0.900137
0.901125
0.902113
0.903100
0.904088
0.905076
0.906063
0.907051
0.908039
0.909015
0.909946
0.910877
0.911808
0.912739
0.913670
0.914600
0.915531
0.916462
0.917393
0.918324
0.919255
0.920174
0.921047
0.921920
0.922794
0.923667
0.924540
0.925413
0.926287
0.927160
0.928033
0.928906
0.929780
0.930641
0.931456
0.932271
0.933086
0.933901
0.934716
0.935531
0.936346
0.937160
0.937975
0.938790
0.939605
0.940408
0.941164
0.941920
0.942676
0.943432
0.944187
0.944943
0.945699
0.946455
0.947211
0.947966
0.948722
0.949466
0.950162
0.950858
0.951554
0.952250
0.952946
0.953642
0.954338
0.955034
0.955730
0.956426
0.957122
0.957806
0.958442
0.959077
0.959713
0.960349
0.960984
0.961620
0.962255
0.962891
0.963526
0.964162
0.964797
0.965421
0.965995
0.966569
0.967144
0.967718
0.968292
0.968867
0.969441
0.970015
0.970590
0.971164
0.971738
0.972300
0.972813
0.973325
0.973838
0.974350
0.974863
0.975375
0.975888
0.976400
0.976913
0.977425
0.977938
0.978438
0.978888
0.979338
0.979788
0.980238
0.980688
0.981138
0.981588
0.982038
0.982488
0.982938
0.983388
0.983825
0.984212
0.984599
0.984986
0.985373
0.985760
0.986147
0.986534
0.986920
0.987307
0.987694
0.988081
0.988455
0.988778
0.989101
0.989425
0.989748
0.990071
0.990394
0.990717
0.991040
0.991364
0.991687
0.992010
0.992320
0.992579
0.992838
0.993097
0.993356
0.993614
0.993873
0.994132
0.994391
0.994650
0.994909
0.995168
0.995414
0.995608
0.995802
0.995996
0.996190
0.996384
0.996578
0.996772
0.996966
0.997160
0.997354
0.997548
0.997729
0.997857
0.997986
0.998115
0.998243
0.998372
0.998501
0.998629
0.998758
0.998887
0.999015
0.999144
0.999259
0.999322
0.999385
0.999448
0.999511
0.999573
0.999636
0.999699
0.999762
0.999825
0.999888
0.999950
1.000000
0.999997
0.999993
0.999990
0.999986
0.999983
0.999979
0.999976
0.999972
0.999969
0.999966
0.999962
0.999945
0.999875
0.999805
0.999735
0.999665
0.999595
0.999525
0.999455
0.999384
0.999314
0.999244
0.999174
0.999091
0.998953
0.998816
0.998679
0.998542
0.998405
0.998268
0.998131
0.997993
0.997856
0.997719
0.997582
0.997431
0.997227
0.997023
0.996818
0.996614
0.996409
0.996205
0.996000
0.995796
0.995591
0.995387
0.995182
0.994964
0.994692
0.994420
0.994148
0.993876
0.993604
0.993332
0.993060
0.992788
0.992516
0.992244
0.991972
0.991686
0.991346
0.991007
0.990667
0.990327
0.989987
0.989647
0.989308
0.988968
0.988628
0.988288
0.987948
0.987595
0.987187
0.986779
0.986372
0.985964
0.985556
0.985148
0.984741
0.984333
0.983925
0.983517
0.983110
0.982688
0.982212
0.981737
0.981261
0.980785
0.980309
0.979834
0.979358
0.978882
0.978406
0.977931
0.977455
0.976966
0.976422
0.975878
0.975334
0.974790
0.974247
0.973703
0.973159
0.972615
0.972072
0.971528
0.970984
0.970427
0.969815
0.969203
0.968591
0.967980
0.967368
0.966756
0.966144
0.965533
0.964921
0.964309
0.963697
0.963072
0.962393
0.961713
0.961033
0.960354
0.959674
0.958995
0.958315
0.957635
0.956956
0.956276
0.955597
0.954904
0.954156
0.953409
0.952662
0.951915
0.951167
0.950420
0.949673
0.948926
0.948178
0.947431
0.946684
0.945923
0.945108
0.944294
0.943479
0.942665
0.941850
0.941035
0.940221
0.939406
0.938591
0.937777
0.936962
0.936134
0.935253
0.934371
0.933489
0.932608
0.931726
0.930844
0.929963
0.929081
0.928199
0.927318
0.926436
0.925541
0.924593
0.923644
0.922696
0.921748
0.920800
0.919851
0.918903
0.917955
0.917007
0.916058
0.915110
0.914149
0.913134
0.912120
0.911106
0.910091
0.909077
0.908063
0.907048
0.906034
0.905020
0.904005
0.902991
0.901963
0.900884
0.899804
0.898724
0.897644
0.896564
0.895485
0.894405
0.893325
0.892245
0.891165
0.890085
0.888993
0.887848
0.886703
0.885559
0.884414
0.883269
0.882125
0.880980
0.879836
0.878691
0.877546
0.876402
0.875244
0.874036
0.872827
0.871618
0.870410
0.869201
0.867992
0.866784
0.865575
0.864366
0.863158
0.861949
0.860728
0.859456
0.858184
0.856912
0.855641
0.854369
0.853097
0.851825
0.850553
0.849281
0.848010
0.846738
0.845453
0.844119
0.842785
0.841451
0.840117
0.838783
0.837449
0.836115
0.834781
0.833447
0.832113
0.830779
0.829433
0.828037
0.826642
0.825247
0.823852
0.822456
0.821061
0.819666
0.818271
0.816876
0.815480
0.814085
0.812678
0.811222
0.809767
0.808312
0.806857
0.805401
0.803946
0.802491
0.801035
0.799580
0.798125
0.796669
0.795202
0.793688
0.792174
0.790660
0.789145
0.787631
0.786117
0.784603
0.783089
0.781574
0.780060
0.778546
0.777020
0.775449
0.773877
0.772305
0.770733
0.769161
0.767590
0.766018
0.764446
