-0.000000
0.001227
0.002453
0.003680
0.004915
0.006196
0.007477
0.008757
0.010038
0.011318
0.012599
0.013880
0.015160
0.016441
0.017722
0.019002
0.020321
0.021833
0.023345
0.024857
0.026369
0.027880
0.029392
0.030904
0.032416
0.033927
0.035439
0.036951
0.038464
0.039985
0.041506
0.043027
0.044548
0.046069
0.047590
0.049111
0.050632
0.052153
0.053674
0.055195
0.056717
0.058246
0.059775
0.061304
0.062833
0.064362
0.065891
0.067420
0.068949
0.070478
0.072007
0.073536
0.075066
0.076601
0.078137
0.079673
0.081208
0.082744
0.084280
0.085815
0.087351
0.088887
0.090422
0.091958
0.093495
0.095036
0.096577
0.098118
0.099659
0.101201
0.102742
0.104283
0.105824
0.107365
0.108906
0.110448
0.111989
0.113535
0.115081
0.116626
0.118172
0.119717
0.121263
0.122808
0.124354
0.125899
0.127445
0.128990
0.130536
0.132085
0.133634
0.135182
0.136731
0.138280
0.139828
0.141377
0.142926
0.144474
0.146023
0.147572
0.149121
0.150672
0.152222
0.153773
0.155324
0.156875
0.158425
0.159976
0.161527
0.163078
0.164629
0.166179
0.167730
0.169282
0.170834
0.172385
0.173937
0.175489
0.177041
0.178592
0.180144
0.181696
0.183247
0.184799
0.186351
0.187903
0.189454
0.191006
0.192557
0.194109
0.195661
0.197212
0.198764
0.200316
0.201867
0.203419
0.204970
0.206521
0.208071
0.209622
0.211172
0.212723
0.214273
0.215824
0.217374
0.218925
0.220475
0.222026
0.223576
0.225124
0.226673
0.228221
0.229769
0.231318
0.232866
0.234414
0.235963
0.237511
0.239059
0.240608
0.242156
0.243701
0.245246
0.246791
0.248337
0.249882
0.251427
0.252972
0.254518
0.256063
0.257608
0.259153
0.260698
0.262239
0.263780
0.265321
0.266863
0.268404
0.269945
0.271486
0.273027
0.274568
0.276110
0.277651
0.279191
0.280727
0.282263
0.283800
0.285336
0.286872
0.288408
0.289944
0.291481
0.293017
0.294553
0.296089
0.297624
0.299155
0.300685
0.302215
0.303745
0.305276
0.306806
0.308336
0.309867
0.311397
0.312927
0.314458
0.315987
0.317510
0.319034
0.320557
0.322081
0.323604
0.325128
0.326651
0.328175
0.329699
0.331222
0.332746
0.334268
0.335784
0.337300
0.338816
0.340332
0.341848
0.343364
0.344879
0.346395
0.347911
0.349427
0.350943
0.352458
0.353965
0.355473
0.356980
0.358488
0.359995
0.361503
0.363010
0.364518
0.366025
0.367533
0.369041
0.370546
0.372045
0.373543
0.375041
0.376540
0.378038
0.379536
0.381035
0.382533
0.384031
0.385530
0.387028
0.388525
0.390013
0.391501
0.392990
0.394478
0.395966
0.397454
0.398943
0.400431
0.401919
0.403408
0.404896
0.406383
0.407860
0.409338
0.410815
0.412293
0.413771
0.415248
0.416726
0.418203
0.419681
0.421158
0.422636
0.424112
0.425578
0.427044
0.428510
0.429976
0.431442
0.432908
0.434375
0.435841
0.437307
0.438773
0.440239
0.441703
0.443157
0.444611
0.446065
0.447519
0.448973
0.450427
0.451881
0.453335
0.454789
0.456243
0.457697
0.459148
0.460589
0.462030
0.463472
0.464913
0.466354
0.467795
0.469236
0.470677
0.472118
0.473559
0.475000
0.476439
0.477867
0.479294
0.480722
0.482149
0.483577
0.485004
0.486432
0.487859
0.489287
0.490714
0.492142
0.493567
0.494980
0.496394
0.497807
0.499220
0.500634
0.502047
0.503460
0.504874
0.506287
0.507700
0.509114
0.510525
0.511923
0.513322
0.514720
0.516119
0.517517
0.518916
0.520314
0.521713
0.523111
0.524510
0.525908
0.527304
0.528687
0.530070
0.531453
0.532836
0.534219
0.535602
0.536985
0.538368
0.539751
0.541134
0.542517
0.543898
0.545265
0.546632
0.547999
0.549366
0.550733
0.552099
0.553466
0.554833
0.556200
0.557567
0.558934
0.560298
0.561649
0.562999
0.564349
0.565700
0.567050
0.568400
0.569750
0.571101
0.572451
0.573801
0.575152
0.576499
0.577832
0.579165
0.580498
0.581831
0.583164
0.584497
0.585830
0.587163
0.588496
0.589829
0.591162
0.592492
0.593808
0.595123
0.596438
0.597753
0.599068
0.600384
0.601699
0.603014
0.604329
0.605644
0.606960
0.608272
0.609569
0.610865
0.612162
0.613459
0.614756
0.616053
0.617349
0.618646
0.619943
0.621240
0.622537
0.623830
0.625108
0.626386
0.627664
0.628942
0.630220
0.631498
0.632775
0.634053
0.635331
0.636609
0.637887
0.639161
0.640420
0.641678
0.642937
0.644195
0.645453
0.646712
0.647970
0.649228
0.650487
0.651745
0.653004
0.654259
0.655497
0.656735
0.657974
0.659212
0.660450
0.661689
0.662927
0.664165
0.665404
0.666642
0.667880
0.669115
0.670333
0.671551
0.672769
0.673987
0.675204
0.676422
0.677640
0.678858
0.680076
0.681293
0.682511
0.683725
0.684922
0.686119
0.687316
0.688512
0.689709
0.690906
0.692103
0.693299
0.694496
0.695693
0.696890
0.698083
0.699258
0.700433
0.701608
0.702783
0.703958
0.705134
0.706309
0.707484
0.708659
0.709834
0.711009
0.712181
0.713334
0.714487
0.715640
0.716793
0.717946
0.719099
0.720252
0.721405
0.722558
0.723711
0.724864
0.726014
0.727144
0.728275
0.729405
0.730536
0.731666
0.732796
0.733927
0.735057
0.736188
0.737318
0.738449
0.739575
0.740683
0.741790
0.742898
0.744005
0.745112
0.746220
0.747327
0.748434
0.749542
0.750649
0.751757
0.752860
0.753944
0.755028
0.756112
0.757195
0.758279
0.759363
0.760447
0.761531
0.762614
0.763698
0.764782
0.765862
0.766921
0.767981
0.769041
0.770101
0.771160
0.772220
0.773280
0.774340
0.775399
0.776459
0.777519
0.778575
0.779610
0.780645
0.781680
0.782715
0.783751
0.784786
0.785821
0.786856
0.787891
0.788927
0.789962
0.790993
0.792003
0.793013
0.794023
0.795033
0.796044
0.797054
0.798064
0.799074
0.800084
0.801094
0.802105
0.803110
0.804095
0.805080
0.806064
0.807049
0.808034
0.809018
0.810003
0.810988
0.811972
0.812957
0.813942
0.814922
0.815881
0.816840
0.817798
0.818757
0.819716
0.820674
0.821633
0.822592
0.823550
0.824509
0.825468
0.826422
0.827354
0.828286
0.829219
0.830151
0.831083
0.832015
0.832948
0.833880
0.834812
0.835744
0.836677
0.837604
0.838510
0.839415
0.840320
0.841226
0.842131
0.843036
0.843942
0.844847
0.845752
0.846658
0.847563
0.848464
0.849342
0.850220
0.851098
0.851975
0.852853
0.853731
0.854609
0.855487
0.856365
0.857243
0.858121
0.858994
0.859844
0.860695
0.861545
0.862395
0.863245
0.864095
0.864945
0.865795
0.866645
0.867495
0.868345
0.869191
0.870013
0.870834
0.871656
0.872478
0.873300
0.874122
0.874943
0.875765
0.876587
0.877409
0.878230
0.879047
0.879840
0.880633
0.881427
0.882220
0.883013
0.883806
0.884599
0.885392
0.886185
0.886978
0.887771
0.888559
0.889323
0.890086
0.890850
0.891614
0.892378
0.893142
0.893905
0.894669
0.895433
0.896197
0.896961
0.897719
0.898454
0.899188
0.899922
0.900656
0.901390
0.902124
0.902858
0.903592
0.904326
0.905061
0.905795
0.906524
0.907228
0.907932
0.908636
0.909340
0.910044
0.910748
0.911452
0.912156
0.912860
0.913564
0.914268
0.914967
0.915640
0.916313
0.916987
0.917660
0.918334
0.919007
0.919680
0.920354
0.921027
0.921701
0.922374
0.923042
0.923685
0.924327
0.924969
0.925612
0.926254
0.926896
0.927539
0.928181
0.928824
0.929466
0.930108
0.930745
0.931356
0.931967
0.932578
0.933189
0.933800
0.934411
0.935022
0.935633
0.936244
0.936855
0.937465
0.938071
0.938650
0.939229
0.939808
0.940387
0.940966
0.941545
0.942124
0.942703
0.943282
0.943861
0.944440
0.945014
0.945560
0.946107
0.946653
0.947200
0.947747
0.948293
0.948840
0.949387
0.949933
0.950480
0.951027
0.951568
0.952082
0.952596
0.953109
0.953623
0.954137
0.954651
0.955165
0.955679
0.956193
0.956707
0.957220
0.957729
0.958209
0.958690
0.959171
0.959651
0.960132
0.960613
0.961093
0.961574
0.962055
0.962535
0.963016
0.963491
0.963938
0.964385
0.964832
0.965279
0.965726
0.966173
0.966620
0.967067
0.967514
0.967962
0.968409
0.968850
0.969263
0.969676
0.970089
0.970502
0.970915
0.971328
0.971741
0.972154
0.972567
0.972980
0.973393
0.973800
0.974179
0.974557
0.974936
0.975315
0.975693
0.976072
0.976450
0.976829
0.977207
0.977586
0.977965
0.978337
0.978681
0.979025
0.979369
0.979712
0.980056
0.980400
0.980744
0.981087
0.981431
0.981775
0.982119
0.982456
0.982765
0.983073
0.983382
0.983690
0.983999
0.984307
0.984616
0.984925
0.985233
0.985542
0.985850
0.986153
0.986426
0.986699
0.986971
0.987244
0.987517
0.987790
0.988063
0.988336
0.988609
0.988882
0.989155
0.989422
0.989659
0.989896
0.990133
0.990370
0.990607
0.990844
0.991080
0.991317
0.991554
0.991791
0.992028
0.992259
0.992460
0.992661
0.992861
0.993062
0.993263
0.993463
0.993664
0.993864
0.994065
0.994266
0.994466
0.994661
0.994825
0.994989
0.995153
0.995317
0.995481
0.995645
0.995809
0.995973
0.996137
0.996301
0.996465
0.996623
0.996750
0.996877
0.997004
0.997131
0.997258
0.997385
0.997512
0.997639
0.997766
0.997893
0.998021
0.998141
0.998231
0.998321
0.998411
0.998501
0.998590
0.998680
0.998770
0.998860
0.998949
0.999039
0.999129
0.999213
0.999265
0.999317
0.999369
0.999422
0.999474
0.999526
0.999578
0.999630
0.999683
0.999735
0.999787
0.999833
0.999848
0.999862
