50.929363
44.866504
37.693038
30.798656
25.054486
20.661567
17.310604
14.507638
11.871510
9.272998
4.636444
1.692588
0.441226
0.084162
0.033568
0.137089
0.566782
1.654992
3.389868
4.870177
4.907817
3.469076
1.719941
0.598100
0.145872
0.024951
0.002993
0.000252
0.000015
0.000001
0.000000
0.000000
0.000000
0.000000
0.000000
0.000000
0.000000
0.000000
0.000000
0.000000
0.000000
0.000000
0.000000
0.000000
0.000000
0.000000
0.000000
0.000000
0.000000
0.000000
0.000000
0.000000
0.000007
0.000161
0.002448
0.026232
0.198509
1.062429
4.028527
10.846834
20.799299
28.512503
28.075766
19.969834
10.321850
3.897805
1.079213
0.219233
0.032592
0.003527
0.000276
0.000015
0.000001
0.000000
0.000000
0.000000
0.000000
0.000000
0.000000
0.000000
0.000000
0.000000
0.000000
0.000000
0.000000
0.000000
0.000000
0.000000
0.000000
0.000000
0.000000
0.000000
0.000000
0.000000
0.000000
0.000000
0.000001
0.000019
0.000335
0.004262
0.038139
0.240212
1.065575
3.331152
7.343108
11.420549
12.538502
9.722104
5.325984
2.062003
0.564289
0.109158
0.014925
0.001442
0.000112
0.000257
0.003189
0.028319
0.177472
0.787948
2.494167
5.681021
9.426388
11.555225
10.593712
7.306011
3.777735
1.448676
0.406275
0.082245
0.011896
0.001221
0.000088
0.000004
0.000000
0.000001
0.000011
0.000142
0.001262
0.007851
0.034249
0.104788
0.224871
0.338477
0.357362
0.264649
0.137470
0.050085
0.012798
0.002294
0.000288
0.000025
0.000002
0.000000
0.000010
0.000216
0.003292
0.035135
0.262927
1.379806
5.078277
13.108615
23.733335
30.139398
26.846598
16.773378
7.350534
2.259267
0.487016
0.073623
0.007805
0.000580
0.000030
0.000001
0.000000
0.000000
0.000000
0.000000
0.000000
0.000000
0.000000
0.000000
0.000000
0.000000
0.000000
0.000000
0.000000
0.000000
0.000000
0.000000
0.000000
0.000000
0.000000
0.000000
0.000000
0.000000
0.000000
0.000000
0.000000
0.000000
0.000000
0.000000
0.000000
0.000000
0.000000
0.000000
0.000000
0.000000
0.000000
0.000000
0.000000
0.000000
0.000000
0.000000
0.000000
0.000000
0.000000
0.000000
0.000000
0.000000
0.000000
0.000000
0.000000
0.000000
0.000000
0.000000
0.000000
0.000000
0.000000
0.000000
0.000000
0.000000
0.000000
0.000000
0.000000
0.000000
0.000000
0.000000
0.000000
0.000000
0.000000
0.000000
0.000000
0.000000
0.000000
0.000000
0.000000
0.000000
0.000000
0.000000
0.000000
0.000000
0.000000
0.000000
0.000000
0.000000
0.000000
0.000000
0.000000
0.000000
0.000000
0.000000
0.000000
0.000000
0.000000
0.000000
0.000000
0.000000
0.000000
0.000000
0.000000
0.000000
0.000000
0.000000
0.000000
0.000000
0.000000
0.000000
0.000000
0.000000
0.000000
0.000000
0.000000
0.000000
0.000000
0.000000
0.000000
0.000000
0.000000
0.000001
0.000012
0.000192
0.002159
0.016997
0.093833
0.363304
0.986599
1.879558
2.514881
2.382011
1.683070
1.157323
1.243346
1.671248
1.823515
1.428482
0.787550
0.304687
0.082681
0.015735
0.002100
0.000197
0.000013
0.000001
0.000000
0.000000
0.000000
0.000000
0.000000
0.000000
0.000000
0.000000
0.000000
0.000000
0.000000
0.000000
0.000000
0.000000
0.000000
0.000000
0.000000
0.000000
0.000000
0.000000
0.000000
0.000000
0.000000
0.000000
0.000000
0.000000
0.000000
0.000000
0.000000
0.000000
0.000000
0.000000
0.000000
0.000000
0.000000
0.000000
0.000000
0.000000
0.000000
0.000000
0.000000
0.000000
0.000000
0.000000
0.000000
0.000000
0.000000
0.000000
0.000000
0.000000
0.000000
0.000000
0.000000
0.000000
0.000000
0.000000
0.000000
0.000000
0.000000
0.000000
0.000000
0.000000
0.000000
0.000000
0.000000
0.000000
0.000000
0.000000
0.000000
0.000000
0.000000
0.000000
0.000000
0.000000
0.000000
0.000000
0.000000
0.000000
0.000000
0.000000
0.000000
0.000000
0.000000
0.000000
0.000000
0.000000
0.000000
0.000000
0.000000
0.000000
0.000000
0.000000
0.000000
0.000000
0.000000
0.000000
0.000000
0.000000
0.000000
0.000000
0.000000
0.000000
0.000000
0.000000
0.000000
0.000000
0.000000
0.000000
0.000000
0.000000
0.000000
0.000000
0.000000
0.000000
0.000000
0.000000
0.000000
0.000000
0.000000
0.000000
0.000000
0.000000
0.000001
0.000023
0.000329
0.003269
0.022770
0.111243
0.381150
0.915930
1.543802
1.825133
1.513472
0.880294
0.359123
0.102755
0.020620
0.002902
0.000286
0.000020
0.000001
0.000000
0.000000
0.000000
0.000000
0.000000
0.000000
0.000000
0.000000
0.000000
0.000000
0.000000
0.000000
0.000000
0.000000
0.000000
0.000000
0.000000
0.000000
0.000000
0.000000
0.000000
0.000000
0.000000
0.000000
0.000000
0.000000
0.000000
0.000000
0.000000
0.000000
0.000000
0.000000
0.000000
0.000000
0.000000
0.000000
0.000000
0.000000
0.000000
0.000000
0.000000
0.000000
0.000000
0.000000
0.000000
0.000000
0.000000
0.000000
0.000000
0.000000
0.000000
0.000000
0.000000
0.000000
0.000000
0.000000
0.000000
0.000001
0.000023
0.000335
0.003485
0.025681
0.134619
0.505476
1.371848
2.719509
3.978496
4.326477
3.503071
2.102233
0.926697
0.296942
0.068500
0.011288
0.001321
0.000109
0.000006
0.000000
0.000000
0.000000
0.000000
0.000003
0.000055
0.000809
0.008342
0.060336
0.306040
1.088685
2.716277
4.753490
5.834842
5.023751
3.033936
1.285150
0.381815
0.079557
0.011625
0.001191
0.000086
0.000004
0.000000
0.000000
0.000000
0.000000
0.000000
0.000000
0.000000
0.000000
0.000000
0.000000
0.000000
0.000000
0.000000
0.000000
0.000000
0.000000
0.000000
0.000000
0.000000
0.000000
0.000000
0.000001
0.000030
0.000454
0.004757
0.034930
0.179853
0.649477
1.644973
2.922272
3.641339
3.182620
1.951142
0.839003
0.253041
0.053524
0.007940
0.000826
0.000060
0.000003
0.000000
0.000000
0.000000
0.000000
0.000000
0.000000
0.000003
0.000051
0.000689
0.006533
0.043788
0.207453
0.694753
1.644689
2.751805
3.253243
2.716551
1.601483
0.666197
0.195445
0.040521
0.007285
0.013048
0.077648
0.339404
1.041163
2.241478
3.396579
3.684383
3.127140
2.832774
3.631063
4.861393
5.101046
4.210814
4.428914
9.973951
25.145243
48.692574
68.597622
69.857701
51.315133
27.129979
10.298021
2.799170
0.543443
0.075172
0.007392
0.000516
0.000025
0.000001
0.000000
0.000000
0.000000
0.000000
0.000000
0.000000
0.000000
0.000000
0.000000
0.000000
0.000000
0.000000
0.000000
0.000000
0.000000
0.000000
0.000000
0.000000
0.000000
0.000000
0.000000
0.000000
0.000000
0.000000
0.000000
0.000000
0.000000
0.000000
0.000000
0.000000
0.000000
0.000000
0.000000
0.000000
0.000013
0.000237
0.003081
0.028089
0.179575
0.805116
2.531597
5.583141
8.636269
9.370142
7.130833
3.806297
1.425018
0.374174
0.068902
0.008898
0.000806
0.000051
0.000002
0.000000
0.000000
0.000000
0.000000
0.000000
0.000000
0.000000
0.000000
0.000000
0.000000
0.000000
0.000000
0.000000
0.000000
0.000000
0.000000
0.000000
0.000000
0.000000
0.000000
0.000000
0.000000
0.000000
0.000000
0.000000
0.000000
0.000000
0.000000
0.000000
0.000000
0.000000
0.000000
0.000000
0.000000
0.000000
0.000000
0.000000
0.000000
0.000000
0.000000
0.000008
0.000102
0.000953
0.006227
0.028531
0.091685
0.206652
0.326704
0.362368
0.282708
0.159869
0.087066
0.106797
0.208650
0.326416
0.362510
0.282669
0.154611
0.059314
0.015959
0.003011
0.000398
0.000037
0.000002
0.000000
0.000000
0.000004
0.000085
0.001147
0.010820
0.071801
0.337087
1.135609
2.843787
5.710988
10.309188
18.027632
29.704234
43.272216
53.310575
53.539326
42.163764
25.150314
11.078300
3.544771
0.815597
0.134099
0.015695
0.001304
0.000077
0.000003
0.000000
0.000000
0.000000
0.000000
0.000000
0.000000
0.000000
0.000000
0.000000
0.000000
0.000000
0.000000
0.000000
0.000000
0.000000
0.000000
0.000000
0.000000
0.000000
0.000000
0.000000
0.000000
0.000000
0.000000
0.000000
0.000000
0.000000
0.000000
0.000000
0.000000
0.000000
0.000000
0.000000
0.000000
0.000000
0.000000
0.000000
0.000000
0.000000
0.000000
0.000000
0.000000
0.000000
0.000000
0.000000
0.000000
0.000000
0.000000
0.000000
0.000000
0.000000
0.000000
0.000000
0.000000
0.000000
0.000000
0.000000
0.000000
0.000000
0.000000
0.000000
0.000000
0.000000
0.000000
0.000000
0.000000
0.000000
0.000000
0.000000
0.000000
0.000000
0.000000
0.000000
0.000000
0.000000
0.000000
0.000000
0.000000
0.000000
0.000000
0.000000
0.000000
0.000000
0.000000
0.000000
0.000000
0.000000
0.000000
0.000000
0.000000
0.000000
0.000000
0.000000
0.000000
0.000000
0.000000
0.000000
0.000000
0.000000
0.000000
0.000000
0.000000
0.000000
0.000000
0.000000
0.000000
0.000000
0.000000
0.000000
0.000000
0.000003
0.000057
0.000807
0.007994
0.055518
0.270369
0.923429
2.212038
3.716573
4.379900
3.620432
2.099072
0.853598
0.243456
0.048697
0.006831
0.000672
0.000046
0.000002
0.000000
0.000000
0.000000
0.000000
0.000000
0.000000
0.000000
0.000000
0.000000
0.000000
0.000000
0.000000
0.000000
0.000000
0.000000
0.000000
0.000000
0.000000
0.000000
0.000000
0.000000
0.000000
0.000000
0.000000
