1.207989
1.170332
1.142671
1.127511
1.098579
1.067900
1.039053
1.012908
0.988894
0.961934
0.943057
0.890316
0.851773
0.849610
0.829574
0.764523
0.617141
0.419271
0.276657
0.228631
0.228192
0.228618
0.226033
0.216104
0.236703
0.264666
0.283816
0.288054
0.286828
0.286813
0.286994
0.291496
0.308100
0.323644
0.342910
0.361046
0.379622
0.390662
0.396413
0.397800
0.402179
0.411631
0.421278
0.424565
0.409545
0.376916
0.329537
0.290880
0.259647
0.233192
0.235333
0.236527
0.229488
0.237087
0.283341
0.370053
0.456336
0.515391
0.556741
0.585293
0.607978
0.621959
0.630450
0.635827
0.636832
0.629114
0.617050
0.599396
0.568604
0.514402
0.429405
0.320739
0.237272
0.213513
0.243992
0.283153
0.318699
0.345845
0.366880
0.381499
0.388336
0.395071
0.400758
0.401951
0.412176
0.426146
0.440297
0.443101
0.433963
0.416679
0.388232
0.342589
0.300652
0.301615
0.301755
0.450085
0.658622
0.793142
0.832724
0.825668
0.869459
1.028827
1.179306
1.216815
1.236905
1.254907
1.267295
1.272350
1.273437
1.272962
1.272357
1.272128
1.272814
1.269767
1.264640
1.194243
1.025548
0.797048
0.600578
0.518260
0.528218
0.479112
0.410647
0.453705
0.487932
0.496227
0.495602
0.492468
0.485136
0.472183
0.464762
0.468037
0.457646
0.437365
0.399550
0.370161
0.382651
0.409576
0.429192
0.432149
0.430271
0.422982
0.409507
0.393668
0.380942
0.379832
0.374929
0.372047
0.373164
0.374860
0.372538
0.363587
0.415831
0.504002
0.559230
0.579962
0.580481
0.575334
0.591054
0.619931
0.620551
0.617026
0.606310
0.604443
0.608601
0.620706
0.629613
0.629508
0.623162
0.622348
0.618392
0.616435
0.587811
0.503948
0.414018
0.359267
0.344900
0.344145
0.317424
0.264993
0.255771
0.248792
0.253960
0.248467
0.240600
0.217037
0.166436
0.128370
0.128370
0.141979
0.170553
0.203914
0.234844
0.260907
0.280282
0.289355
0.304431
0.313735
0.306070
0.289353
0.262781
0.243352
0.229576
0.218785
0.217411
0.222979
0.210658
0.181474
0.158175
0.141777
0.138008
0.138439
0.140391
0.142264
0.143760
0.145074
0.146458
0.146458
0.148991
0.144415
0.127134
0.096792
0.064563
0.048071
0.053692
0.055149
0.061672
0.065562
0.069375
0.068348
0.065703
0.066230
0.069059
0.073263
0.081445
0.080050
0.081023
0.092547
0.116465
0.132960
0.142949
0.143752
0.147178
0.151398
0.152902
0.155356
0.156759
0.156374
0.158807
0.164909
0.170903
0.175741
0.178555
0.176963
0.166737
0.159913
0.160207
0.159290
0.153104
0.148470
0.147481
0.148936
0.146699
0.143906
0.147754
0.149210
0.152380
0.166504
0.176886
0.178527
0.178503
0.171141
0.158851
0.145267
0.132661
0.120890
0.107686
0.090678
0.066152
0.078424
0.124772
0.157358
0.173734
0.177158
0.176930
0.200191
0.210319
0.267347
0.394995
0.540060
0.576626
0.577589
0.580515
0.582449
0.587412
0.598654
0.608018
0.609557
0.640797
0.730850
0.739838
0.737784
0.746088
0.755160
0.767243
0.769933
0.771360
0.770463
0.730447
0.616649
0.554066
0.540064
0.506813
0.527546
0.576927
0.579011
0.560740
0.570340
0.571211
0.510246
0.500449
0.500364
0.501865
0.503152
0.507003
0.515819
0.517103
0.498496
0.449096
0.380701
0.331767
0.289995
0.278739
0.275729
0.255025
0.228342
0.219206
0.218099
0.223545
0.223239
0.223669
0.211339
0.211978
0.213843
0.210606
0.183380
0.169268
0.158334
0.163339
0.201980
0.239275
0.246850
0.245808
0.273985
0.317820
0.341717
0.342090
0.340202
0.333291
0.332441
0.336167
0.357643
0.366868
0.367166
0.370240
0.373049
0.373066
0.373696
0.368466
0.341649
0.289294
0.255931
0.261723
0.259063
0.239926
0.228876
0.239875
0.244227
0.242310
0.243052
0.238275
0.208106
0.201766
0.223789
0.242292
0.248636
0.250806
0.248135
0.246313
0.256510
0.261532
0.271988
0.300509
0.319299
0.337253
0.353404
0.349995
0.347103
0.351030
0.350614
0.343105
0.342871
0.324491
0.284182
0.229856
0.181603
0.164110
0.163837
0.181010
0.195617
0.197928
0.199374
0.190114
0.184567
0.175484
0.160740
0.159536
0.156489
0.150367
0.149388
0.142377
0.136628
0.134800
0.134783
0.131538
0.126952
0.127037
0.133515
0.123278
0.097378
0.084982
0.119877
0.247950
0.267905
0.313319
0.464243
0.616504
0.710870
0.744612
0.749423
0.820844
0.893346
0.917914
0.933571
0.943325
0.950441
0.953665
0.953666
0.953870
0.953875
0.953627
0.949727
0.922984
0.915154
0.903727
0.834903
0.705835
0.557741
0.450488
0.439784
0.380698
0.271833
0.228080
0.193305
0.161301
0.120829
0.090451
0.088478
0.085753
0.080868
0.076775
0.081905
0.090691
0.097161
0.102095
0.104646
0.105599
0.106292
0.109497
0.113620
0.118960
0.120975
0.121429
0.118683
0.117102
0.117427
0.120553
0.119590
0.114750
0.116929
0.132091
0.149442
0.176832
0.189917
0.192975
0.194485
0.204687
0.221525
0.250537
0.276941
0.289813
0.293171
0.296191
0.297125
0.297192
0.297762
0.298142
0.314461
0.378645
0.394155
0.441429
0.610985
0.798248
0.919067
0.959795
0.963239
1.011838
1.070943
1.080313
1.074142
1.070356
1.069764
1.068419
1.067303
1.066636
1.066394
1.066449
1.062899
1.036229
1.027571
1.019599
0.941239
0.773519
0.568242
0.421491
0.389086
0.339243
0.230948
0.218068
0.223843
0.223302
0.218094
0.208189
0.187461
0.162791
0.139276
0.130460
0.140133
0.144600
0.160308
0.218341
0.286102
0.324205
0.332222
0.331081
0.329151
0.329017
0.330163
0.331628
0.332212
0.331842
0.324999
0.321947
0.320841
0.319705
0.316060
0.298014
0.272078
0.245796
0.243760
0.232078
0.195449
0.161806
0.168407
0.200590
0.235499
0.258497
0.268183
0.265848
0.263091
0.270623
0.271048
0.263752
0.260118
0.260191
0.260489
0.257755
0.256707
0.260753
0.260154
0.255618
0.247139
0.244764
0.241737
0.228767
0.201887
0.193642
0.184971
0.183365
0.194392
0.200068
0.206119
0.211331
0.212029
0.218846
0.225424
0.224329
0.224293
0.224168
0.280747
0.287187
0.305220
0.352163
0.402988
0.410477
0.416673
0.413308
0.426627
0.498216
0.632309
0.664961
0.678585
0.756416
0.802673
0.836040
0.933411
1.043642
1.100186
1.097571
1.055959
1.071156
1.098139
1.105524
1.109699
1.104199
1.096238
1.121334
1.135029
1.119601
1.073504
1.074600
1.075893
1.003576
0.936503
0.935181
0.883799
0.744353
0.615012
0.564996
0.562193
0.532141
0.505827
0.502082
0.498561
0.491814
0.484584
0.445581
0.426871
0.434904
0.416121
0.359706
0.302080
0.302085
0.331733
0.330905
0.269683
0.267855
0.270887
0.271187
0.274868
0.276221
0.278585
0.278052
0.277394
0.278086
0.292209
0.288355
0.275448
0.260564
0.259405
0.274336
0.285858
0.272793
0.253615
0.249061
0.249634
0.245658
0.238354
0.240229
0.239519
0.239754
0.240255
0.239852
0.239899
0.234644
0.197842
0.186816
0.184108
0.180979
0.174393
0.157952
0.138539
0.133806
0.126208
0.105306
0.105626
0.105083
0.102807
0.102316
0.091664
0.092939
0.094888
0.104833
0.125339
0.141714
0.143717
0.145925
0.155576
0.175746
0.185157
0.185502
0.187181
0.188098
0.187002
0.187921
0.193384
0.198982
0.204162
0.207774
0.212685
0.217706
0.219190
0.207827
0.189389
0.161683
0.174269
0.213520
0.226677
0.225359
0.246919
0.360557
0.384988
0.385753
0.438589
0.466560
0.469089
0.480104
0.518863
0.585951
0.619204
0.617060
0.615304
0.615001
0.615286
0.613420
0.600577
0.577095
0.561647
0.558854
0.561940
0.543796
0.541043
0.555692
0.511195
0.467895
0.456023
0.455018
0.444204
0.416824
0.416079
0.409946
0.409447
0.411605
0.413134
0.412716
0.411529
0.411570
0.415064
0.412798
0.407382
0.388032
0.385027
0.356638
0.304626
0.270836
0.260392
0.268755
0.275659
0.243837
0.197433
0.226987
0.232494
0.238204
0.243237
0.245073
0.245210
0.242758
0.257432
0.304357
0.376943
0.436374
0.461843
0.471809
0.471848
0.481504
0.490975
0.493408
0.511429
0.549413
0.594296
0.589753
0.584961
0.577776
0.575420
0.589665
0.589670
0.598225
0.632083
0.621522
0.592742
0.557667
0.532755
0.527183
0.522622
0.541237
0.556198
0.559269
0.560747
0.531169
0.475596
0.467864
0.486285
0.552188
0.583799
0.540579
0.531599
0.533838
0.512974
0.513722
0.494570
0.486428
0.497137
0.481918
0.472300
0.464964
0.459602
0.452653
0.419090
0.420617
0.423802
0.421414
0.432546
0.433484
0.461567
0.495901
0.497765
0.531203
0.543873
0.527194
0.527569
0.528512
0.513216
0.500825
0.532049
0.572292
0.582178
0.582579
0.595937
0.605173
0.610709
0.613422
0.609692
0.590627
0.539400
0.493919
0.493680
0.469249
0.444726
0.444358
0.442814
0.436618
0.430060
0.425881
0.393197
0.345144
0.356959
0.398072
0.388847
0.381393
0.417751
0.453880
0.463231
0.463819
0.491022
0.552200
0.676025
0.673560
0.760876
0.933224
1.070902
1.155185
1.176630
1.177857
1.197348
1.207965
1.193676
1.171150
1.162640
1.165289
1.161085
1.156754
1.156325
1.149172
1.113966
1.040755
0.863853
0.822958
0.811507
0.732898
0.617035
0.502873
0.465359
0.452301
0.343419
0.200767
0.195769
0.178926
0.148481
0.124477
0.112740
0.113148
0.113686
0.116664
0.116310
0.108136
0.104905
0.107234
0.108663
0.092941
0.085237
0.083318
0.084314
0.085555
