0.415926
0.399935
0.388669
0.376064
0.374685
0.389167
0.393407
0.384443
0.375332
0.373080
0.383883
0.390178
0.378487
0.367641
0.369610
0.369610
0.352084
0.335806
0.333263
0.335442
0.339948
0.342942
0.340759
0.339310
0.316195
0.251261
0.171686
0.116717
0.091145
0.082092
0.082903
0.073843
0.068528
0.079466
0.088851
0.099835
0.109889
0.116722
0.121269
0.123633
0.122300
0.115957
0.103966
0.089791
0.080521
0.076762
0.075019
0.071704
0.068298
0.060637
0.048296
0.035790
0.029178
0.028878
0.028381
0.025964
0.023042
0.022884
0.025256
0.029539
0.033678
0.035965
0.035953
0.033988
0.031920
0.029971
0.029571
0.029749
0.030388
0.031970
0.032701
0.032686
0.032772
0.034330
0.062868
0.144321
0.195221
0.203072
0.240628
0.427781
0.740024
1.062911
1.325648
1.487803
1.586487
1.633269
1.637594
1.620142
1.594482
1.569639
1.551382
1.538905
1.535546
1.548321
1.555845
1.525185
1.423348
1.393279
1.302865
1.163916
1.021931
0.886889
0.777387
0.688952
0.640417
0.618926
0.617423
0.627522
0.635776
0.642551
0.644763
0.644855
0.652203
0.662183
0.657266
0.604448
0.493508
0.341330
0.209706
0.139037
0.088767
0.081403
0.067463
0.066701
0.069301
0.073920
0.075638
0.074594
0.074693
0.077289
0.078040
0.079564
0.101078
0.128703
0.154780
0.174598
0.182762
0.183347
0.184838
0.184869
0.184929
0.185108
0.184414
0.182601
0.178708
0.172104
0.166217
0.163062
0.162135
0.148604
0.128259
0.120165
0.120125
0.118726
0.113296
0.105435
0.102699
0.100861
0.079977
0.070837
0.064246
0.058170
0.049768
0.045318
0.041907
0.041315
0.043256
0.045752
0.046404
0.046444
0.046477
0.047323
0.047670
0.047733
0.048116
0.049014
0.051734
0.055094
0.056663
0.060086
0.062924
0.063751
0.065697
0.068776
0.075574
0.080416
0.083946
0.085556
0.082175
0.077034
0.072782
0.078041
0.084640
0.085995
0.133116
0.178423
0.196470
0.335609
0.521073
0.656597
0.724236
0.735974
0.749251
0.812181
0.839515
0.842630
0.848394
0.856333
0.860048
0.857848
0.860621
0.864917
0.859588
0.858303
0.851383
0.843160
0.876150
0.893902
0.871686
0.834932
0.813172
0.818511
0.795708
0.681989
0.590860
0.583731
0.584191
0.585021
0.583107
0.558674
0.480122
0.340422
0.204741
0.161460
0.159973
0.166792
0.128047
0.105324
0.099912
0.099794
0.097012
0.098050
0.099671
0.106710
0.108248
0.106334
0.115451
0.124920
0.129615
0.132110
0.131441
0.128455
0.126321
0.128352
0.131844
0.125225
0.119037
0.114322
0.113956
0.113460
0.111081
0.107248
0.103325
0.084946
0.062166
0.060822
0.062993
0.065548
0.068683
0.068241
0.067666
0.074283
0.087520
0.097089
0.097979
0.101210
0.116195
0.145073
0.168602
0.182035
0.183972
0.184593
0.184682
0.185872
0.185888
0.185844
0.187135
0.189007
0.191107
0.191668
0.190880
0.178612
0.145841
0.107210
0.077465
0.065975
0.065767
0.060110
0.050374
0.045687
0.047139
0.057005
0.069869
0.075314
0.075386
0.074613
0.074125
0.074120
0.093566
0.122476
0.131072
0.139573
0.200334
0.324145
0.451670
0.546415
0.599256
0.619388
0.631173
0.642197
0.652536
0.663339
0.672259
0.672859
0.664799
0.648729
0.624211
0.593239
0.530653
0.427490
0.301922
0.190080
0.131709
0.126740
0.108655
0.072986
0.058178
0.060743
0.060153
0.063909
0.066508
0.065789
0.064415
0.065139
0.064934
0.062839
0.060949
0.063599
0.062475
0.057230
0.053705
0.052558
0.054700
0.055286
0.054368
0.054670
0.055234
0.055299
0.055348
0.058030
0.060473
0.076570
0.110490
0.132145
0.142877
0.153120
0.165678
0.182606
0.199438
0.219918
0.236607
0.235241
0.222955
0.210471
0.208878
0.206587
0.199508
0.194877
0.190536
0.189291
0.185787
0.186303
0.188168
0.188787
0.188902
0.189871
0.187856
0.186212
0.193288
0.202063
0.216074
0.232998
0.241195
0.242569
0.236010
0.225467
0.213873
0.203095
0.186951
0.172206
0.165970
0.179961
0.190986
0.197062
0.204083
0.190743
0.203677
0.306683
0.487688
0.687193
0.854797
0.993600
1.101272
1.198427
1.242404
1.230611
1.208788
1.224004
1.295337
1.390081
1.458094
1.506214
1.555428
1.594158
1.616417
1.628720
1.635668
1.633453
1.607966
1.548729
1.464178
1.353122
1.217845
1.030167
0.855180
0.758792
0.744746
0.754017
0.736611
0.683396
0.640825
0.605470
0.537584
0.432049
0.312312
0.216047
0.161504
0.149631
0.158551
0.161970
0.165129
0.163571
0.171253
0.191626
0.198560
0.199002
0.196501
0.214783
0.233229
0.235834
0.228299
0.215318
0.209500
0.209277
0.209279
0.211122
0.212159
0.212245
0.215002
0.227972
0.239596
0.244998
0.229681
0.184273
0.146436
0.127113
0.132338
0.133506
0.128412
0.126881
0.127988
0.129524
0.131539
0.132634
0.132825
0.132639
0.134092
0.135518
0.147335
0.149478
0.132183
0.115152
0.106738
0.111886
0.129362
0.198672
0.265093
0.275552
0.343805
0.469476
0.581160
0.622727
0.625236
0.663907
0.753004
0.815876
0.832563
0.845470
0.851434
0.859219
0.871944
0.884525
0.892225
0.895632
0.899845
0.901946
0.902349
0.900445
0.854169
0.734186
0.540057
0.358468
0.291784
0.288233
0.235146
0.190070
0.209505
0.235505
0.253208
0.257042
0.244867
0.229542
0.221857
0.224027
0.224208
0.220698
0.207309
0.202782
0.216811
0.219179
0.220723
0.218729
0.215344
0.222051
0.240063
0.274761
0.301152
0.289798
0.266196
0.245511
0.237215
0.236009
0.238472
0.245389
0.249652
0.250610
0.257888
0.278233
0.294091
0.293304
0.282016
0.268997
0.264061
0.263345
0.265077
0.256723
0.251141
0.257638
0.277761
0.299989
0.314855
0.321270
0.318440
0.309637
0.299905
0.297780
0.312705
0.328921
0.331127
0.401950
0.618816
0.831323
0.936196
0.943348
0.944406
1.012029
1.115043
1.226898
1.250773
1.274082
1.295734
1.313680
1.326019
1.332748
1.338381
1.343783
1.348120
1.353515
1.330147
1.198970
0.937511
0.607323
0.335623
0.270628
0.259804
0.189230
0.095920
0.080647
0.079836
0.072393
0.058618
0.043262
0.032519
0.031045
0.032650
0.038424
0.044819
0.051380
0.053434
0.054046
0.055255
0.056848
0.057769
0.057749
0.059306
0.059367
0.056088
0.053887
0.054886
0.054016
0.052762
0.049743
0.046654
0.046599
0.047686
0.050787
0.052159
0.052165
0.053167
0.054347
0.053856
0.053652
0.053731
0.054675
0.060684
0.088353
0.116938
0.147478
0.167941
0.196718
0.223126
0.314461
0.546863
0.762787
0.889283
0.940876
0.940635
0.934782
0.944656
0.973405
0.971807
0.971643
0.973340
0.972509
0.962893
0.938166
0.903849
0.857382
0.798573
0.782175
0.768468
0.763226
0.731971
0.646409
0.564587
0.531860
0.535873
0.522528
0.446319
0.227184
0.128920
0.123461
0.125555
0.126044
0.126638
0.126794
0.129637
0.135926
0.138758
0.185821
0.266555
0.299228
0.304273
0.421772
0.710708
1.013117
1.192700
1.257148
1.265358
1.260320
1.259797
1.242776
1.251725
1.301583
1.335048
1.359800
1.354802
1.305644
1.256228
1.257572
1.309043
