6.390680
5.588678
6.464726
8.771043
12.421686
17.394010
23.835740
32.040873
42.248442
54.265975
78.809108
89.660488
76.475396
50.036939
28.955937
19.216539
14.910230
10.459614
5.630891
2.203375
0.616009
0.122185
0.017129
0.001693
0.000118
0.000006
0.000000
0.000000
0.000000
0.000000
0.000000
0.000000
0.000000
0.000000
0.000000
0.000000
0.000000
0.000000
0.000000
0.000000
0.000000
0.000000
0.000000
0.000000
0.000000
0.000000
0.000000
0.000000
0.000000
0.000000
0.000000
0.000000
0.000000
0.000000
0.000000
0.000000
0.000000
0.000000
0.000000
0.000000
0.000000
0.000000
0.000000
0.000000
0.000000
0.000000
0.000000
0.000000
0.000000
0.000000
0.000000
0.000000
0.000000
0.000000
0.000000
0.000000
0.000000
0.000000
0.000002
0.000041
0.000676
0.007904
0.065577
0.387901
1.652103
5.167441
12.309445
23.614278
38.727103
56.125772
72.652886
87.514997
106.624333
134.130371
158.035690
156.353741
19.903229
8.595231
3.151391
1.047971
0.885149
2.194355
5.013947
9.296975
15.104335
22.080868
27.399463
27.322353
22.889420
19.757783
20.936015
23.948885
25.849110
26.468402
25.391300
20.996233
14.508680
10.154419
9.861610
10.993482
10.056935
6.739289
3.239378
1.116112
0.277198
0.055598
0.050402
0.224827
0.802186
2.012711
3.542176
4.372516
3.785899
2.299225
0.979590
0.295899
0.098853
0.310850
1.715756
6.883553
19.517295
39.074200
55.210840
55.030585
38.672071
19.149885
6.678401
1.639395
0.283123
0.034382
0.002935
0.000176
0.000007
0.000000
0.000000
0.000000
0.000000
0.000000
0.000000
0.000000
0.000000
0.000000
0.000000
0.000000
0.000000
0.000000
0.000000
0.000000
0.000000
0.000000
0.000000
0.000000
0.000000
0.000000
0.000000
0.000000
0.000000
0.000000
0.000000
0.000000
0.000000
0.000000
0.000000
0.000000
0.000000
0.000000
0.000000
0.000000
0.000000
0.000000
0.000000
0.000000
0.000000
0.000000
0.000000
0.000000
0.000000
0.000000
0.000013
0.000240
0.003060
0.027373
0.172032
0.759942
2.360579
5.158443
7.933898
8.592860
6.556853
3.527355
1.345252
0.423724
0.476366
1.797294
5.514932
12.077816
19.174360
23.105020
22.924273
20.249690
15.824622
10.076405
4.842866
1.685792
0.417561
0.073075
0.009009
0.000781
0.000048
0.000002
0.000000
0.000000
0.000000
0.000000
0.000001
0.000026
0.000399
0.004250
0.031785
0.166685
0.613039
1.581311
2.860907
3.630446
3.231402
2.017411
0.883407
0.271315
0.058440
0.008827
0.000935
0.000069
0.000004
0.000000
0.000000
0.000000
0.000000
0.000000
0.000000
0.000000
0.000000
0.000000
0.000000
0.000000
0.000000
0.000000
0.000000
0.000000
0.000000
0.000000
0.000000
0.000000
0.000000
0.000001
0.000027
0.000495
0.006373
0.057472
0.363451
1.611855
5.013321
10.936230
16.732779
17.957073
13.516723
7.136246
2.642515
0.686269
0.124989
0.015963
0.001430
0.000090
0.000004
0.000000
0.000000
0.000000
0.000000
0.000000
0.000000
0.000000
0.000000
0.000000
0.000000
0.000000
0.000000
0.000000
0.000000
0.000000
0.000000
0.000000
0.000000
0.000006
0.000134
0.002133
0.023944
0.189397
1.056360
4.156926
11.547767
22.657073
31.409929
30.776430
21.317424
10.438430
3.613088
0.883824
0.152737
0.018639
0.001605
0.000098
0.000004
0.000000
0.000000
0.000000
0.000000
0.000000
0.000000
0.000000
0.000000
0.000000
0.000000
0.000000
0.000000
0.000000
0.000000
0.000000
0.000000
0.000000
0.000000
0.000000
0.000000
0.000000
0.000000
0.000000
0.000000
0.000000
0.000000
0.000000
0.000000
0.000000
0.000000
0.000000
0.000000
0.000000
0.000000
0.000000
0.000000
0.000000
0.000000
0.000000
0.000000
0.000000
0.000000
0.000000
0.000000
0.000000
0.000000
0.000000
0.000000
0.000000
0.000000
0.000000
0.000000
0.000000
0.000000
0.000000
0.000000
0.000000
0.000000
0.000000
0.000000
0.000000
0.000000
0.000000
0.000000
0.000000
0.000000
0.000000
0.000000
0.000000
0.000000
0.000000
0.000000
0.000000
0.000000
0.000000
0.000000
0.000004
0.000095
0.001514
0.016957
0.133486
0.739657
2.889894
7.981341
15.644773
21.943986
22.520006
18.176154
14.152991
14.007567
17.064073
20.448788
21.045538
17.275265
10.789510
4.983934
1.675466
0.406057
0.070511
0.008734
0.000769
0.000048
0.000002
0.000000
0.000000
0.000000
0.000000
0.000000
0.000000
0.000004
0.000085
0.001357
0.015266
0.120616
0.670306
2.625589
7.273178
14.323701
20.215235
20.681077
15.612635
9.172668
5.558087
6.350855
10.185932
13.307253
12.446983
8.204935
3.903695
1.788893
2.064517
4.016124
6.220139
6.843941
5.300324
2.886312
1.104716
0.297081
0.056115
0.007443
0.000694
0.000074
0.000471
0.005308
0.042085
0.233994
0.912399
2.495150
4.785872
6.438630
6.076288
4.028566
1.924658
0.930093
1.397793
3.471856
6.631981
8.936529
8.449243
5.603410
2.606494
0.850411
0.195060
0.036657
0.046796
0.242090
0.947472
2.603641
5.018403
6.784799
6.436603
4.307652
2.194620
1.635079
3.586827
8.525324
14.864850
18.367788
16.047856
9.911522
4.326427
1.334252
0.290586
0.044669
0.004844
0.000370
0.000020
0.000001
0.000000
0.000000
0.000000
0.000000
0.000000
0.000000
0.000000
0.000000
0.000000
0.000000
0.000000
0.000000
0.000000
0.000000
0.000000
0.000000
0.000000
0.000000
0.000000
0.000000
0.000000
0.000000
0.000000
0.000000
0.000011
0.000225
0.003144
0.030957
0.214843
1.052190
3.642010
8.925802
15.520716
19.192459
16.918191
10.656498
4.806524
1.554888
0.361072
0.060188
0.007195
0.000616
0.000038
0.000002
0.000000
0.000000
0.000000
0.000000
0.000000
0.000000
0.000000
0.000000
0.000000
0.000000
0.000000
0.000000
0.000000
0.000000
0.000007
0.000142
0.002086
0.021801
0.161909
0.857588
3.254876
8.909316
17.754782
26.158697
26.199919
20.070547
13.834723
8.398159
4.185959
1.610000
0.460706
0.096234
0.014518
0.001571
0.000121
0.000007
0.000000
0.000000
0.000000
0.000000
0.000000
0.000000
0.000000
0.000000
0.000000
0.000000
0.000000
0.000000
0.000000
0.000000
0.000000
0.000000
0.000000
0.000000
0.000000
0.000000
0.000000
0.000000
0.000000
0.000000
0.000000
0.000000
0.000000
0.000000
0.000000
0.000000
0.000000
0.000000
0.000000
0.000000
0.000000
0.000000
0.000000
0.000000
0.000000
0.000000
0.000000
0.000000
0.000000
0.000000
0.000000
0.000000
0.000000
0.000000
0.000000
0.000000
0.000000
0.000003
0.000068
0.001044
0.011420
0.088636
0.488383
1.911697
5.321298
10.561084
15.090060
16.090899
14.323326
13.018215
12.783045
11.234075
7.533603
3.628418
1.233419
0.294544
0.049349
0.005798
0.000478
0.000028
0.000001
0.000000
0.000000
0.000000
0.000000
0.000000
0.000000
0.000000
0.000000
0.000000
0.000000
0.000000
0.000000
0.000000
0.000000
0.000000
0.000000
0.000000
0.000001
0.000017
0.000334
0.004561
0.043912
0.297963
1.424228
4.793497
11.356165
18.940077
13.762968
13.001743
19.446156
25.511350
32.523105
39.468501
45.301776
49.130978
50.419182
49.069180
