-0.000000
0.001336
0.002672
0.004007
0.005343
0.006679
0.008015
0.009351
0.010712
0.012078
0.013445
0.014811
0.016178
0.017544
0.018911
0.020277
0.021644
0.023010
0.024377
0.025743
0.027458
0.029242
0.031027
0.032812
0.034596
0.036381
0.038165
0.039950
0.041734
0.043519
0.045303
0.047088
0.048873
0.050659
0.052445
0.054231
0.056017
0.057802
0.059588
0.061374
0.063160
0.064946
0.066732
0.068517
0.070303
0.072089
0.073875
0.075661
0.077447
0.079233
0.081019
0.082805
0.084591
0.086377
0.088163
0.089949
0.091734
0.093518
0.095303
0.097088
0.098873
0.100658
0.102442
0.104227
0.106012
0.107797
0.109582
0.111367
0.113150
0.114932
0.116715
0.118497
0.120280
0.122062
0.123845
0.125627
0.127410
0.129192
0.130975
0.132758
0.134537
0.136316
0.138096
0.139875
0.141654
0.143433
0.145212
0.146991
0.148770
0.150549
0.152329
0.154108
0.155883
0.157658
0.159432
0.161207
0.168305
0.170080
0.171855
0.173629
0.175404
0.177174
0.178943
0.180712
0.182481
0.184250
0.186019
0.187788
0.189557
0.191326
0.193095
0.194864
0.196633
0.198397
0.200159
0.201922
0.203684
0.205446
0.207209
0.208971
0.210733
0.212496
0.214258
0.216021
0.217783
0.219539
0.221294
0.223049
0.224803
0.226558
0.228313
0.230068
0.231822
0.233577
0.235332
0.237086
0.238841
0.240589
0.242335
0.244081
0.245827
0.247573
0.249319
0.251065
0.252811
0.254558
0.256304
0.258050
0.259796
0.261534
0.263270
0.265007
0.266743
0.268480
0.270216
0.271953
0.273689
0.275426
0.277162
0.278899
0.280635
0.282363
0.284089
0.285815
0.287541
0.289267
0.290993
0.292719
0.294445
0.296171
0.297897
0.299623
0.301349
0.303065
0.304780
0.306494
0.308209
0.309923
0.311638
0.313352
0.315067
0.316781
0.318496
0.320210
0.321925
0.323629
0.325331
0.327033
0.328736
0.330438
0.332140
0.333842
0.335544
0.337247
0.338949
0.340651
0.342353
0.344044
0.345733
0.347422
0.349111
0.350800
0.352489
0.354178
0.355867
0.357556
0.359245
0.360934
0.362623
0.364301
0.365976
0.367651
0.369326
0.371001
0.372675
0.374350
0.376025
0.377700
0.379375
0.381050
0.382725
0.384388
0.386048
0.387708
0.389368
0.391028
0.392688
0.394349
0.396009
0.397669
0.399329
0.400989
0.402649
0.404296
0.405941
0.407585
0.409230
0.410874
0.412519
0.414163
0.415808
0.417452
0.419097
0.420741
0.422385
0.424016
0.425644
0.427272
0.428900
0.430528
0.432157
0.433785
0.435413
0.437041
0.438669
0.440297
0.441925
0.443539
0.445149
0.446760
0.448371
0.449982
0.451593
0.453204
0.454815
0.456426
0.458036
0.459647
0.461258
0.462854
0.464447
0.466040
0.467633
0.469226
0.470819
0.472412
0.474005
0.475598
0.477191
0.478784
0.480376
0.481954
0.483528
0.485102
0.486677
0.488251
0.489825
0.491400
0.492974
0.494548
0.496123
0.497697
0.499271
0.500829
0.502384
0.503939
0.505494
0.507049
0.508604
0.510159
0.511714
0.513269
0.514824
0.516379
0.517934
0.519472
0.521007
0.522542
0.524077
0.525611
0.527146
0.528681
0.530216
0.531751
0.533286
0.534821
0.536356
0.537873
0.539387
0.540901
0.542416
0.543930
0.545444
0.546958
0.548472
0.549986
0.551500
0.553015
0.554529
0.556025
0.557518
0.559010
0.560503
0.561996
0.563489
0.564981
0.566474
0.567967
0.569460
0.570952
0.572445
0.573919
0.575390
0.576861
0.578331
0.579802
0.581273
0.582743
0.584214
0.585685
0.587155
0.588626
0.590097
0.591549
0.592996
0.594444
0.595892
0.597340
0.598788
0.600236
0.601684
0.603132
0.604580
0.606028
0.607476
0.608904
0.610329
0.611754
0.613178
0.614603
0.616027
0.617452
0.618877
0.620301
0.621726
0.623150
0.624575
0.625980
0.627380
0.628781
0.630182
0.631582
0.632983
0.634383
0.635784
0.637185
0.638585
0.639986
0.641387
0.642767
0.644143
0.645519
0.646895
0.648271
0.649647
0.651023
0.652399
0.653775
0.655151
0.656527
0.657903
0.659258
0.660609
0.661960
0.663310
0.664661
0.666012
0.667363
0.668714
0.670064
0.671415
0.672766
0.674117
0.675446
0.676771
0.678096
0.679421
0.680746
0.682071
0.683396
0.684721
0.686046
0.687371
0.688696
0.690021
0.691324
0.692623
0.693921
0.695220
0.696519
0.697817
0.699116
0.700414
0.701713
0.703012
0.704310
0.705609
0.706885
0.708156
0.709428
0.710700
0.711971
0.713243
0.714514
0.715786
0.717058
0.718329
0.719601
0.720872
0.722121
0.723365
0.724609
0.725853
0.727097
0.728341
0.729585
0.730829
0.732073
0.733317
0.734561
0.735805
0.737026
0.738242
0.739457
0.740673
0.741889
0.743105
0.744321
0.745537
0.746752
0.747968
0.749184
0.750400
0.751592
0.752779
0.753966
0.755153
0.756340
0.757527
0.758715
0.759902
0.761089
0.762276
0.763463
0.764650
0.765813
0.766971
0.768128
0.769286
0.770444
0.771602
0.772760
0.773917
0.775075
0.776233
0.777391
0.778549
0.779681
0.780809
0.781937
0.783065
0.784193
0.785321
0.786449
0.787577
0.788705
0.789833
0.790961
0.792089
0.793191
0.794289
0.795386
0.796484
0.797581
0.798679
0.799776
0.800874
0.801971
0.803069
0.804166
0.805264
0.806335
0.807402
0.808468
0.809535
0.810601
0.811668
0.812734
0.813801
0.814867
0.815934
0.817000
0.818067
0.819107
0.820142
0.821177
0.822212
0.823247
0.824281
0.825316
0.826351
0.827386
0.828421
0.829456
0.830491
0.831499
0.832502
0.833505
0.834508
0.835511
0.836513
0.837516
0.838519
0.839522
0.840525
0.841528
0.842531
0.843506
0.844476
0.845446
0.846417
0.847387
0.848357
0.849327
0.850297
0.851268
0.852238
0.853208
0.854178
0.855121
0.856058
0.856995
0.857932
0.858869
0.859806
0.860743
0.861680
0.862617
0.863554
0.864491
0.865428
0.866336
0.867240
0.868143
0.869046
0.869949
0.870853
0.872659
0.873562
0.874466
0.875369
0.876272
0.877147
0.878016
0.878885
0.879754
0.880623
0.881492
0.882361
0.883229
0.884098
0.884967
0.885836
0.886705
0.887545
0.888379
0.889214
0.890048
0.890882
0.891716
0.892550
0.893384
0.894218
0.895053
0.895887
0.896721
0.897526
0.898324
0.899123
0.899922
0.900721
0.901520
0.902318
0.903117
0.903916
0.904715
0.905514
0.906312
0.907081
0.907844
0.908607
0.909370
0.910133
0.910896
0.911659
0.912422
0.913185
0.913948
0.914711
0.915473
0.916206
0.916933
0.917659
0.918386
0.919112
0.919839
0.920565
0.921292
0.922018
0.922745
0.923471
0.924198
0.924893
0.925583
0.926273
0.926962
0.927652
0.928341
0.929031
0.929721
0.930410
0.931100
0.931789
0.932479
0.933137
0.933790
0.934442
0.935094
0.935746
0.936398
0.937050
0.937703
0.938355
0.939007
0.939659
0.940311
0.940932
0.941546
0.942160
0.942774
0.943389
0.944003
0.944617
0.945231
0.945846
0.946460
0.947074
0.947688
0.948270
0.948846
0.949422
0.949998
0.950573
0.951149
0.951725
0.952301
0.952877
0.953452
0.954028
0.954604
0.955147
0.956758
0.957294
0.958368
0.958905
0.959442
0.959979
0.960515
0.961052
0.961556
0.962054
